Option '64' is not parsed by Ippl. Make sure your application parses it.
Option '64' is not parsed by Ippl. Make sure your application parses it.
Option '64' is not parsed by Ippl. Make sure your application parses it.
Option '64' is not parsed by Ippl. Make sure your application parses it.
Option '64' is not parsed by Ippl. Make sure your application parses it.
Option '64' is not parsed by Ippl. Make sure your application parses it.
Option '2621440' is not parsed by Ippl. Make sure your application parses it.
Option '1.2' is not parsed by Ippl. Make sure your application parses it.
Option '0.0001953125' is not parsed by Ippl. Make sure your application parses it.
Option '0.025' is not parsed by Ippl. Make sure your application parses it.
Option '1e-11' is not parsed by Ippl. Make sure your application parses it.
Option '1' is not parsed by Ippl. Make sure your application parses it.
Option 'B-spline' is not parsed by Ippl. Make sure your application parses it.
Option '1' is not parsed by Ippl. Make sure your application parses it.
Option '4' is not parsed by Ippl. Make sure your application parses it.
Option '16' is not parsed by Ippl. Make sure your application parses it.
Option '0.1' is not parsed by Ippl. Make sure your application parses it.
Option '1e-12' is not parsed by Ippl. Make sure your application parses it.
Option 'PIC' is not parsed by Ippl. Make sure your application parses it.
PenningTrapPinT{63}> Parareal PenningTrapPinT
PenningTrapPinT{63}> Slice dT: 0.075
PenningTrapPinT{63}> No. of fine time steps: 384
PenningTrapPinT{63}> No. of coarse time steps: 3
PenningTrapPinT{63}> Tolerance: 1e-11 No. of cycles: 1
PenningTrapPinT{63}> Np= 2621440 Fourier modes = ( 64 , 64 , 64 ) Grid points = ( 64 , 64 , 64 )
PenningTrapPinT{63}> particles created and initial conditions assigned 
PenningTrapPinT{63}> Finished iteration: 1 in cycle: 1 Rerror: 0.00389046 Perror: 0.124331
PenningTrapPinT{63}> Finished iteration: 2 in cycle: 1 Rerror: 0.00027029 Perror: 0.00952055
PenningTrapPinT{63}> Finished iteration: 3 in cycle: 1 Rerror: 1.35515e-05 Perror: 0.000520953
PenningTrapPinT{63}> Finished iteration: 4 in cycle: 1 Rerror: 5.19915e-07 Perror: 2.33894e-05
PenningTrapPinT{63}> Finished iteration: 5 in cycle: 1 Rerror: 1.49208e-08 Perror: 8.21403e-07
PenningTrapPinT{63}> Finished iteration: 6 in cycle: 1 Rerror: 3.27527e-10 Perror: 2.05845e-08
PenningTrapPinT{63}> Finished iteration: 7 in cycle: 1 Rerror: 8.93535e-12 Perror: 3.87945e-10
PenningTrapPinT{63}> Finished iteration: 8 in cycle: 1 Rerror: 2.93258e-13 Perror: 1.11436e-11
PenningTrapPinT{63}> Finished iteration: 9 in cycle: 1 Rerror: 2.60219e-18 Perror: 4.22315e-17
PenningTrapPinT{63}> PenningTrapPinT Parareal: End.
Timings{0}> ---------------------------------------------
Timings{0}>      Timing results for 64 ranks:
Timings{0}> ---------------------------------------------
Timings{0}> mainTimer........... Wall tot =      340.8
Timings{0}> 
Timings{0}> particlesCreation... Wall max =    1.87681
Timings{0}>                      Wall avg =   0.974148
Timings{0}>                      Wall min =    0.11855
Timings{0}> 
Timings{0}> timeCommunication... Wall max =    4.61815
Timings{0}>                      Wall avg =    1.79036
Timings{0}>                      Wall min =   0.107172
Timings{0}> 
Timings{0}> deepCopy............ Wall max = 0.00315929
Timings{0}>                      Wall avg = 0.00229097
Timings{0}>                      Wall min = 0.000509986
Timings{0}> 
Timings{0}> finePropagator...... Wall max =    336.464
Timings{0}>                      Wall avg =    231.908
Timings{0}>                      Wall min =    37.2735
Timings{0}> 
Timings{0}> coarsePropagator.... Wall max =   0.251449
Timings{0}>                      Wall avg =    0.17196
Timings{0}>                      Wall min =  0.0599648
Timings{0}> 
Timings{0}> dumpData............ Wall max =    4.42975
Timings{0}>                      Wall avg =    2.32312
Timings{0}>                      Wall min =   0.274172
Timings{0}> 
Timings{0}> computeErrors....... Wall max = 0.00258414
Timings{0}>                      Wall avg = 0.00137385
Timings{0}>                      Wall min = 0.000254303
Timings{0}> 
Timings{0}> initializeShapeFunc. Wall max = 0.000128871
Timings{0}>                      Wall avg = 0.000110194
Timings{0}>                      Wall min = 0.000102081
Timings{0}> 
Timings{0}> fieldSolvePIC....... Wall max =  0.0507417
Timings{0}>                      Wall avg =  0.0357117
Timings{0}>                      Wall min =  0.0106577
Timings{0}> 
Timings{0}> ScatterPIC.......... Wall max =  0.0110337
Timings{0}>                      Wall avg = 0.00783811
Timings{0}>                      Wall min = 0.00284592
Timings{0}> 
Timings{0}> scatterAllReducePIC. Wall max =   0.149503
Timings{0}>                      Wall avg =  0.0916377
Timings{0}>                      Wall min =  0.0308277
Timings{0}> 
Timings{0}> GatherPIC........... Wall max =  0.0054569
Timings{0}>                      Wall avg = 0.00403186
Timings{0}>                      Wall min = 0.00108405
Timings{0}> 
Timings{0}> ScatterPIFNUFFT..... Wall max =    183.801
Timings{0}>                      Wall avg =    122.781
Timings{0}>                      Wall min =     19.506
Timings{0}> 
Timings{0}> scatterAllReducePIF. Wall max =    33.7647
Timings{0}>                      Wall avg =    23.7188
Timings{0}>                      Wall min =    3.89167
Timings{0}> 
Timings{0}> GatherPIFNUFFT...... Wall max =    116.027
Timings{0}>                      Wall avg =    82.3179
Timings{0}>                      Wall min =    13.3377
Timings{0}> 
Timings{0}> ---------------------------------------------
