Option '64' is not parsed by Ippl. Make sure your application parses it.
Option '64' is not parsed by Ippl. Make sure your application parses it.
Option '64' is not parsed by Ippl. Make sure your application parses it.
Option '64' is not parsed by Ippl. Make sure your application parses it.
Option '64' is not parsed by Ippl. Make sure your application parses it.
Option '64' is not parsed by Ippl. Make sure your application parses it.
Option '2621440' is not parsed by Ippl. Make sure your application parses it.
Option '19.2' is not parsed by Ippl. Make sure your application parses it.
Option '0.003125' is not parsed by Ippl. Make sure your application parses it.
Option '0.003125' is not parsed by Ippl. Make sure your application parses it.
Option '1e-8' is not parsed by Ippl. Make sure your application parses it.
Option '1' is not parsed by Ippl. Make sure your application parses it.
Option 'B-spline' is not parsed by Ippl. Make sure your application parses it.
Option '1' is not parsed by Ippl. Make sure your application parses it.
Option '4' is not parsed by Ippl. Make sure your application parses it.
Option '16' is not parsed by Ippl. Make sure your application parses it.
Option '0.0001' is not parsed by Ippl. Make sure your application parses it.
Option '1e-7' is not parsed by Ippl. Make sure your application parses it.
Option 'PIF' is not parsed by Ippl. Make sure your application parses it.
PenningTrapPinT{63}> Parareal PenningTrapPinT
PenningTrapPinT{63}> Slice dT: 1.2
PenningTrapPinT{63}> No. of fine time steps: 384
PenningTrapPinT{63}> No. of coarse time steps: 384
PenningTrapPinT{63}> Tolerance: 1e-08 No. of cycles: 1
PenningTrapPinT{63}> Np= 2621440 Fourier modes = ( 64 , 64 , 64 ) Grid points = ( 64 , 64 , 64 )
PenningTrapPinT{63}> particles created and initial conditions assigned 
PenningTrapPinT{63}> Finished iteration: 1 in cycle: 1 Rerror: 2.05085e-05 Perror: 9.28254e-05
PenningTrapPinT{63}> Finished iteration: 2 in cycle: 1 Rerror: 8.08512e-08 Perror: 2.72117e-07
PenningTrapPinT{63}> Finished iteration: 3 in cycle: 1 Rerror: 6.51606e-10 Perror: 2.34872e-09
PenningTrapPinT{63}> PenningTrapPinT Parareal: End.
Timings{0}> ---------------------------------------------
Timings{0}>      Timing results for 64 ranks:
Timings{0}> ---------------------------------------------
Timings{0}> mainTimer........... Wall tot =    164.452
Timings{0}> 
Timings{0}> particlesCreation... Wall max =    105.282
Timings{0}>                      Wall avg =    56.4679
Timings{0}>                      Wall min =    6.68591
Timings{0}> 
Timings{0}> timeCommunication... Wall max =    100.399
Timings{0}>                      Wall avg =    52.7039
Timings{0}>                      Wall min =   0.130525
Timings{0}> 
Timings{0}> deepCopy............ Wall max = 0.00134255
Timings{0}>                      Wall avg =  0.0011843
Timings{0}>                      Wall min = 0.000517577
Timings{0}> 
Timings{0}> finePropagator...... Wall max =    38.4285
Timings{0}>                      Wall avg =    33.6335
Timings{0}>                      Wall min =    12.2501
Timings{0}> 
Timings{0}> coarsePropagator.... Wall max =     28.747
Timings{0}>                      Wall avg =    24.3481
Timings{0}>                      Wall min =    13.0795
Timings{0}> 
Timings{0}> dumpData............ Wall max =    2.86152
Timings{0}>                      Wall avg =    1.07388
Timings{0}>                      Wall min =   0.264713
Timings{0}> 
Timings{0}> computeErrors....... Wall max =  0.0055741
Timings{0}>                      Wall avg = 0.00140882
Timings{0}>                      Wall min = 0.000331115
Timings{0}> 
Timings{0}> initializeShapeFunc. Wall max = 0.000128581
Timings{0}>                      Wall avg = 0.000112549
Timings{0}>                      Wall min = 0.000105331
Timings{0}> 
Timings{0}> ScatterPIFNUFFT..... Wall max =    18.4155
Timings{0}>                      Wall avg =    16.4964
Timings{0}>                      Wall min =    6.81992
Timings{0}> 
Timings{0}> scatterAllReducePIF. Wall max =    31.7101
Timings{0}>                      Wall avg =    25.2395
Timings{0}>                      Wall min =    11.6772
Timings{0}> 
Timings{0}> GatherPIFNUFFT...... Wall max =    15.8742
Timings{0}>                      Wall avg =    14.3654
Timings{0}>                      Wall min =    5.98714
Timings{0}> 
Timings{0}> ---------------------------------------------
