+ '[' -z '' ']'
+ case "$-" in
+ __lmod_vx=x
+ '[' -n x ']'
+ set +x
Shell debugging temporarily silenced: export LMOD_SH_DBG_ON=1 for this output (/p/software/juwelsbooster/lmod/8.7.12/init/bash)
Shell debugging restarted
+ unset __lmod_vx
+ srun ./PenningTrapPIF 128 128 128 20971520 768 0.003125 B-spline 1 1e-7 --info 5
PenningTrapPIF: /dev/shm/swmanage/juwelsbooster/pscom/5-default/GCCcore-12.3.0/pscom-5.7.0-1/lib/pscom/pscom_con.c:117: pscom_con_terminate_recvq: Assertion `con->magic == MAGIC_CONNECTION' failed.
PenningTrapPIF: /dev/shm/swmanage/juwelsbooster/pscom/5-default/GCCcore-12.3.0/pscom-5.7.0-1/lib/pscom/pscom_con.c:117: pscom_con_terminate_recvq: Assertion `con->magic == MAGIC_CONNECTION' failed.
PenningTrapPIF: /dev/shm/swmanage/juwelsbooster/pscom/5-default/GCCcore-12.3.0/pscom-5.7.0-1/lib/pscom/pscom_con.c:137: pscom_con_terminate_recvq: Assertion `sock->magic == MAGIC_SOCKET' failed.
PenningTrapPIF: /dev/shm/swmanage/juwelsbooster/pscom/5-default/GCCcore-12.3.0/pscom-5.7.0-1/lib/pscom/pscom_con.c:137: pscom_con_terminate_recvq: Assertion `sock->magic == MAGIC_SOCKET' failed.
PenningTrapPIF: /dev/shm/swmanage/juwelsbooster/pscom/5-default/GCCcore-12.3.0/pscom-5.7.0-1/lib/pscom/pscom_con.c:117: pscom_con_terminate_recvq: Assertion `con->magic == MAGIC_CONNECTION' failed.
PenningTrapPIF: /dev/shm/swmanage/juwelsbooster/pscom/5-default/GCCcore-12.3.0/pscom-5.7.0-1/lib/pscom/pscom_con.c:137: pscom_con_terminate_recvq: Assertion `sock->magic == MAGIC_SOCKET' failed.
PenningTrapPIF: /dev/shm/swmanage/juwelsbooster/pscom/5-default/GCCcore-12.3.0/pscom-5.7.0-1/lib/pscom/pscom_con.c:117: pscom_con_terminate_recvq: Assertion `con->magic == MAGIC_CONNECTION' failed.
PenningTrapPIF: /dev/shm/swmanage/juwelsbooster/pscom/5-default/GCCcore-12.3.0/pscom-5.7.0-1/lib/pscom/pscom_con.c:117: pscom_con_terminate_recvq: Assertion `con->magic == MAGIC_CONNECTION' failed.
PenningTrapPIF: /dev/shm/swmanage/juwelsbooster/pscom/5-default/GCCcore-12.3.0/pscom-5.7.0-1/lib/pscom/pscom_con.c:117: pscom_con_terminate_recvq: Assertion `con->magic == MAGIC_CONNECTION' failed.
PenningTrapPIF: /dev/shm/swmanage/juwelsbooster/pscom/5-default/GCCcore-12.3.0/pscom-5.7.0-1/lib/pscom/pscom_con.c:117: pscom_con_terminate_recvq: Assertion `con->magic == MAGIC_CONNECTION' failed.
PenningTrapPIF: /dev/shm/swmanage/juwelsbooster/pscom/5-default/GCCcore-12.3.0/pscom-5.7.0-1/lib/pscom/pscom_con.c:117: pscom_con_terminate_recvq: Assertion `con->magic == MAGIC_CONNECTION' failed.
PenningTrapPIF: /dev/shm/swmanage/juwelsbooster/pscom/5-default/GCCcore-12.3.0/pscom-5.7.0-1/lib/pscom/pscom_con.c:137: pscom_con_terminate_recvq: Assertion `sock->magic == MAGIC_SOCKET' failed.
PenningTrapPIF: /dev/shm/swmanage/juwelsbooster/pscom/5-default/GCCcore-12.3.0/pscom-5.7.0-1/lib/pscom/pscom_con.c:117: pscom_con_terminate_recvq: Assertion `con->magic == MAGIC_CONNECTION' failed.
PenningTrapPIF: /dev/shm/swmanage/juwelsbooster/pscom/5-default/GCCcore-12.3.0/pscom-5.7.0-1/lib/pscom/pscom_con.c:137: pscom_con_terminate_recvq: Assertion `sock->magic == MAGIC_SOCKET' failed.
PenningTrapPIF: /dev/shm/swmanage/juwelsbooster/pscom/5-default/GCCcore-12.3.0/pscom-5.7.0-1/lib/pscom/pscom_con.c:117: pscom_con_terminate_recvq: Assertion `con->magic == MAGIC_CONNECTION' failed.
PenningTrapPIF: /dev/shm/swmanage/juwelsbooster/pscom/5-default/GCCcore-12.3.0/pscom-5.7.0-1/lib/pscom/pscom_con.c:137: pscom_con_terminate_recvq: Assertion `sock->magic == MAGIC_SOCKET' failed.
PenningTrapPIF: /dev/shm/swmanage/juwelsbooster/pscom/5-default/GCCcore-12.3.0/pscom-5.7.0-1/lib/pscom/pscom_con.c:137: pscom_con_terminate_recvq: Assertion `sock->magic == MAGIC_SOCKET' failed.
PenningTrapPIF: /dev/shm/swmanage/juwelsbooster/pscom/5-default/GCCcore-12.3.0/pscom-5.7.0-1/lib/pscom/pscom_con.c:117: pscom_con_terminate_recvq: Assertion `con->magic == MAGIC_CONNECTION' failed.
PenningTrapPIF: /dev/shm/swmanage/juwelsbooster/pscom/5-default/GCCcore-12.3.0/pscom-5.7.0-1/lib/pscom/pscom_con.c:117: pscom_con_terminate_recvq: Assertion `con->magic == MAGIC_CONNECTION' failed.
PenningTrapPIF: /dev/shm/swmanage/juwelsbooster/pscom/5-default/GCCcore-12.3.0/pscom-5.7.0-1/lib/pscom/pscom_con.c:137: pscom_con_terminate_recvq: Assertion `sock->magic == MAGIC_SOCKET' failed.
PenningTrapPIF: /dev/shm/swmanage/juwelsbooster/pscom/5-default/GCCcore-12.3.0/pscom-5.7.0-1/lib/pscom/pscom_con.c:117: pscom_con_terminate_recvq: Assertion `con->magic == MAGIC_CONNECTION' failed.
PenningTrapPIF: /dev/shm/swmanage/juwelsbooster/pscom/5-default/GCCcore-12.3.0/pscom-5.7.0-1/lib/pscom/pscom_con.c:117: pscom_con_terminate_recvq: Assertion `con->magic == MAGIC_CONNECTION' failed.
PenningTrapPIF: /dev/shm/swmanage/juwelsbooster/pscom/5-default/GCCcore-12.3.0/pscom-5.7.0-1/lib/pscom/pscom_con.c:117: pscom_con_terminate_recvq: Assertion `con->magic == MAGIC_CONNECTION' failed.
PenningTrapPIF: /dev/shm/swmanage/juwelsbooster/pscom/5-default/GCCcore-12.3.0/pscom-5.7.0-1/lib/pscom/pscom_con.c:117: pscom_con_terminate_recvq: Assertion `con->magic == MAGIC_CONNECTION' failed.
PenningTrapPIF: /dev/shm/swmanage/juwelsbooster/pscom/5-default/GCCcore-12.3.0/pscom-5.7.0-1/lib/pscom/pscom_con.c:137: pscom_con_terminate_recvq: Assertion `sock->magic == MAGIC_SOCKET' failed.
PenningTrapPIF: /dev/shm/swmanage/juwelsbooster/pscom/5-default/GCCcore-12.3.0/pscom-5.7.0-1/lib/pscom/pscom_con.c:137: pscom_con_terminate_recvq: Assertion `sock->magic == MAGIC_SOCKET' failed.
PenningTrapPIF: /dev/shm/swmanage/juwelsbooster/pscom/5-default/GCCcore-12.3.0/pscom-5.7.0-1/lib/pscom/pscom_con.c:117: pscom_con_terminate_recvq: Assertion `con->magic == MAGIC_CONNECTION' failed.
PenningTrapPIF: /dev/shm/swmanage/juwelsbooster/pscom/5-default/GCCcore-12.3.0/pscom-5.7.0-1/lib/pscom/pscom_con.c:137: pscom_con_terminate_recvq: Assertion `sock->magic == MAGIC_SOCKET' failed.
PenningTrapPIF: /dev/shm/swmanage/juwelsbooster/pscom/5-default/GCCcore-12.3.0/pscom-5.7.0-1/lib/pscom/pscom_con.c:137: pscom_con_terminate_recvq: Assertion `sock->magic == MAGIC_SOCKET' failed.
PenningTrapPIF: /dev/shm/swmanage/juwelsbooster/pscom/5-default/GCCcore-12.3.0/pscom-5.7.0-1/lib/pscom/pscom_con.c:137: pscom_con_terminate_recvq: Assertion `sock->magic == MAGIC_SOCKET' failed.
PenningTrapPIF: /dev/shm/swmanage/juwelsbooster/pscom/5-default/GCCcore-12.3.0/pscom-5.7.0-1/lib/pscom/pscom_con.c:137: pscom_con_terminate_recvq: Assertion `sock->magic == MAGIC_SOCKET' failed.
PenningTrapPIF: /dev/shm/swmanage/juwelsbooster/pscom/5-default/GCCcore-12.3.0/pscom-5.7.0-1/lib/pscom/pscom_con.c:137: pscom_con_terminate_recvq: Assertion `sock->magic == MAGIC_SOCKET' failed.
srun: error: jwb0889: tasks 8-11: Aborted
srun: error: jwb1002: tasks 12-15: Aborted
srun: error: jwb1052: tasks 28-31: Aborted
srun: error: jwb1047: tasks 24-27: Aborted
srun: error: jwb1026: tasks 20-23: Aborted
srun: error: jwb0712: tasks 4-7: Aborted
srun: error: jwb1025: tasks 16-19: Aborted
srun: error: jwb0705: tasks 0-3: Aborted
