Option '16' is not parsed by Ippl. Make sure your application parses it.
Option '16' is not parsed by Ippl. Make sure your application parses it.
Option '16' is not parsed by Ippl. Make sure your application parses it.
Option '16' is not parsed by Ippl. Make sure your application parses it.
Option '16' is not parsed by Ippl. Make sure your application parses it.
Option '16' is not parsed by Ippl. Make sure your application parses it.
Option '2621440' is not parsed by Ippl. Make sure your application parses it.
Option '19.2' is not parsed by Ippl. Make sure your application parses it.
Option '0.05' is not parsed by Ippl. Make sure your application parses it.
Option '0.05' is not parsed by Ippl. Make sure your application parses it.
Option '1e-11' is not parsed by Ippl. Make sure your application parses it.
Option '1' is not parsed by Ippl. Make sure your application parses it.
Option 'B-spline' is not parsed by Ippl. Make sure your application parses it.
Option '1' is not parsed by Ippl. Make sure your application parses it.
Option '4' is not parsed by Ippl. Make sure your application parses it.
Option '16' is not parsed by Ippl. Make sure your application parses it.
Option '0.00001' is not parsed by Ippl. Make sure your application parses it.
Option '1e-12' is not parsed by Ippl. Make sure your application parses it.
Option 'PIF' is not parsed by Ippl. Make sure your application parses it.
LandauDampingPinT{63}> Parareal LandauDampingPinT
LandauDampingPinT{63}> Slice dT: 1.2
LandauDampingPinT{63}> No. of fine time steps: 24
LandauDampingPinT{63}> No. of coarse time steps: 24
LandauDampingPinT{63}> Tolerance: 1e-11 No. of cycles: 1
LandauDampingPinT{63}> Np= 2621440 Fourier modes = ( 16 , 16 , 16 ) Grid points = ( 16 , 16 , 16 )
LandauDampingPinT{63}> particles created and initial conditions assigned 
LandauDampingPinT{63}> Finished iteration: 1 in cycle: 1 Rerror: 2.63998e-07 Perror: 1.22774e-07
LandauDampingPinT{63}> Finished iteration: 2 in cycle: 1 Rerror: 1.89567e-11 Perror: 1.40241e-11
LandauDampingPinT{63}> Finished iteration: 3 in cycle: 1 Rerror: 1.7274e-15 Perror: 2.10232e-15
LandauDampingPinT{63}> LandauDampingPinT Parareal: End.
Timings{0}> ---------------------------------------------
Timings{0}>      Timing results for 64 ranks:
Timings{0}> ---------------------------------------------
Timings{0}> mainTimer........... Wall tot =    12.5865
Timings{0}> 
Timings{0}> particlesCreation... Wall max =    5.74023
Timings{0}>                      Wall avg =    3.06817
Timings{0}>                      Wall min =   0.380871
Timings{0}> 
Timings{0}> timeCommunication... Wall max =    5.45055
Timings{0}>                      Wall avg =    2.83881
Timings{0}>                      Wall min =   0.132186
Timings{0}> 
Timings{0}> deepCopy............ Wall max = 0.00136278
Timings{0}>                      Wall avg = 0.00104255
Timings{0}>                      Wall min = 0.000497325
Timings{0}> 
Timings{0}> finePropagator...... Wall max =    6.05889
Timings{0}>                      Wall avg =    4.71263
Timings{0}>                      Wall min =    2.01637
Timings{0}> 
Timings{0}> coarsePropagator.... Wall max =    1.00203
Timings{0}>                      Wall avg =   0.829321
Timings{0}>                      Wall min =   0.499733
Timings{0}> 
Timings{0}> dumpData............ Wall max =   0.259361
Timings{0}>                      Wall avg =  0.0986709
Timings{0}>                      Wall min =  0.0248194
Timings{0}> 
Timings{0}> computeErrors....... Wall max = 0.00117832
Timings{0}>                      Wall avg = 0.000548031
Timings{0}>                      Wall min = 0.000243032
Timings{0}> 
Timings{0}> initializeShapeFunc. Wall max = 0.00011075
Timings{0}>                      Wall avg = 9.04316e-05
Timings{0}>                      Wall min =  6.803e-05
Timings{0}> 
Timings{0}> ScatterPIFNUFFT..... Wall max =    4.12125
Timings{0}>                      Wall avg =    3.20092
Timings{0}>                      Wall min =     1.4511
Timings{0}> 
Timings{0}> scatterAllReducePIF. Wall max =   0.119783
Timings{0}>                      Wall avg =  0.0815569
Timings{0}>                      Wall min =  0.0260333
Timings{0}> 
Timings{0}> GatherPIFNUFFT...... Wall max =    2.75346
Timings{0}>                      Wall avg =    2.12692
Timings{0}>                      Wall min =   0.973335
Timings{0}> 
Timings{0}> ---------------------------------------------
