Option '64' is not parsed by Ippl. Make sure your application parses it.
Option '64' is not parsed by Ippl. Make sure your application parses it.
Option '64' is not parsed by Ippl. Make sure your application parses it.
Option '64' is not parsed by Ippl. Make sure your application parses it.
Option '64' is not parsed by Ippl. Make sure your application parses it.
Option '64' is not parsed by Ippl. Make sure your application parses it.
Option '2621440' is not parsed by Ippl. Make sure your application parses it.
Option '19.2' is not parsed by Ippl. Make sure your application parses it.
Option '0.003125' is not parsed by Ippl. Make sure your application parses it.
Option '0.003125' is not parsed by Ippl. Make sure your application parses it.
Option '1e-8' is not parsed by Ippl. Make sure your application parses it.
Option '1' is not parsed by Ippl. Make sure your application parses it.
Option 'B-spline' is not parsed by Ippl. Make sure your application parses it.
Option '1' is not parsed by Ippl. Make sure your application parses it.
Option '4' is not parsed by Ippl. Make sure your application parses it.
Option '16' is not parsed by Ippl. Make sure your application parses it.
Option '0.001' is not parsed by Ippl. Make sure your application parses it.
Option '1e-7' is not parsed by Ippl. Make sure your application parses it.
Option 'PIF' is not parsed by Ippl. Make sure your application parses it.
TwoStreamInstability{63}> Parareal TwoStreamInstability
TwoStreamInstability{63}> Slice dT: 1.2
TwoStreamInstability{63}> No. of fine time steps: 384
TwoStreamInstability{63}> No. of coarse time steps: 384
TwoStreamInstability{63}> Tolerance: 1e-08 No. of cycles: 1
TwoStreamInstability{63}> Np= 2621440 Fourier modes = ( 64 , 64 , 64 ) Grid points = ( 64 , 64 , 64 )
TwoStreamInstability{63}> particles created and initial conditions assigned 
TwoStreamInstability{63}> Finished iteration: 1 in cycle: 1 Rerror: 0.000136133 Perror: 0.000763945
TwoStreamInstability{63}> Finished iteration: 2 in cycle: 1 Rerror: 5.26062e-07 Perror: 3.54308e-06
TwoStreamInstability{63}> Finished iteration: 3 in cycle: 1 Rerror: 1.4949e-09 Perror: 1.06891e-08
TwoStreamInstability{63}> Finished iteration: 4 in cycle: 1 Rerror: 2.09508e-17 Perror: 1.27635e-16
TwoStreamInstability{63}> TwoStreamInstability Parareal: End.
Timings{0}> ---------------------------------------------
Timings{0}>      Timing results for 64 ranks:
Timings{0}> ---------------------------------------------
Timings{0}> mainTimer........... Wall tot =    186.031
Timings{0}> 
Timings{0}> particlesCreation... Wall max =    92.6316
Timings{0}>                      Wall avg =    49.3259
Timings{0}>                      Wall min =    6.35186
Timings{0}> 
Timings{0}> timeCommunication... Wall max =    107.225
Timings{0}>                      Wall avg =    47.3911
Timings{0}>                      Wall min =  0.0873409
Timings{0}> 
Timings{0}> deepCopy............ Wall max = 0.00155939
Timings{0}>                      Wall avg = 0.00113732
Timings{0}>                      Wall min = 0.000522908
Timings{0}> 
Timings{0}> finePropagator...... Wall max =    61.6942
Timings{0}>                      Wall avg =    42.6015
Timings{0}>                      Wall min =    17.5378
Timings{0}> 
Timings{0}> coarsePropagator.... Wall max =    28.5149
Timings{0}>                      Wall avg =    20.4237
Timings{0}>                      Wall min =    9.73251
Timings{0}> 
Timings{0}> dumpData............ Wall max =  0.0043448
Timings{0}>                      Wall avg = 0.00272379
Timings{0}>                      Wall min = 0.00104165
Timings{0}> 
Timings{0}> computeErrors....... Wall max = 0.00661599
Timings{0}>                      Wall avg = 0.00196479
Timings{0}>                      Wall min = 0.000308839
Timings{0}> 
Timings{0}> initializeShapeFunc. Wall max = 0.000130841
Timings{0}>                      Wall avg = 0.000108488
Timings{0}>                      Wall min = 9.8921e-05
Timings{0}> 
Timings{0}> ScatterPIFNUFFT..... Wall max =    21.3516
Timings{0}>                      Wall avg =    15.8163
Timings{0}>                      Wall min =    6.91977
Timings{0}> 
Timings{0}> scatterAllReducePIF. Wall max =    31.2663
Timings{0}>                      Wall avg =    20.4222
Timings{0}>                      Wall min =    3.99846
Timings{0}> 
Timings{0}> GatherPIFNUFFT...... Wall max =     36.763
Timings{0}>                      Wall avg =    26.1303
Timings{0}>                      Wall min =    11.3696
Timings{0}> 
Timings{0}> ---------------------------------------------
