Option '64' is not parsed by Ippl. Make sure your application parses it.
Option '64' is not parsed by Ippl. Make sure your application parses it.
Option '64' is not parsed by Ippl. Make sure your application parses it.
Option '64' is not parsed by Ippl. Make sure your application parses it.
Option '64' is not parsed by Ippl. Make sure your application parses it.
Option '64' is not parsed by Ippl. Make sure your application parses it.
Option '2621440' is not parsed by Ippl. Make sure your application parses it.
Option '19.2' is not parsed by Ippl. Make sure your application parses it.
Option '0.05' is not parsed by Ippl. Make sure your application parses it.
Option '0.4' is not parsed by Ippl. Make sure your application parses it.
Option '1e-5' is not parsed by Ippl. Make sure your application parses it.
Option '1' is not parsed by Ippl. Make sure your application parses it.
Option 'B-spline' is not parsed by Ippl. Make sure your application parses it.
Option '1' is not parsed by Ippl. Make sure your application parses it.
Option '2' is not parsed by Ippl. Make sure your application parses it.
Option '16' is not parsed by Ippl. Make sure your application parses it.
Option '0.1' is not parsed by Ippl. Make sure your application parses it.
Option '1e-4' is not parsed by Ippl. Make sure your application parses it.
Option 'PIC' is not parsed by Ippl. Make sure your application parses it.
TwoStreamInstability{31}> Parareal TwoStreamInstability
TwoStreamInstability{31}> Slice dT: 1.2
TwoStreamInstability{31}> No. of fine time steps: 24
TwoStreamInstability{31}> No. of coarse time steps: 3
TwoStreamInstability{31}> Tolerance: 1e-05 No. of cycles: 1
TwoStreamInstability{31}> Np= 2621440 Fourier modes = ( 64 , 64 , 64 ) Grid points = ( 64 , 64 , 64 )
TwoStreamInstability{31}> particles created and initial conditions assigned 
TwoStreamInstability{31}> Finished iteration: 1 in cycle: 1 Rerror: 0.0479182 Perror: 0.201316
TwoStreamInstability{31}> Finished iteration: 2 in cycle: 1 Rerror: 0.0281034 Perror: 0.118681
TwoStreamInstability{31}> Finished iteration: 3 in cycle: 1 Rerror: 0.0234059 Perror: 0.103682
TwoStreamInstability{31}> Finished iteration: 4 in cycle: 1 Rerror: 0.0192427 Perror: 0.0905938
TwoStreamInstability{31}> Finished iteration: 5 in cycle: 1 Rerror: 0.0129677 Perror: 0.0648089
TwoStreamInstability{31}> Finished iteration: 6 in cycle: 1 Rerror: 0.00698115 Perror: 0.0366569
TwoStreamInstability{31}> Finished iteration: 7 in cycle: 1 Rerror: 0.00300998 Perror: 0.0163134
TwoStreamInstability{31}> Finished iteration: 8 in cycle: 1 Rerror: 0.00104559 Perror: 0.00577232
TwoStreamInstability{31}> Finished iteration: 9 in cycle: 1 Rerror: 0.000292843 Perror: 0.00162794
TwoStreamInstability{31}> Finished iteration: 10 in cycle: 1 Rerror: 6.50049e-05 Perror: 0.000360539
TwoStreamInstability{31}> Finished iteration: 11 in cycle: 1 Rerror: 9.99782e-06 Perror: 5.46496e-05
TwoStreamInstability{31}> Finished iteration: 12 in cycle: 1 Rerror: 8.38502e-07 Perror: 4.56117e-06
TwoStreamInstability{31}> TwoStreamInstability Parareal: End.
Timings{0}> ---------------------------------------------
Timings{0}>      Timing results for 32 ranks:
Timings{0}> ---------------------------------------------
Timings{0}> mainTimer........... Wall tot =    10.3007
Timings{0}> 
Timings{0}> particlesCreation... Wall max =    1.89877
Timings{0}>                      Wall avg =    1.10268
Timings{0}>                      Wall min =   0.256551
Timings{0}> 
Timings{0}> timeCommunication... Wall max =    2.73694
Timings{0}>                      Wall avg =    1.27673
Timings{0}>                      Wall min =   0.125112
Timings{0}> 
Timings{0}> deepCopy............ Wall max = 0.00658518
Timings{0}>                      Wall avg = 0.00406339
Timings{0}>                      Wall min = 0.000815476
Timings{0}> 
Timings{0}> finePropagator...... Wall max =     7.8093
Timings{0}>                      Wall avg =    4.83576
Timings{0}>                      Wall min =   0.719122
Timings{0}> 
Timings{0}> coarsePropagator.... Wall max =   0.286052
Timings{0}>                      Wall avg =   0.200706
Timings{0}>                      Wall min =  0.0748425
Timings{0}> 
Timings{0}> dumpData............ Wall max = 0.00087112
Timings{0}>                      Wall avg = 0.000511181
Timings{0}>                      Wall min =  7.417e-05
Timings{0}> 
Timings{0}> computeErrors....... Wall max = 0.00286283
Timings{0}>                      Wall avg = 0.00166762
Timings{0}>                      Wall min = 0.000328653
Timings{0}> 
Timings{0}> initializeShapeFunc. Wall max = 0.000124691
Timings{0}>                      Wall avg = 0.000107694
Timings{0}>                      Wall min = 0.000100011
Timings{0}> 
Timings{0}> fieldSolvePIC....... Wall max =  0.0644641
Timings{0}>                      Wall avg =  0.0402662
Timings{0}>                      Wall min =  0.0108039
Timings{0}> 
Timings{0}> ScatterPIC.......... Wall max =  0.0141498
Timings{0}>                      Wall avg = 0.00864819
Timings{0}>                      Wall min =  0.0022635
Timings{0}> 
Timings{0}> scatterAllReducePIC. Wall max =   0.149126
Timings{0}>                      Wall avg =  0.0955968
Timings{0}>                      Wall min =  0.0213189
Timings{0}> 
Timings{0}> GatherPIC........... Wall max =  0.0165171
Timings{0}>                      Wall avg =  0.0105335
Timings{0}>                      Wall min =  0.0028699
Timings{0}> 
Timings{0}> ScatterPIFNUFFT..... Wall max =    1.90879
Timings{0}>                      Wall avg =    1.18411
Timings{0}>                      Wall min =   0.179251
Timings{0}> 
Timings{0}> scatterAllReducePIF. Wall max =    2.30142
Timings{0}>                      Wall avg =      1.362
Timings{0}>                      Wall min =   0.190323
Timings{0}> 
Timings{0}> GatherPIFNUFFT...... Wall max =    3.44692
Timings{0}>                      Wall avg =    2.19694
Timings{0}>                      Wall min =   0.325416
Timings{0}> 
Timings{0}> ---------------------------------------------
