Option '64' is not parsed by Ippl. Make sure your application parses it.
Option '64' is not parsed by Ippl. Make sure your application parses it.
Option '64' is not parsed by Ippl. Make sure your application parses it.
Option '64' is not parsed by Ippl. Make sure your application parses it.
Option '64' is not parsed by Ippl. Make sure your application parses it.
Option '64' is not parsed by Ippl. Make sure your application parses it.
Option '2621440' is not parsed by Ippl. Make sure your application parses it.
Option '19.2' is not parsed by Ippl. Make sure your application parses it.
Option '0.05' is not parsed by Ippl. Make sure your application parses it.
Option '0.4' is not parsed by Ippl. Make sure your application parses it.
Option '1e-5' is not parsed by Ippl. Make sure your application parses it.
Option '1' is not parsed by Ippl. Make sure your application parses it.
Option 'B-spline' is not parsed by Ippl. Make sure your application parses it.
Option '1' is not parsed by Ippl. Make sure your application parses it.
Option '2' is not parsed by Ippl. Make sure your application parses it.
Option '16' is not parsed by Ippl. Make sure your application parses it.
Option '0.001' is not parsed by Ippl. Make sure your application parses it.
Option '1e-4' is not parsed by Ippl. Make sure your application parses it.
Option 'PIF' is not parsed by Ippl. Make sure your application parses it.
TwoStreamInstability{31}> Parareal TwoStreamInstability
TwoStreamInstability{31}> Slice dT: 1.2
TwoStreamInstability{31}> No. of fine time steps: 24
TwoStreamInstability{31}> No. of coarse time steps: 3
TwoStreamInstability{31}> Tolerance: 1e-05 No. of cycles: 1
TwoStreamInstability{31}> Np= 2621440 Fourier modes = ( 64 , 64 , 64 ) Grid points = ( 64 , 64 , 64 )
TwoStreamInstability{31}> particles created and initial conditions assigned 
TwoStreamInstability{31}> Finished iteration: 1 in cycle: 1 Rerror: 0.0365085 Perror: 0.162468
TwoStreamInstability{31}> Finished iteration: 2 in cycle: 1 Rerror: 0.022403 Perror: 0.0946371
TwoStreamInstability{31}> Finished iteration: 3 in cycle: 1 Rerror: 0.0215552 Perror: 0.0955657
TwoStreamInstability{31}> Finished iteration: 4 in cycle: 1 Rerror: 0.018327 Perror: 0.0865508
TwoStreamInstability{31}> Finished iteration: 5 in cycle: 1 Rerror: 0.0124212 Perror: 0.0622959
TwoStreamInstability{31}> Finished iteration: 6 in cycle: 1 Rerror: 0.00667225 Perror: 0.0351099
TwoStreamInstability{31}> Finished iteration: 7 in cycle: 1 Rerror: 0.0028652 Perror: 0.0155151
TwoStreamInstability{31}> Finished iteration: 8 in cycle: 1 Rerror: 0.000993513 Perror: 0.00545551
TwoStreamInstability{31}> Finished iteration: 9 in cycle: 1 Rerror: 0.000278987 Perror: 0.00153594
TwoStreamInstability{31}> Finished iteration: 10 in cycle: 1 Rerror: 6.22967e-05 Perror: 0.000341006
TwoStreamInstability{31}> Finished iteration: 11 in cycle: 1 Rerror: 9.64166e-06 Perror: 5.18283e-05
TwoStreamInstability{31}> Finished iteration: 12 in cycle: 1 Rerror: 8.16421e-07 Perror: 4.37249e-06
TwoStreamInstability{31}> TwoStreamInstability Parareal: End.
Timings{0}> ---------------------------------------------
Timings{0}>      Timing results for 32 ranks:
Timings{0}> ---------------------------------------------
Timings{0}> mainTimer........... Wall tot =    11.5597
Timings{0}> 
Timings{0}> particlesCreation... Wall max =     2.5175
Timings{0}>                      Wall avg =    1.36867
Timings{0}>                      Wall min =   0.176798
Timings{0}> 
Timings{0}> timeCommunication... Wall max =    3.07425
Timings{0}>                      Wall avg =    1.65403
Timings{0}>                      Wall min =  0.0875268
Timings{0}> 
Timings{0}> deepCopy............ Wall max = 0.00661286
Timings{0}>                      Wall avg = 0.00406389
Timings{0}>                      Wall min = 0.000817865
Timings{0}> 
Timings{0}> finePropagator...... Wall max =    7.58337
Timings{0}>                      Wall avg =    4.52869
Timings{0}>                      Wall min =   0.699783
Timings{0}> 
Timings{0}> coarsePropagator.... Wall max =   0.978945
Timings{0}>                      Wall avg =   0.603583
Timings{0}>                      Wall min =   0.162329
Timings{0}> 
Timings{0}> dumpData............ Wall max = 0.000889779
Timings{0}>                      Wall avg = 0.000510512
Timings{0}>                      Wall min =  7.515e-05
Timings{0}> 
Timings{0}> computeErrors....... Wall max =  0.0106479
Timings{0}>                      Wall avg = 0.00298983
Timings{0}>                      Wall min = 0.000309052
Timings{0}> 
Timings{0}> initializeShapeFunc. Wall max = 0.000119861
Timings{0}>                      Wall avg = 0.000106871
Timings{0}>                      Wall min = 0.00010056
Timings{0}> 
Timings{0}> ScatterPIFNUFFT..... Wall max =    2.08909
Timings{0}>                      Wall avg =        1.3
Timings{0}>                      Wall min =   0.210193
Timings{0}> 
Timings{0}> scatterAllReducePIF. Wall max =    2.67679
Timings{0}>                      Wall avg =    1.28822
Timings{0}>                      Wall min =   0.141292
Timings{0}> 
Timings{0}> GatherPIFNUFFT...... Wall max =    3.80546
Timings{0}>                      Wall avg =    2.43775
Timings{0}>                      Wall min =   0.384735
Timings{0}> 
Timings{0}> ---------------------------------------------
