Option '64' is not parsed by Ippl. Make sure your application parses it.
Option '64' is not parsed by Ippl. Make sure your application parses it.
Option '64' is not parsed by Ippl. Make sure your application parses it.
Option '64' is not parsed by Ippl. Make sure your application parses it.
Option '64' is not parsed by Ippl. Make sure your application parses it.
Option '64' is not parsed by Ippl. Make sure your application parses it.
Option '2621440' is not parsed by Ippl. Make sure your application parses it.
Option '19.2' is not parsed by Ippl. Make sure your application parses it.
Option '0.05' is not parsed by Ippl. Make sure your application parses it.
Option '0.05' is not parsed by Ippl. Make sure your application parses it.
Option '1e-11' is not parsed by Ippl. Make sure your application parses it.
Option '1' is not parsed by Ippl. Make sure your application parses it.
Option 'B-spline' is not parsed by Ippl. Make sure your application parses it.
Option '1' is not parsed by Ippl. Make sure your application parses it.
Option '16' is not parsed by Ippl. Make sure your application parses it.
Option '16' is not parsed by Ippl. Make sure your application parses it.
Option '0.0000001' is not parsed by Ippl. Make sure your application parses it.
Option '1e-12' is not parsed by Ippl. Make sure your application parses it.
Option 'PIF' is not parsed by Ippl. Make sure your application parses it.
LandauDampingPinT{255}> Parareal LandauDampingPinT
LandauDampingPinT{255}> Slice dT: 1.2
LandauDampingPinT{255}> No. of fine time steps: 24
LandauDampingPinT{255}> No. of coarse time steps: 24
LandauDampingPinT{255}> Tolerance: 1e-11 No. of cycles: 1
LandauDampingPinT{255}> Np= 2621440 Fourier modes = ( 64 , 64 , 64 ) Grid points = ( 64 , 64 , 64 )
LandauDampingPinT{255}> particles created and initial conditions assigned 
LandauDampingPinT{255}> Finished iteration: 1 in cycle: 1 Rerror: 2.16779e-09 Perror: 1.6858e-09
LandauDampingPinT{255}> Finished iteration: 2 in cycle: 1 Rerror: 5.52809e-14 Perror: 5.85052e-14
LandauDampingPinT{255}> LandauDampingPinT Parareal: End.
Timings{0}> ---------------------------------------------
Timings{0}>      Timing results for 256 ranks:
Timings{0}> ---------------------------------------------
Timings{0}> mainTimer........... Wall tot =    12.5098
Timings{0}> 
Timings{0}> particlesCreation... Wall max =    9.39031
Timings{0}>                      Wall avg =    5.05531
Timings{0}>                      Wall min =   0.714329
Timings{0}> 
Timings{0}> timeCommunication... Wall max =    8.74647
Timings{0}>                      Wall avg =    4.59155
Timings{0}>                      Wall min =   0.104684
Timings{0}> 
Timings{0}> deepCopy............ Wall max = 0.000516745
Timings{0}>                      Wall avg = 0.000444659
Timings{0}>                      Wall min = 0.000255193
Timings{0}> 
Timings{0}> finePropagator...... Wall max =    2.37819
Timings{0}>                      Wall avg =    2.12034
Timings{0}>                      Wall min =    1.27665
Timings{0}> 
Timings{0}> coarsePropagator.... Wall max =     1.6151
Timings{0}>                      Wall avg =    1.16985
Timings{0}>                      Wall min =   0.975004
Timings{0}> 
Timings{0}> dumpData............ Wall max =   0.186279
Timings{0}>                      Wall avg =  0.0791343
Timings{0}>                      Wall min =  0.0276351
Timings{0}> 
Timings{0}> computeErrors....... Wall max = 0.00615228
Timings{0}>                      Wall avg = 0.00106828
Timings{0}>                      Wall min = 0.000204911
Timings{0}> 
Timings{0}> initializeShapeFunc. Wall max = 0.00011375
Timings{0}>                      Wall avg = 0.000103304
Timings{0}>                      Wall min = 9.8061e-05
Timings{0}> 
Timings{0}> ScatterPIFNUFFT..... Wall max =    1.05534
Timings{0}>                      Wall avg =    1.00914
Timings{0}>                      Wall min =   0.555373
Timings{0}> 
Timings{0}> scatterAllReducePIF. Wall max =    1.36679
Timings{0}>                      Wall avg =   0.698235
Timings{0}>                      Wall min =   0.368026
Timings{0}> 
Timings{0}> GatherPIFNUFFT...... Wall max =    1.53158
Timings{0}>                      Wall avg =    1.47987
Timings{0}>                      Wall min =   0.837036
Timings{0}> 
Timings{0}> ---------------------------------------------
