Option '64' is not parsed by Ippl. Make sure your application parses it.
Option '64' is not parsed by Ippl. Make sure your application parses it.
Option '64' is not parsed by Ippl. Make sure your application parses it.
Option '64' is not parsed by Ippl. Make sure your application parses it.
Option '64' is not parsed by Ippl. Make sure your application parses it.
Option '64' is not parsed by Ippl. Make sure your application parses it.
Option '2621440' is not parsed by Ippl. Make sure your application parses it.
Option '19.2' is not parsed by Ippl. Make sure your application parses it.
Option '0.05' is not parsed by Ippl. Make sure your application parses it.
Option '0.05' is not parsed by Ippl. Make sure your application parses it.
Option '1e-5' is not parsed by Ippl. Make sure your application parses it.
Option '1' is not parsed by Ippl. Make sure your application parses it.
Option 'B-spline' is not parsed by Ippl. Make sure your application parses it.
Option '1' is not parsed by Ippl. Make sure your application parses it.
Option '2' is not parsed by Ippl. Make sure your application parses it.
Option '16' is not parsed by Ippl. Make sure your application parses it.
Option '0.001' is not parsed by Ippl. Make sure your application parses it.
Option '1e-4' is not parsed by Ippl. Make sure your application parses it.
Option 'PIF' is not parsed by Ippl. Make sure your application parses it.
PenningTrapPinT{31}> Parareal PenningTrapPinT
PenningTrapPinT{31}> Slice dT: 1.2
PenningTrapPinT{31}> No. of fine time steps: 24
PenningTrapPinT{31}> No. of coarse time steps: 24
PenningTrapPinT{31}> Tolerance: 1e-05 No. of cycles: 1
PenningTrapPinT{31}> Np= 2621440 Fourier modes = ( 64 , 64 , 64 ) Grid points = ( 64 , 64 , 64 )
PenningTrapPinT{31}> particles created and initial conditions assigned 
PenningTrapPinT{31}> Finished iteration: 1 in cycle: 1 Rerror: 0.00033759 Perror: 0.0016645
PenningTrapPinT{31}> Finished iteration: 2 in cycle: 1 Rerror: 1.5402e-05 Perror: 5.54112e-05
PenningTrapPinT{31}> Finished iteration: 3 in cycle: 1 Rerror: 6.10778e-07 Perror: 1.85593e-06
PenningTrapPinT{31}> PenningTrapPinT Parareal: End.
Timings{0}> ---------------------------------------------
Timings{0}>      Timing results for 32 ranks:
Timings{0}> ---------------------------------------------
Timings{0}> mainTimer........... Wall tot =    10.4805
Timings{0}> 
Timings{0}> particlesCreation... Wall max =    7.69943
Timings{0}>                      Wall avg =    4.13828
Timings{0}>                      Wall min =   0.503304
Timings{0}> 
Timings{0}> timeCommunication... Wall max =      7.365
Timings{0}>                      Wall avg =    3.78397
Timings{0}>                      Wall min =   0.116849
Timings{0}> 
Timings{0}> deepCopy............ Wall max = 0.00203142
Timings{0}>                      Wall avg = 0.00173602
Timings{0}>                      Wall min = 0.000811746
Timings{0}> 
Timings{0}> finePropagator...... Wall max =    1.56064
Timings{0}>                      Wall avg =    1.29382
Timings{0}>                      Wall min =   0.501821
Timings{0}> 
Timings{0}> coarsePropagator.... Wall max =    1.64669
Timings{0}>                      Wall avg =      1.412
Timings{0}>                      Wall min =   0.794887
Timings{0}> 
Timings{0}> dumpData............ Wall max = 0.00022489
Timings{0}>                      Wall avg = 0.000180079
Timings{0}>                      Wall min = 7.3401e-05
Timings{0}> 
Timings{0}> computeErrors....... Wall max = 0.00139158
Timings{0}>                      Wall avg = 0.000754646
Timings{0}>                      Wall min = 0.000316822
Timings{0}> 
Timings{0}> initializeShapeFunc. Wall max = 0.000123561
Timings{0}>                      Wall avg = 0.000109313
Timings{0}>                      Wall min = 0.000101641
Timings{0}> 
Timings{0}> ScatterPIFNUFFT..... Wall max =   0.836836
Timings{0}>                      Wall avg =   0.710033
Timings{0}>                      Wall min =   0.349367
Timings{0}> 
Timings{0}> scatterAllReducePIF. Wall max =    1.42114
Timings{0}>                      Wall avg =    1.16886
Timings{0}>                      Wall min =   0.551221
Timings{0}> 
Timings{0}> GatherPIFNUFFT...... Wall max =   0.864512
Timings{0}>                      Wall avg =   0.742226
Timings{0}>                      Wall min =   0.354531
Timings{0}> 
Timings{0}> ---------------------------------------------
