Option '64' is not parsed by Ippl. Make sure your application parses it.
Option '64' is not parsed by Ippl. Make sure your application parses it.
Option '64' is not parsed by Ippl. Make sure your application parses it.
Option '64' is not parsed by Ippl. Make sure your application parses it.
Option '64' is not parsed by Ippl. Make sure your application parses it.
Option '64' is not parsed by Ippl. Make sure your application parses it.
Option '2621440' is not parsed by Ippl. Make sure your application parses it.
Option '19.2' is not parsed by Ippl. Make sure your application parses it.
Option '0.003125' is not parsed by Ippl. Make sure your application parses it.
Option '0.0125' is not parsed by Ippl. Make sure your application parses it.
Option '1e-8' is not parsed by Ippl. Make sure your application parses it.
Option '1' is not parsed by Ippl. Make sure your application parses it.
Option 'B-spline' is not parsed by Ippl. Make sure your application parses it.
Option '1' is not parsed by Ippl. Make sure your application parses it.
Option '4' is not parsed by Ippl. Make sure your application parses it.
Option '16' is not parsed by Ippl. Make sure your application parses it.
Option '0.001' is not parsed by Ippl. Make sure your application parses it.
Option '1e-7' is not parsed by Ippl. Make sure your application parses it.
Option 'PIF' is not parsed by Ippl. Make sure your application parses it.
LandauDampingPinT{63}> Parareal LandauDampingPinT
LandauDampingPinT{63}> Slice dT: 1.2
LandauDampingPinT{63}> No. of fine time steps: 384
LandauDampingPinT{63}> No. of coarse time steps: 96
LandauDampingPinT{63}> Tolerance: 1e-08 No. of cycles: 1
LandauDampingPinT{63}> Np= 2621440 Fourier modes = ( 64 , 64 , 64 ) Grid points = ( 64 , 64 , 64 )
LandauDampingPinT{63}> particles created and initial conditions assigned 
LandauDampingPinT{63}> Finished iteration: 1 in cycle: 1 Rerror: 2.13522e-05 Perror: 1.6707e-05
LandauDampingPinT{63}> Finished iteration: 2 in cycle: 1 Rerror: 5.74956e-08 Perror: 6.0427e-08
LandauDampingPinT{63}> Finished iteration: 3 in cycle: 1 Rerror: 6.194e-10 Perror: 7.92127e-10
LandauDampingPinT{63}> LandauDampingPinT Parareal: End.
Timings{0}> ---------------------------------------------
Timings{0}>      Timing results for 64 ranks:
Timings{0}> ---------------------------------------------
Timings{0}> mainTimer........... Wall tot =    83.8786
Timings{0}> 
Timings{0}> particlesCreation... Wall max =    25.3012
Timings{0}>                      Wall avg =    13.4127
Timings{0}>                      Wall min =    1.67852
Timings{0}> 
Timings{0}> timeCommunication... Wall max =    24.1444
Timings{0}>                      Wall avg =    14.3052
Timings{0}>                      Wall min =   0.126948
Timings{0}> 
Timings{0}> deepCopy............ Wall max = 0.00136652
Timings{0}>                      Wall avg = 0.00118517
Timings{0}>                      Wall min = 0.000531103
Timings{0}> 
Timings{0}> finePropagator...... Wall max =    53.8396
Timings{0}>                      Wall avg =    45.9407
Timings{0}>                      Wall min =    17.4842
Timings{0}> 
Timings{0}> coarsePropagator.... Wall max =    6.83755
Timings{0}>                      Wall avg =    5.46847
Timings{0}>                      Wall min =    3.16017
Timings{0}> 
Timings{0}> dumpData............ Wall max = 0.00327218
Timings{0}>                      Wall avg = 0.00279817
Timings{0}>                      Wall min = 0.000975013
Timings{0}> 
Timings{0}> computeErrors....... Wall max = 0.00593706
Timings{0}>                      Wall avg = 0.00234113
Timings{0}>                      Wall min = 0.000254941
Timings{0}> 
Timings{0}> initializeShapeFunc. Wall max = 0.000124021
Timings{0}>                      Wall avg = 0.000109412
Timings{0}>                      Wall min = 0.000100911
Timings{0}> 
Timings{0}> ScatterPIFNUFFT..... Wall max =    16.9932
Timings{0}>                      Wall avg =    15.2104
Timings{0}>                      Wall min =    5.75643
Timings{0}> 
Timings{0}> scatterAllReducePIF. Wall max =    17.1364
Timings{0}>                      Wall avg =    12.2661
Timings{0}>                      Wall min =     3.2936
Timings{0}> 
Timings{0}> GatherPIFNUFFT...... Wall max =    26.3667
Timings{0}>                      Wall avg =    23.5388
Timings{0}>                      Wall min =    8.96161
Timings{0}> 
Timings{0}> ---------------------------------------------
