Option '64' is not parsed by Ippl. Make sure your application parses it.
Option '64' is not parsed by Ippl. Make sure your application parses it.
Option '64' is not parsed by Ippl. Make sure your application parses it.
Option '64' is not parsed by Ippl. Make sure your application parses it.
Option '64' is not parsed by Ippl. Make sure your application parses it.
Option '64' is not parsed by Ippl. Make sure your application parses it.
Option '2621440' is not parsed by Ippl. Make sure your application parses it.
Option '19.2' is not parsed by Ippl. Make sure your application parses it.
Option '0.003125' is not parsed by Ippl. Make sure your application parses it.
Option '0.05' is not parsed by Ippl. Make sure your application parses it.
Option '1e-8' is not parsed by Ippl. Make sure your application parses it.
Option '1' is not parsed by Ippl. Make sure your application parses it.
Option 'B-spline' is not parsed by Ippl. Make sure your application parses it.
Option '1' is not parsed by Ippl. Make sure your application parses it.
Option '4' is not parsed by Ippl. Make sure your application parses it.
Option '16' is not parsed by Ippl. Make sure your application parses it.
Option '0.001' is not parsed by Ippl. Make sure your application parses it.
Option '1e-7' is not parsed by Ippl. Make sure your application parses it.
Option 'PIF' is not parsed by Ippl. Make sure your application parses it.
TwoStreamInstability{63}> Parareal TwoStreamInstability
TwoStreamInstability{63}> Slice dT: 1.2
TwoStreamInstability{63}> No. of fine time steps: 384
TwoStreamInstability{63}> No. of coarse time steps: 24
TwoStreamInstability{63}> Tolerance: 1e-08 No. of cycles: 1
TwoStreamInstability{63}> Np= 2621440 Fourier modes = ( 64 , 64 , 64 ) Grid points = ( 64 , 64 , 64 )
TwoStreamInstability{63}> particles created and initial conditions assigned 
TwoStreamInstability{63}> Finished iteration: 1 in cycle: 1 Rerror: 0.000234762 Perror: 0.00130153
TwoStreamInstability{63}> Finished iteration: 2 in cycle: 1 Rerror: 1.3423e-06 Perror: 8.76469e-06
TwoStreamInstability{63}> Finished iteration: 3 in cycle: 1 Rerror: 7.96439e-09 Perror: 5.27642e-08
TwoStreamInstability{63}> Finished iteration: 4 in cycle: 1 Rerror: 2.86642e-10 Perror: 2.06303e-09
TwoStreamInstability{63}> TwoStreamInstability Parareal: End.
Timings{0}> ---------------------------------------------
Timings{0}>      Timing results for 64 ranks:
Timings{0}> ---------------------------------------------
Timings{0}> mainTimer........... Wall tot =    82.1015
Timings{0}> 
Timings{0}> particlesCreation... Wall max =    7.81204
Timings{0}>                      Wall avg =    4.23527
Timings{0}>                      Wall min =   0.556126
Timings{0}> 
Timings{0}> timeCommunication... Wall max =     16.734
Timings{0}>                      Wall avg =    7.97914
Timings{0}>                      Wall min =   0.115598
Timings{0}> 
Timings{0}> deepCopy............ Wall max = 0.00168989
Timings{0}>                      Wall avg = 0.00127157
Timings{0}>                      Wall min = 0.000527144
Timings{0}> 
Timings{0}> finePropagator...... Wall max =    65.5593
Timings{0}>                      Wall avg =    50.8455
Timings{0}>                      Wall min =     18.612
Timings{0}> 
Timings{0}> coarsePropagator.... Wall max =    2.09763
Timings{0}>                      Wall avg =    1.56315
Timings{0}>                      Wall min =   0.850555
Timings{0}> 
Timings{0}> dumpData............ Wall max =    4.50717
Timings{0}>                      Wall avg =    2.02101
Timings{0}>                      Wall min =   0.902534
Timings{0}> 
Timings{0}> computeErrors....... Wall max = 0.00648359
Timings{0}>                      Wall avg = 0.00235901
Timings{0}>                      Wall min = 0.000336712
Timings{0}> 
Timings{0}> initializeShapeFunc. Wall max = 0.000127891
Timings{0}>                      Wall avg = 0.000110033
Timings{0}>                      Wall min = 0.00010087
Timings{0}> 
Timings{0}> ScatterPIFNUFFT..... Wall max =    18.3305
Timings{0}>                      Wall avg =    15.2888
Timings{0}>                      Wall min =    5.50206
Timings{0}> 
Timings{0}> scatterAllReducePIF. Wall max =    17.2656
Timings{0}>                      Wall avg =    10.6541
Timings{0}>                      Wall min =    2.68919
Timings{0}> 
Timings{0}> GatherPIFNUFFT...... Wall max =    31.3234
Timings{0}>                      Wall avg =    24.0951
Timings{0}>                      Wall min =    8.42958
Timings{0}> 
Timings{0}> ---------------------------------------------
