Option '64' is not parsed by Ippl. Make sure your application parses it.
Option '64' is not parsed by Ippl. Make sure your application parses it.
Option '64' is not parsed by Ippl. Make sure your application parses it.
Option '64' is not parsed by Ippl. Make sure your application parses it.
Option '64' is not parsed by Ippl. Make sure your application parses it.
Option '64' is not parsed by Ippl. Make sure your application parses it.
Option '2621440' is not parsed by Ippl. Make sure your application parses it.
Option '19.2' is not parsed by Ippl. Make sure your application parses it.
Option '0.003125' is not parsed by Ippl. Make sure your application parses it.
Option '0.2' is not parsed by Ippl. Make sure your application parses it.
Option '1e-8' is not parsed by Ippl. Make sure your application parses it.
Option '1' is not parsed by Ippl. Make sure your application parses it.
Option 'B-spline' is not parsed by Ippl. Make sure your application parses it.
Option '1' is not parsed by Ippl. Make sure your application parses it.
Option '4' is not parsed by Ippl. Make sure your application parses it.
Option '16' is not parsed by Ippl. Make sure your application parses it.
Option '0.00001' is not parsed by Ippl. Make sure your application parses it.
Option '1e-7' is not parsed by Ippl. Make sure your application parses it.
Option 'PIF' is not parsed by Ippl. Make sure your application parses it.
TwoStreamInstability{63}> Parareal TwoStreamInstability
TwoStreamInstability{63}> Slice dT: 1.2
TwoStreamInstability{63}> No. of fine time steps: 384
TwoStreamInstability{63}> No. of coarse time steps: 6
TwoStreamInstability{63}> Tolerance: 1e-08 No. of cycles: 1
TwoStreamInstability{63}> Np= 2621440 Fourier modes = ( 64 , 64 , 64 ) Grid points = ( 64 , 64 , 64 )
TwoStreamInstability{63}> particles created and initial conditions assigned 
TwoStreamInstability{63}> Finished iteration: 1 in cycle: 1 Rerror: 0.0115446 Perror: 0.0538305
TwoStreamInstability{63}> Finished iteration: 2 in cycle: 1 Rerror: 0.00201825 Perror: 0.00951128
TwoStreamInstability{63}> Finished iteration: 3 in cycle: 1 Rerror: 0.000266927 Perror: 0.00131378
TwoStreamInstability{63}> Finished iteration: 4 in cycle: 1 Rerror: 3.14724e-05 Perror: 0.000157075
TwoStreamInstability{63}> Finished iteration: 5 in cycle: 1 Rerror: 3.75975e-06 Perror: 1.89107e-05
TwoStreamInstability{63}> Finished iteration: 6 in cycle: 1 Rerror: 4.63524e-07 Perror: 2.34529e-06
TwoStreamInstability{63}> Finished iteration: 7 in cycle: 1 Rerror: 5.77874e-08 Perror: 2.93907e-07
TwoStreamInstability{63}> Finished iteration: 8 in cycle: 1 Rerror: 6.03884e-09 Perror: 3.23213e-08
TwoStreamInstability{63}> Finished iteration: 9 in cycle: 1 Rerror: 8.19226e-11 Perror: 5.37711e-10
TwoStreamInstability{63}> TwoStreamInstability Parareal: End.
Timings{0}> ---------------------------------------------
Timings{0}>      Timing results for 64 ranks:
Timings{0}> ---------------------------------------------
Timings{0}> mainTimer........... Wall tot =    163.597
Timings{0}> 
Timings{0}> particlesCreation... Wall max =    4.36815
Timings{0}>                      Wall avg =     2.3609
Timings{0}>                      Wall min =   0.281869
Timings{0}> 
Timings{0}> timeCommunication... Wall max =    18.3242
Timings{0}>                      Wall avg =    5.62374
Timings{0}>                      Wall min =  0.0773455
Timings{0}> 
Timings{0}> deepCopy............ Wall max = 0.00335086
Timings{0}>                      Wall avg = 0.00233162
Timings{0}>                      Wall min = 0.000512692
Timings{0}> 
Timings{0}> finePropagator...... Wall max =    147.434
Timings{0}>                      Wall avg =    106.983
Timings{0}>                      Wall min =    17.4792
Timings{0}> 
Timings{0}> coarsePropagator.... Wall max =    1.88915
Timings{0}>                      Wall avg =    1.35743
Timings{0}>                      Wall min =   0.386024
Timings{0}> 
Timings{0}> dumpData............ Wall max = 0.00974751
Timings{0}>                      Wall avg = 0.00669344
Timings{0}>                      Wall min = 0.00103969
Timings{0}> 
Timings{0}> computeErrors....... Wall max =  0.0178572
Timings{0}>                      Wall avg =  0.0051713
Timings{0}>                      Wall min = 0.000297101
Timings{0}> 
Timings{0}> initializeShapeFunc. Wall max = 0.00013715
Timings{0}>                      Wall avg = 0.000109665
Timings{0}>                      Wall min = 0.00010034
Timings{0}> 
Timings{0}> ScatterPIFNUFFT..... Wall max =    43.0439
Timings{0}>                      Wall avg =    32.1533
Timings{0}>                      Wall min =    5.47594
Timings{0}> 
Timings{0}> scatterAllReducePIF. Wall max =    37.5444
Timings{0}>                      Wall avg =     24.705
Timings{0}>                      Wall min =    3.88775
Timings{0}> 
Timings{0}> GatherPIFNUFFT...... Wall max =    69.9134
Timings{0}>                      Wall avg =    50.7799
Timings{0}>                      Wall min =    8.34347
Timings{0}> 
Timings{0}> ---------------------------------------------
