Option '16' is not parsed by Ippl. Make sure your application parses it.
Option '16' is not parsed by Ippl. Make sure your application parses it.
Option '16' is not parsed by Ippl. Make sure your application parses it.
Option '16' is not parsed by Ippl. Make sure your application parses it.
Option '16' is not parsed by Ippl. Make sure your application parses it.
Option '16' is not parsed by Ippl. Make sure your application parses it.
Option '2621440' is not parsed by Ippl. Make sure your application parses it.
Option '19.2' is not parsed by Ippl. Make sure your application parses it.
Option '0.05' is not parsed by Ippl. Make sure your application parses it.
Option '0.05' is not parsed by Ippl. Make sure your application parses it.
Option '1e-11' is not parsed by Ippl. Make sure your application parses it.
Option '1' is not parsed by Ippl. Make sure your application parses it.
Option 'B-spline' is not parsed by Ippl. Make sure your application parses it.
Option '1' is not parsed by Ippl. Make sure your application parses it.
Option '4' is not parsed by Ippl. Make sure your application parses it.
Option '16' is not parsed by Ippl. Make sure your application parses it.
Option '0.0001' is not parsed by Ippl. Make sure your application parses it.
Option '1e-12' is not parsed by Ippl. Make sure your application parses it.
Option 'PIF' is not parsed by Ippl. Make sure your application parses it.
LandauDampingPinT{63}> Parareal LandauDampingPinT
LandauDampingPinT{63}> Slice dT: 1.2
LandauDampingPinT{63}> No. of fine time steps: 24
LandauDampingPinT{63}> No. of coarse time steps: 24
LandauDampingPinT{63}> Tolerance: 1e-11 No. of cycles: 1
LandauDampingPinT{63}> Np= 2621440 Fourier modes = ( 16 , 16 , 16 ) Grid points = ( 16 , 16 , 16 )
LandauDampingPinT{63}> particles created and initial conditions assigned 
LandauDampingPinT{63}> Finished iteration: 1 in cycle: 1 Rerror: 2.39818e-06 Perror: 1.11934e-06
LandauDampingPinT{63}> Finished iteration: 2 in cycle: 1 Rerror: 7.59046e-10 Perror: 5.74986e-10
LandauDampingPinT{63}> Finished iteration: 3 in cycle: 1 Rerror: 8.5743e-12 Perror: 5.62123e-12
LandauDampingPinT{63}> LandauDampingPinT Parareal: End.
Timings{0}> ---------------------------------------------
Timings{0}>      Timing results for 64 ranks:
Timings{0}> ---------------------------------------------
Timings{0}> mainTimer........... Wall tot =    10.9553
Timings{0}> 
Timings{0}> particlesCreation... Wall max =    4.21544
Timings{0}>                      Wall avg =    2.27088
Timings{0}>                      Wall min =   0.299195
Timings{0}> 
Timings{0}> timeCommunication... Wall max =    4.19874
Timings{0}>                      Wall avg =      2.186
Timings{0}>                      Wall min =   0.124157
Timings{0}> 
Timings{0}> deepCopy............ Wall max = 0.00131854
Timings{0}>                      Wall avg = 0.00120215
Timings{0}>                      Wall min = 0.000501785
Timings{0}> 
Timings{0}> finePropagator...... Wall max =    6.23161
Timings{0}>                      Wall avg =    5.68878
Timings{0}>                      Wall min =    2.01345
Timings{0}> 
Timings{0}> coarsePropagator.... Wall max =     0.6528
Timings{0}>                      Wall avg =   0.615571
Timings{0}>                      Wall min =   0.332842
Timings{0}> 
Timings{0}> dumpData............ Wall max =   0.225189
Timings{0}>                      Wall avg =  0.0565485
Timings{0}>                      Wall min =  0.0229829
Timings{0}> 
Timings{0}> computeErrors....... Wall max = 0.000679052
Timings{0}>                      Wall avg = 0.000600165
Timings{0}>                      Wall min = 0.000243922
Timings{0}> 
Timings{0}> initializeShapeFunc. Wall max = 0.000125811
Timings{0}>                      Wall avg = 9.37038e-05
Timings{0}>                      Wall min = 7.4341e-05
Timings{0}> 
Timings{0}> ScatterPIFNUFFT..... Wall max =    3.94705
Timings{0}>                      Wall avg =    3.67324
Timings{0}>                      Wall min =    1.35898
Timings{0}> 
Timings{0}> scatterAllReducePIF. Wall max =   0.153095
Timings{0}>                      Wall avg =  0.0915802
Timings{0}>                      Wall min =  0.0209873
Timings{0}> 
Timings{0}> GatherPIFNUFFT...... Wall max =    2.62333
Timings{0}>                      Wall avg =    2.44283
Timings{0}>                      Wall min =    0.91951
Timings{0}> 
Timings{0}> ---------------------------------------------
