Option '64' is not parsed by Ippl. Make sure your application parses it.
Option '64' is not parsed by Ippl. Make sure your application parses it.
Option '64' is not parsed by Ippl. Make sure your application parses it.
Option '64' is not parsed by Ippl. Make sure your application parses it.
Option '64' is not parsed by Ippl. Make sure your application parses it.
Option '64' is not parsed by Ippl. Make sure your application parses it.
Option '2621440' is not parsed by Ippl. Make sure your application parses it.
Option '19.2' is not parsed by Ippl. Make sure your application parses it.
Option '0.003125' is not parsed by Ippl. Make sure your application parses it.
Option '0.003125' is not parsed by Ippl. Make sure your application parses it.
Option '1e-8' is not parsed by Ippl. Make sure your application parses it.
Option '1' is not parsed by Ippl. Make sure your application parses it.
Option 'B-spline' is not parsed by Ippl. Make sure your application parses it.
Option '1' is not parsed by Ippl. Make sure your application parses it.
Option '4' is not parsed by Ippl. Make sure your application parses it.
Option '16' is not parsed by Ippl. Make sure your application parses it.
Option '0.001' is not parsed by Ippl. Make sure your application parses it.
Option '1e-7' is not parsed by Ippl. Make sure your application parses it.
Option 'PIF' is not parsed by Ippl. Make sure your application parses it.
LandauDampingPinT{63}> Parareal LandauDampingPinT
LandauDampingPinT{63}> Slice dT: 1.2
LandauDampingPinT{63}> No. of fine time steps: 384
LandauDampingPinT{63}> No. of coarse time steps: 384
LandauDampingPinT{63}> Tolerance: 1e-08 No. of cycles: 1
LandauDampingPinT{63}> Np= 2621440 Fourier modes = ( 64 , 64 , 64 ) Grid points = ( 64 , 64 , 64 )
LandauDampingPinT{63}> particles created and initial conditions assigned 
LandauDampingPinT{63}> Finished iteration: 1 in cycle: 1 Rerror: 2.13785e-05 Perror: 1.66938e-05
LandauDampingPinT{63}> Finished iteration: 2 in cycle: 1 Rerror: 5.45775e-08 Perror: 5.73956e-08
LandauDampingPinT{63}> Finished iteration: 3 in cycle: 1 Rerror: 2.97761e-10 Perror: 3.85203e-10
LandauDampingPinT{63}> LandauDampingPinT Parareal: End.
Timings{0}> ---------------------------------------------
Timings{0}>      Timing results for 64 ranks:
Timings{0}> ---------------------------------------------
Timings{0}> mainTimer........... Wall tot =    175.219
Timings{0}> 
Timings{0}> particlesCreation... Wall max =    101.691
Timings{0}>                      Wall avg =    54.1007
Timings{0}>                      Wall min =    6.38731
Timings{0}> 
Timings{0}> timeCommunication... Wall max =    97.5304
Timings{0}>                      Wall avg =    49.2992
Timings{0}>                      Wall min =  0.0971617
Timings{0}> 
Timings{0}> deepCopy............ Wall max =  0.0013219
Timings{0}>                      Wall avg = 0.00117171
Timings{0}>                      Wall min = 0.000523375
Timings{0}> 
Timings{0}> finePropagator...... Wall max =    53.8014
Timings{0}>                      Wall avg =    47.2436
Timings{0}>                      Wall min =    17.5418
Timings{0}> 
Timings{0}> coarsePropagator.... Wall max =    26.7061
Timings{0}>                      Wall avg =    23.1937
Timings{0}>                      Wall min =    12.5663
Timings{0}> 
Timings{0}> dumpData............ Wall max = 0.00333197
Timings{0}>                      Wall avg =  0.0028182
Timings{0}>                      Wall min = 0.00101443
Timings{0}> 
Timings{0}> computeErrors....... Wall max = 0.00583017
Timings{0}>                      Wall avg = 0.00237095
Timings{0}>                      Wall min = 0.000264513
Timings{0}> 
Timings{0}> initializeShapeFunc. Wall max = 0.000130581
Timings{0}>                      Wall avg = 0.000109201
Timings{0}>                      Wall min = 0.00010026
Timings{0}> 
Timings{0}> ScatterPIFNUFFT..... Wall max =    19.3105
Timings{0}>                      Wall avg =    17.3096
Timings{0}>                      Wall min =    6.88625
Timings{0}> 
Timings{0}> scatterAllReducePIF. Wall max =    29.5073
Timings{0}>                      Wall avg =    24.5612
Timings{0}>                      Wall min =    11.4933
Timings{0}> 
Timings{0}> GatherPIFNUFFT...... Wall max =    31.1154
Timings{0}>                      Wall avg =    27.8819
Timings{0}>                      Wall min =    11.3284
Timings{0}> 
Timings{0}> ---------------------------------------------
