Option '64' is not parsed by Ippl. Make sure your application parses it.
Option '64' is not parsed by Ippl. Make sure your application parses it.
Option '64' is not parsed by Ippl. Make sure your application parses it.
Option '64' is not parsed by Ippl. Make sure your application parses it.
Option '64' is not parsed by Ippl. Make sure your application parses it.
Option '64' is not parsed by Ippl. Make sure your application parses it.
Option '2621440' is not parsed by Ippl. Make sure your application parses it.
Option '19.2' is not parsed by Ippl. Make sure your application parses it.
Option '0.05' is not parsed by Ippl. Make sure your application parses it.
Option '0.2' is not parsed by Ippl. Make sure your application parses it.
Option '1e-5' is not parsed by Ippl. Make sure your application parses it.
Option '1' is not parsed by Ippl. Make sure your application parses it.
Option 'B-spline' is not parsed by Ippl. Make sure your application parses it.
Option '1' is not parsed by Ippl. Make sure your application parses it.
Option '2' is not parsed by Ippl. Make sure your application parses it.
Option '16' is not parsed by Ippl. Make sure your application parses it.
Option '0.1' is not parsed by Ippl. Make sure your application parses it.
Option '1e-4' is not parsed by Ippl. Make sure your application parses it.
Option 'PIF' is not parsed by Ippl. Make sure your application parses it.
LandauDampingPinT{31}> Parareal LandauDampingPinT
LandauDampingPinT{31}> Slice dT: 1.2
LandauDampingPinT{31}> No. of fine time steps: 24
LandauDampingPinT{31}> No. of coarse time steps: 6
LandauDampingPinT{31}> Tolerance: 1e-05 No. of cycles: 1
LandauDampingPinT{31}> Np= 2621440 Fourier modes = ( 64 , 64 , 64 ) Grid points = ( 64 , 64 , 64 )
LandauDampingPinT{31}> particles created and initial conditions assigned 
LandauDampingPinT{31}> Finished iteration: 1 in cycle: 1 Rerror: 0.0082801 Perror: 0.0068927
LandauDampingPinT{31}> Finished iteration: 2 in cycle: 1 Rerror: 0.00231023 Perror: 0.00266165
LandauDampingPinT{31}> Finished iteration: 3 in cycle: 1 Rerror: 0.000466116 Perror: 0.000701949
LandauDampingPinT{31}> Finished iteration: 4 in cycle: 1 Rerror: 6.81282e-05 Perror: 0.000127696
LandauDampingPinT{31}> Finished iteration: 5 in cycle: 1 Rerror: 8.08238e-06 Perror: 1.72727e-05
LandauDampingPinT{31}> Finished iteration: 6 in cycle: 1 Rerror: 4.35618e-07 Perror: 1.7955e-06
LandauDampingPinT{31}> LandauDampingPinT Parareal: End.
Timings{0}> ---------------------------------------------
Timings{0}>      Timing results for 32 ranks:
Timings{0}> ---------------------------------------------
Timings{0}> mainTimer........... Wall tot =    7.37763
Timings{0}> 
Timings{0}> particlesCreation... Wall max =    2.48158
Timings{0}>                      Wall avg =    1.31993
Timings{0}>                      Wall min =   0.235673
Timings{0}> 
Timings{0}> timeCommunication... Wall max =    2.68972
Timings{0}>                      Wall avg =    1.46474
Timings{0}>                      Wall min =   0.147476
Timings{0}> 
Timings{0}> deepCopy............ Wall max = 0.00351824
Timings{0}>                      Wall avg = 0.00255523
Timings{0}>                      Wall min = 0.000815676
Timings{0}> 
Timings{0}> finePropagator...... Wall max =     4.1599
Timings{0}>                      Wall avg =    2.60934
Timings{0}>                      Wall min =   0.717138
Timings{0}> 
Timings{0}> coarsePropagator.... Wall max =   0.595064
Timings{0}>                      Wall avg =   0.341674
Timings{0}>                      Wall min =   0.164748
Timings{0}> 
Timings{0}> dumpData............ Wall max =   0.000439
Timings{0}>                      Wall avg = 0.000292407
Timings{0}>                      Wall min = 7.4911e-05
Timings{0}> 
Timings{0}> computeErrors....... Wall max = 0.00538877
Timings{0}>                      Wall avg = 0.00156096
Timings{0}>                      Wall min = 0.000296482
Timings{0}> 
Timings{0}> initializeShapeFunc. Wall max = 0.000127691
Timings{0}>                      Wall avg = 0.000109828
Timings{0}>                      Wall min = 0.000100731
Timings{0}> 
Timings{0}> ScatterPIFNUFFT..... Wall max =    1.06576
Timings{0}>                      Wall avg =   0.746014
Timings{0}>                      Wall min =   0.189808
Timings{0}> 
Timings{0}> scatterAllReducePIF. Wall max =    1.57718
Timings{0}>                      Wall avg =    0.72194
Timings{0}>                      Wall min =   0.251413
Timings{0}> 
Timings{0}> GatherPIFNUFFT...... Wall max =    2.01821
Timings{0}>                      Wall avg =    1.41245
Timings{0}>                      Wall min =   0.354421
Timings{0}> 
Timings{0}> ---------------------------------------------
