Option '64' is not parsed by Ippl. Make sure your application parses it.
Option '64' is not parsed by Ippl. Make sure your application parses it.
Option '64' is not parsed by Ippl. Make sure your application parses it.
Option '64' is not parsed by Ippl. Make sure your application parses it.
Option '64' is not parsed by Ippl. Make sure your application parses it.
Option '64' is not parsed by Ippl. Make sure your application parses it.
Option '2621440' is not parsed by Ippl. Make sure your application parses it.
Option '19.2' is not parsed by Ippl. Make sure your application parses it.
Option '0.05' is not parsed by Ippl. Make sure your application parses it.
Option '0.2' is not parsed by Ippl. Make sure your application parses it.
Option '1e-5' is not parsed by Ippl. Make sure your application parses it.
Option '1' is not parsed by Ippl. Make sure your application parses it.
Option 'B-spline' is not parsed by Ippl. Make sure your application parses it.
Option '1' is not parsed by Ippl. Make sure your application parses it.
Option '2' is not parsed by Ippl. Make sure your application parses it.
Option '16' is not parsed by Ippl. Make sure your application parses it.
Option '0.01' is not parsed by Ippl. Make sure your application parses it.
Option '1e-4' is not parsed by Ippl. Make sure your application parses it.
Option 'PIF' is not parsed by Ippl. Make sure your application parses it.
LandauDampingPinT{31}> Parareal LandauDampingPinT
LandauDampingPinT{31}> Slice dT: 1.2
LandauDampingPinT{31}> No. of fine time steps: 24
LandauDampingPinT{31}> No. of coarse time steps: 6
LandauDampingPinT{31}> Tolerance: 1e-05 No. of cycles: 1
LandauDampingPinT{31}> Np= 2621440 Fourier modes = ( 64 , 64 , 64 ) Grid points = ( 64 , 64 , 64 )
LandauDampingPinT{31}> particles created and initial conditions assigned 
LandauDampingPinT{31}> Finished iteration: 1 in cycle: 1 Rerror: 0.00657335 Perror: 0.00556971
LandauDampingPinT{31}> Finished iteration: 2 in cycle: 1 Rerror: 0.00125384 Perror: 0.00167571
LandauDampingPinT{31}> Finished iteration: 3 in cycle: 1 Rerror: 0.000127472 Perror: 0.00023612
LandauDampingPinT{31}> Finished iteration: 4 in cycle: 1 Rerror: 8.11165e-06 Perror: 1.84904e-05
LandauDampingPinT{31}> Finished iteration: 5 in cycle: 1 Rerror: 1.88986e-07 Perror: 7.78492e-07
LandauDampingPinT{31}> LandauDampingPinT Parareal: End.
Timings{0}> ---------------------------------------------
Timings{0}>      Timing results for 32 ranks:
Timings{0}> ---------------------------------------------
Timings{0}> mainTimer........... Wall tot =    6.83104
Timings{0}> 
Timings{0}> particlesCreation... Wall max =    2.79655
Timings{0}>                      Wall avg =    1.48687
Timings{0}>                      Wall min =   0.204923
Timings{0}> 
Timings{0}> timeCommunication... Wall max =    2.75323
Timings{0}>                      Wall avg =    1.48825
Timings{0}>                      Wall min =  0.0969315
Timings{0}> 
Timings{0}> deepCopy............ Wall max = 0.00299125
Timings{0}>                      Wall avg = 0.00220866
Timings{0}>                      Wall min = 0.000816072
Timings{0}> 
Timings{0}> finePropagator...... Wall max =    3.43646
Timings{0}>                      Wall avg =    2.31272
Timings{0}>                      Wall min =    0.72507
Timings{0}> 
Timings{0}> coarsePropagator.... Wall max =   0.616261
Timings{0}>                      Wall avg =   0.421748
Timings{0}>                      Wall min =   0.199493
Timings{0}> 
Timings{0}> dumpData............ Wall max = 0.00036348
Timings{0}>                      Wall avg = 0.000244837
Timings{0}>                      Wall min = 7.3831e-05
Timings{0}> 
Timings{0}> computeErrors....... Wall max = 0.00454221
Timings{0}>                      Wall avg = 0.00142214
Timings{0}>                      Wall min = 0.000295634
Timings{0}> 
Timings{0}> initializeShapeFunc. Wall max = 0.000124961
Timings{0}>                      Wall avg = 0.00010654
Timings{0}>                      Wall min = 9.8951e-05
Timings{0}> 
Timings{0}> ScatterPIFNUFFT..... Wall max =   0.923396
Timings{0}>                      Wall avg =   0.657755
Timings{0}>                      Wall min =   0.206743
Timings{0}> 
Timings{0}> scatterAllReducePIF. Wall max =     1.3007
Timings{0}>                      Wall avg =   0.784176
Timings{0}>                      Wall min =   0.164498
Timings{0}> 
Timings{0}> GatherPIFNUFFT...... Wall max =    1.74599
Timings{0}>                      Wall avg =    1.23274
Timings{0}>                      Wall min =   0.377725
Timings{0}> 
Timings{0}> ---------------------------------------------
