Option '128' is not parsed by Ippl. Make sure your application parses it.
Option '128' is not parsed by Ippl. Make sure your application parses it.
Option '128' is not parsed by Ippl. Make sure your application parses it.
Option '128' is not parsed by Ippl. Make sure your application parses it.
Option '128' is not parsed by Ippl. Make sure your application parses it.
Option '128' is not parsed by Ippl. Make sure your application parses it.
Option '41943040' is not parsed by Ippl. Make sure your application parses it.
Option '1.2' is not parsed by Ippl. Make sure your application parses it.
Option '0.0001953125' is not parsed by Ippl. Make sure your application parses it.
Option '0.0125' is not parsed by Ippl. Make sure your application parses it.
Option '1e-11' is not parsed by Ippl. Make sure your application parses it.
Option '1' is not parsed by Ippl. Make sure your application parses it.
Option 'B-spline' is not parsed by Ippl. Make sure your application parses it.
Option '1' is not parsed by Ippl. Make sure your application parses it.
Option '4' is not parsed by Ippl. Make sure your application parses it.
Option '16' is not parsed by Ippl. Make sure your application parses it.
Option '0.1' is not parsed by Ippl. Make sure your application parses it.
Option '1e-7' is not parsed by Ippl. Make sure your application parses it.
Option 'PIC' is not parsed by Ippl. Make sure your application parses it.
PenningTrapPinT{63}> Parareal PenningTrapPinT
PenningTrapPinT{63}> Slice dT: 0.075
PenningTrapPinT{63}> No. of fine time steps: 384
PenningTrapPinT{63}> No. of coarse time steps: 6
PenningTrapPinT{63}> Tolerance: 1e-11 No. of cycles: 1
PenningTrapPinT{63}> Np= 41943040 Fourier modes = ( 128 , 128 , 128 ) Grid points = ( 128 , 128 , 128 )
PenningTrapPinT{63}> particles created and initial conditions assigned 
PenningTrapPinT{63}> Finished iteration: 1 in cycle: 1 Rerror: 0.00206852 Perror: 0.0669745
PenningTrapPinT{63}> Finished iteration: 2 in cycle: 1 Rerror: 7.36672e-05 Perror: 0.00257983
