Option '16' is not parsed by Ippl. Make sure your application parses it.
Option '16' is not parsed by Ippl. Make sure your application parses it.
Option '16' is not parsed by Ippl. Make sure your application parses it.
Option '16' is not parsed by Ippl. Make sure your application parses it.
Option '16' is not parsed by Ippl. Make sure your application parses it.
Option '16' is not parsed by Ippl. Make sure your application parses it.
Option '2621440' is not parsed by Ippl. Make sure your application parses it.
Option '19.2' is not parsed by Ippl. Make sure your application parses it.
Option '0.003125' is not parsed by Ippl. Make sure your application parses it.
Option '0.2' is not parsed by Ippl. Make sure your application parses it.
Option '1e-11' is not parsed by Ippl. Make sure your application parses it.
Option '1' is not parsed by Ippl. Make sure your application parses it.
Option 'B-spline' is not parsed by Ippl. Make sure your application parses it.
Option '1' is not parsed by Ippl. Make sure your application parses it.
Option '4' is not parsed by Ippl. Make sure your application parses it.
Option '16' is not parsed by Ippl. Make sure your application parses it.
Option '0.1' is not parsed by Ippl. Make sure your application parses it.
Option '1e-12' is not parsed by Ippl. Make sure your application parses it.
Option 'PIC' is not parsed by Ippl. Make sure your application parses it.
LandauDampingPinT{63}> Parareal LandauDampingPinT
LandauDampingPinT{63}> Slice dT: 1.2
LandauDampingPinT{63}> No. of fine time steps: 384
LandauDampingPinT{63}> No. of coarse time steps: 6
LandauDampingPinT{63}> Tolerance: 1e-11 No. of cycles: 1
LandauDampingPinT{63}> Np= 2621440 Fourier modes = ( 16 , 16 , 16 ) Grid points = ( 16 , 16 , 16 )
LandauDampingPinT{63}> particles created and initial conditions assigned 
LandauDampingPinT{63}> Finished iteration: 1 in cycle: 1 Rerror: 0.00632222 Perror: 0.00415838
LandauDampingPinT{63}> Finished iteration: 2 in cycle: 1 Rerror: 0.000423093 Perror: 0.00054098
LandauDampingPinT{63}> Finished iteration: 3 in cycle: 1 Rerror: 1.44879e-05 Perror: 2.6039e-05
LandauDampingPinT{63}> Finished iteration: 4 in cycle: 1 Rerror: 3.0575e-07 Perror: 6.73742e-07
LandauDampingPinT{63}> Finished iteration: 5 in cycle: 1 Rerror: 4.55707e-09 Perror: 1.15806e-08
LandauDampingPinT{63}> Finished iteration: 6 in cycle: 1 Rerror: 5.04095e-11 Perror: 1.43401e-10
LandauDampingPinT{63}> Finished iteration: 7 in cycle: 1 Rerror: 4.28471e-13 Perror: 1.31972e-12
LandauDampingPinT{63}> LandauDampingPinT Parareal: End.
Timings{0}> ---------------------------------------------
Timings{0}>      Timing results for 64 ranks:
Timings{0}> ---------------------------------------------
Timings{0}> mainTimer........... Wall tot =    227.982
Timings{0}> 
Timings{0}> particlesCreation... Wall max =    1.51703
Timings{0}>                      Wall avg =   0.832391
Timings{0}>                      Wall min =   0.134175
Timings{0}> 
Timings{0}> timeCommunication... Wall max =    3.64372
Timings{0}>                      Wall avg =    1.84094
Timings{0}>                      Wall min =   0.121367
Timings{0}> 
Timings{0}> deepCopy............ Wall max = 0.00273098
Timings{0}>                      Wall avg = 0.00200973
Timings{0}>                      Wall min = 0.000513215
Timings{0}> 
Timings{0}> finePropagator...... Wall max =    226.274
Timings{0}>                      Wall avg =    170.382
Timings{0}>                      Wall min =    31.9313
Timings{0}> 
Timings{0}> coarsePropagator.... Wall max =   0.113343
Timings{0}>                      Wall avg =  0.0835003
Timings{0}>                      Wall min =  0.0344454
Timings{0}> 
Timings{0}> dumpData............ Wall max =    4.29131
Timings{0}>                      Wall avg =    1.35938
Timings{0}>                      Wall min =   0.145802
Timings{0}> 
Timings{0}> computeErrors....... Wall max = 0.00142973
Timings{0}>                      Wall avg =  0.0010129
Timings{0}>                      Wall min = 0.000258842
Timings{0}> 
Timings{0}> initializeShapeFunc. Wall max = 0.000118041
Timings{0}>                      Wall avg = 9.37107e-05
Timings{0}>                      Wall min = 8.3781e-05
Timings{0}> 
Timings{0}> fieldSolvePIC....... Wall max =  0.0175423
Timings{0}>                      Wall avg =  0.0135851
Timings{0}>                      Wall min = 0.00455892
Timings{0}> 
Timings{0}> ScatterPIC.......... Wall max =  0.0272733
Timings{0}>                      Wall avg =  0.0215645
Timings{0}>                      Wall min = 0.00716052
Timings{0}> 
Timings{0}> scatterAllReducePIC. Wall max =  0.0537908
Timings{0}>                      Wall avg =    0.02912
Timings{0}>                      Wall min =  0.0133996
Timings{0}> 
Timings{0}> GatherPIC........... Wall max = 0.00536664
Timings{0}>                      Wall avg =  0.0042378
Timings{0}>                      Wall min = 0.00147415
Timings{0}> 
Timings{0}> ScatterPIFNUFFT..... Wall max =    137.592
Timings{0}>                      Wall avg =    104.347
Timings{0}>                      Wall min =    19.5394
Timings{0}> 
Timings{0}> scatterAllReducePIF. Wall max =    2.52736
Timings{0}>                      Wall avg =   0.694272
Timings{0}>                      Wall min =  0.0724451
Timings{0}> 
Timings{0}> GatherPIFNUFFT...... Wall max =    84.3784
Timings{0}>                      Wall avg =     63.479
Timings{0}>                      Wall min =    11.9672
Timings{0}> 
Timings{0}> ---------------------------------------------
