Option '16' is not parsed by Ippl. Make sure your application parses it.
Option '16' is not parsed by Ippl. Make sure your application parses it.
Option '16' is not parsed by Ippl. Make sure your application parses it.
Option '16' is not parsed by Ippl. Make sure your application parses it.
Option '16' is not parsed by Ippl. Make sure your application parses it.
Option '16' is not parsed by Ippl. Make sure your application parses it.
Option '2621440' is not parsed by Ippl. Make sure your application parses it.
Option '19.2' is not parsed by Ippl. Make sure your application parses it.
Option '0.05' is not parsed by Ippl. Make sure your application parses it.
Option '0.05' is not parsed by Ippl. Make sure your application parses it.
Option '1e-11' is not parsed by Ippl. Make sure your application parses it.
Option '1' is not parsed by Ippl. Make sure your application parses it.
Option 'B-spline' is not parsed by Ippl. Make sure your application parses it.
Option '1' is not parsed by Ippl. Make sure your application parses it.
Option '4' is not parsed by Ippl. Make sure your application parses it.
Option '16' is not parsed by Ippl. Make sure your application parses it.
Option '0.1' is not parsed by Ippl. Make sure your application parses it.
Option '1e-12' is not parsed by Ippl. Make sure your application parses it.
Option 'PIF' is not parsed by Ippl. Make sure your application parses it.
LandauDampingPinT{63}> Parareal LandauDampingPinT
LandauDampingPinT{63}> Slice dT: 1.2
LandauDampingPinT{63}> No. of fine time steps: 24
LandauDampingPinT{63}> No. of coarse time steps: 24
LandauDampingPinT{63}> Tolerance: 1e-11 No. of cycles: 1
LandauDampingPinT{63}> Np= 2621440 Fourier modes = ( 16 , 16 , 16 ) Grid points = ( 16 , 16 , 16 )
LandauDampingPinT{63}> particles created and initial conditions assigned 
LandauDampingPinT{63}> Finished iteration: 1 in cycle: 1 Rerror: 0.00310312 Perror: 0.00145563
LandauDampingPinT{63}> Finished iteration: 2 in cycle: 1 Rerror: 0.000235269 Perror: 0.000180776
LandauDampingPinT{63}> Finished iteration: 3 in cycle: 1 Rerror: 1.16369e-05 Perror: 1.27144e-05
LandauDampingPinT{63}> Finished iteration: 4 in cycle: 1 Rerror: 5.65019e-07 Perror: 7.6971e-07
LandauDampingPinT{63}> Finished iteration: 5 in cycle: 1 Rerror: 6.43551e-08 Perror: 9.5942e-08
LandauDampingPinT{63}> Finished iteration: 6 in cycle: 1 Rerror: 1.71135e-08 Perror: 3.07703e-08
LandauDampingPinT{63}> Finished iteration: 7 in cycle: 1 Rerror: 6.44392e-09 Perror: 1.33254e-08
LandauDampingPinT{63}> Finished iteration: 8 in cycle: 1 Rerror: 2.42853e-09 Perror: 5.76737e-09
LandauDampingPinT{63}> Finished iteration: 9 in cycle: 1 Rerror: 7.21822e-10 Perror: 2.15976e-09
LandauDampingPinT{63}> Finished iteration: 10 in cycle: 1 Rerror: 1.88429e-12 Perror: 6.71557e-12
LandauDampingPinT{63}> LandauDampingPinT Parareal: End.
Timings{0}> ---------------------------------------------
Timings{0}>      Timing results for 64 ranks:
Timings{0}> ---------------------------------------------
Timings{0}> mainTimer........... Wall tot =     23.099
Timings{0}> 
Timings{0}> particlesCreation... Wall max =    2.02985
Timings{0}>                      Wall avg =    1.12709
Timings{0}>                      Wall min =   0.158388
Timings{0}> 
Timings{0}> timeCommunication... Wall max =    2.47938
Timings{0}>                      Wall avg =    1.28231
Timings{0}>                      Wall min =   0.139353
Timings{0}> 
Timings{0}> deepCopy............ Wall max =  0.0035532
Timings{0}>                      Wall avg = 0.00243231
Timings{0}>                      Wall min = 0.000504275
Timings{0}> 
Timings{0}> finePropagator...... Wall max =    20.5157
Timings{0}>                      Wall avg =    13.4216
Timings{0}>                      Wall min =    2.25408
Timings{0}> 
Timings{0}> coarsePropagator.... Wall max =   0.437338
Timings{0}>                      Wall avg =   0.306731
Timings{0}>                      Wall min =  0.0842832
Timings{0}> 
Timings{0}> dumpData............ Wall max =   0.656383
Timings{0}>                      Wall avg =    0.32095
Timings{0}>                      Wall min =   0.103079
Timings{0}> 
Timings{0}> computeErrors....... Wall max = 0.00454515
Timings{0}>                      Wall avg = 0.00131714
Timings{0}>                      Wall min = 0.000250943
Timings{0}> 
Timings{0}> initializeShapeFunc. Wall max = 0.000103871
Timings{0}>                      Wall avg = 8.89939e-05
Timings{0}>                      Wall min = 6.8641e-05
Timings{0}> 
Timings{0}> ScatterPIFNUFFT..... Wall max =    12.1128
Timings{0}>                      Wall avg =    7.95268
Timings{0}>                      Wall min =     1.2316
Timings{0}> 
Timings{0}> scatterAllReducePIF. Wall max =   0.250245
Timings{0}>                      Wall avg =   0.135169
Timings{0}>                      Wall min =  0.0247485
Timings{0}> 
Timings{0}> GatherPIFNUFFT...... Wall max =    8.02298
Timings{0}>                      Wall avg =    5.23457
Timings{0}>                      Wall min =   0.823125
Timings{0}> 
Timings{0}> ---------------------------------------------
