Option '16' is not parsed by Ippl. Make sure your application parses it.
Option '16' is not parsed by Ippl. Make sure your application parses it.
Option '16' is not parsed by Ippl. Make sure your application parses it.
Option '16' is not parsed by Ippl. Make sure your application parses it.
Option '16' is not parsed by Ippl. Make sure your application parses it.
Option '16' is not parsed by Ippl. Make sure your application parses it.
Option '2621440' is not parsed by Ippl. Make sure your application parses it.
Option '19.2' is not parsed by Ippl. Make sure your application parses it.
Option '0.003125' is not parsed by Ippl. Make sure your application parses it.
Option '0.025' is not parsed by Ippl. Make sure your application parses it.
Option '1e-11' is not parsed by Ippl. Make sure your application parses it.
Option '1' is not parsed by Ippl. Make sure your application parses it.
Option 'B-spline' is not parsed by Ippl. Make sure your application parses it.
Option '1' is not parsed by Ippl. Make sure your application parses it.
Option '4' is not parsed by Ippl. Make sure your application parses it.
Option '16' is not parsed by Ippl. Make sure your application parses it.
Option '0.000001' is not parsed by Ippl. Make sure your application parses it.
Option '1e-6' is not parsed by Ippl. Make sure your application parses it.
Option 'PIF' is not parsed by Ippl. Make sure your application parses it.
LandauDampingPinT{63}> Parareal LandauDampingPinT
LandauDampingPinT{63}> Slice dT: 1.2
LandauDampingPinT{63}> No. of fine time steps: 384
LandauDampingPinT{63}> No. of coarse time steps: 48
LandauDampingPinT{63}> Tolerance: 1e-11 No. of cycles: 1
LandauDampingPinT{63}> Np= 2621440 Fourier modes = ( 16 , 16 , 16 ) Grid points = ( 16 , 16 , 16 )
LandauDampingPinT{63}> particles created and initial conditions assigned 
LandauDampingPinT{63}> Finished iteration: 1 in cycle: 1 Rerror: 5.96057e-06 Perror: 2.96672e-06
LandauDampingPinT{63}> Finished iteration: 2 in cycle: 1 Rerror: 9.49025e-10 Perror: 6.38161e-10
LandauDampingPinT{63}> Finished iteration: 3 in cycle: 1 Rerror: 1.29956e-13 Perror: 1.22168e-13
LandauDampingPinT{63}> LandauDampingPinT Parareal: End.
Timings{0}> ---------------------------------------------
Timings{0}>      Timing results for 64 ranks:
Timings{0}> ---------------------------------------------
Timings{0}> mainTimer........... Wall tot =    30.4795
Timings{0}> 
Timings{0}> particlesCreation... Wall max =    12.6339
Timings{0}>                      Wall avg =    6.74112
Timings{0}>                      Wall min =   0.824901
Timings{0}> 
Timings{0}> timeCommunication... Wall max =    11.9252
Timings{0}>                      Wall avg =    6.45011
Timings{0}>                      Wall min =   0.118719
Timings{0}> 
Timings{0}> deepCopy............ Wall max = 0.00139966
Timings{0}>                      Wall avg = 0.00120717
Timings{0}>                      Wall min = 0.000505195
Timings{0}> 
Timings{0}> finePropagator...... Wall max =    17.2157
Timings{0}>                      Wall avg =    14.9049
Timings{0}>                      Wall min =    5.25637
Timings{0}> 
Timings{0}> coarsePropagator.... Wall max =    2.68686
Timings{0}>                      Wall avg =    2.55302
Timings{0}>                      Wall min =    1.36213
Timings{0}> 
Timings{0}> dumpData............ Wall max =     1.9954
Timings{0}>                      Wall avg =    0.57849
Timings{0}>                      Wall min =   0.167409
Timings{0}> 
Timings{0}> computeErrors....... Wall max = 0.000851494
Timings{0}>                      Wall avg = 0.000607696
Timings{0}>                      Wall min = 0.000232272
Timings{0}> 
Timings{0}> initializeShapeFunc. Wall max = 0.000110561
Timings{0}>                      Wall avg = 9.09576e-05
Timings{0}>                      Wall min = 7.1851e-05
Timings{0}> 
Timings{0}> ScatterPIFNUFFT..... Wall max =    10.3413
Timings{0}>                      Wall avg =    9.69005
Timings{0}>                      Wall min =    3.68579
Timings{0}> 
Timings{0}> scatterAllReducePIF. Wall max =     0.3706
Timings{0}>                      Wall avg =   0.275696
Timings{0}>                      Wall min =  0.0929636
Timings{0}> 
Timings{0}> GatherPIFNUFFT...... Wall max =    7.09007
Timings{0}>                      Wall avg =    6.60101
Timings{0}>                      Wall min =    2.51777
Timings{0}> 
Timings{0}> ---------------------------------------------
