Option '64' is not parsed by Ippl. Make sure your application parses it.
Option '64' is not parsed by Ippl. Make sure your application parses it.
Option '64' is not parsed by Ippl. Make sure your application parses it.
Option '64' is not parsed by Ippl. Make sure your application parses it.
Option '64' is not parsed by Ippl. Make sure your application parses it.
Option '64' is not parsed by Ippl. Make sure your application parses it.
Option '2621440' is not parsed by Ippl. Make sure your application parses it.
Option '19.2' is not parsed by Ippl. Make sure your application parses it.
Option '0.05' is not parsed by Ippl. Make sure your application parses it.
Option '0.2' is not parsed by Ippl. Make sure your application parses it.
Option '1e-5' is not parsed by Ippl. Make sure your application parses it.
Option '1' is not parsed by Ippl. Make sure your application parses it.
Option 'B-spline' is not parsed by Ippl. Make sure your application parses it.
Option '1' is not parsed by Ippl. Make sure your application parses it.
Option '4' is not parsed by Ippl. Make sure your application parses it.
Option '16' is not parsed by Ippl. Make sure your application parses it.
Option '0.1' is not parsed by Ippl. Make sure your application parses it.
Option '1e-4' is not parsed by Ippl. Make sure your application parses it.
Option 'PIC' is not parsed by Ippl. Make sure your application parses it.
LandauDampingPinT{63}> Parareal LandauDampingPinT
LandauDampingPinT{63}> Slice dT: 1.2
LandauDampingPinT{63}> No. of fine time steps: 24
LandauDampingPinT{63}> No. of coarse time steps: 6
LandauDampingPinT{63}> Tolerance: 1e-05 No. of cycles: 1
LandauDampingPinT{63}> Np= 2621440 Fourier modes = ( 64 , 64 , 64 ) Grid points = ( 64 , 64 , 64 )
LandauDampingPinT{63}> particles created and initial conditions assigned 
LandauDampingPinT{63}> Finished iteration: 1 in cycle: 1 Rerror: 0.0111309 Perror: 0.0101393
LandauDampingPinT{63}> Finished iteration: 2 in cycle: 1 Rerror: 0.00343651 Perror: 0.00455283
LandauDampingPinT{63}> Finished iteration: 3 in cycle: 1 Rerror: 0.000638349 Perror: 0.00117009
LandauDampingPinT{63}> Finished iteration: 4 in cycle: 1 Rerror: 7.32455e-05 Perror: 0.000166836
LandauDampingPinT{63}> Finished iteration: 5 in cycle: 1 Rerror: 5.60977e-06 Perror: 1.49377e-05
LandauDampingPinT{63}> Finished iteration: 6 in cycle: 1 Rerror: 8.38793e-18 Perror: 3.63037e-17
LandauDampingPinT{63}> LandauDampingPinT Parareal: End.
Timings{0}> ---------------------------------------------
Timings{0}>      Timing results for 64 ranks:
Timings{0}> ---------------------------------------------
Timings{0}> mainTimer........... Wall tot =    6.39313
Timings{0}> 
Timings{0}> particlesCreation... Wall max =    2.25767
Timings{0}>                      Wall avg =    1.27942
Timings{0}>                      Wall min =   0.259117
Timings{0}> 
Timings{0}> timeCommunication... Wall max =    2.78569
Timings{0}>                      Wall avg =    1.29575
Timings{0}>                      Wall min =   0.122272
Timings{0}> 
Timings{0}> deepCopy............ Wall max = 0.00214011
Timings{0}>                      Wall avg = 0.00159697
Timings{0}>                      Wall min = 0.000512954
Timings{0}> 
Timings{0}> finePropagator...... Wall max =    3.26176
Timings{0}>                      Wall avg =    2.51304
Timings{0}>                      Wall min =   0.976259
Timings{0}> 
Timings{0}> coarsePropagator.... Wall max =   0.239138
Timings{0}>                      Wall avg =   0.189933
Timings{0}>                      Wall min =   0.131415
Timings{0}> 
Timings{0}> dumpData............ Wall max =   0.735305
Timings{0}>                      Wall avg =   0.432967
Timings{0}>                      Wall min =   0.123191
Timings{0}> 
Timings{0}> computeErrors....... Wall max =  0.0024581
Timings{0}>                      Wall avg = 0.000925532
Timings{0}>                      Wall min = 0.000206792
Timings{0}> 
Timings{0}> initializeShapeFunc. Wall max = 0.000125721
Timings{0}>                      Wall avg = 0.000110976
Timings{0}>                      Wall min = 0.000102511
Timings{0}> 
Timings{0}> fieldSolvePIC....... Wall max =  0.0710034
Timings{0}>                      Wall avg =  0.0509812
Timings{0}>                      Wall min =  0.0212061
Timings{0}> 
Timings{0}> ScatterPIC.......... Wall max = 0.00816441
Timings{0}>                      Wall avg = 0.00603314
Timings{0}>                      Wall min = 0.00253742
Timings{0}> 
Timings{0}> scatterAllReducePIC. Wall max =   0.131689
Timings{0}>                      Wall avg =  0.0897422
Timings{0}>                      Wall min =  0.0361404
Timings{0}> 
Timings{0}> GatherPIC........... Wall max = 0.00936031
Timings{0}>                      Wall avg = 0.00684693
Timings{0}>                      Wall min = 0.00291881
Timings{0}> 
Timings{0}> ScatterPIFNUFFT..... Wall max =   0.537615
Timings{0}>                      Wall avg =   0.372743
Timings{0}>                      Wall min =  0.0988522
Timings{0}> 
Timings{0}> scatterAllReducePIF. Wall max =    1.51053
Timings{0}>                      Wall avg =    1.00054
Timings{0}>                      Wall min =   0.237586
Timings{0}> 
Timings{0}> GatherPIFNUFFT...... Wall max =   0.996589
Timings{0}>                      Wall avg =   0.678279
Timings{0}>                      Wall min =   0.172318
Timings{0}> 
Timings{0}> ---------------------------------------------
