Option '64' is not parsed by Ippl. Make sure your application parses it.
Option '64' is not parsed by Ippl. Make sure your application parses it.
Option '64' is not parsed by Ippl. Make sure your application parses it.
Option '64' is not parsed by Ippl. Make sure your application parses it.
Option '64' is not parsed by Ippl. Make sure your application parses it.
Option '64' is not parsed by Ippl. Make sure your application parses it.
Option '2621440' is not parsed by Ippl. Make sure your application parses it.
Option '19.2' is not parsed by Ippl. Make sure your application parses it.
Option '0.003125' is not parsed by Ippl. Make sure your application parses it.
Option '0.05' is not parsed by Ippl. Make sure your application parses it.
Option '1e-8' is not parsed by Ippl. Make sure your application parses it.
Option '1' is not parsed by Ippl. Make sure your application parses it.
Option 'B-spline' is not parsed by Ippl. Make sure your application parses it.
Option '1' is not parsed by Ippl. Make sure your application parses it.
Option '4' is not parsed by Ippl. Make sure your application parses it.
Option '16' is not parsed by Ippl. Make sure your application parses it.
Option '0.0001' is not parsed by Ippl. Make sure your application parses it.
Option '1e-7' is not parsed by Ippl. Make sure your application parses it.
Option 'PIF' is not parsed by Ippl. Make sure your application parses it.
LandauDampingPinT{63}> Parareal LandauDampingPinT
LandauDampingPinT{63}> Slice dT: 1.2
LandauDampingPinT{63}> No. of fine time steps: 384
LandauDampingPinT{63}> No. of coarse time steps: 24
LandauDampingPinT{63}> Tolerance: 1e-08 No. of cycles: 1
LandauDampingPinT{63}> Np= 2621440 Fourier modes = ( 64 , 64 , 64 ) Grid points = ( 64 , 64 , 64 )
LandauDampingPinT{63}> particles created and initial conditions assigned 
LandauDampingPinT{63}> Finished iteration: 1 in cycle: 1 Rerror: 6.1769e-05 Perror: 4.70306e-05
LandauDampingPinT{63}> Finished iteration: 2 in cycle: 1 Rerror: 8.58237e-08 Perror: 1.57753e-07
LandauDampingPinT{63}> Finished iteration: 3 in cycle: 1 Rerror: 3.78922e-10 Perror: 5.40016e-10
LandauDampingPinT{63}> LandauDampingPinT Parareal: End.
Timings{0}> ---------------------------------------------
Timings{0}>      Timing results for 64 ranks:
Timings{0}> ---------------------------------------------
Timings{0}> mainTimer........... Wall tot =    64.5158
Timings{0}> 
Timings{0}> particlesCreation... Wall max =    9.09979
Timings{0}>                      Wall avg =    4.89054
Timings{0}>                      Wall min =   0.642138
Timings{0}> 
Timings{0}> timeCommunication... Wall max =     17.655
Timings{0}>                      Wall avg =    7.28101
Timings{0}>                      Wall min =  0.0991033
Timings{0}> 
Timings{0}> deepCopy............ Wall max = 0.00136489
Timings{0}>                      Wall avg = 0.00123412
Timings{0}>                      Wall min = 0.000524234
Timings{0}> 
Timings{0}> finePropagator...... Wall max =    53.7069
Timings{0}>                      Wall avg =    46.7693
Timings{0}>                      Wall min =    17.4491
Timings{0}> 
Timings{0}> coarsePropagator.... Wall max =    2.16768
Timings{0}>                      Wall avg =    1.79891
Timings{0}>                      Wall min =    1.04422
Timings{0}> 
Timings{0}> dumpData............ Wall max = 0.00327766
Timings{0}>                      Wall avg = 0.00292301
Timings{0}>                      Wall min = 0.00106313
Timings{0}> 
Timings{0}> computeErrors....... Wall max = 0.00606371
Timings{0}>                      Wall avg = 0.00206029
Timings{0}>                      Wall min = 0.000255422
Timings{0}> 
Timings{0}> initializeShapeFunc. Wall max = 0.000125861
Timings{0}>                      Wall avg = 0.000107685
Timings{0}>                      Wall min = 0.000100522
Timings{0}> 
Timings{0}> ScatterPIFNUFFT..... Wall max =    16.6046
Timings{0}>                      Wall avg =    15.5125
Timings{0}>                      Wall min =    5.54473
Timings{0}> 
Timings{0}> scatterAllReducePIF. Wall max =    13.7685
Timings{0}>                      Wall avg =    8.99039
Timings{0}>                      Wall min =    2.74339
Timings{0}> 
Timings{0}> GatherPIFNUFFT...... Wall max =    25.4308
Timings{0}>                      Wall avg =    23.7306
Timings{0}>                      Wall min =    8.52391
Timings{0}> 
Timings{0}> ---------------------------------------------
