Option '64' is not parsed by Ippl. Make sure your application parses it.
Option '64' is not parsed by Ippl. Make sure your application parses it.
Option '64' is not parsed by Ippl. Make sure your application parses it.
Option '64' is not parsed by Ippl. Make sure your application parses it.
Option '64' is not parsed by Ippl. Make sure your application parses it.
Option '64' is not parsed by Ippl. Make sure your application parses it.
Option '2621440' is not parsed by Ippl. Make sure your application parses it.
Option '19.2' is not parsed by Ippl. Make sure your application parses it.
Option '0.003125' is not parsed by Ippl. Make sure your application parses it.
Option '0.05' is not parsed by Ippl. Make sure your application parses it.
Option '1e-9' is not parsed by Ippl. Make sure your application parses it.
Option '1' is not parsed by Ippl. Make sure your application parses it.
Option 'B-spline' is not parsed by Ippl. Make sure your application parses it.
Option '1' is not parsed by Ippl. Make sure your application parses it.
Option '4' is not parsed by Ippl. Make sure your application parses it.
Option '16' is not parsed by Ippl. Make sure your application parses it.
Option '0.00001' is not parsed by Ippl. Make sure your application parses it.
Option '1e-7' is not parsed by Ippl. Make sure your application parses it.
Option 'PIF' is not parsed by Ippl. Make sure your application parses it.
TwoStreamInstability{63}> Parareal TwoStreamInstability
TwoStreamInstability{63}> Slice dT: 1.2
TwoStreamInstability{63}> No. of fine time steps: 384
TwoStreamInstability{63}> No. of coarse time steps: 24
TwoStreamInstability{63}> Tolerance: 1e-09 No. of cycles: 1
TwoStreamInstability{63}> Np= 2621440 Fourier modes = ( 64 , 64 , 64 ) Grid points = ( 64 , 64 , 64 )
TwoStreamInstability{63}> particles created and initial conditions assigned 
TwoStreamInstability{63}> Finished iteration: 1 in cycle: 1 Rerror: 0.000323225 Perror: 0.00180286
TwoStreamInstability{63}> Finished iteration: 2 in cycle: 1 Rerror: 1.9606e-07 Perror: 1.16796e-06
TwoStreamInstability{63}> Finished iteration: 3 in cycle: 1 Rerror: 1.48544e-10 Perror: 8.2015e-10
TwoStreamInstability{63}> TwoStreamInstability Parareal: End.
Timings{0}> ---------------------------------------------
Timings{0}>      Timing results for 64 ranks:
Timings{0}> ---------------------------------------------
Timings{0}> mainTimer........... Wall tot =    68.2722
Timings{0}> 
Timings{0}> particlesCreation... Wall max =    12.1059
Timings{0}>                      Wall avg =    6.50863
Timings{0}>                      Wall min =    0.81528
Timings{0}> 
Timings{0}> timeCommunication... Wall max =    16.4604
Timings{0}>                      Wall avg =    7.33842
Timings{0}>                      Wall min =   0.138886
Timings{0}> 
Timings{0}> deepCopy............ Wall max = 0.00138984
Timings{0}>                      Wall avg = 0.00123245
Timings{0}>                      Wall min = 0.000524185
Timings{0}> 
Timings{0}> finePropagator...... Wall max =     54.862
Timings{0}>                      Wall avg =    49.7452
Timings{0}>                      Wall min =    18.6257
Timings{0}> 
Timings{0}> coarsePropagator.... Wall max =     2.7451
Timings{0}>                      Wall avg =     2.5088
Timings{0}>                      Wall min =    1.35895
Timings{0}> 
Timings{0}> dumpData............ Wall max =    3.80143
Timings{0}>                      Wall avg =    2.14553
Timings{0}>                      Wall min =   0.940118
Timings{0}> 
Timings{0}> computeErrors....... Wall max = 0.00600802
Timings{0}>                      Wall avg = 0.00239435
Timings{0}>                      Wall min = 0.000304554
Timings{0}> 
Timings{0}> initializeShapeFunc. Wall max = 0.00013376
Timings{0}>                      Wall avg = 0.000111153
Timings{0}>                      Wall min = 0.000101351
Timings{0}> 
Timings{0}> ScatterPIFNUFFT..... Wall max =    16.7871
Timings{0}>                      Wall avg =    15.0737
Timings{0}>                      Wall min =    5.69848
Timings{0}> 
Timings{0}> scatterAllReducePIF. Wall max =    14.2294
Timings{0}>                      Wall avg =    11.0092
Timings{0}>                      Wall min =    2.75569
Timings{0}> 
Timings{0}> GatherPIFNUFFT...... Wall max =    25.7507
Timings{0}>                      Wall avg =    23.6979
Timings{0}>                      Wall min =    8.70599
Timings{0}> 
Timings{0}> ---------------------------------------------
