Option '128' is not parsed by Ippl. Make sure your application parses it.
Option '128' is not parsed by Ippl. Make sure your application parses it.
Option '128' is not parsed by Ippl. Make sure your application parses it.
Option '128' is not parsed by Ippl. Make sure your application parses it.
Option '128' is not parsed by Ippl. Make sure your application parses it.
Option '128' is not parsed by Ippl. Make sure your application parses it.
Option '20971520' is not parsed by Ippl. Make sure your application parses it.
Option '19.2' is not parsed by Ippl. Make sure your application parses it.
Option '0.003125' is not parsed by Ippl. Make sure your application parses it.
Option '0.05' is not parsed by Ippl. Make sure your application parses it.
Option '1e-8' is not parsed by Ippl. Make sure your application parses it.
Option '1' is not parsed by Ippl. Make sure your application parses it.
Option 'B-spline' is not parsed by Ippl. Make sure your application parses it.
Option '1' is not parsed by Ippl. Make sure your application parses it.
Option '32' is not parsed by Ippl. Make sure your application parses it.
Option '2' is not parsed by Ippl. Make sure your application parses it.
Option '0.001' is not parsed by Ippl. Make sure your application parses it.
Option '1e-7' is not parsed by Ippl. Make sure your application parses it.
Option 'PIF' is not parsed by Ippl. Make sure your application parses it.
LandauDampingPinT{63}> Parareal LandauDampingPinT
LandauDampingPinT{63}> Slice dT: 9.6
LandauDampingPinT{63}> No. of fine time steps: 3072
LandauDampingPinT{63}> No. of coarse time steps: 192
LandauDampingPinT{63}> Tolerance: 1e-08 No. of cycles: 1
LandauDampingPinT{63}> Np= 20971520 Fourier modes = ( 128 , 128 , 128 ) Grid points = ( 128 , 128 , 128 )
LandauDampingPinT{63}> particles created and initial conditions assigned 
LandauDampingPinT{63}> Finished iteration: 1 in cycle: 1 Rerror: 0.000248535 Perror: 0.000148396
LandauDampingPinT{63}> Finished iteration: 2 in cycle: 1 Rerror: 1.38212e-16 Perror: 2.34399e-16
LandauDampingPinT{63}> LandauDampingPinT Parareal: End.
Timings{0}> ---------------------------------------------
Timings{0}>      Timing results for 64 ranks:
Timings{0}> ---------------------------------------------
Timings{0}> mainTimer........... Wall tot =    708.276
Timings{0}> 
Timings{0}> particlesCreation... Wall max =    21.8679
Timings{0}>                      Wall avg =    16.4409
Timings{0}>                      Wall min =    11.0007
Timings{0}> 
Timings{0}> timeCommunication... Wall max =    11.0469
Timings{0}>                      Wall avg =    5.56584
Timings{0}>                      Wall min =  0.0821674
Timings{0}> 
Timings{0}> deepCopy............ Wall max = 0.000926709
Timings{0}>                      Wall avg = 0.000707613
Timings{0}>                      Wall min = 0.000526262
Timings{0}> 
Timings{0}> finePropagator...... Wall max =     664.82
Timings{0}>                      Wall avg =    498.516
Timings{0}>                      Wall min =    332.209
Timings{0}> 
Timings{0}> coarsePropagator.... Wall max =    32.2831
Timings{0}>                      Wall avg =    26.9449
Timings{0}>                      Wall min =    21.6171
Timings{0}> 
Timings{0}> dumpData............ Wall max =  0.0175891
Timings{0}>                      Wall avg =  0.0127518
Timings{0}>                      Wall min =  0.0080072
Timings{0}> 
Timings{0}> computeErrors....... Wall max = 0.00411492
Timings{0}>                      Wall avg = 0.00219235
Timings{0}>                      Wall min = 0.000346323
Timings{0}> 
Timings{0}> initializeShapeFunc. Wall max = 0.000332363
Timings{0}>                      Wall avg = 0.000315761
Timings{0}>                      Wall min = 0.000306442
Timings{0}> 
Timings{0}> ScatterPIFNUFFT..... Wall max =    209.074
Timings{0}>                      Wall avg =    156.782
Timings{0}>                      Wall min =    104.814
Timings{0}> 
Timings{0}> scatterAllReducePIF. Wall max =    265.043
Timings{0}>                      Wall avg =    200.384
Timings{0}>                      Wall min =    135.936
Timings{0}> 
Timings{0}> GatherPIFNUFFT...... Wall max =    221.387
Timings{0}>                      Wall avg =    166.336
Timings{0}>                      Wall min =    111.453
Timings{0}> 
Timings{0}> ---------------------------------------------
