Option '64' is not parsed by Ippl. Make sure your application parses it.
Option '64' is not parsed by Ippl. Make sure your application parses it.
Option '64' is not parsed by Ippl. Make sure your application parses it.
Option '64' is not parsed by Ippl. Make sure your application parses it.
Option '64' is not parsed by Ippl. Make sure your application parses it.
Option '64' is not parsed by Ippl. Make sure your application parses it.
Option '2621440' is not parsed by Ippl. Make sure your application parses it.
Option '19.2' is not parsed by Ippl. Make sure your application parses it.
Option '0.003125' is not parsed by Ippl. Make sure your application parses it.
Option '0.003125' is not parsed by Ippl. Make sure your application parses it.
Option '1e-8' is not parsed by Ippl. Make sure your application parses it.
Option '1' is not parsed by Ippl. Make sure your application parses it.
Option 'B-spline' is not parsed by Ippl. Make sure your application parses it.
Option '1' is not parsed by Ippl. Make sure your application parses it.
Option '4' is not parsed by Ippl. Make sure your application parses it.
Option '16' is not parsed by Ippl. Make sure your application parses it.
Option '0.1' is not parsed by Ippl. Make sure your application parses it.
Option '1e-7' is not parsed by Ippl. Make sure your application parses it.
Option 'PIC' is not parsed by Ippl. Make sure your application parses it.
PenningTrapPinT{63}> Parareal PenningTrapPinT
PenningTrapPinT{63}> Slice dT: 1.2
PenningTrapPinT{63}> No. of fine time steps: 384
PenningTrapPinT{63}> No. of coarse time steps: 384
PenningTrapPinT{63}> Tolerance: 1e-08 No. of cycles: 1
PenningTrapPinT{63}> Np= 2621440 Fourier modes = ( 64 , 64 , 64 ) Grid points = ( 64 , 64 , 64 )
PenningTrapPinT{63}> particles created and initial conditions assigned 
PenningTrapPinT{63}> Finished iteration: 1 in cycle: 1 Rerror: 0.00157446 Perror: 0.00964004
PenningTrapPinT{63}> Finished iteration: 2 in cycle: 1 Rerror: 0.000184112 Perror: 0.000774475
PenningTrapPinT{63}> Finished iteration: 3 in cycle: 1 Rerror: 1.84207e-05 Perror: 6.73779e-05
PenningTrapPinT{63}> Finished iteration: 4 in cycle: 1 Rerror: 1.34836e-06 Perror: 5.36111e-06
PenningTrapPinT{63}> Finished iteration: 5 in cycle: 1 Rerror: 8.03133e-08 Perror: 3.49612e-07
PenningTrapPinT{63}> Finished iteration: 6 in cycle: 1 Rerror: 3.54695e-09 Perror: 1.69619e-08
PenningTrapPinT{63}> Finished iteration: 7 in cycle: 1 Rerror: 9.04629e-11 Perror: 5.2371e-10
PenningTrapPinT{63}> PenningTrapPinT Parareal: End.
Timings{0}> ---------------------------------------------
Timings{0}>      Timing results for 64 ranks:
Timings{0}> ---------------------------------------------
Timings{0}> mainTimer........... Wall tot =    115.442
Timings{0}> 
Timings{0}> particlesCreation... Wall max =    21.4781
Timings{0}>                      Wall avg =    11.4644
Timings{0}>                      Wall min =    1.32729
Timings{0}> 
Timings{0}> timeCommunication... Wall max =    20.4669
Timings{0}>                      Wall avg =    10.5757
Timings{0}>                      Wall min =  0.0863762
Timings{0}> 
Timings{0}> deepCopy............ Wall max = 0.00266078
Timings{0}>                      Wall avg = 0.00194441
Timings{0}>                      Wall min = 0.000518193
Timings{0}> 
Timings{0}> finePropagator...... Wall max =    85.7124
Timings{0}>                      Wall avg =     60.436
Timings{0}>                      Wall min =    12.1717
Timings{0}> 
Timings{0}> coarsePropagator.... Wall max =     9.6701
Timings{0}>                      Wall avg =     7.2329
Timings{0}>                      Wall min =    2.43756
Timings{0}> 
Timings{0}> dumpData............ Wall max = 0.00756076
Timings{0}>                      Wall avg = 0.00523599
Timings{0}>                      Wall min = 0.00104332
Timings{0}> 
Timings{0}> computeErrors....... Wall max = 0.00167912
Timings{0}>                      Wall avg = 0.00111951
Timings{0}>                      Wall min = 0.000365512
Timings{0}> 
Timings{0}> initializeShapeFunc. Wall max = 0.000129611
Timings{0}>                      Wall avg = 0.000109105
Timings{0}>                      Wall min = 9.9921e-05
Timings{0}> 
Timings{0}> fieldSolvePIC....... Wall max =    5.07534
Timings{0}>                      Wall avg =    3.70611
Timings{0}>                      Wall min =    1.22457
Timings{0}> 
Timings{0}> ScatterPIC.......... Wall max =   0.753414
Timings{0}>                      Wall avg =   0.546588
Timings{0}>                      Wall min =   0.207514
Timings{0}> 
Timings{0}> scatterAllReducePIC. Wall max =    2.77356
Timings{0}>                      Wall avg =    2.06419
Timings{0}>                      Wall min =   0.658088
Timings{0}> 
Timings{0}> GatherPIC........... Wall max =   0.391287
Timings{0}>                      Wall avg =   0.289039
Timings{0}>                      Wall min =   0.099676
Timings{0}> 
Timings{0}> ScatterPIFNUFFT..... Wall max =    32.9619
Timings{0}>                      Wall avg =    23.4747
Timings{0}>                      Wall min =    4.76542
Timings{0}> 
Timings{0}> scatterAllReducePIF. Wall max =    27.2531
Timings{0}>                      Wall avg =    18.7951
Timings{0}>                      Wall min =    3.77156
Timings{0}> 
Timings{0}> GatherPIFNUFFT...... Wall max =    25.1316
Timings{0}>                      Wall avg =    17.5254
Timings{0}>                      Wall min =    3.48134
Timings{0}> 
Timings{0}> ---------------------------------------------
