Option '64' is not parsed by Ippl. Make sure your application parses it.
Option '64' is not parsed by Ippl. Make sure your application parses it.
Option '64' is not parsed by Ippl. Make sure your application parses it.
Option '64' is not parsed by Ippl. Make sure your application parses it.
Option '64' is not parsed by Ippl. Make sure your application parses it.
Option '64' is not parsed by Ippl. Make sure your application parses it.
Option '2621440' is not parsed by Ippl. Make sure your application parses it.
Option '19.2' is not parsed by Ippl. Make sure your application parses it.
Option '0.003125' is not parsed by Ippl. Make sure your application parses it.
Option '0.0125' is not parsed by Ippl. Make sure your application parses it.
Option '1e-8' is not parsed by Ippl. Make sure your application parses it.
Option '1' is not parsed by Ippl. Make sure your application parses it.
Option 'B-spline' is not parsed by Ippl. Make sure your application parses it.
Option '1' is not parsed by Ippl. Make sure your application parses it.
Option '4' is not parsed by Ippl. Make sure your application parses it.
Option '16' is not parsed by Ippl. Make sure your application parses it.
Option '0.0001' is not parsed by Ippl. Make sure your application parses it.
Option '1e-7' is not parsed by Ippl. Make sure your application parses it.
Option 'PIF' is not parsed by Ippl. Make sure your application parses it.
PenningTrapPinT{63}> Parareal PenningTrapPinT
PenningTrapPinT{63}> Slice dT: 1.2
PenningTrapPinT{63}> No. of fine time steps: 384
PenningTrapPinT{63}> No. of coarse time steps: 96
PenningTrapPinT{63}> Tolerance: 1e-08 No. of cycles: 1
PenningTrapPinT{63}> Np= 2621440 Fourier modes = ( 64 , 64 , 64 ) Grid points = ( 64 , 64 , 64 )
PenningTrapPinT{63}> particles created and initial conditions assigned 
PenningTrapPinT{63}> Finished iteration: 1 in cycle: 1 Rerror: 0.0202864 Perror: 0.250877
PenningTrapPinT{63}> Finished iteration: 2 in cycle: 1 Rerror: 0.00468417 Perror: 0.121201
PenningTrapPinT{63}> Finished iteration: 3 in cycle: 1 Rerror: 0.00130026 Perror: 0.0397158
PenningTrapPinT{63}> Finished iteration: 4 in cycle: 1 Rerror: 0.000255586 Perror: 0.00905449
PenningTrapPinT{63}> Finished iteration: 5 in cycle: 1 Rerror: 3.98748e-05 Perror: 0.00150571
PenningTrapPinT{63}> Finished iteration: 6 in cycle: 1 Rerror: 8.95704e-06 Perror: 0.000195897
PenningTrapPinT{63}> Finished iteration: 7 in cycle: 1 Rerror: 4.40559e-07 Perror: 1.85799e-05
PenningTrapPinT{63}> Finished iteration: 8 in cycle: 1 Rerror: 3.18657e-08 Perror: 1.35519e-06
PenningTrapPinT{63}> Finished iteration: 9 in cycle: 1 Rerror: 1.80925e-09 Perror: 7.77745e-08
PenningTrapPinT{63}> Finished iteration: 10 in cycle: 1 Rerror: 7.46473e-11 Perror: 3.1164e-09
PenningTrapPinT{63}> PenningTrapPinT Parareal: End.
Timings{0}> ---------------------------------------------
Timings{0}>      Timing results for 64 ranks:
Timings{0}> ---------------------------------------------
Timings{0}> mainTimer........... Wall tot =    165.427
Timings{0}> 
Timings{0}> particlesCreation... Wall max =    26.8672
Timings{0}>                      Wall avg =    14.2949
Timings{0}>                      Wall min =    1.69105
Timings{0}> 
Timings{0}> timeCommunication... Wall max =    27.8766
Timings{0}>                      Wall avg =    14.9416
Timings{0}>                      Wall min =   0.114478
Timings{0}> 
Timings{0}> deepCopy............ Wall max = 0.00372823
Timings{0}>                      Wall avg = 0.00249151
Timings{0}>                      Wall min = 0.000523202
Timings{0}> 
Timings{0}> finePropagator...... Wall max =    121.677
Timings{0}>                      Wall avg =     79.597
Timings{0}>                      Wall min =    11.7396
Timings{0}> 
Timings{0}> coarsePropagator.... Wall max =    18.4299
Timings{0}>                      Wall avg =    12.4309
Timings{0}>                      Wall min =    3.19511
Timings{0}> 
Timings{0}> dumpData............ Wall max =  0.0108984
Timings{0}>                      Wall avg =  0.0070543
Timings{0}>                      Wall min = 0.00096895
Timings{0}> 
Timings{0}> computeErrors....... Wall max =  0.0157063
Timings{0}>                      Wall avg = 0.00333272
Timings{0}>                      Wall min = 0.000323931
Timings{0}> 
Timings{0}> initializeShapeFunc. Wall max = 0.000126731
Timings{0}>                      Wall avg = 0.000107264
Timings{0}>                      Wall min = 9.9932e-05
Timings{0}> 
Timings{0}> ScatterPIFNUFFT..... Wall max =    47.2928
Timings{0}>                      Wall avg =    31.7397
Timings{0}>                      Wall min =    5.01703
Timings{0}> 
Timings{0}> scatterAllReducePIF. Wall max =    52.8985
Timings{0}>                      Wall avg =    33.0716
Timings{0}>                      Wall min =    5.58132
Timings{0}> 
Timings{0}> GatherPIFNUFFT...... Wall max =    39.2768
Timings{0}>                      Wall avg =    26.1092
Timings{0}>                      Wall min =    4.11321
Timings{0}> 
Timings{0}> ---------------------------------------------
