Option '64' is not parsed by Ippl. Make sure your application parses it.
Option '64' is not parsed by Ippl. Make sure your application parses it.
Option '64' is not parsed by Ippl. Make sure your application parses it.
Option '64' is not parsed by Ippl. Make sure your application parses it.
Option '64' is not parsed by Ippl. Make sure your application parses it.
Option '64' is not parsed by Ippl. Make sure your application parses it.
Option '2621440' is not parsed by Ippl. Make sure your application parses it.
Option '19.2' is not parsed by Ippl. Make sure your application parses it.
Option '0.05' is not parsed by Ippl. Make sure your application parses it.
Option '0.05' is not parsed by Ippl. Make sure your application parses it.
Option '1e-5' is not parsed by Ippl. Make sure your application parses it.
Option '1' is not parsed by Ippl. Make sure your application parses it.
Option 'B-spline' is not parsed by Ippl. Make sure your application parses it.
Option '1' is not parsed by Ippl. Make sure your application parses it.
Option '2' is not parsed by Ippl. Make sure your application parses it.
Option '16' is not parsed by Ippl. Make sure your application parses it.
Option '0.01' is not parsed by Ippl. Make sure your application parses it.
Option '1e-4' is not parsed by Ippl. Make sure your application parses it.
Option 'PIF' is not parsed by Ippl. Make sure your application parses it.
PenningTrapPinT{31}> Parareal PenningTrapPinT
PenningTrapPinT{31}> Slice dT: 1.2
PenningTrapPinT{31}> No. of fine time steps: 24
PenningTrapPinT{31}> No. of coarse time steps: 24
PenningTrapPinT{31}> Tolerance: 1e-05 No. of cycles: 1
PenningTrapPinT{31}> Np= 2621440 Fourier modes = ( 64 , 64 , 64 ) Grid points = ( 64 , 64 , 64 )
PenningTrapPinT{31}> particles created and initial conditions assigned 
PenningTrapPinT{31}> Finished iteration: 1 in cycle: 1 Rerror: 0.00257264 Perror: 0.0124323
PenningTrapPinT{31}> Finished iteration: 2 in cycle: 1 Rerror: 0.000744097 Perror: 0.00267361
PenningTrapPinT{31}> Finished iteration: 3 in cycle: 1 Rerror: 0.000227826 Perror: 0.000733292
PenningTrapPinT{31}> Finished iteration: 4 in cycle: 1 Rerror: 5.98568e-05 Perror: 0.000205289
PenningTrapPinT{31}> Finished iteration: 5 in cycle: 1 Rerror: 1.32808e-05 Perror: 5.33182e-05
PenningTrapPinT{31}> Finished iteration: 6 in cycle: 1 Rerror: 2.01059e-06 Perror: 1.00358e-05
PenningTrapPinT{31}> Finished iteration: 7 in cycle: 1 Rerror: 3.28003e-17 Perror: 2.86529e-16
PenningTrapPinT{31}> PenningTrapPinT Parareal: End.
Timings{0}> ---------------------------------------------
Timings{0}>      Timing results for 32 ranks:
Timings{0}> ---------------------------------------------
Timings{0}> mainTimer........... Wall tot =    11.9111
Timings{0}> 
Timings{0}> particlesCreation... Wall max =    6.11927
Timings{0}>                      Wall avg =    3.30885
Timings{0}>                      Wall min =   0.408227
Timings{0}> 
Timings{0}> timeCommunication... Wall max =    6.24019
Timings{0}>                      Wall avg =     3.1463
Timings{0}>                      Wall min =  0.0834971
Timings{0}> 
Timings{0}> deepCopy............ Wall max = 0.00387399
Timings{0}>                      Wall avg = 0.00274174
Timings{0}>                      Wall min = 0.000817655
Timings{0}> 
Timings{0}> finePropagator...... Wall max =    3.33635
Timings{0}>                      Wall avg =    2.28353
Timings{0}>                      Wall min =   0.519823
Timings{0}> 
Timings{0}> coarsePropagator.... Wall max =    2.25615
Timings{0}>                      Wall avg =    1.68761
Timings{0}>                      Wall min =   0.623356
Timings{0}> 
Timings{0}> dumpData............ Wall max = 0.000475726
Timings{0}>                      Wall avg = 0.000320205
Timings{0}>                      Wall min =  7.526e-05
Timings{0}> 
Timings{0}> computeErrors....... Wall max = 0.00224489
Timings{0}>                      Wall avg = 0.00122802
Timings{0}>                      Wall min = 0.000299028
Timings{0}> 
Timings{0}> initializeShapeFunc. Wall max = 0.000121819
Timings{0}>                      Wall avg = 0.000107786
Timings{0}>                      Wall min = 0.00010142
Timings{0}> 
Timings{0}> ScatterPIFNUFFT..... Wall max =    1.37741
Timings{0}>                      Wall avg =   0.931333
Timings{0}>                      Wall min =   0.259821
Timings{0}> 
Timings{0}> scatterAllReducePIF. Wall max =    2.55469
Timings{0}>                      Wall avg =    1.86525
Timings{0}>                      Wall min =   0.553717
Timings{0}> 
Timings{0}> GatherPIFNUFFT...... Wall max =    1.55984
Timings{0}>                      Wall avg =    1.03435
Timings{0}>                      Wall min =   0.285449
Timings{0}> 
Timings{0}> ---------------------------------------------
