Option '64' is not parsed by Ippl. Make sure your application parses it.
Option '64' is not parsed by Ippl. Make sure your application parses it.
Option '64' is not parsed by Ippl. Make sure your application parses it.
Option '64' is not parsed by Ippl. Make sure your application parses it.
Option '64' is not parsed by Ippl. Make sure your application parses it.
Option '64' is not parsed by Ippl. Make sure your application parses it.
Option '2621440' is not parsed by Ippl. Make sure your application parses it.
Option '19.2' is not parsed by Ippl. Make sure your application parses it.
Option '0.05' is not parsed by Ippl. Make sure your application parses it.
Option '0.1' is not parsed by Ippl. Make sure your application parses it.
Option '1e-5' is not parsed by Ippl. Make sure your application parses it.
Option '1' is not parsed by Ippl. Make sure your application parses it.
Option 'B-spline' is not parsed by Ippl. Make sure your application parses it.
Option '1' is not parsed by Ippl. Make sure your application parses it.
Option '2' is not parsed by Ippl. Make sure your application parses it.
Option '16' is not parsed by Ippl. Make sure your application parses it.
Option '0.01' is not parsed by Ippl. Make sure your application parses it.
Option '1e-4' is not parsed by Ippl. Make sure your application parses it.
Option 'PIF' is not parsed by Ippl. Make sure your application parses it.
LandauDampingPinT{31}> Parareal LandauDampingPinT
LandauDampingPinT{31}> Slice dT: 1.2
LandauDampingPinT{31}> No. of fine time steps: 24
LandauDampingPinT{31}> No. of coarse time steps: 12
LandauDampingPinT{31}> Tolerance: 1e-05 No. of cycles: 1
LandauDampingPinT{31}> Np= 2621440 Fourier modes = ( 64 , 64 , 64 ) Grid points = ( 64 , 64 , 64 )
LandauDampingPinT{31}> particles created and initial conditions assigned 
LandauDampingPinT{31}> Finished iteration: 1 in cycle: 1 Rerror: 0.000805723 Perror: 0.000619858
LandauDampingPinT{31}> Finished iteration: 2 in cycle: 1 Rerror: 4.81877e-05 Perror: 6.27128e-05
LandauDampingPinT{31}> Finished iteration: 3 in cycle: 1 Rerror: 1.87339e-06 Perror: 3.26707e-06
LandauDampingPinT{31}> LandauDampingPinT Parareal: End.
Timings{0}> ---------------------------------------------
Timings{0}>      Timing results for 32 ranks:
Timings{0}> ---------------------------------------------
Timings{0}> mainTimer........... Wall tot =    6.78776
Timings{0}> 
Timings{0}> particlesCreation... Wall max =    4.04825
Timings{0}>                      Wall avg =    2.16488
Timings{0}>                      Wall min =   0.287708
Timings{0}> 
Timings{0}> timeCommunication... Wall max =    3.94682
Timings{0}>                      Wall avg =    2.14428
Timings{0}>                      Wall min =   0.122116
Timings{0}> 
Timings{0}> deepCopy............ Wall max = 0.00204141
Timings{0}>                      Wall avg = 0.00174001
Timings{0}>                      Wall min = 0.000820246
Timings{0}> 
Timings{0}> finePropagator...... Wall max =    2.11414
Timings{0}>                      Wall avg =     1.6694
Timings{0}>                      Wall min =   0.719457
Timings{0}> 
Timings{0}> coarsePropagator.... Wall max =   0.760827
Timings{0}>                      Wall avg =   0.589827
Timings{0}>                      Wall min =   0.345012
Timings{0}> 
Timings{0}> dumpData............ Wall max = 0.00022033
Timings{0}>                      Wall avg =  0.0001779
Timings{0}>                      Wall min = 7.5421e-05
Timings{0}> 
Timings{0}> computeErrors....... Wall max = 0.00250646
Timings{0}>                      Wall avg = 0.00105045
Timings{0}>                      Wall min = 0.000327542
Timings{0}> 
Timings{0}> initializeShapeFunc. Wall max = 0.000121851
Timings{0}>                      Wall avg = 0.000107437
Timings{0}>                      Wall min = 0.000100091
Timings{0}> 
Timings{0}> ScatterPIFNUFFT..... Wall max =   0.621805
Timings{0}>                      Wall avg =   0.528225
Timings{0}>                      Wall min =   0.230653
Timings{0}> 
Timings{0}> scatterAllReducePIF. Wall max =    1.03884
Timings{0}>                      Wall avg =   0.680265
Timings{0}>                      Wall min =   0.180622
Timings{0}> 
Timings{0}> GatherPIFNUFFT...... Wall max =    1.16158
Timings{0}>                      Wall avg =   0.995175
Timings{0}>                      Wall min =   0.427295
Timings{0}> 
Timings{0}> ---------------------------------------------
