Option '16' is not parsed by Ippl. Make sure your application parses it.
Option '16' is not parsed by Ippl. Make sure your application parses it.
Option '16' is not parsed by Ippl. Make sure your application parses it.
Option '16' is not parsed by Ippl. Make sure your application parses it.
Option '16' is not parsed by Ippl. Make sure your application parses it.
Option '16' is not parsed by Ippl. Make sure your application parses it.
Option '2621440' is not parsed by Ippl. Make sure your application parses it.
Option '19.2' is not parsed by Ippl. Make sure your application parses it.
Option '0.05' is not parsed by Ippl. Make sure your application parses it.
Option '0.05' is not parsed by Ippl. Make sure your application parses it.
Option '1e-11' is not parsed by Ippl. Make sure your application parses it.
Option '1' is not parsed by Ippl. Make sure your application parses it.
Option 'B-spline' is not parsed by Ippl. Make sure your application parses it.
Option '1' is not parsed by Ippl. Make sure your application parses it.
Option '4' is not parsed by Ippl. Make sure your application parses it.
Option '16' is not parsed by Ippl. Make sure your application parses it.
Option '0.0000001' is not parsed by Ippl. Make sure your application parses it.
Option '1e-12' is not parsed by Ippl. Make sure your application parses it.
Option 'PIF' is not parsed by Ippl. Make sure your application parses it.
LandauDampingPinT{63}> Parareal LandauDampingPinT
LandauDampingPinT{63}> Slice dT: 1.2
LandauDampingPinT{63}> No. of fine time steps: 24
LandauDampingPinT{63}> No. of coarse time steps: 24
LandauDampingPinT{63}> Tolerance: 1e-11 No. of cycles: 1
LandauDampingPinT{63}> Np= 2621440 Fourier modes = ( 16 , 16 , 16 ) Grid points = ( 16 , 16 , 16 )
LandauDampingPinT{63}> particles created and initial conditions assigned 
LandauDampingPinT{63}> Finished iteration: 1 in cycle: 1 Rerror: 2.8582e-09 Perror: 1.31714e-09
LandauDampingPinT{63}> Finished iteration: 2 in cycle: 1 Rerror: 3.6916e-14 Perror: 2.18129e-14
LandauDampingPinT{63}> LandauDampingPinT Parareal: End.
Timings{0}> ---------------------------------------------
Timings{0}>      Timing results for 64 ranks:
Timings{0}> ---------------------------------------------
Timings{0}> mainTimer........... Wall tot =    15.1914
Timings{0}> 
Timings{0}> particlesCreation... Wall max =    10.0786
Timings{0}>                      Wall avg =    5.39206
Timings{0}>                      Wall min =   0.666693
Timings{0}> 
Timings{0}> timeCommunication... Wall max =    9.53281
Timings{0}>                      Wall avg =    4.88324
Timings{0}>                      Wall min =   0.124437
Timings{0}> 
Timings{0}> deepCopy............ Wall max = 0.00100622
Timings{0}>                      Wall avg = 0.000924003
Timings{0}>                      Wall min = 0.000500344
Timings{0}> 
Timings{0}> finePropagator...... Wall max =    4.05257
Timings{0}>                      Wall avg =     3.9106
Timings{0}>                      Wall min =    2.00741
Timings{0}> 
Timings{0}> coarsePropagator.... Wall max =    1.57297
Timings{0}>                      Wall avg =     1.5287
Timings{0}>                      Wall min =    1.04675
Timings{0}> 
Timings{0}> dumpData............ Wall max =  0.0537447
Timings{0}>                      Wall avg =  0.0362665
Timings{0}>                      Wall min =   0.020553
Timings{0}> 
Timings{0}> computeErrors....... Wall max = 0.000754116
Timings{0}>                      Wall avg = 0.000474954
Timings{0}>                      Wall min = 0.000203651
Timings{0}> 
Timings{0}> initializeShapeFunc. Wall max = 0.000111511
Timings{0}>                      Wall avg = 9.22922e-05
Timings{0}>                      Wall min = 7.2781e-05
Timings{0}> 
Timings{0}> ScatterPIFNUFFT..... Wall max =     3.2964
Timings{0}>                      Wall avg =    3.18881
Timings{0}>                      Wall min =    1.77697
Timings{0}> 
Timings{0}> scatterAllReducePIF. Wall max =   0.111584
Timings{0}>                      Wall avg =  0.0827942
Timings{0}>                      Wall min =  0.0298883
Timings{0}> 
Timings{0}> GatherPIFNUFFT...... Wall max =    2.18858
Timings{0}>                      Wall avg =    2.10225
Timings{0}>                      Wall min =     1.1788
Timings{0}> 
Timings{0}> ---------------------------------------------
