Option '64' is not parsed by Ippl. Make sure your application parses it.
Option '64' is not parsed by Ippl. Make sure your application parses it.
Option '64' is not parsed by Ippl. Make sure your application parses it.
Option '64' is not parsed by Ippl. Make sure your application parses it.
Option '64' is not parsed by Ippl. Make sure your application parses it.
Option '64' is not parsed by Ippl. Make sure your application parses it.
Option '2621440' is not parsed by Ippl. Make sure your application parses it.
Option '19.2' is not parsed by Ippl. Make sure your application parses it.
Option '0.003125' is not parsed by Ippl. Make sure your application parses it.
Option '0.05' is not parsed by Ippl. Make sure your application parses it.
Option '1e-8' is not parsed by Ippl. Make sure your application parses it.
Option '1' is not parsed by Ippl. Make sure your application parses it.
Option 'B-spline' is not parsed by Ippl. Make sure your application parses it.
Option '1' is not parsed by Ippl. Make sure your application parses it.
Option '4' is not parsed by Ippl. Make sure your application parses it.
Option '16' is not parsed by Ippl. Make sure your application parses it.
Option '0.001' is not parsed by Ippl. Make sure your application parses it.
Option '1e-7' is not parsed by Ippl. Make sure your application parses it.
Option 'PIF' is not parsed by Ippl. Make sure your application parses it.
LandauDampingPinT{63}> Parareal LandauDampingPinT
LandauDampingPinT{63}> Slice dT: 1.2
LandauDampingPinT{63}> No. of fine time steps: 384
LandauDampingPinT{63}> No. of coarse time steps: 24
LandauDampingPinT{63}> Tolerance: 1e-08 No. of cycles: 1
LandauDampingPinT{63}> Np= 2621440 Fourier modes = ( 64 , 64 , 64 ) Grid points = ( 64 , 64 , 64 )
LandauDampingPinT{63}> particles created and initial conditions assigned 
LandauDampingPinT{63}> Finished iteration: 1 in cycle: 1 Rerror: 6.45159e-05 Perror: 4.93621e-05
LandauDampingPinT{63}> Finished iteration: 2 in cycle: 1 Rerror: 1.7348e-07 Perror: 2.21987e-07
LandauDampingPinT{63}> Finished iteration: 3 in cycle: 1 Rerror: 2.72479e-09 Perror: 3.27419e-09
LandauDampingPinT{63}> LandauDampingPinT Parareal: End.
Timings{0}> ---------------------------------------------
Timings{0}>      Timing results for 64 ranks:
Timings{0}> ---------------------------------------------
Timings{0}> mainTimer........... Wall tot =    62.6054
Timings{0}> 
Timings{0}> particlesCreation... Wall max =    7.77558
Timings{0}>                      Wall avg =    4.12032
Timings{0}>                      Wall min =   0.521319
Timings{0}> 
Timings{0}> timeCommunication... Wall max =    16.0956
Timings{0}>                      Wall avg =    4.87218
Timings{0}>                      Wall min =  0.0907692
Timings{0}> 
Timings{0}> deepCopy............ Wall max =  0.0013868
Timings{0}>                      Wall avg =  0.0012239
Timings{0}>                      Wall min = 0.000530451
Timings{0}> 
Timings{0}> finePropagator...... Wall max =    53.6216
Timings{0}>                      Wall avg =    48.5591
Timings{0}>                      Wall min =     17.516
Timings{0}> 
Timings{0}> coarsePropagator.... Wall max =    1.77087
Timings{0}>                      Wall avg =    1.52332
Timings{0}>                      Wall min =   0.830585
Timings{0}> 
Timings{0}> dumpData............ Wall max = 0.00329634
Timings{0}>                      Wall avg =  0.0029176
Timings{0}>                      Wall min = 0.000987034
Timings{0}> 
Timings{0}> computeErrors....... Wall max = 0.00556255
Timings{0}>                      Wall avg = 0.00201937
Timings{0}>                      Wall min = 0.000257821
Timings{0}> 
Timings{0}> initializeShapeFunc. Wall max = 0.000128771
Timings{0}>                      Wall avg = 0.000109188
Timings{0}>                      Wall min = 0.000100861
Timings{0}> 
Timings{0}> ScatterPIFNUFFT..... Wall max =    16.4368
Timings{0}>                      Wall avg =    15.3683
Timings{0}>                      Wall min =    5.47275
Timings{0}> 
Timings{0}> scatterAllReducePIF. Wall max =    13.6027
Timings{0}>                      Wall avg =    10.8878
Timings{0}>                      Wall min =    2.71398
Timings{0}> 
Timings{0}> GatherPIFNUFFT...... Wall max =    25.1588
Timings{0}>                      Wall avg =    23.4897
Timings{0}>                      Wall min =    8.40642
Timings{0}> 
Timings{0}> ---------------------------------------------
