Option '64' is not parsed by Ippl. Make sure your application parses it.
Option '64' is not parsed by Ippl. Make sure your application parses it.
Option '64' is not parsed by Ippl. Make sure your application parses it.
Option '64' is not parsed by Ippl. Make sure your application parses it.
Option '64' is not parsed by Ippl. Make sure your application parses it.
Option '64' is not parsed by Ippl. Make sure your application parses it.
Option '2621440' is not parsed by Ippl. Make sure your application parses it.
Option '19.2' is not parsed by Ippl. Make sure your application parses it.
Option '0.003125' is not parsed by Ippl. Make sure your application parses it.
Option '0.2' is not parsed by Ippl. Make sure your application parses it.
Option '1e-11' is not parsed by Ippl. Make sure your application parses it.
Option '1' is not parsed by Ippl. Make sure your application parses it.
Option 'B-spline' is not parsed by Ippl. Make sure your application parses it.
Option '1' is not parsed by Ippl. Make sure your application parses it.
Option '4' is not parsed by Ippl. Make sure your application parses it.
Option '16' is not parsed by Ippl. Make sure your application parses it.
Option '0.1' is not parsed by Ippl. Make sure your application parses it.
Option '1e-12' is not parsed by Ippl. Make sure your application parses it.
Option 'PIC' is not parsed by Ippl. Make sure your application parses it.
PenningTrapPinT{63}> Parareal PenningTrapPinT
PenningTrapPinT{63}> Slice dT: 1.2
PenningTrapPinT{63}> No. of fine time steps: 384
PenningTrapPinT{63}> No. of coarse time steps: 6
PenningTrapPinT{63}> Tolerance: 1e-11 No. of cycles: 1
PenningTrapPinT{63}> Np= 2621440 Fourier modes = ( 64 , 64 , 64 ) Grid points = ( 64 , 64 , 64 )
PenningTrapPinT{63}> particles created and initial conditions assigned 
PenningTrapPinT{63}> Finished iteration: 1 in cycle: 1 Rerror: 0.165359 Perror: 0.841075
PenningTrapPinT{63}> Finished iteration: 2 in cycle: 1 Rerror: 0.105685 Perror: 0.597
PenningTrapPinT{63}> Finished iteration: 3 in cycle: 1 Rerror: 0.0474062 Perror: 0.298747
PenningTrapPinT{63}> Finished iteration: 4 in cycle: 1 Rerror: 0.023555 Perror: 0.156132
PenningTrapPinT{63}> Finished iteration: 5 in cycle: 1 Rerror: 0.0177001 Perror: 0.117758
PenningTrapPinT{63}> Finished iteration: 6 in cycle: 1 Rerror: 0.0109077 Perror: 0.0747523
PenningTrapPinT{63}> Finished iteration: 7 in cycle: 1 Rerror: 0.00803802 Perror: 0.0552884
PenningTrapPinT{63}> Finished iteration: 8 in cycle: 1 Rerror: 0.00558868 Perror: 0.0446039
PenningTrapPinT{63}> Finished iteration: 9 in cycle: 1 Rerror: 0.00556074 Perror: 0.0506282
PenningTrapPinT{63}> Finished iteration: 10 in cycle: 1 Rerror: 0.00480263 Perror: 0.0563082
PenningTrapPinT{63}> Finished iteration: 11 in cycle: 1 Rerror: 0.00350018 Perror: 0.0585064
PenningTrapPinT{63}> Finished iteration: 12 in cycle: 1 Rerror: 0.00226198 Perror: 0.0487733
PenningTrapPinT{63}> Finished iteration: 13 in cycle: 1 Rerror: 0.00124797 Perror: 0.0303731
PenningTrapPinT{63}> Finished iteration: 14 in cycle: 1 Rerror: 0.00048026 Perror: 0.0109319
PenningTrapPinT{63}> Finished iteration: 15 in cycle: 1 Rerror: 9.62276e-05 Perror: 0.00192224
PenningTrapPinT{63}> Finished iteration: 16 in cycle: 1 Rerror: 3.82704e-17 Perror: 3.01202e-16
PenningTrapPinT{63}> PenningTrapPinT Parareal: End.
Timings{0}> ---------------------------------------------
Timings{0}>      Timing results for 64 ranks:
Timings{0}> ---------------------------------------------
Timings{0}> mainTimer........... Wall tot =    608.839
Timings{0}> 
Timings{0}> particlesCreation... Wall max =    2.09758
Timings{0}>                      Wall avg =    1.09504
Timings{0}>                      Wall min =    0.15041
Timings{0}> 
Timings{0}> timeCommunication... Wall max =    9.11798
Timings{0}>                      Wall avg =    3.16234
Timings{0}>                      Wall min =  0.0891872
Timings{0}> 
Timings{0}> deepCopy............ Wall max = 0.00547841
Timings{0}>                      Wall avg = 0.00300989
Timings{0}>                      Wall min = 0.000510423
Timings{0}> 
Timings{0}> finePropagator...... Wall max =    603.672
Timings{0}>                      Wall avg =    318.717
Timings{0}>                      Wall min =    37.8301
Timings{0}> 
Timings{0}> coarsePropagator.... Wall max =   0.579976
Timings{0}>                      Wall avg =   0.307602
Timings{0}>                      Wall min =  0.0873701
Timings{0}> 
Timings{0}> dumpData............ Wall max =    9.15969
Timings{0}>                      Wall avg =    3.06917
Timings{0}>                      Wall min =   0.299221
Timings{0}> 
Timings{0}> computeErrors....... Wall max = 0.00373142
Timings{0}>                      Wall avg = 0.00178373
Timings{0}>                      Wall min = 0.000271842
Timings{0}> 
Timings{0}> initializeShapeFunc. Wall max = 0.000130591
Timings{0}>                      Wall avg = 0.000110963
Timings{0}>                      Wall min = 0.00010177
Timings{0}> 
Timings{0}> fieldSolvePIC....... Wall max =   0.169439
Timings{0}>                      Wall avg =  0.0930839
Timings{0}>                      Wall min =  0.0216079
Timings{0}> 
Timings{0}> ScatterPIC.......... Wall max =  0.0300009
Timings{0}>                      Wall avg =  0.0170796
Timings{0}>                      Wall min = 0.00457666
Timings{0}> 
Timings{0}> scatterAllReducePIC. Wall max =   0.300199
Timings{0}>                      Wall avg =   0.141357
Timings{0}>                      Wall min =   0.037989
Timings{0}> 
Timings{0}> GatherPIC........... Wall max =  0.0159417
Timings{0}>                      Wall avg = 0.00886883
Timings{0}>                      Wall min = 0.00202432
Timings{0}> 
Timings{0}> ScatterPIFNUFFT..... Wall max =    310.246
Timings{0}>                      Wall avg =    165.351
Timings{0}>                      Wall min =    19.7635
Timings{0}> 
Timings{0}> scatterAllReducePIF. Wall max =    64.5038
Timings{0}>                      Wall avg =    33.4369
Timings{0}>                      Wall min =    3.92695
Timings{0}> 
Timings{0}> GatherPIFNUFFT...... Wall max =    224.031
Timings{0}>                      Wall avg =    115.797
Timings{0}>                      Wall min =    13.3005
Timings{0}> 
Timings{0}> ---------------------------------------------
