Option '64' is not parsed by Ippl. Make sure your application parses it.
Option '64' is not parsed by Ippl. Make sure your application parses it.
Option '64' is not parsed by Ippl. Make sure your application parses it.
Option '64' is not parsed by Ippl. Make sure your application parses it.
Option '64' is not parsed by Ippl. Make sure your application parses it.
Option '64' is not parsed by Ippl. Make sure your application parses it.
Option '2621440' is not parsed by Ippl. Make sure your application parses it.
Option '19.2' is not parsed by Ippl. Make sure your application parses it.
Option '0.05' is not parsed by Ippl. Make sure your application parses it.
Option '0.05' is not parsed by Ippl. Make sure your application parses it.
Option '1e-5' is not parsed by Ippl. Make sure your application parses it.
Option '1' is not parsed by Ippl. Make sure your application parses it.
Option 'B-spline' is not parsed by Ippl. Make sure your application parses it.
Option '1' is not parsed by Ippl. Make sure your application parses it.
Option '4' is not parsed by Ippl. Make sure your application parses it.
Option '16' is not parsed by Ippl. Make sure your application parses it.
Option '0.001' is not parsed by Ippl. Make sure your application parses it.
Option '1e-4' is not parsed by Ippl. Make sure your application parses it.
Option 'PIF' is not parsed by Ippl. Make sure your application parses it.
PenningTrapPinT{63}> Parareal PenningTrapPinT
PenningTrapPinT{63}> Slice dT: 1.2
PenningTrapPinT{63}> No. of fine time steps: 24
PenningTrapPinT{63}> No. of coarse time steps: 24
PenningTrapPinT{63}> Tolerance: 1e-05 No. of cycles: 1
PenningTrapPinT{63}> Np= 2621440 Fourier modes = ( 64 , 64 , 64 ) Grid points = ( 64 , 64 , 64 )
PenningTrapPinT{63}> particles created and initial conditions assigned 
PenningTrapPinT{63}> Finished iteration: 1 in cycle: 1 Rerror: 0.000337793 Perror: 0.00166542
PenningTrapPinT{63}> Finished iteration: 2 in cycle: 1 Rerror: 1.53848e-05 Perror: 5.49059e-05
PenningTrapPinT{63}> Finished iteration: 3 in cycle: 1 Rerror: 6.16381e-07 Perror: 1.84563e-06
PenningTrapPinT{63}> PenningTrapPinT Parareal: End.
Timings{0}> ---------------------------------------------
Timings{0}>      Timing results for 64 ranks:
Timings{0}> ---------------------------------------------
Timings{0}> mainTimer........... Wall tot =    10.2363
Timings{0}> 
Timings{0}> particlesCreation... Wall max =     7.2801
Timings{0}>                      Wall avg =    3.88464
Timings{0}>                      Wall min =   0.495125
Timings{0}> 
Timings{0}> timeCommunication... Wall max =    6.89511
Timings{0}>                      Wall avg =    3.58612
Timings{0}>                      Wall min =   0.124035
Timings{0}> 
Timings{0}> deepCopy............ Wall max = 0.00131115
Timings{0}>                      Wall avg = 0.00111427
Timings{0}>                      Wall min = 0.000503913
Timings{0}> 
Timings{0}> finePropagator...... Wall max =    1.75826
Timings{0}>                      Wall avg =    1.41703
Timings{0}>                      Wall min =   0.505296
Timings{0}> 
Timings{0}> coarsePropagator.... Wall max =    1.62816
Timings{0}>                      Wall avg =    1.32392
Timings{0}>                      Wall min =   0.749182
Timings{0}> 
Timings{0}> dumpData............ Wall max =   0.576977
Timings{0}>                      Wall avg =   0.147891
Timings{0}>                      Wall min =  0.0415176
Timings{0}> 
Timings{0}> computeErrors....... Wall max = 0.00533382
Timings{0}>                      Wall avg = 0.00135403
Timings{0}>                      Wall min = 0.000297711
Timings{0}> 
Timings{0}> initializeShapeFunc. Wall max = 0.000136799
Timings{0}>                      Wall avg = 0.000114164
Timings{0}>                      Wall min = 0.000103821
Timings{0}> 
Timings{0}> ScatterPIFNUFFT..... Wall max =   0.468723
Timings{0}>                      Wall avg =   0.389702
Timings{0}>                      Wall min =   0.199142
Timings{0}> 
Timings{0}> scatterAllReducePIF. Wall max =    2.21769
Timings{0}>                      Wall avg =       1.71
Timings{0}>                      Wall min =   0.755734
Timings{0}> 
Timings{0}> GatherPIFNUFFT...... Wall max =   0.521994
Timings{0}>                      Wall avg =   0.444025
Timings{0}>                      Wall min =   0.222189
Timings{0}> 
Timings{0}> ---------------------------------------------
