Option '64' is not parsed by Ippl. Make sure your application parses it.
Option '64' is not parsed by Ippl. Make sure your application parses it.
Option '64' is not parsed by Ippl. Make sure your application parses it.
Option '64' is not parsed by Ippl. Make sure your application parses it.
Option '64' is not parsed by Ippl. Make sure your application parses it.
Option '64' is not parsed by Ippl. Make sure your application parses it.
Option '5242880' is not parsed by Ippl. Make sure your application parses it.
Option '2.4' is not parsed by Ippl. Make sure your application parses it.
Option '0.000390625' is not parsed by Ippl. Make sure your application parses it.
Option '0.0125' is not parsed by Ippl. Make sure your application parses it.
Option '1e-11' is not parsed by Ippl. Make sure your application parses it.
Option '1' is not parsed by Ippl. Make sure your application parses it.
Option 'B-spline' is not parsed by Ippl. Make sure your application parses it.
Option '1' is not parsed by Ippl. Make sure your application parses it.
Option '4' is not parsed by Ippl. Make sure your application parses it.
Option '16' is not parsed by Ippl. Make sure your application parses it.
Option '0.000001' is not parsed by Ippl. Make sure your application parses it.
Option '1e-6' is not parsed by Ippl. Make sure your application parses it.
Option 'PIF' is not parsed by Ippl. Make sure your application parses it.
PenningTrapPinT{63}> Parareal PenningTrapPinT
PenningTrapPinT{63}> Slice dT: 0.15
PenningTrapPinT{63}> No. of fine time steps: 384
PenningTrapPinT{63}> No. of coarse time steps: 12
PenningTrapPinT{63}> Tolerance: 1e-11 No. of cycles: 1
PenningTrapPinT{63}> Np= 5242880 Fourier modes = ( 64 , 64 , 64 ) Grid points = ( 64 , 64 , 64 )
PenningTrapPinT{63}> particles created and initial conditions assigned 
PenningTrapPinT{63}> Finished iteration: 1 in cycle: 1 Rerror: 0.00303315 Perror: 0.0973695
PenningTrapPinT{63}> Finished iteration: 2 in cycle: 1 Rerror: 0.000219798 Perror: 0.00728285
PenningTrapPinT{63}> Finished iteration: 3 in cycle: 1 Rerror: 1.05768e-05 Perror: 0.000332702
PenningTrapPinT{63}> Finished iteration: 4 in cycle: 1 Rerror: 3.3141e-07 Perror: 1.02852e-05
PenningTrapPinT{63}> Finished iteration: 5 in cycle: 1 Rerror: 7.61081e-09 Perror: 2.3405e-07
PenningTrapPinT{63}> Finished iteration: 6 in cycle: 1 Rerror: 1.42438e-10 Perror: 4.21903e-09
PenningTrapPinT{63}> Finished iteration: 7 in cycle: 1 Rerror: 2.33773e-12 Perror: 6.74038e-11
PenningTrapPinT{63}> Finished iteration: 8 in cycle: 1 Rerror: 3.35656e-14 Perror: 8.9138e-13
PenningTrapPinT{63}> PenningTrapPinT Parareal: End.
Timings{0}> ---------------------------------------------
Timings{0}>      Timing results for 64 ranks:
Timings{0}> ---------------------------------------------
Timings{0}> mainTimer........... Wall tot =    142.199
Timings{0}> 
Timings{0}> particlesCreation... Wall max =    10.4259
Timings{0}>                      Wall avg =    5.58174
Timings{0}>                      Wall min =   0.679326
Timings{0}> 
Timings{0}> timeCommunication... Wall max =    14.7366
Timings{0}>                      Wall avg =    6.78996
Timings{0}>                      Wall min =   0.127153
Timings{0}> 
Timings{0}> deepCopy............ Wall max = 0.00459783
Timings{0}>                      Wall avg = 0.00341661
Timings{0}>                      Wall min = 0.000817932
Timings{0}> 
Timings{0}> finePropagator...... Wall max =    126.978
Timings{0}>                      Wall avg =    90.2633
Timings{0}>                      Wall min =    15.4599
Timings{0}> 
Timings{0}> coarsePropagator.... Wall max =    4.85037
Timings{0}>                      Wall avg =    3.65709
Timings{0}>                      Wall min =    1.10248
Timings{0}> 
Timings{0}> dumpData............ Wall max =    8.34169
Timings{0}>                      Wall avg =    2.62908
Timings{0}>                      Wall min =   0.300668
Timings{0}> 
Timings{0}> computeErrors....... Wall max =  0.0108467
Timings{0}>                      Wall avg = 0.00271488
Timings{0}>                      Wall min = 0.000320401
Timings{0}> 
Timings{0}> initializeShapeFunc. Wall max = 0.00013545
Timings{0}>                      Wall avg = 0.000113269
Timings{0}>                      Wall min = 0.000105251
Timings{0}> 
Timings{0}> ScatterPIFNUFFT..... Wall max =    51.3963
Timings{0}>                      Wall avg =    37.9201
Timings{0}>                      Wall min =    6.85556
Timings{0}> 
Timings{0}> scatterAllReducePIF. Wall max =    40.3376
Timings{0}>                      Wall avg =    25.4586
Timings{0}>                      Wall min =    3.99827
Timings{0}> 
Timings{0}> GatherPIFNUFFT...... Wall max =    36.7251
Timings{0}>                      Wall avg =    26.5886
Timings{0}>                      Wall min =     4.7283
Timings{0}> 
Timings{0}> ---------------------------------------------
