Option '64' is not parsed by Ippl. Make sure your application parses it.
Option '64' is not parsed by Ippl. Make sure your application parses it.
Option '64' is not parsed by Ippl. Make sure your application parses it.
Option '64' is not parsed by Ippl. Make sure your application parses it.
Option '64' is not parsed by Ippl. Make sure your application parses it.
Option '64' is not parsed by Ippl. Make sure your application parses it.
Option '2621440' is not parsed by Ippl. Make sure your application parses it.
Option '19.2' is not parsed by Ippl. Make sure your application parses it.
Option '0.003125' is not parsed by Ippl. Make sure your application parses it.
Option '0.2' is not parsed by Ippl. Make sure your application parses it.
Option '1e-11' is not parsed by Ippl. Make sure your application parses it.
Option '1' is not parsed by Ippl. Make sure your application parses it.
Option 'B-spline' is not parsed by Ippl. Make sure your application parses it.
Option '1' is not parsed by Ippl. Make sure your application parses it.
Option '4' is not parsed by Ippl. Make sure your application parses it.
Option '16' is not parsed by Ippl. Make sure your application parses it.
Option '0.00001' is not parsed by Ippl. Make sure your application parses it.
Option '1e-12' is not parsed by Ippl. Make sure your application parses it.
Option 'PIF' is not parsed by Ippl. Make sure your application parses it.
LandauDampingPinT{63}> Parareal LandauDampingPinT
LandauDampingPinT{63}> Slice dT: 1.2
LandauDampingPinT{63}> No. of fine time steps: 384
LandauDampingPinT{63}> No. of coarse time steps: 6
LandauDampingPinT{63}> Tolerance: 1e-11 No. of cycles: 1
LandauDampingPinT{63}> Np= 2621440 Fourier modes = ( 64 , 64 , 64 ) Grid points = ( 64 , 64 , 64 )
LandauDampingPinT{63}> particles created and initial conditions assigned 
LandauDampingPinT{63}> Finished iteration: 1 in cycle: 1 Rerror: 0.00657361 Perror: 0.00557163
LandauDampingPinT{63}> Finished iteration: 2 in cycle: 1 Rerror: 0.00125018 Perror: 0.00167336
LandauDampingPinT{63}> Finished iteration: 3 in cycle: 1 Rerror: 0.000126045 Perror: 0.000234444
LandauDampingPinT{63}> Finished iteration: 4 in cycle: 1 Rerror: 7.83331e-06 Perror: 1.80013e-05
LandauDampingPinT{63}> Finished iteration: 5 in cycle: 1 Rerror: 3.35726e-07 Perror: 8.94987e-07
LandauDampingPinT{63}> Finished iteration: 6 in cycle: 1 Rerror: 1.06278e-08 Perror: 3.177e-08
LandauDampingPinT{63}> Finished iteration: 7 in cycle: 1 Rerror: 2.59479e-10 Perror: 8.55496e-10
LandauDampingPinT{63}> Finished iteration: 8 in cycle: 1 Rerror: 5.05178e-12 Perror: 1.81136e-11
LandauDampingPinT{63}> Finished iteration: 9 in cycle: 1 Rerror: 7.96122e-18 Perror: 3.49288e-17
LandauDampingPinT{63}> LandauDampingPinT Parareal: End.
Timings{0}> ---------------------------------------------
Timings{0}>      Timing results for 64 ranks:
Timings{0}> ---------------------------------------------
Timings{0}> mainTimer........... Wall tot =    540.653
Timings{0}> 
Timings{0}> particlesCreation... Wall max =    4.54325
Timings{0}>                      Wall avg =    2.44455
Timings{0}>                      Wall min =   0.316553
Timings{0}> 
Timings{0}> timeCommunication... Wall max =    26.4108
Timings{0}>                      Wall avg =     6.1602
Timings{0}>                      Wall min =   0.110723
Timings{0}> 
Timings{0}> deepCopy............ Wall max =  0.0031707
Timings{0}>                      Wall avg = 0.00226449
Timings{0}>                      Wall min = 0.000513632
Timings{0}> 
Timings{0}> finePropagator...... Wall max =    528.921
Timings{0}>                      Wall avg =    353.733
Timings{0}>                      Wall min =    59.0458
Timings{0}> 
Timings{0}> coarsePropagator.... Wall max =    1.90958
Timings{0}>                      Wall avg =    1.33103
Timings{0}>                      Wall min =    0.40203
Timings{0}> 
Timings{0}> dumpData............ Wall max =    7.47971
Timings{0}>                      Wall avg =    3.06463
Timings{0}>                      Wall min =   0.308483
Timings{0}> 
Timings{0}> computeErrors....... Wall max =  0.0153966
Timings{0}>                      Wall avg = 0.00374028
Timings{0}>                      Wall min = 0.000256981
Timings{0}> 
Timings{0}> initializeShapeFunc. Wall max = 0.00014987
Timings{0}>                      Wall avg = 0.000110266
Timings{0}>                      Wall min = 0.000101821
Timings{0}> 
Timings{0}> ScatterPIFNUFFT..... Wall max =    205.699
Timings{0}>                      Wall avg =    138.554
Timings{0}>                      Wall min =    22.7854
Timings{0}> 
Timings{0}> scatterAllReducePIF. Wall max =    38.5559
Timings{0}>                      Wall avg =    21.5562
Timings{0}>                      Wall min =    4.47312
Timings{0}> 
Timings{0}> GatherPIFNUFFT...... Wall max =    284.616
Timings{0}>                      Wall avg =     191.21
Timings{0}>                      Wall min =    31.5722
Timings{0}> 
Timings{0}> ---------------------------------------------
