+ '[' -z '' ']'
+ case "$-" in
+ __lmod_vx=x
+ '[' -n x ']'
+ set +x
Shell debugging temporarily silenced: export LMOD_SH_DBG_ON=1 for this output (/p/software/juwelsbooster/lmod/8.7.12/init/bash)
Shell debugging restarted
+ unset __lmod_vx
+ srun ./PenningTrapPIF 128 128 128 20971520 768 0.003125 B-spline 1 1e-7 --info 5
PenningTrapPIF: /dev/shm/swmanage/juwelsbooster/pscom/5-default/GCCcore-12.3.0/pscom-5.7.0-1/lib/pscom/pscom_con.c:137: pscom_con_terminate_recvq: Assertion `sock->magic == MAGIC_SOCKET' failed.
PenningTrapPIF: /dev/shm/swmanage/juwelsbooster/pscom/5-default/GCCcore-12.3.0/pscom-5.7.0-1/lib/pscom/pscom_con.c:137: pscom_con_terminate_recvq: Assertion `sock->magic == MAGIC_SOCKET' failed.
PenningTrapPIF: /dev/shm/swmanage/juwelsbooster/pscom/5-default/GCCcore-12.3.0/pscom-5.7.0-1/lib/pscom/pscom_con.c:137: pscom_con_terminate_recvq: Assertion `sock->magic == MAGIC_SOCKET' failed.
PenningTrapPIF: /dev/shm/swmanage/juwelsbooster/pscom/5-default/GCCcore-12.3.0/pscom-5.7.0-1/lib/pscom/pscom_con.c:137: pscom_con_terminate_recvq: Assertion `sock->magic == MAGIC_SOCKET' failed.
PenningTrapPIF: /dev/shm/swmanage/juwelsbooster/pscom/5-default/GCCcore-12.3.0/pscom-5.7.0-1/lib/pscom/pscom_con.c:117: pscom_con_terminate_recvq: Assertion `con->magic == MAGIC_CONNECTION' failed.
PenningTrapPIF: /dev/shm/swmanage/juwelsbooster/pscom/5-default/GCCcore-12.3.0/pscom-5.7.0-1/lib/pscom/pscom_con.c:137: pscom_con_terminate_recvq: Assertion `sock->magic == MAGIC_SOCKET' failed.
PenningTrapPIF: /dev/shm/swmanage/juwelsbooster/pscom/5-default/GCCcore-12.3.0/pscom-5.7.0-1/lib/pscom/pscom_con.c:117: pscom_con_terminate_recvq: Assertion `con->magic == MAGIC_CONNECTION' failed.
PenningTrapPIF: /dev/shm/swmanage/juwelsbooster/pscom/5-default/GCCcore-12.3.0/pscom-5.7.0-1/lib/pscom/pscom_con.c:117: pscom_con_terminate_recvq: Assertion `con->magic == MAGIC_CONNECTION' failed.
PenningTrapPIF: /dev/shm/swmanage/juwelsbooster/pscom/5-default/GCCcore-12.3.0/pscom-5.7.0-1/lib/pscom/pscom_con.c:117: pscom_con_terminate_recvq: Assertion `con->magic == MAGIC_CONNECTION' failed.
PenningTrapPIF: /dev/shm/swmanage/juwelsbooster/pscom/5-default/GCCcore-12.3.0/pscom-5.7.0-1/lib/pscom/pscom_con.c:137: pscom_con_terminate_recvq: Assertion `sock->magic == MAGIC_SOCKET' failed.
PenningTrapPIF: /dev/shm/swmanage/juwelsbooster/pscom/5-default/GCCcore-12.3.0/pscom-5.7.0-1/lib/pscom/pscom_con.c:117: pscom_con_terminate_recvq: Assertion `con->magic == MAGIC_CONNECTION' failed.
PenningTrapPIF: /dev/shm/swmanage/juwelsbooster/pscom/5-default/GCCcore-12.3.0/pscom-5.7.0-1/lib/pscom/pscom_con.c:137: pscom_con_terminate_recvq: Assertion `sock->magic == MAGIC_SOCKET' failed.
PenningTrapPIF: /dev/shm/swmanage/juwelsbooster/pscom/5-default/GCCcore-12.3.0/pscom-5.7.0-1/lib/pscom/pscom_con.c:137: pscom_con_terminate_recvq: Assertion `sock->magic == MAGIC_SOCKET' failed.
PenningTrapPIF: /dev/shm/swmanage/juwelsbooster/pscom/5-default/GCCcore-12.3.0/pscom-5.7.0-1/lib/pscom/pscom_con.c:117: pscom_con_terminate_recvq: Assertion `con->magic == MAGIC_CONNECTION' failed.
PenningTrapPIF: /dev/shm/swmanage/juwelsbooster/pscom/5-default/GCCcore-12.3.0/pscom-5.7.0-1/lib/pscom/pscom_con.c:137: pscom_con_terminate_recvq: Assertion `sock->magic == MAGIC_SOCKET' failed.
PenningTrapPIF: /dev/shm/swmanage/juwelsbooster/pscom/5-default/GCCcore-12.3.0/pscom-5.7.0-1/lib/pscom/pscom_con.c:117: pscom_con_terminate_recvq: Assertion `con->magic == MAGIC_CONNECTION' failed.
PenningTrapPIF: /dev/shm/swmanage/juwelsbooster/pscom/5-default/GCCcore-12.3.0/pscom-5.7.0-1/lib/pscom/pscom_con.c:117: pscom_con_terminate_recvq: Assertion `con->magic == MAGIC_CONNECTION' failed.
PenningTrapPIF: /dev/shm/swmanage/juwelsbooster/pscom/5-default/GCCcore-12.3.0/pscom-5.7.0-1/lib/pscom/pscom_con.c:137: pscom_con_terminate_recvq: Assertion `sock->magic == MAGIC_SOCKET' failed.
PenningTrapPIF: /dev/shm/swmanage/juwelsbooster/pscom/5-default/GCCcore-12.3.0/pscom-5.7.0-1/lib/pscom/pscom_con.c:137: pscom_con_terminate_recvq: Assertion `sock->magic == MAGIC_SOCKET' failed.
PenningTrapPIF: /dev/shm/swmanage/juwelsbooster/pscom/5-default/GCCcore-12.3.0/pscom-5.7.0-1/lib/pscom/pscom_con.c:117: pscom_con_terminate_recvq: Assertion `con->magic == MAGIC_CONNECTION' failed.
PenningTrapPIF: /dev/shm/swmanage/juwelsbooster/pscom/5-default/GCCcore-12.3.0/pscom-5.7.0-1/lib/pscom/pscom_con.c:137: pscom_con_terminate_recvq: Assertion `sock->magic == MAGIC_SOCKET' failed.
PenningTrapPIF: /dev/shm/swmanage/juwelsbooster/pscom/5-default/GCCcore-12.3.0/pscom-5.7.0-1/lib/pscom/pscom_con.c:137: pscom_con_terminate_recvq: Assertion `sock->magic == MAGIC_SOCKET' failed.
PenningTrapPIF: /dev/shm/swmanage/juwelsbooster/pscom/5-default/GCCcore-12.3.0/pscom-5.7.0-1/lib/pscom/pscom_con.c:137: pscom_con_terminate_recvq: Assertion `sock->magic == MAGIC_SOCKET' failed.
[jwb0513:31935:0:31935] Caught signal 11 (Segmentation fault: address not mapped to object at address 0xb0)
PenningTrapPIF: /dev/shm/swmanage/juwelsbooster/pscom/5-default/GCCcore-12.3.0/pscom-5.7.0-1/lib/pscom/pscom_con.c:137: pscom_con_terminate_recvq: Assertion `sock->magic == MAGIC_SOCKET' failed.
PenningTrapPIF: /dev/shm/swmanage/juwelsbooster/pscom/5-default/GCCcore-12.3.0/pscom-5.7.0-1/lib/pscom/pscom_con.c:137: pscom_con_terminate_recvq: Assertion `sock->magic == MAGIC_SOCKET' failed.
PenningTrapPIF: /dev/shm/swmanage/juwelsbooster/pscom/5-default/GCCcore-12.3.0/pscom-5.7.0-1/lib/pscom/pscom_con.c:117: pscom_con_terminate_recvq: Assertion `con->magic == MAGIC_CONNECTION' failed.
PenningTrapPIF: /dev/shm/swmanage/juwelsbooster/pscom/5-default/GCCcore-12.3.0/pscom-5.7.0-1/lib/pscom/pscom_con.c:117: pscom_con_terminate_recvq: Assertion `con->magic == MAGIC_CONNECTION' failed.
PenningTrapPIF: /dev/shm/swmanage/juwelsbooster/pscom/5-default/GCCcore-12.3.0/pscom-5.7.0-1/lib/pscom/pscom_con.c:137: pscom_con_terminate_recvq: Assertion `sock->magic == MAGIC_SOCKET' failed.
PenningTrapPIF: /dev/shm/swmanage/juwelsbooster/pscom/5-default/GCCcore-12.3.0/pscom-5.7.0-1/lib/pscom/pscom_con.c:117: pscom_con_terminate_recvq: Assertion `con->magic == MAGIC_CONNECTION' failed.
PenningTrapPIF: /dev/shm/swmanage/juwelsbooster/pscom/5-default/GCCcore-12.3.0/pscom-5.7.0-1/lib/pscom/pscom_con.c:137: pscom_con_terminate_recvq: Assertion `sock->magic == MAGIC_SOCKET' failed.
PenningTrapPIF: /dev/shm/swmanage/juwelsbooster/pscom/5-default/GCCcore-12.3.0/pscom-5.7.0-1/lib/pscom/pscom_con.c:137: pscom_con_terminate_recvq: Assertion `sock->magic == MAGIC_SOCKET' failed.
PenningTrapPIF: /dev/shm/swmanage/juwelsbooster/pscom/5-default/GCCcore-12.3.0/pscom-5.7.0-1/lib/pscom/pscom_con.c:117: pscom_con_terminate_recvq: Assertion `con->magic == MAGIC_CONNECTION' failed.
PenningTrapPIF: /dev/shm/swmanage/juwelsbooster/pscom/5-default/GCCcore-12.3.0/pscom-5.7.0-1/lib/pscom/pscom_con.c:117: pscom_con_terminate_recvq: Assertion `con->magic == MAGIC_CONNECTION' failed.
PenningTrapPIF: /dev/shm/swmanage/juwelsbooster/pscom/5-default/GCCcore-12.3.0/pscom-5.7.0-1/lib/pscom/pscom_con.c:117: pscom_con_terminate_recvq: Assertion `con->magic == MAGIC_CONNECTION' failed.
PenningTrapPIF: /dev/shm/swmanage/juwelsbooster/pscom/5-default/GCCcore-12.3.0/pscom-5.7.0-1/lib/pscom/pscom_con.c:117: pscom_con_terminate_recvq: Assertion `con->magic == MAGIC_CONNECTION' failed.
PenningTrapPIF: /dev/shm/swmanage/juwelsbooster/pscom/5-default/GCCcore-12.3.0/pscom-5.7.0-1/lib/pscom/pscom_con.c:137: pscom_con_terminate_recvq: Assertion `sock->magic == MAGIC_SOCKET' failed.
PenningTrapPIF: /dev/shm/swmanage/juwelsbooster/pscom/5-default/GCCcore-12.3.0/pscom-5.7.0-1/lib/pscom/pscom_con.c:117: pscom_con_terminate_recvq: Assertion `con->magic == MAGIC_CONNECTION' failed.
PenningTrapPIF: /dev/shm/swmanage/juwelsbooster/pscom/5-default/GCCcore-12.3.0/pscom-5.7.0-1/lib/pscom/pscom_con.c:117: pscom_con_terminate_recvq: Assertion `con->magic == MAGIC_CONNECTION' failed.
PenningTrapPIF: /dev/shm/swmanage/juwelsbooster/pscom/5-default/GCCcore-12.3.0/pscom-5.7.0-1/lib/pscom/pscom_con.c:117: pscom_con_terminate_recvq: Assertion `con->magic == MAGIC_CONNECTION' failed.
PenningTrapPIF: /dev/shm/swmanage/juwelsbooster/pscom/5-default/GCCcore-12.3.0/pscom-5.7.0-1/lib/pscom/pscom_con.c:137: pscom_con_terminate_recvq: Assertion `sock->magic == MAGIC_SOCKET' failed.
PenningTrapPIF: /dev/shm/swmanage/juwelsbooster/pscom/5-default/GCCcore-12.3.0/pscom-5.7.0-1/lib/pscom/pscom_con.c:137: pscom_con_terminate_recvq: Assertion `sock->magic == MAGIC_SOCKET' failed.
PenningTrapPIF: /dev/shm/swmanage/juwelsbooster/pscom/5-default/GCCcore-12.3.0/pscom-5.7.0-1/lib/pscom/pscom_con.c:137: pscom_con_terminate_recvq: Assertion `sock->magic == MAGIC_SOCKET' failed.
PenningTrapPIF: /dev/shm/swmanage/juwelsbooster/pscom/5-default/GCCcore-12.3.0/pscom-5.7.0-1/lib/pscom/pscom_con.c:137: pscom_con_terminate_recvq: Assertion `sock->magic == MAGIC_SOCKET' failed.
PenningTrapPIF: /dev/shm/swmanage/juwelsbooster/pscom/5-default/GCCcore-12.3.0/pscom-5.7.0-1/lib/pscom/pscom_con.c:117: pscom_con_terminate_recvq: Assertion `con->magic == MAGIC_CONNECTION' failed.
PenningTrapPIF: /dev/shm/swmanage/juwelsbooster/pscom/5-default/GCCcore-12.3.0/pscom-5.7.0-1/lib/pscom/pscom_con.c:137: pscom_con_terminate_recvq: Assertion `sock->magic == MAGIC_SOCKET' failed.
PenningTrapPIF: /dev/shm/swmanage/juwelsbooster/pscom/5-default/GCCcore-12.3.0/pscom-5.7.0-1/lib/pscom/pscom_con.c:137: pscom_con_terminate_recvq: Assertion `sock->magic == MAGIC_SOCKET' failed.
PenningTrapPIF: /dev/shm/swmanage/juwelsbooster/pscom/5-default/GCCcore-12.3.0/pscom-5.7.0-1/lib/pscom/pscom_con.c:117: pscom_con_terminate_recvq: Assertion `con->magic == MAGIC_CONNECTION' failed.
PenningTrapPIF: /dev/shm/swmanage/juwelsbooster/pscom/5-default/GCCcore-12.3.0/pscom-5.7.0-1/lib/pscom/pscom_con.c:137: pscom_con_terminate_recvq: Assertion `sock->magic == MAGIC_SOCKET' failed.
PenningTrapPIF: /dev/shm/swmanage/juwelsbooster/pscom/5-default/GCCcore-12.3.0/pscom-5.7.0-1/lib/pscom/pscom_con.c:137: pscom_con_terminate_recvq: Assertion `sock->magic == MAGIC_SOCKET' failed.
PenningTrapPIF: /dev/shm/swmanage/juwelsbooster/pscom/5-default/GCCcore-12.3.0/pscom-5.7.0-1/lib/pscom/pscom_con.c:137: pscom_con_terminate_recvq: Assertion `sock->magic == MAGIC_SOCKET' failed.
PenningTrapPIF: /dev/shm/swmanage/juwelsbooster/pscom/5-default/GCCcore-12.3.0/pscom-5.7.0-1/lib/pscom/pscom_con.c:137: pscom_con_terminate_recvq: Assertion `sock->magic == MAGIC_SOCKET' failed.
PenningTrapPIF: /dev/shm/swmanage/juwelsbooster/pscom/5-default/GCCcore-12.3.0/pscom-5.7.0-1/lib/pscom/pscom_con.c:117: pscom_con_terminate_recvq: Assertion `con->magic == MAGIC_CONNECTION' failed.
PenningTrapPIF: /dev/shm/swmanage/juwelsbooster/pscom/5-default/GCCcore-12.3.0/pscom-5.7.0-1/lib/pscom/pscom_con.c:137: pscom_con_terminate_recvq: Assertion `sock->magic == MAGIC_SOCKET' failed.
PenningTrapPIF: /dev/shm/swmanage/juwelsbooster/pscom/5-default/GCCcore-12.3.0/pscom-5.7.0-1/lib/pscom/pscom_con.c:117: pscom_con_terminate_recvq: Assertion `con->magic == MAGIC_CONNECTION' failed.
PenningTrapPIF: /dev/shm/swmanage/juwelsbooster/pscom/5-default/GCCcore-12.3.0/pscom-5.7.0-1/lib/pscom/pscom_con.c:137: pscom_con_terminate_recvq: Assertion `sock->magic == MAGIC_SOCKET' failed.
PenningTrapPIF: /dev/shm/swmanage/juwelsbooster/pscom/5-default/GCCcore-12.3.0/pscom-5.7.0-1/lib/pscom/pscom_con.c:137: pscom_con_terminate_recvq: Assertion `sock->magic == MAGIC_SOCKET' failed.
PenningTrapPIF: /dev/shm/swmanage/juwelsbooster/pscom/5-default/GCCcore-12.3.0/pscom-5.7.0-1/lib/pscom/pscom_con.c:137: pscom_con_terminate_recvq: Assertion `sock->magic == MAGIC_SOCKET' failed.
PenningTrapPIF: /dev/shm/swmanage/juwelsbooster/pscom/5-default/GCCcore-12.3.0/pscom-5.7.0-1/lib/pscom/pscom_con.c:117: pscom_con_terminate_recvq: Assertion `con->magic == MAGIC_CONNECTION' failed.
PenningTrapPIF: /dev/shm/swmanage/juwelsbooster/pscom/5-default/GCCcore-12.3.0/pscom-5.7.0-1/lib/pscom/pscom_con.c:137: pscom_con_terminate_recvq: Assertion `sock->magic == MAGIC_SOCKET' failed.
PenningTrapPIF: /dev/shm/swmanage/juwelsbooster/pscom/5-default/GCCcore-12.3.0/pscom-5.7.0-1/lib/pscom/pscom_con.c:137: pscom_con_terminate_recvq: Assertion `sock->magic == MAGIC_SOCKET' failed.
PenningTrapPIF: /dev/shm/swmanage/juwelsbooster/pscom/5-default/GCCcore-12.3.0/pscom-5.7.0-1/lib/pscom/pscom_con.c:137: pscom_con_terminate_recvq: Assertion `sock->magic == MAGIC_SOCKET' failed.
PenningTrapPIF: /dev/shm/swmanage/juwelsbooster/pscom/5-default/GCCcore-12.3.0/pscom-5.7.0-1/lib/pscom/pscom_con.c:137: pscom_con_terminate_recvq: Assertion `sock->magic == MAGIC_SOCKET' failed.
PenningTrapPIF: /dev/shm/swmanage/juwelsbooster/pscom/5-default/GCCcore-12.3.0/pscom-5.7.0-1/lib/pscom/pscom_con.c:117: pscom_con_terminate_recvq: Assertion `con->magic == MAGIC_CONNECTION' failed.
PenningTrapPIF: /dev/shm/swmanage/juwelsbooster/pscom/5-default/GCCcore-12.3.0/pscom-5.7.0-1/lib/pscom/pscom_con.c:117: pscom_con_terminate_recvq: Assertion `con->magic == MAGIC_CONNECTION' failed.
PenningTrapPIF: /dev/shm/swmanage/juwelsbooster/pscom/5-default/GCCcore-12.3.0/pscom-5.7.0-1/lib/pscom/pscom_con.c:117: pscom_con_terminate_recvq: Assertion `con->magic == MAGIC_CONNECTION' failed.
PenningTrapPIF: /dev/shm/swmanage/juwelsbooster/pscom/5-default/GCCcore-12.3.0/pscom-5.7.0-1/lib/pscom/pscom_con.c:137: pscom_con_terminate_recvq: Assertion `sock->magic == MAGIC_SOCKET' failed.
PenningTrapPIF: /dev/shm/swmanage/juwelsbooster/pscom/5-default/GCCcore-12.3.0/pscom-5.7.0-1/lib/pscom/pscom_con.c:137: pscom_con_terminate_recvq: Assertion `sock->magic == MAGIC_SOCKET' failed.
PenningTrapPIF: /dev/shm/swmanage/juwelsbooster/pscom/5-default/GCCcore-12.3.0/pscom-5.7.0-1/lib/pscom/pscom_con.c:137: pscom_con_terminate_recvq: Assertion `sock->magic == MAGIC_SOCKET' failed.
PenningTrapPIF: /dev/shm/swmanage/juwelsbooster/pscom/5-default/GCCcore-12.3.0/pscom-5.7.0-1/lib/pscom/pscom_con.c:137: pscom_con_terminate_recvq: Assertion `sock->magic == MAGIC_SOCKET' failed.
PenningTrapPIF: /dev/shm/swmanage/juwelsbooster/pscom/5-default/GCCcore-12.3.0/pscom-5.7.0-1/lib/pscom/pscom_con.c:137: pscom_con_terminate_recvq: Assertion `sock->magic == MAGIC_SOCKET' failed.
PenningTrapPIF: /dev/shm/swmanage/juwelsbooster/pscom/5-default/GCCcore-12.3.0/pscom-5.7.0-1/lib/pscom/pscom_con.c:117: pscom_con_terminate_recvq: Assertion `con->magic == MAGIC_CONNECTION' failed.
PenningTrapPIF: /dev/shm/swmanage/juwelsbooster/pscom/5-default/GCCcore-12.3.0/pscom-5.7.0-1/lib/pscom/pscom_con.c:137: pscom_con_terminate_recvq: Assertion `sock->magic == MAGIC_SOCKET' failed.
PenningTrapPIF: /dev/shm/swmanage/juwelsbooster/pscom/5-default/GCCcore-12.3.0/pscom-5.7.0-1/lib/pscom/pscom_con.c:137: pscom_con_terminate_recvq: Assertion `sock->magic == MAGIC_SOCKET' failed.
PenningTrapPIF: /dev/shm/swmanage/juwelsbooster/pscom/5-default/GCCcore-12.3.0/pscom-5.7.0-1/lib/pscom/pscom_con.c:117: pscom_con_terminate_recvq: Assertion `con->magic == MAGIC_CONNECTION' failed.
PenningTrapPIF: /dev/shm/swmanage/juwelsbooster/pscom/5-default/GCCcore-12.3.0/pscom-5.7.0-1/lib/pscom/pscom_con.c:137: pscom_con_terminate_recvq: Assertion `sock->magic == MAGIC_SOCKET' failed.
PenningTrapPIF: /dev/shm/swmanage/juwelsbooster/pscom/5-default/GCCcore-12.3.0/pscom-5.7.0-1/lib/pscom/pscom_con.c:117: pscom_con_terminate_recvq: Assertion `con->magic == MAGIC_CONNECTION' failed.
PenningTrapPIF: /dev/shm/swmanage/juwelsbooster/pscom/5-default/GCCcore-12.3.0/pscom-5.7.0-1/lib/pscom/pscom_con.c:137: pscom_con_terminate_recvq: Assertion `sock->magic == MAGIC_SOCKET' failed.
PenningTrapPIF: /dev/shm/swmanage/juwelsbooster/pscom/5-default/GCCcore-12.3.0/pscom-5.7.0-1/lib/pscom/pscom_con.c:137: pscom_con_terminate_recvq: Assertion `sock->magic == MAGIC_SOCKET' failed.
PenningTrapPIF: /dev/shm/swmanage/juwelsbooster/pscom/5-default/GCCcore-12.3.0/pscom-5.7.0-1/lib/pscom/pscom_con.c:137: pscom_con_terminate_recvq: Assertion `sock->magic == MAGIC_SOCKET' failed.
PenningTrapPIF: /dev/shm/swmanage/juwelsbooster/pscom/5-default/GCCcore-12.3.0/pscom-5.7.0-1/lib/pscom/pscom_con.c:137: pscom_con_terminate_recvq: Assertion `sock->magic == MAGIC_SOCKET' failed.
PenningTrapPIF: /dev/shm/swmanage/juwelsbooster/pscom/5-default/GCCcore-12.3.0/pscom-5.7.0-1/lib/pscom/pscom_con.c:137: pscom_con_terminate_recvq: Assertion `sock->magic == MAGIC_SOCKET' failed.
PenningTrapPIF: /dev/shm/swmanage/juwelsbooster/pscom/5-default/GCCcore-12.3.0/pscom-5.7.0-1/lib/pscom/pscom_con.c:137: pscom_con_terminate_recvq: Assertion `sock->magic == MAGIC_SOCKET' failed.
PenningTrapPIF: /dev/shm/swmanage/juwelsbooster/pscom/5-default/GCCcore-12.3.0/pscom-5.7.0-1/lib/pscom/pscom_con.c:117: pscom_con_terminate_recvq: Assertion `con->magic == MAGIC_CONNECTION' failed.
PenningTrapPIF: /dev/shm/swmanage/juwelsbooster/pscom/5-default/GCCcore-12.3.0/pscom-5.7.0-1/lib/pscom/pscom_con.c:137: pscom_con_terminate_recvq: Assertion `sock->magic == MAGIC_SOCKET' failed.
PenningTrapPIF: /dev/shm/swmanage/juwelsbooster/pscom/5-default/GCCcore-12.3.0/pscom-5.7.0-1/lib/pscom/pscom_con.c:117: pscom_con_terminate_recvq: Assertion `con->magic == MAGIC_CONNECTION' failed.
PenningTrapPIF: /dev/shm/swmanage/juwelsbooster/pscom/5-default/GCCcore-12.3.0/pscom-5.7.0-1/lib/pscom/pscom_con.c:137: pscom_con_terminate_recvq: Assertion `sock->magic == MAGIC_SOCKET' failed.
PenningTrapPIF: /dev/shm/swmanage/juwelsbooster/pscom/5-default/GCCcore-12.3.0/pscom-5.7.0-1/lib/pscom/pscom_con.c:137: pscom_con_terminate_recvq: Assertion `sock->magic == MAGIC_SOCKET' failed.
PenningTrapPIF: /dev/shm/swmanage/juwelsbooster/pscom/5-default/GCCcore-12.3.0/pscom-5.7.0-1/lib/pscom/pscom_con.c:117: pscom_con_terminate_recvq: Assertion `con->magic == MAGIC_CONNECTION' failed.
PenningTrapPIF: /dev/shm/swmanage/juwelsbooster/pscom/5-default/GCCcore-12.3.0/pscom-5.7.0-1/lib/pscom/pscom_con.c:117: pscom_con_terminate_recvq: Assertion `con->magic == MAGIC_CONNECTION' failed.
PenningTrapPIF: /dev/shm/swmanage/juwelsbooster/pscom/5-default/GCCcore-12.3.0/pscom-5.7.0-1/lib/pscom/pscom_con.c:137: pscom_con_terminate_recvq: Assertion `sock->magic == MAGIC_SOCKET' failed.
PenningTrapPIF: /dev/shm/swmanage/juwelsbooster/pscom/5-default/GCCcore-12.3.0/pscom-5.7.0-1/lib/pscom/pscom_con.c:137: pscom_con_terminate_recvq: Assertion `sock->magic == MAGIC_SOCKET' failed.
PenningTrapPIF: /dev/shm/swmanage/juwelsbooster/pscom/5-default/GCCcore-12.3.0/pscom-5.7.0-1/lib/pscom/pscom_con.c:117: pscom_con_terminate_recvq: Assertion `con->magic == MAGIC_CONNECTION' failed.
PenningTrapPIF: /dev/shm/swmanage/juwelsbooster/pscom/5-default/GCCcore-12.3.0/pscom-5.7.0-1/lib/pscom/pscom_con.c:137: pscom_con_terminate_recvq: Assertion `sock->magic == MAGIC_SOCKET' failed.
PenningTrapPIF: /dev/shm/swmanage/juwelsbooster/pscom/5-default/GCCcore-12.3.0/pscom-5.7.0-1/lib/pscom/pscom_con.c:137: pscom_con_terminate_recvq: Assertion `sock->magic == MAGIC_SOCKET' failed.
PenningTrapPIF: /dev/shm/swmanage/juwelsbooster/pscom/5-default/GCCcore-12.3.0/pscom-5.7.0-1/lib/pscom/pscom_con.c:137: pscom_con_terminate_recvq: Assertion `sock->magic == MAGIC_SOCKET' failed.
PenningTrapPIF: /dev/shm/swmanage/juwelsbooster/pscom/5-default/GCCcore-12.3.0/pscom-5.7.0-1/lib/pscom/pscom_con.c:117: pscom_con_terminate_recvq: Assertion `con->magic == MAGIC_CONNECTION' failed.
PenningTrapPIF: /dev/shm/swmanage/juwelsbooster/pscom/5-default/GCCcore-12.3.0/pscom-5.7.0-1/lib/pscom/pscom_con.c:137: pscom_con_terminate_recvq: Assertion `sock->magic == MAGIC_SOCKET' failed.
PenningTrapPIF: /dev/shm/swmanage/juwelsbooster/pscom/5-default/GCCcore-12.3.0/pscom-5.7.0-1/lib/pscom/pscom_con.c:137: pscom_con_terminate_recvq: Assertion `sock->magic == MAGIC_SOCKET' failed.
PenningTrapPIF: /dev/shm/swmanage/juwelsbooster/pscom/5-default/GCCcore-12.3.0/pscom-5.7.0-1/lib/pscom/pscom_con.c:137: pscom_con_terminate_recvq: Assertion `sock->magic == MAGIC_SOCKET' failed.
PenningTrapPIF: /dev/shm/swmanage/juwelsbooster/pscom/5-default/GCCcore-12.3.0/pscom-5.7.0-1/lib/pscom/pscom_con.c:137: pscom_con_terminate_recvq: Assertion `sock->magic == MAGIC_SOCKET' failed.
PenningTrapPIF: /dev/shm/swmanage/juwelsbooster/pscom/5-default/GCCcore-12.3.0/pscom-5.7.0-1/lib/pscom/pscom_con.c:117: pscom_con_terminate_recvq: Assertion `con->magic == MAGIC_CONNECTION' failed.
PenningTrapPIF: /dev/shm/swmanage/juwelsbooster/pscom/5-default/GCCcore-12.3.0/pscom-5.7.0-1/lib/pscom/pscom_con.c:117: pscom_con_terminate_recvq: Assertion `con->magic == MAGIC_CONNECTION' failed.
PenningTrapPIF: /dev/shm/swmanage/juwelsbooster/pscom/5-default/GCCcore-12.3.0/pscom-5.7.0-1/lib/pscom/pscom_con.c:117: pscom_con_terminate_recvq: Assertion `con->magic == MAGIC_CONNECTION' failed.
PenningTrapPIF: /dev/shm/swmanage/juwelsbooster/pscom/5-default/GCCcore-12.3.0/pscom-5.7.0-1/lib/pscom/pscom_con.c:117: pscom_con_terminate_recvq: Assertion `con->magic == MAGIC_CONNECTION' failed.
PenningTrapPIF: /dev/shm/swmanage/juwelsbooster/pscom/5-default/GCCcore-12.3.0/pscom-5.7.0-1/lib/pscom/pscom_con.c:117: pscom_con_terminate_recvq: Assertion `con->magic == MAGIC_CONNECTION' failed.
PenningTrapPIF: /dev/shm/swmanage/juwelsbooster/pscom/5-default/GCCcore-12.3.0/pscom-5.7.0-1/lib/pscom/pscom_con.c:137: pscom_con_terminate_recvq: Assertion `sock->magic == MAGIC_SOCKET' failed.
PenningTrapPIF: /dev/shm/swmanage/juwelsbooster/pscom/5-default/GCCcore-12.3.0/pscom-5.7.0-1/lib/pscom/pscom_con.c:117: pscom_con_terminate_recvq: Assertion `con->magic == MAGIC_CONNECTION' failed.
PenningTrapPIF: /dev/shm/swmanage/juwelsbooster/pscom/5-default/GCCcore-12.3.0/pscom-5.7.0-1/lib/pscom/pscom_con.c:137: pscom_con_terminate_recvq: Assertion `sock->magic == MAGIC_SOCKET' failed.
PenningTrapPIF: /dev/shm/swmanage/juwelsbooster/pscom/5-default/GCCcore-12.3.0/pscom-5.7.0-1/lib/pscom/pscom_con.c:117: pscom_con_terminate_recvq: Assertion `con->magic == MAGIC_CONNECTION' failed.
PenningTrapPIF: /dev/shm/swmanage/juwelsbooster/pscom/5-default/GCCcore-12.3.0/pscom-5.7.0-1/lib/pscom/pscom_con.c:117: pscom_con_terminate_recvq: Assertion `con->magic == MAGIC_CONNECTION' failed.
PenningTrapPIF: /dev/shm/swmanage/juwelsbooster/pscom/5-default/GCCcore-12.3.0/pscom-5.7.0-1/lib/pscom/pscom_con.c:117: pscom_con_terminate_recvq: Assertion `con->magic == MAGIC_CONNECTION' failed.
PenningTrapPIF: /dev/shm/swmanage/juwelsbooster/pscom/5-default/GCCcore-12.3.0/pscom-5.7.0-1/lib/pscom/pscom_con.c:117: pscom_con_terminate_recvq: Assertion `con->magic == MAGIC_CONNECTION' failed.
PenningTrapPIF: /dev/shm/swmanage/juwelsbooster/pscom/5-default/GCCcore-12.3.0/pscom-5.7.0-1/lib/pscom/pscom_con.c:117: pscom_con_terminate_recvq: Assertion `con->magic == MAGIC_CONNECTION' failed.
PenningTrapPIF: /dev/shm/swmanage/juwelsbooster/pscom/5-default/GCCcore-12.3.0/pscom-5.7.0-1/lib/pscom/pscom_con.c:117: pscom_con_terminate_recvq: Assertion `con->magic == MAGIC_CONNECTION' failed.
PenningTrapPIF: /dev/shm/swmanage/juwelsbooster/pscom/5-default/GCCcore-12.3.0/pscom-5.7.0-1/lib/pscom/pscom_con.c:117: pscom_con_terminate_recvq: Assertion `con->magic == MAGIC_CONNECTION' failed.
PenningTrapPIF: /dev/shm/swmanage/juwelsbooster/pscom/5-default/GCCcore-12.3.0/pscom-5.7.0-1/lib/pscom/pscom_con.c:117: pscom_con_terminate_recvq: Assertion `con->magic == MAGIC_CONNECTION' failed.
PenningTrapPIF: /dev/shm/swmanage/juwelsbooster/pscom/5-default/GCCcore-12.3.0/pscom-5.7.0-1/lib/pscom/pscom_con.c:137: pscom_con_terminate_recvq: Assertion `sock->magic == MAGIC_SOCKET' failed.
PenningTrapPIF: /dev/shm/swmanage/juwelsbooster/pscom/5-default/GCCcore-12.3.0/pscom-5.7.0-1/lib/pscom/pscom_con.c:137: pscom_con_terminate_recvq: Assertion `sock->magic == MAGIC_SOCKET' failed.
PenningTrapPIF: /dev/shm/swmanage/juwelsbooster/pscom/5-default/GCCcore-12.3.0/pscom-5.7.0-1/lib/pscom/pscom_con.c:137: pscom_con_terminate_recvq: Assertion `sock->magic == MAGIC_SOCKET' failed.
PenningTrapPIF: /dev/shm/swmanage/juwelsbooster/pscom/5-default/GCCcore-12.3.0/pscom-5.7.0-1/lib/pscom/pscom_con.c:137: pscom_con_terminate_recvq: Assertion `sock->magic == MAGIC_SOCKET' failed.
PenningTrapPIF: /dev/shm/swmanage/juwelsbooster/pscom/5-default/GCCcore-12.3.0/pscom-5.7.0-1/lib/pscom/pscom_con.c:117: pscom_con_terminate_recvq: Assertion `con->magic == MAGIC_CONNECTION' failed.
PenningTrapPIF: /dev/shm/swmanage/juwelsbooster/pscom/5-default/GCCcore-12.3.0/pscom-5.7.0-1/lib/pscom/pscom_con.c:137: pscom_con_terminate_recvq: Assertion `sock->magic == MAGIC_SOCKET' failed.
PenningTrapPIF: /dev/shm/swmanage/juwelsbooster/pscom/5-default/GCCcore-12.3.0/pscom-5.7.0-1/lib/pscom/pscom_con.c:137: pscom_con_terminate_recvq: Assertion `sock->magic == MAGIC_SOCKET' failed.
PenningTrapPIF: /dev/shm/swmanage/juwelsbooster/pscom/5-default/GCCcore-12.3.0/pscom-5.7.0-1/lib/pscom/pscom_con.c:117: pscom_con_terminate_recvq: Assertion `con->magic == MAGIC_CONNECTION' failed.
PenningTrapPIF: /dev/shm/swmanage/juwelsbooster/pscom/5-default/GCCcore-12.3.0/pscom-5.7.0-1/lib/pscom/pscom_con.c:137: pscom_con_terminate_recvq: Assertion `sock->magic == MAGIC_SOCKET' failed.
PenningTrapPIF: /dev/shm/swmanage/juwelsbooster/pscom/5-default/GCCcore-12.3.0/pscom-5.7.0-1/lib/pscom/pscom_con.c:137: pscom_con_terminate_recvq: Assertion `sock->magic == MAGIC_SOCKET' failed.
PenningTrapPIF: /dev/shm/swmanage/juwelsbooster/pscom/5-default/GCCcore-12.3.0/pscom-5.7.0-1/lib/pscom/pscom_con.c:137: pscom_con_terminate_recvq: Assertion `sock->magic == MAGIC_SOCKET' failed.
PenningTrapPIF: /dev/shm/swmanage/juwelsbooster/pscom/5-default/GCCcore-12.3.0/pscom-5.7.0-1/lib/pscom/pscom_con.c:117: pscom_con_terminate_recvq: Assertion `con->magic == MAGIC_CONNECTION' failed.
PenningTrapPIF: /dev/shm/swmanage/juwelsbooster/pscom/5-default/GCCcore-12.3.0/pscom-5.7.0-1/lib/pscom/pscom_con.c:117: pscom_con_terminate_recvq: Assertion `con->magic == MAGIC_CONNECTION' failed.
PenningTrapPIF: /dev/shm/swmanage/juwelsbooster/pscom/5-default/GCCcore-12.3.0/pscom-5.7.0-1/lib/pscom/pscom_con.c:117: pscom_con_terminate_recvq: Assertion `con->magic == MAGIC_CONNECTION' failed.
PenningTrapPIF: /dev/shm/swmanage/juwelsbooster/pscom/5-default/GCCcore-12.3.0/pscom-5.7.0-1/lib/pscom/pscom_con.c:137: pscom_con_terminate_recvq: Assertion `sock->magic == MAGIC_SOCKET' failed.
PenningTrapPIF: /dev/shm/swmanage/juwelsbooster/pscom/5-default/GCCcore-12.3.0/pscom-5.7.0-1/lib/pscom/pscom_con.c:137: pscom_con_terminate_recvq: Assertion `sock->magic == MAGIC_SOCKET' failed.
PenningTrapPIF: /dev/shm/swmanage/juwelsbooster/pscom/5-default/GCCcore-12.3.0/pscom-5.7.0-1/lib/pscom/pscom_con.c:137: pscom_con_terminate_recvq: Assertion `sock->magic == MAGIC_SOCKET' failed.
PenningTrapPIF: /dev/shm/swmanage/juwelsbooster/pscom/5-default/GCCcore-12.3.0/pscom-5.7.0-1/lib/pscom/pscom_con.c:117: pscom_con_terminate_recvq: Assertion `con->magic == MAGIC_CONNECTION' failed.
PenningTrapPIF: /dev/shm/swmanage/juwelsbooster/pscom/5-default/GCCcore-12.3.0/pscom-5.7.0-1/lib/pscom/pscom_con.c:137: pscom_con_terminate_recvq: Assertion `sock->magic == MAGIC_SOCKET' failed.
PenningTrapPIF: /dev/shm/swmanage/juwelsbooster/pscom/5-default/GCCcore-12.3.0/pscom-5.7.0-1/lib/pscom/pscom_con.c:117: pscom_con_terminate_recvq: Assertion `con->magic == MAGIC_CONNECTION' failed.
PenningTrapPIF: /dev/shm/swmanage/juwelsbooster/pscom/5-default/GCCcore-12.3.0/pscom-5.7.0-1/lib/pscom/pscom_con.c:117: pscom_con_terminate_recvq: Assertion `con->magic == MAGIC_CONNECTION' failed.
PenningTrapPIF: /dev/shm/swmanage/juwelsbooster/pscom/5-default/GCCcore-12.3.0/pscom-5.7.0-1/lib/pscom/pscom_con.c:137: pscom_con_terminate_recvq: Assertion `sock->magic == MAGIC_SOCKET' failed.
PenningTrapPIF: /dev/shm/swmanage/juwelsbooster/pscom/5-default/GCCcore-12.3.0/pscom-5.7.0-1/lib/pscom/pscom_con.c:117: pscom_con_terminate_recvq: Assertion `con->magic == MAGIC_CONNECTION' failed.
PenningTrapPIF: /dev/shm/swmanage/juwelsbooster/pscom/5-default/GCCcore-12.3.0/pscom-5.7.0-1/lib/pscom/pscom_con.c:117: pscom_con_terminate_recvq: Assertion `con->magic == MAGIC_CONNECTION' failed.
PenningTrapPIF: /dev/shm/swmanage/juwelsbooster/pscom/5-default/GCCcore-12.3.0/pscom-5.7.0-1/lib/pscom/pscom_con.c:117: pscom_con_terminate_recvq: Assertion `con->magic == MAGIC_CONNECTION' failed.
PenningTrapPIF: /dev/shm/swmanage/juwelsbooster/pscom/5-default/GCCcore-12.3.0/pscom-5.7.0-1/lib/pscom/pscom_con.c:137: pscom_con_terminate_recvq: Assertion `sock->magic == MAGIC_SOCKET' failed.
PenningTrapPIF: /dev/shm/swmanage/juwelsbooster/pscom/5-default/GCCcore-12.3.0/pscom-5.7.0-1/lib/pscom/pscom_con.c:137: pscom_con_terminate_recvq: Assertion `sock->magic == MAGIC_SOCKET' failed.
PenningTrapPIF: /dev/shm/swmanage/juwelsbooster/pscom/5-default/GCCcore-12.3.0/pscom-5.7.0-1/lib/pscom/pscom_con.c:137: pscom_con_terminate_recvq: Assertion `sock->magic == MAGIC_SOCKET' failed.
PenningTrapPIF: /dev/shm/swmanage/juwelsbooster/pscom/5-default/GCCcore-12.3.0/pscom-5.7.0-1/lib/pscom/pscom_con.c:137: pscom_con_terminate_recvq: Assertion `sock->magic == MAGIC_SOCKET' failed.
PenningTrapPIF: /dev/shm/swmanage/juwelsbooster/pscom/5-default/GCCcore-12.3.0/pscom-5.7.0-1/lib/pscom/pscom_con.c:117: pscom_con_terminate_recvq: Assertion `con->magic == MAGIC_CONNECTION' failed.
PenningTrapPIF: /dev/shm/swmanage/juwelsbooster/pscom/5-default/GCCcore-12.3.0/pscom-5.7.0-1/lib/pscom/pscom_con.c:117: pscom_con_terminate_recvq: Assertion `con->magic == MAGIC_CONNECTION' failed.
PenningTrapPIF: /dev/shm/swmanage/juwelsbooster/pscom/5-default/GCCcore-12.3.0/pscom-5.7.0-1/lib/pscom/pscom_con.c:117: pscom_con_terminate_recvq: Assertion `con->magic == MAGIC_CONNECTION' failed.
PenningTrapPIF: /dev/shm/swmanage/juwelsbooster/pscom/5-default/GCCcore-12.3.0/pscom-5.7.0-1/lib/pscom/pscom_con.c:137: pscom_con_terminate_recvq: Assertion `sock->magic == MAGIC_SOCKET' failed.
PenningTrapPIF: /dev/shm/swmanage/juwelsbooster/pscom/5-default/GCCcore-12.3.0/pscom-5.7.0-1/lib/pscom/pscom_con.c:117: pscom_con_terminate_recvq: Assertion `con->magic == MAGIC_CONNECTION' failed.
PenningTrapPIF: /dev/shm/swmanage/juwelsbooster/pscom/5-default/GCCcore-12.3.0/pscom-5.7.0-1/lib/pscom/pscom_con.c:137: pscom_con_terminate_recvq: Assertion `sock->magic == MAGIC_SOCKET' failed.
PenningTrapPIF: /dev/shm/swmanage/juwelsbooster/pscom/5-default/GCCcore-12.3.0/pscom-5.7.0-1/lib/pscom/pscom_con.c:137: pscom_con_terminate_recvq: Assertion `sock->magic == MAGIC_SOCKET' failed.
PenningTrapPIF: /dev/shm/swmanage/juwelsbooster/pscom/5-default/GCCcore-12.3.0/pscom-5.7.0-1/lib/pscom/pscom_con.c:137: pscom_con_terminate_recvq: Assertion `sock->magic == MAGIC_SOCKET' failed.
PenningTrapPIF: /dev/shm/swmanage/juwelsbooster/pscom/5-default/GCCcore-12.3.0/pscom-5.7.0-1/lib/pscom/pscom_con.c:137: pscom_con_terminate_recvq: Assertion `sock->magic == MAGIC_SOCKET' failed.
PenningTrapPIF: /dev/shm/swmanage/juwelsbooster/pscom/5-default/GCCcore-12.3.0/pscom-5.7.0-1/lib/pscom/pscom_con.c:137: pscom_con_terminate_recvq: Assertion `sock->magic == MAGIC_SOCKET' failed.
PenningTrapPIF: /dev/shm/swmanage/juwelsbooster/pscom/5-default/GCCcore-12.3.0/pscom-5.7.0-1/lib/pscom/pscom_con.c:137: pscom_con_terminate_recvq: Assertion `sock->magic == MAGIC_SOCKET' failed.
PenningTrapPIF: /dev/shm/swmanage/juwelsbooster/pscom/5-default/GCCcore-12.3.0/pscom-5.7.0-1/lib/pscom/pscom_con.c:137: pscom_con_terminate_recvq: Assertion `sock->magic == MAGIC_SOCKET' failed.
PenningTrapPIF: /dev/shm/swmanage/juwelsbooster/pscom/5-default/GCCcore-12.3.0/pscom-5.7.0-1/lib/pscom/pscom_con.c:137: pscom_con_terminate_recvq: Assertion `sock->magic == MAGIC_SOCKET' failed.
PenningTrapPIF: /dev/shm/swmanage/juwelsbooster/pscom/5-default/GCCcore-12.3.0/pscom-5.7.0-1/lib/pscom/pscom_con.c:137: pscom_con_terminate_recvq: Assertion `sock->magic == MAGIC_SOCKET' failed.
PenningTrapPIF: /dev/shm/swmanage/juwelsbooster/pscom/5-default/GCCcore-12.3.0/pscom-5.7.0-1/lib/pscom/pscom_con.c:137: pscom_con_terminate_recvq: Assertion `sock->magic == MAGIC_SOCKET' failed.
PenningTrapPIF: /dev/shm/swmanage/juwelsbooster/pscom/5-default/GCCcore-12.3.0/pscom-5.7.0-1/lib/pscom/pscom_con.c:117: pscom_con_terminate_recvq: Assertion `con->magic == MAGIC_CONNECTION' failed.
PenningTrapPIF: /dev/shm/swmanage/juwelsbooster/pscom/5-default/GCCcore-12.3.0/pscom-5.7.0-1/lib/pscom/pscom_con.c:117: pscom_con_terminate_recvq: Assertion `con->magic == MAGIC_CONNECTION' failed.
PenningTrapPIF: /dev/shm/swmanage/juwelsbooster/pscom/5-default/GCCcore-12.3.0/pscom-5.7.0-1/lib/pscom/pscom_con.c:137: pscom_con_terminate_recvq: Assertion `sock->magic == MAGIC_SOCKET' failed.
PenningTrapPIF: /dev/shm/swmanage/juwelsbooster/pscom/5-default/GCCcore-12.3.0/pscom-5.7.0-1/lib/pscom/pscom_con.c:137: pscom_con_terminate_recvq: Assertion `sock->magic == MAGIC_SOCKET' failed.
PenningTrapPIF: /dev/shm/swmanage/juwelsbooster/pscom/5-default/GCCcore-12.3.0/pscom-5.7.0-1/lib/pscom/pscom_con.c:117: pscom_con_terminate_recvq: Assertion `con->magic == MAGIC_CONNECTION' failed.
PenningTrapPIF: /dev/shm/swmanage/juwelsbooster/pscom/5-default/GCCcore-12.3.0/pscom-5.7.0-1/lib/pscom/pscom_con.c:117: pscom_con_terminate_recvq: Assertion `con->magic == MAGIC_CONNECTION' failed.
PenningTrapPIF: /dev/shm/swmanage/juwelsbooster/pscom/5-default/GCCcore-12.3.0/pscom-5.7.0-1/lib/pscom/pscom_con.c:117: pscom_con_terminate_recvq: Assertion `con->magic == MAGIC_CONNECTION' failed.
PenningTrapPIF: /dev/shm/swmanage/juwelsbooster/pscom/5-default/GCCcore-12.3.0/pscom-5.7.0-1/lib/pscom/pscom_con.c:137: pscom_con_terminate_recvq: Assertion `sock->magic == MAGIC_SOCKET' failed.
PenningTrapPIF: /dev/shm/swmanage/juwelsbooster/pscom/5-default/GCCcore-12.3.0/pscom-5.7.0-1/lib/pscom/pscom_con.c:117: pscom_con_terminate_recvq: Assertion `con->magic == MAGIC_CONNECTION' failed.
PenningTrapPIF: /dev/shm/swmanage/juwelsbooster/pscom/5-default/GCCcore-12.3.0/pscom-5.7.0-1/lib/pscom/pscom_con.c:137: pscom_con_terminate_recvq: Assertion `sock->magic == MAGIC_SOCKET' failed.
PenningTrapPIF: /dev/shm/swmanage/juwelsbooster/pscom/5-default/GCCcore-12.3.0/pscom-5.7.0-1/lib/pscom/pscom_con.c:137: pscom_con_terminate_recvq: Assertion `sock->magic == MAGIC_SOCKET' failed.
PenningTrapPIF: /dev/shm/swmanage/juwelsbooster/pscom/5-default/GCCcore-12.3.0/pscom-5.7.0-1/lib/pscom/pscom_con.c:137: pscom_con_terminate_recvq: Assertion `sock->magic == MAGIC_SOCKET' failed.
PenningTrapPIF: /dev/shm/swmanage/juwelsbooster/pscom/5-default/GCCcore-12.3.0/pscom-5.7.0-1/lib/pscom/pscom_con.c:117: pscom_con_terminate_recvq: Assertion `con->magic == MAGIC_CONNECTION' failed.
PenningTrapPIF: /dev/shm/swmanage/juwelsbooster/pscom/5-default/GCCcore-12.3.0/pscom-5.7.0-1/lib/pscom/pscom_con.c:137: pscom_con_terminate_recvq: Assertion `sock->magic == MAGIC_SOCKET' failed.
PenningTrapPIF: /dev/shm/swmanage/juwelsbooster/pscom/5-default/GCCcore-12.3.0/pscom-5.7.0-1/lib/pscom/pscom_con.c:137: pscom_con_terminate_recvq: Assertion `sock->magic == MAGIC_SOCKET' failed.
PenningTrapPIF: /dev/shm/swmanage/juwelsbooster/pscom/5-default/GCCcore-12.3.0/pscom-5.7.0-1/lib/pscom/pscom_con.c:137: pscom_con_terminate_recvq: Assertion `sock->magic == MAGIC_SOCKET' failed.
PenningTrapPIF: /dev/shm/swmanage/juwelsbooster/pscom/5-default/GCCcore-12.3.0/pscom-5.7.0-1/lib/pscom/pscom_con.c:117: pscom_con_terminate_recvq: Assertion `con->magic == MAGIC_CONNECTION' failed.
PenningTrapPIF: /dev/shm/swmanage/juwelsbooster/pscom/5-default/GCCcore-12.3.0/pscom-5.7.0-1/lib/pscom/pscom_con.c:117: pscom_con_terminate_recvq: Assertion `con->magic == MAGIC_CONNECTION' failed.
PenningTrapPIF: /dev/shm/swmanage/juwelsbooster/pscom/5-default/GCCcore-12.3.0/pscom-5.7.0-1/lib/pscom/pscom_con.c:117: pscom_con_terminate_recvq: Assertion `con->magic == MAGIC_CONNECTION' failed.
PenningTrapPIF: /dev/shm/swmanage/juwelsbooster/pscom/5-default/GCCcore-12.3.0/pscom-5.7.0-1/lib/pscom/pscom_con.c:137: pscom_con_terminate_recvq: Assertion `sock->magic == MAGIC_SOCKET' failed.
PenningTrapPIF: /dev/shm/swmanage/juwelsbooster/pscom/5-default/GCCcore-12.3.0/pscom-5.7.0-1/lib/pscom/pscom_con.c:137: pscom_con_terminate_recvq: Assertion `sock->magic == MAGIC_SOCKET' failed.
PenningTrapPIF: /dev/shm/swmanage/juwelsbooster/pscom/5-default/GCCcore-12.3.0/pscom-5.7.0-1/lib/pscom/pscom_con.c:137: pscom_con_terminate_recvq: Assertion `sock->magic == MAGIC_SOCKET' failed.
PenningTrapPIF: /dev/shm/swmanage/juwelsbooster/pscom/5-default/GCCcore-12.3.0/pscom-5.7.0-1/lib/pscom/pscom_con.c:117: pscom_con_terminate_recvq: Assertion `con->magic == MAGIC_CONNECTION' failed.
PenningTrapPIF: /dev/shm/swmanage/juwelsbooster/pscom/5-default/GCCcore-12.3.0/pscom-5.7.0-1/lib/pscom/pscom_con.c:117: pscom_con_terminate_recvq: Assertion `con->magic == MAGIC_CONNECTION' failed.
PenningTrapPIF: /dev/shm/swmanage/juwelsbooster/pscom/5-default/GCCcore-12.3.0/pscom-5.7.0-1/lib/pscom/pscom_con.c:137: pscom_con_terminate_recvq: Assertion `sock->magic == MAGIC_SOCKET' failed.
PenningTrapPIF: /dev/shm/swmanage/juwelsbooster/pscom/5-default/GCCcore-12.3.0/pscom-5.7.0-1/lib/pscom/pscom_con.c:117: pscom_con_terminate_recvq: Assertion `con->magic == MAGIC_CONNECTION' failed.
PenningTrapPIF: /dev/shm/swmanage/juwelsbooster/pscom/5-default/GCCcore-12.3.0/pscom-5.7.0-1/lib/pscom/pscom_con.c:117: pscom_con_terminate_recvq: Assertion `con->magic == MAGIC_CONNECTION' failed.
PenningTrapPIF: /dev/shm/swmanage/juwelsbooster/pscom/5-default/GCCcore-12.3.0/pscom-5.7.0-1/lib/pscom/pscom_con.c:137: pscom_con_terminate_recvq: Assertion `sock->magic == MAGIC_SOCKET' failed.
PenningTrapPIF: /dev/shm/swmanage/juwelsbooster/pscom/5-default/GCCcore-12.3.0/pscom-5.7.0-1/lib/pscom/pscom_con.c:137: pscom_con_terminate_recvq: Assertion `sock->magic == MAGIC_SOCKET' failed.
PenningTrapPIF: /dev/shm/swmanage/juwelsbooster/pscom/5-default/GCCcore-12.3.0/pscom-5.7.0-1/lib/pscom/pscom_con.c:117: pscom_con_terminate_recvq: Assertion `con->magic == MAGIC_CONNECTION' failed.
PenningTrapPIF: /dev/shm/swmanage/juwelsbooster/pscom/5-default/GCCcore-12.3.0/pscom-5.7.0-1/lib/pscom/pscom_con.c:117: pscom_con_terminate_recvq: Assertion `con->magic == MAGIC_CONNECTION' failed.
PenningTrapPIF: /dev/shm/swmanage/juwelsbooster/pscom/5-default/GCCcore-12.3.0/pscom-5.7.0-1/lib/pscom/pscom_con.c:137: pscom_con_terminate_recvq: Assertion `sock->magic == MAGIC_SOCKET' failed.
PenningTrapPIF: /dev/shm/swmanage/juwelsbooster/pscom/5-default/GCCcore-12.3.0/pscom-5.7.0-1/lib/pscom/pscom_con.c:137: pscom_con_terminate_recvq: Assertion `sock->magic == MAGIC_SOCKET' failed.
PenningTrapPIF: /dev/shm/swmanage/juwelsbooster/pscom/5-default/GCCcore-12.3.0/pscom-5.7.0-1/lib/pscom/pscom_con.c:137: pscom_con_terminate_recvq: Assertion `sock->magic == MAGIC_SOCKET' failed.
PenningTrapPIF: /dev/shm/swmanage/juwelsbooster/pscom/5-default/GCCcore-12.3.0/pscom-5.7.0-1/lib/pscom/pscom_con.c:137: pscom_con_terminate_recvq: Assertion `sock->magic == MAGIC_SOCKET' failed.
PenningTrapPIF: /dev/shm/swmanage/juwelsbooster/pscom/5-default/GCCcore-12.3.0/pscom-5.7.0-1/lib/pscom/pscom_con.c:137: pscom_con_terminate_recvq: Assertion `sock->magic == MAGIC_SOCKET' failed.
PenningTrapPIF: /dev/shm/swmanage/juwelsbooster/pscom/5-default/GCCcore-12.3.0/pscom-5.7.0-1/lib/pscom/pscom_con.c:137: pscom_con_terminate_recvq: Assertion `sock->magic == MAGIC_SOCKET' failed.
PenningTrapPIF: /dev/shm/swmanage/juwelsbooster/pscom/5-default/GCCcore-12.3.0/pscom-5.7.0-1/lib/pscom/pscom_con.c:137: pscom_con_terminate_recvq: Assertion `sock->magic == MAGIC_SOCKET' failed.
PenningTrapPIF: /dev/shm/swmanage/juwelsbooster/pscom/5-default/GCCcore-12.3.0/pscom-5.7.0-1/lib/pscom/pscom_con.c:137: pscom_con_terminate_recvq: Assertion `sock->magic == MAGIC_SOCKET' failed.
PenningTrapPIF: /dev/shm/swmanage/juwelsbooster/pscom/5-default/GCCcore-12.3.0/pscom-5.7.0-1/lib/pscom/pscom_con.c:137: pscom_con_terminate_recvq: Assertion `sock->magic == MAGIC_SOCKET' failed.
PenningTrapPIF: /dev/shm/swmanage/juwelsbooster/pscom/5-default/GCCcore-12.3.0/pscom-5.7.0-1/lib/pscom/pscom_con.c:137: pscom_con_terminate_recvq: Assertion `sock->magic == MAGIC_SOCKET' failed.
PenningTrapPIF: /dev/shm/swmanage/juwelsbooster/pscom/5-default/GCCcore-12.3.0/pscom-5.7.0-1/lib/pscom/pscom_con.c:137: pscom_con_terminate_recvq: Assertion `sock->magic == MAGIC_SOCKET' failed.
PenningTrapPIF: /dev/shm/swmanage/juwelsbooster/pscom/5-default/GCCcore-12.3.0/pscom-5.7.0-1/lib/pscom/pscom_con.c:117: pscom_con_terminate_recvq: Assertion `con->magic == MAGIC_CONNECTION' failed.
PenningTrapPIF: /dev/shm/swmanage/juwelsbooster/pscom/5-default/GCCcore-12.3.0/pscom-5.7.0-1/lib/pscom/pscom_con.c:137: pscom_con_terminate_recvq: Assertion `sock->magic == MAGIC_SOCKET' failed.
PenningTrapPIF: /dev/shm/swmanage/juwelsbooster/pscom/5-default/GCCcore-12.3.0/pscom-5.7.0-1/lib/pscom/pscom_con.c:117: pscom_con_terminate_recvq: Assertion `con->magic == MAGIC_CONNECTION' failed.
==== backtrace (tid:  31935) ====
 0 0x0000000000012cf0 __funlockfile()  :0
 1 0x0000000000012df1 req_recv_user_accept()  /dev/shm/swmanage/juwelsbooster/pscom/5-default/GCCcore-12.3.0/pscom-5.7.0-1/lib/pscom/pscom_queues.c:28
 2 0x0000000000012df1 _pscom_net_recvq_user_find_from_con()  /dev/shm/swmanage/juwelsbooster/pscom/5-default/GCCcore-12.3.0/pscom-5.7.0-1/lib/pscom/pscom_queues.c:621
 3 0x0000000000012df1 _pscom_net_recvq_user_find()  /dev/shm/swmanage/juwelsbooster/pscom/5-default/GCCcore-12.3.0/pscom-5.7.0-1/lib/pscom/pscom_queues.c:691
 4 0x0000000000012df1 pscom_post_recv()  /dev/shm/swmanage/juwelsbooster/pscom/5-default/GCCcore-12.3.0/pscom-5.7.0-1/lib/pscom/pscom_io.c:1575
 5 0x000000000098237c MPIDI_PSP_Irecv()  :0
 6 0x000000000090e63e MPIC_Sendrecv()  :0
 7 0x0000000000883857 MPIR_Barrier_intra_dissemination()  :0
 8 0x00000000008e8c1e MPIR_Barrier_allcomm_auto()  :0
 9 0x00000000008e8caa MPIR_Barrier_impl()  :0
10 0x00000000008e8e6a MPIR_Barrier()  :0
11 0x0000000000883f35 MPIR_Barrier_intra_smp()  :0
12 0x00000000008e8c43 MPIR_Barrier_allcomm_auto()  :0
13 0x00000000008e8caa MPIR_Barrier_impl()  :0
14 0x000000000097f655 MPIDI_PSP_finalize_add_barrier_cb()  :0
15 0x000000000093aa15 MPII_Call_finalize_callbacks()  :0
16 0x000000000093b5a4 MPIR_Finalize_impl()  :0
17 0x0000000000830f73 PMPI_Finalize()  ???:0
18 0x00000000004ef405 ippl::Communicate::~Communicate()  ???:0
19 0x000000000005126c __run_exit_handlers()  :0
20 0x00000000000513a0 __GI_exit()  :0
21 0x000000000003ad8c __libc_start_main()  ???:0
22 0x0000000000474fde _start()  ???:0
=================================
<PSP:r0000065:Backtrace after SIGSEGV (Invalid memory reference):>
<PSP:r0000065:# 0: /p/software/juwelsbooster/stages/2024/software/pscom/5-default-GCCcore-12.3.0/lib/libpscom.so.2(+0xb4e4) [0x148fa4f364e4]>
<PSP:r0000065:# 1: /usr/lib64/libpthread.so.0(+0x12cf0) [0x148fa70fecf0]>
<PSP:r0000065:# 2: /p/software/juwelsbooster/stages/2024/software/pscom/5-default-GCCcore-12.3.0/lib/libpscom.so.2(pscom_post_recv+0xa1) [0x148fa4f3ddf1]>
<PSP:r0000065:# 3: /p/software/juwelsbooster/stages/2024/software/psmpi/5.9.2-1-GCC-12.3.0/lib/libmpi.so.12(+0x98237c) [0x148fa809a37c]>
<PSP:r0000065:# 4: /p/software/juwelsbooster/stages/2024/software/psmpi/5.9.2-1-GCC-12.3.0/lib/libmpi.so.12(+0x90e63e) [0x148fa802663e]>
<PSP:r0000065:# 5: /p/software/juwelsbooster/stages/2024/software/psmpi/5.9.2-1-GCC-12.3.0/lib/libmpi.so.12(+0x883857) [0x148fa7f9b857]>
<PSP:r0000065:# 6: /p/software/juwelsbooster/stages/2024/software/psmpi/5.9.2-1-GCC-12.3.0/lib/libmpi.so.12(+0x8e8c1e) [0x148fa8000c1e]>
<PSP:r0000065:# 7: /p/software/juwelsbooster/stages/2024/software/psmpi/5.9.2-1-GCC-12.3.0/lib/libmpi.so.12(+0x8e8caa) [0x148fa8000caa]>
<PSP:r0000065:# 8: /p/software/juwelsbooster/stages/2024/software/psmpi/5.9.2-1-GCC-12.3.0/lib/libmpi.so.12(+0x8e8e6a) [0x148fa8000e6a]>
<PSP:r0000065:# 9: /p/software/juwelsbooster/stages/2024/software/psmpi/5.9.2-1-GCC-12.3.0/lib/libmpi.so.12(+0x883f35) [0x148fa7f9bf35]>
<PSP:r0000065:#10: /p/software/juwelsbooster/stages/2024/software/psmpi/5.9.2-1-GCC-12.3.0/lib/libmpi.so.12(+0x8e8c43) [0x148fa8000c43]>
<PSP:r0000065:#11: /p/software/juwelsbooster/stages/2024/software/psmpi/5.9.2-1-GCC-12.3.0/lib/libmpi.so.12(+0x8e8caa) [0x148fa8000caa]>
<PSP:r0000065:#12: /p/software/juwelsbooster/stages/2024/software/psmpi/5.9.2-1-GCC-12.3.0/lib/libmpi.so.12(+0x97f655) [0x148fa8097655]>
<PSP:r0000065:#13: /p/software/juwelsbooster/stages/2024/software/psmpi/5.9.2-1-GCC-12.3.0/lib/libmpi.so.12(+0x93aa15) [0x148fa8052a15]>
<PSP:r0000065:#14: /p/software/juwelsbooster/stages/2024/software/psmpi/5.9.2-1-GCC-12.3.0/lib/libmpi.so.12(+0x93b5a4) [0x148fa80535a4]>
<PSP:r0000065:#15: /p/software/juwelsbooster/stages/2024/software/psmpi/5.9.2-1-GCC-12.3.0/lib/libmpi.so.12(MPI_Finalize+0x13) [0x148fa7f48f73]>
<PSP:r0000065:#16: ./PenningTrapPIF(_ZN4ippl11CommunicateD0Ev+0x15) [0x4ef405]>
<PSP:r0000065:#17: /usr/lib64/libc.so.6(+0x5126c) [0x148fa67cd26c]>
<PSP:r0000065:#18: /usr/lib64/libc.so.6(on_exit+0) [0x148fa67cd3a0]>
<PSP:r0000065:#19: /usr/lib64/libc.so.6(__libc_start_main+0xec) [0x148fa67b6d8c]>
PenningTrapPIF: /dev/shm/swmanage/juwelsbooster/pscom/5-default/GCCcore-12.3.0/pscom-5.7.0-1/lib/pscom/pscom_con.c:137: pscom_con_terminate_recvq: Assertion `sock->magic == MAGIC_SOCKET' failed.
PenningTrapPIF: /dev/shm/swmanage/juwelsbooster/pscom/5-default/GCCcore-12.3.0/pscom-5.7.0-1/lib/pscom/pscom_con.c:137: pscom_con_terminate_recvq: Assertion `sock->magic == MAGIC_SOCKET' failed.
PenningTrapPIF: /dev/shm/swmanage/juwelsbooster/pscom/5-default/GCCcore-12.3.0/pscom-5.7.0-1/lib/pscom/pscom_con.c:137: pscom_con_terminate_recvq: Assertion `sock->magic == MAGIC_SOCKET' failed.
PenningTrapPIF: /dev/shm/swmanage/juwelsbooster/pscom/5-default/GCCcore-12.3.0/pscom-5.7.0-1/lib/pscom/pscom_con.c:137: pscom_con_terminate_recvq: Assertion `sock->magic == MAGIC_SOCKET' failed.
PenningTrapPIF: /dev/shm/swmanage/juwelsbooster/pscom/5-default/GCCcore-12.3.0/pscom-5.7.0-1/lib/pscom/pscom_con.c:137: pscom_con_terminate_recvq: Assertion `sock->magic == MAGIC_SOCKET' failed.
PenningTrapPIF: /dev/shm/swmanage/juwelsbooster/pscom/5-default/GCCcore-12.3.0/pscom-5.7.0-1/lib/pscom/pscom_con.c:137: pscom_con_terminate_recvq: Assertion `sock->magic == MAGIC_SOCKET' failed.
PenningTrapPIF: /dev/shm/swmanage/juwelsbooster/pscom/5-default/GCCcore-12.3.0/pscom-5.7.0-1/lib/pscom/pscom_con.c:137: pscom_con_terminate_recvq: Assertion `sock->magic == MAGIC_SOCKET' failed.
PenningTrapPIF: /dev/shm/swmanage/juwelsbooster/pscom/5-default/GCCcore-12.3.0/pscom-5.7.0-1/lib/pscom/pscom_con.c:137: pscom_con_terminate_recvq: Assertion `sock->magic == MAGIC_SOCKET' failed.
PenningTrapPIF: /dev/shm/swmanage/juwelsbooster/pscom/5-default/GCCcore-12.3.0/pscom-5.7.0-1/lib/pscom/pscom_con.c:137: pscom_con_terminate_recvq: Assertion `sock->magic == MAGIC_SOCKET' failed.
PenningTrapPIF: /dev/shm/swmanage/juwelsbooster/pscom/5-default/GCCcore-12.3.0/pscom-5.7.0-1/lib/pscom/pscom_con.c:137: pscom_con_terminate_recvq: Assertion `sock->magic == MAGIC_SOCKET' failed.
PenningTrapPIF: /dev/shm/swmanage/juwelsbooster/pscom/5-default/GCCcore-12.3.0/pscom-5.7.0-1/lib/pscom/pscom_con.c:117: pscom_con_terminate_recvq: Assertion `con->magic == MAGIC_CONNECTION' failed.
PenningTrapPIF: /dev/shm/swmanage/juwelsbooster/pscom/5-default/GCCcore-12.3.0/pscom-5.7.0-1/lib/pscom/pscom_con.c:137: pscom_con_terminate_recvq: Assertion `sock->magic == MAGIC_SOCKET' failed.
PenningTrapPIF: /dev/shm/swmanage/juwelsbooster/pscom/5-default/GCCcore-12.3.0/pscom-5.7.0-1/lib/pscom/pscom_con.c:117: pscom_con_terminate_recvq: Assertion `con->magic == MAGIC_CONNECTION' failed.
PenningTrapPIF: /dev/shm/swmanage/juwelsbooster/pscom/5-default/GCCcore-12.3.0/pscom-5.7.0-1/lib/pscom/pscom_con.c:137: pscom_con_terminate_recvq: Assertion `sock->magic == MAGIC_SOCKET' failed.
PenningTrapPIF: /dev/shm/swmanage/juwelsbooster/pscom/5-default/GCCcore-12.3.0/pscom-5.7.0-1/lib/pscom/pscom_con.c:137: pscom_con_terminate_recvq: Assertion `sock->magic == MAGIC_SOCKET' failed.
PenningTrapPIF: /dev/shm/swmanage/juwelsbooster/pscom/5-default/GCCcore-12.3.0/pscom-5.7.0-1/lib/pscom/pscom_con.c:137: pscom_con_terminate_recvq: Assertion `sock->magic == MAGIC_SOCKET' failed.
PenningTrapPIF: /dev/shm/swmanage/juwelsbooster/pscom/5-default/GCCcore-12.3.0/pscom-5.7.0-1/lib/pscom/pscom_con.c:137: pscom_con_terminate_recvq: Assertion `sock->magic == MAGIC_SOCKET' failed.
PenningTrapPIF: /dev/shm/swmanage/juwelsbooster/pscom/5-default/GCCcore-12.3.0/pscom-5.7.0-1/lib/pscom/pscom_con.c:137: pscom_con_terminate_recvq: Assertion `sock->magic == MAGIC_SOCKET' failed.
PenningTrapPIF: /dev/shm/swmanage/juwelsbooster/pscom/5-default/GCCcore-12.3.0/pscom-5.7.0-1/lib/pscom/pscom_con.c:137: pscom_con_terminate_recvq: Assertion `sock->magic == MAGIC_SOCKET' failed.
PenningTrapPIF: /dev/shm/swmanage/juwelsbooster/pscom/5-default/GCCcore-12.3.0/pscom-5.7.0-1/lib/pscom/pscom_con.c:117: pscom_con_terminate_recvq: Assertion `con->magic == MAGIC_CONNECTION' failed.
PenningTrapPIF: /dev/shm/swmanage/juwelsbooster/pscom/5-default/GCCcore-12.3.0/pscom-5.7.0-1/lib/pscom/pscom_con.c:137: pscom_con_terminate_recvq: Assertion `sock->magic == MAGIC_SOCKET' failed.
PenningTrapPIF: /dev/shm/swmanage/juwelsbooster/pscom/5-default/GCCcore-12.3.0/pscom-5.7.0-1/lib/pscom/pscom_con.c:117: pscom_con_terminate_recvq: Assertion `con->magic == MAGIC_CONNECTION' failed.
PenningTrapPIF: /dev/shm/swmanage/juwelsbooster/pscom/5-default/GCCcore-12.3.0/pscom-5.7.0-1/lib/pscom/pscom_con.c:137: pscom_con_terminate_recvq: Assertion `sock->magic == MAGIC_SOCKET' failed.
PenningTrapPIF: /dev/shm/swmanage/juwelsbooster/pscom/5-default/GCCcore-12.3.0/pscom-5.7.0-1/lib/pscom/pscom_con.c:137: pscom_con_terminate_recvq: Assertion `sock->magic == MAGIC_SOCKET' failed.
PenningTrapPIF: /dev/shm/swmanage/juwelsbooster/pscom/5-default/GCCcore-12.3.0/pscom-5.7.0-1/lib/pscom/pscom_con.c:137: pscom_con_terminate_recvq: Assertion `sock->magic == MAGIC_SOCKET' failed.
PenningTrapPIF: /dev/shm/swmanage/juwelsbooster/pscom/5-default/GCCcore-12.3.0/pscom-5.7.0-1/lib/pscom/pscom_con.c:137: pscom_con_terminate_recvq: Assertion `sock->magic == MAGIC_SOCKET' failed.
PenningTrapPIF: /dev/shm/swmanage/juwelsbooster/pscom/5-default/GCCcore-12.3.0/pscom-5.7.0-1/lib/pscom/pscom_con.c:117: pscom_con_terminate_recvq: Assertion `con->magic == MAGIC_CONNECTION' failed.
PenningTrapPIF: /dev/shm/swmanage/juwelsbooster/pscom/5-default/GCCcore-12.3.0/pscom-5.7.0-1/lib/pscom/pscom_con.c:137: pscom_con_terminate_recvq: Assertion `sock->magic == MAGIC_SOCKET' failed.
PenningTrapPIF: /dev/shm/swmanage/juwelsbooster/pscom/5-default/GCCcore-12.3.0/pscom-5.7.0-1/lib/pscom/pscom_con.c:137: pscom_con_terminate_recvq: Assertion `sock->magic == MAGIC_SOCKET' failed.
PenningTrapPIF: /dev/shm/swmanage/juwelsbooster/pscom/5-default/GCCcore-12.3.0/pscom-5.7.0-1/lib/pscom/pscom_con.c:137: pscom_con_terminate_recvq: Assertion `sock->magic == MAGIC_SOCKET' failed.
PenningTrapPIF: /dev/shm/swmanage/juwelsbooster/pscom/5-default/GCCcore-12.3.0/pscom-5.7.0-1/lib/pscom/pscom_con.c:137: pscom_con_terminate_recvq: Assertion `sock->magic == MAGIC_SOCKET' failed.
PenningTrapPIF: /dev/shm/swmanage/juwelsbooster/pscom/5-default/GCCcore-12.3.0/pscom-5.7.0-1/lib/pscom/pscom_con.c:137: pscom_con_terminate_recvq: Assertion `sock->magic == MAGIC_SOCKET' failed.
PenningTrapPIF: /dev/shm/swmanage/juwelsbooster/pscom/5-default/GCCcore-12.3.0/pscom-5.7.0-1/lib/pscom/pscom_con.c:137: pscom_con_terminate_recvq: Assertion `sock->magic == MAGIC_SOCKET' failed.
PenningTrapPIF: /dev/shm/swmanage/juwelsbooster/pscom/5-default/GCCcore-12.3.0/pscom-5.7.0-1/lib/pscom/pscom_con.c:137: pscom_con_terminate_recvq: Assertion `sock->magic == MAGIC_SOCKET' failed.
PenningTrapPIF: /dev/shm/swmanage/juwelsbooster/pscom/5-default/GCCcore-12.3.0/pscom-5.7.0-1/lib/pscom/pscom_con.c:137: pscom_con_terminate_recvq: Assertion `sock->magic == MAGIC_SOCKET' failed.
PenningTrapPIF: /dev/shm/swmanage/juwelsbooster/pscom/5-default/GCCcore-12.3.0/pscom-5.7.0-1/lib/pscom/pscom_con.c:117: pscom_con_terminate_recvq: Assertion `con->magic == MAGIC_CONNECTION' failed.
PenningTrapPIF: /dev/shm/swmanage/juwelsbooster/pscom/5-default/GCCcore-12.3.0/pscom-5.7.0-1/lib/pscom/pscom_con.c:137: pscom_con_terminate_recvq: Assertion `sock->magic == MAGIC_SOCKET' failed.
PenningTrapPIF: /dev/shm/swmanage/juwelsbooster/pscom/5-default/GCCcore-12.3.0/pscom-5.7.0-1/lib/pscom/pscom_con.c:137: pscom_con_terminate_recvq: Assertion `sock->magic == MAGIC_SOCKET' failed.
PenningTrapPIF: /dev/shm/swmanage/juwelsbooster/pscom/5-default/GCCcore-12.3.0/pscom-5.7.0-1/lib/pscom/pscom_con.c:137: pscom_con_terminate_recvq: Assertion `sock->magic == MAGIC_SOCKET' failed.
PenningTrapPIF: /dev/shm/swmanage/juwelsbooster/pscom/5-default/GCCcore-12.3.0/pscom-5.7.0-1/lib/pscom/pscom_con.c:137: pscom_con_terminate_recvq: Assertion `sock->magic == MAGIC_SOCKET' failed.
PenningTrapPIF: /dev/shm/swmanage/juwelsbooster/pscom/5-default/GCCcore-12.3.0/pscom-5.7.0-1/lib/pscom/pscom_con.c:137: pscom_con_terminate_recvq: Assertion `sock->magic == MAGIC_SOCKET' failed.
PenningTrapPIF: /dev/shm/swmanage/juwelsbooster/pscom/5-default/GCCcore-12.3.0/pscom-5.7.0-1/lib/pscom/pscom_con.c:137: pscom_con_terminate_recvq: Assertion `sock->magic == MAGIC_SOCKET' failed.
PenningTrapPIF: /dev/shm/swmanage/juwelsbooster/pscom/5-default/GCCcore-12.3.0/pscom-5.7.0-1/lib/pscom/pscom_con.c:137: pscom_con_terminate_recvq: Assertion `sock->magic == MAGIC_SOCKET' failed.
PenningTrapPIF: /dev/shm/swmanage/juwelsbooster/pscom/5-default/GCCcore-12.3.0/pscom-5.7.0-1/lib/pscom/pscom_con.c:117: pscom_con_terminate_recvq: Assertion `con->magic == MAGIC_CONNECTION' failed.
PenningTrapPIF: /dev/shm/swmanage/juwelsbooster/pscom/5-default/GCCcore-12.3.0/pscom-5.7.0-1/lib/pscom/pscom_con.c:117: pscom_con_terminate_recvq: Assertion `con->magic == MAGIC_CONNECTION' failed.
PenningTrapPIF: /dev/shm/swmanage/juwelsbooster/pscom/5-default/GCCcore-12.3.0/pscom-5.7.0-1/lib/pscom/pscom_con.c:137: pscom_con_terminate_recvq: Assertion `sock->magic == MAGIC_SOCKET' failed.
PenningTrapPIF: /dev/shm/swmanage/juwelsbooster/pscom/5-default/GCCcore-12.3.0/pscom-5.7.0-1/lib/pscom/pscom_con.c:137: pscom_con_terminate_recvq: Assertion `sock->magic == MAGIC_SOCKET' failed.
PenningTrapPIF: /dev/shm/swmanage/juwelsbooster/pscom/5-default/GCCcore-12.3.0/pscom-5.7.0-1/lib/pscom/pscom_con.c:137: pscom_con_terminate_recvq: Assertion `sock->magic == MAGIC_SOCKET' failed.
PenningTrapPIF: /dev/shm/swmanage/juwelsbooster/pscom/5-default/GCCcore-12.3.0/pscom-5.7.0-1/lib/pscom/pscom_con.c:137: pscom_con_terminate_recvq: Assertion `sock->magic == MAGIC_SOCKET' failed.
PenningTrapPIF: /dev/shm/swmanage/juwelsbooster/pscom/5-default/GCCcore-12.3.0/pscom-5.7.0-1/lib/pscom/pscom_con.c:137: pscom_con_terminate_recvq: Assertion `sock->magic == MAGIC_SOCKET' failed.
srun: error: jwb0585: tasks 192-195: Aborted
srun: error: jwb0599: tasks 216-219: Aborted
srun: error: jwb0577: tasks 160-163: Aborted
srun: error: jwb0544: tasks 156-159: Aborted
srun: error: jwb0586: tasks 196-199: Aborted
srun: error: jwb0587: tasks 200-203: Aborted
srun: error: jwb0578: tasks 164-167: Aborted
srun: error: jwb0522: tasks 100-103: Aborted
srun: error: jwb0139: tasks 32-35: Aborted
srun: error: jwb0138: tasks 28-31: Aborted
srun: error: jwb0519: tasks 88-91: Aborted
srun: error: jwb0600: tasks 220-223: Aborted
srun: error: jwb0513: tasks 64,66-67: Aborted
srun: error: jwb0513: task 65: Exited with exit code 1
srun: error: jwb0514: tasks 68-71: Aborted
srun: error: jwb0581: tasks 176-179: Aborted
srun: error: jwb0538: tasks 132-135: Aborted
srun: error: jwb0521: tasks 96-99: Aborted
srun: error: jwb0606: tasks 244-247: Aborted
srun: error: jwb0588: tasks 204-207: Aborted
srun: error: jwb0135: tasks 16-19: Aborted
srun: error: jwb0536: tasks 124-127: Aborted
srun: error: jwb0140: tasks 36-39: Aborted
srun: error: jwb0151: tasks 40-43: Aborted
srun: error: jwb0597: tasks 208-211: Aborted
srun: error: jwb0515: tasks 72-75: Aborted
srun: error: jwb0582: tasks 180-183: Aborted
srun: error: jwb0584: tasks 188-191: Aborted
srun: error: jwb0541: tasks 144-147: Aborted
srun: error: jwb0543: tasks 152-155: Aborted
srun: error: jwb0523: tasks 104-107: Aborted
srun: error: jwb0602: tasks 228-231: Aborted
srun: error: jwb0518: tasks 84-87: Aborted
srun: error: jwb0154: tasks 52-55: Aborted
srun: error: jwb0605: tasks 240-243: Aborted
srun: error: jwb0598: tasks 212-215: Aborted
srun: error: jwb0156: tasks 60-63: Aborted
srun: error: jwb0524: tasks 108-111: Aborted
srun: error: jwb0534: tasks 116-119: Aborted
srun: error: jwb0580: tasks 172-175: Aborted
srun: error: jwb0132: tasks 4-7: Aborted
srun: error: jwb0153: tasks 48-51: Aborted
srun: error: jwb0133: tasks 8-11: Aborted
srun: error: jwb0608: tasks 252-255: Aborted
srun: error: jwb0583: tasks 184-187: Aborted
srun: error: jwb0152: tasks 44-47: Aborted
srun: error: jwb0137: tasks 24-27: Aborted
srun: error: jwb0537: tasks 128-131: Aborted
srun: error: jwb0607: tasks 248-251: Aborted
srun: error: jwb0520: tasks 92-95: Aborted
srun: error: jwb0539: tasks 136-139: Aborted
srun: error: jwb0535: tasks 120-123: Aborted
srun: error: jwb0517: tasks 80-83: Aborted
srun: error: jwb0601: tasks 224-227: Aborted
srun: error: jwb0134: tasks 12-15: Aborted
srun: error: jwb0540: tasks 140-143: Aborted
srun: error: jwb0155: tasks 56-59: Aborted
srun: error: jwb0533: tasks 112-115: Aborted
srun: error: jwb0579: tasks 168-171: Aborted
srun: error: jwb0516: tasks 76-79: Aborted
srun: error: jwb0604: tasks 236-239: Aborted
srun: error: jwb0542: tasks 148-151: Aborted
srun: error: jwb0603: tasks 232-235: Aborted
srun: error: jwb0136: tasks 20-23: Aborted
srun: error: jwb0131: tasks 0-3: Aborted
