Option '64' is not parsed by Ippl. Make sure your application parses it.
Option '64' is not parsed by Ippl. Make sure your application parses it.
Option '64' is not parsed by Ippl. Make sure your application parses it.
Option '64' is not parsed by Ippl. Make sure your application parses it.
Option '64' is not parsed by Ippl. Make sure your application parses it.
Option '64' is not parsed by Ippl. Make sure your application parses it.
Option '2621440' is not parsed by Ippl. Make sure your application parses it.
Option '19.2' is not parsed by Ippl. Make sure your application parses it.
Option '0.003125' is not parsed by Ippl. Make sure your application parses it.
Option '0.05' is not parsed by Ippl. Make sure your application parses it.
Option '1e-8' is not parsed by Ippl. Make sure your application parses it.
Option '1' is not parsed by Ippl. Make sure your application parses it.
Option 'B-spline' is not parsed by Ippl. Make sure your application parses it.
Option '1' is not parsed by Ippl. Make sure your application parses it.
Option '4' is not parsed by Ippl. Make sure your application parses it.
Option '16' is not parsed by Ippl. Make sure your application parses it.
Option '0.01' is not parsed by Ippl. Make sure your application parses it.
Option '1e-7' is not parsed by Ippl. Make sure your application parses it.
Option 'PIC' is not parsed by Ippl. Make sure your application parses it.
TwoStreamInstability{63}> Parareal TwoStreamInstability
TwoStreamInstability{63}> Slice dT: 1.2
TwoStreamInstability{63}> No. of fine time steps: 384
TwoStreamInstability{63}> No. of coarse time steps: 24
TwoStreamInstability{63}> Tolerance: 1e-08 No. of cycles: 1
TwoStreamInstability{63}> Np= 2621440 Fourier modes = ( 64 , 64 , 64 ) Grid points = ( 64 , 64 , 64 )
TwoStreamInstability{63}> particles created and initial conditions assigned 
TwoStreamInstability{63}> Finished iteration: 1 in cycle: 1 Rerror: 0.0225349 Perror: 0.0904289
TwoStreamInstability{63}> Finished iteration: 2 in cycle: 1 Rerror: 0.00796702 Perror: 0.0340407
TwoStreamInstability{63}> Finished iteration: 3 in cycle: 1 Rerror: 0.00169749 Perror: 0.00776267
TwoStreamInstability{63}> Finished iteration: 4 in cycle: 1 Rerror: 0.000223979 Perror: 0.00108895
TwoStreamInstability{63}> Finished iteration: 5 in cycle: 1 Rerror: 2.01764e-05 Perror: 0.000103494
TwoStreamInstability{63}> Finished iteration: 6 in cycle: 1 Rerror: 1.31901e-06 Perror: 7.00495e-06
TwoStreamInstability{63}> Finished iteration: 7 in cycle: 1 Rerror: 6.76963e-08 Perror: 3.71386e-07
TwoStreamInstability{63}> Finished iteration: 8 in cycle: 1 Rerror: 2.82345e-09 Perror: 1.59262e-08
TwoStreamInstability{63}> Finished iteration: 9 in cycle: 1 Rerror: 2.50593e-17 Perror: 1.52243e-16
TwoStreamInstability{63}> TwoStreamInstability Parareal: End.
Timings{0}> ---------------------------------------------
Timings{0}>      Timing results for 64 ranks:
Timings{0}> ---------------------------------------------
Timings{0}> mainTimer........... Wall tot =    164.014
Timings{0}> 
Timings{0}> particlesCreation... Wall max =    3.50782
Timings{0}>                      Wall avg =    1.91067
Timings{0}>                      Wall min =   0.318442
Timings{0}> 
Timings{0}> timeCommunication... Wall max =    17.1908
Timings{0}>                      Wall avg =     4.6761
Timings{0}>                      Wall min =   0.121365
Timings{0}> 
Timings{0}> deepCopy............ Wall max = 0.00323558
Timings{0}>                      Wall avg = 0.00220354
Timings{0}>                      Wall min = 0.000513874
Timings{0}> 
Timings{0}> finePropagator...... Wall max =    145.473
Timings{0}>                      Wall avg =    103.664
Timings{0}>                      Wall min =    18.0249
Timings{0}> 
Timings{0}> coarsePropagator.... Wall max =   0.961974
Timings{0}>                      Wall avg =   0.643844
Timings{0}>                      Wall min =   0.288117
Timings{0}> 
Timings{0}> dumpData............ Wall max =    5.48662
Timings{0}>                      Wall avg =    2.85373
Timings{0}>                      Wall min =    0.47567
Timings{0}> 
Timings{0}> computeErrors....... Wall max = 0.00388892
Timings{0}>                      Wall avg = 0.00133403
Timings{0}>                      Wall min = 0.000283782
Timings{0}> 
Timings{0}> initializeShapeFunc. Wall max = 0.000125251
Timings{0}>                      Wall avg = 0.000110274
Timings{0}>                      Wall min = 0.000102081
Timings{0}> 
Timings{0}> fieldSolvePIC....... Wall max =   0.447738
Timings{0}>                      Wall avg =   0.278351
Timings{0}>                      Wall min =   0.086068
Timings{0}> 
Timings{0}> ScatterPIC.......... Wall max =  0.0469412
Timings{0}>                      Wall avg =  0.0284738
Timings{0}>                      Wall min = 0.00868421
Timings{0}> 
Timings{0}> scatterAllReducePIC. Wall max =    0.37382
Timings{0}>                      Wall avg =   0.221117
Timings{0}>                      Wall min =  0.0671181
Timings{0}> 
Timings{0}> GatherPIC........... Wall max =  0.0514606
Timings{0}>                      Wall avg =  0.0328656
Timings{0}>                      Wall min =  0.0101663
Timings{0}> 
Timings{0}> ScatterPIFNUFFT..... Wall max =    41.7808
Timings{0}>                      Wall avg =    30.2321
Timings{0}>                      Wall min =    5.39487
Timings{0}> 
Timings{0}> scatterAllReducePIF. Wall max =    34.6784
Timings{0}>                      Wall avg =    22.1639
Timings{0}>                      Wall min =    3.65758
Timings{0}> 
Timings{0}> GatherPIFNUFFT...... Wall max =    66.9659
Timings{0}>                      Wall avg =    47.7648
Timings{0}>                      Wall min =    8.20294
Timings{0}> 
Timings{0}> ---------------------------------------------
