Option '8' is not parsed by Ippl. Make sure your application parses it.
Option '8' is not parsed by Ippl. Make sure your application parses it.
Option '8' is not parsed by Ippl. Make sure your application parses it.
Option '8' is not parsed by Ippl. Make sure your application parses it.
Option '8' is not parsed by Ippl. Make sure your application parses it.
Option '8' is not parsed by Ippl. Make sure your application parses it.
Option '2621440' is not parsed by Ippl. Make sure your application parses it.
Option '19.2' is not parsed by Ippl. Make sure your application parses it.
Option '0.003125' is not parsed by Ippl. Make sure your application parses it.
Option '0.05' is not parsed by Ippl. Make sure your application parses it.
Option '1e-11' is not parsed by Ippl. Make sure your application parses it.
Option '1' is not parsed by Ippl. Make sure your application parses it.
Option 'B-spline' is not parsed by Ippl. Make sure your application parses it.
Option '1' is not parsed by Ippl. Make sure your application parses it.
Option '4' is not parsed by Ippl. Make sure your application parses it.
Option '16' is not parsed by Ippl. Make sure your application parses it.
Option '0.001' is not parsed by Ippl. Make sure your application parses it.
Option '1e-12' is not parsed by Ippl. Make sure your application parses it.
Option 'PIC' is not parsed by Ippl. Make sure your application parses it.
LandauDampingPinT{63}> Parareal LandauDampingPinT
LandauDampingPinT{63}> Slice dT: 1.2
LandauDampingPinT{63}> No. of fine time steps: 384
LandauDampingPinT{63}> No. of coarse time steps: 24
LandauDampingPinT{63}> Tolerance: 1e-11 No. of cycles: 1
LandauDampingPinT{63}> Np= 2621440 Fourier modes = ( 8 , 8 , 8 ) Grid points = ( 8 , 8 , 8 )
LandauDampingPinT{63}> particles created and initial conditions assigned 
LandauDampingPinT{63}> Finished iteration: 1 in cycle: 1 Rerror: 0.00702055 Perror: 0.00430101
LandauDampingPinT{63}> Finished iteration: 2 in cycle: 1 Rerror: 0.000291281 Perror: 0.000328627
LandauDampingPinT{63}> Finished iteration: 3 in cycle: 1 Rerror: 7.73572e-06 Perror: 1.10764e-05
LandauDampingPinT{63}> Finished iteration: 4 in cycle: 1 Rerror: 1.5892e-07 Perror: 2.67446e-07
LandauDampingPinT{63}> Finished iteration: 5 in cycle: 1 Rerror: 2.99937e-09 Perror: 5.39113e-09
LandauDampingPinT{63}> Finished iteration: 6 in cycle: 1 Rerror: 5.07675e-11 Perror: 1.02717e-10
LandauDampingPinT{63}> Finished iteration: 7 in cycle: 1 Rerror: 7.30263e-13 Perror: 1.62814e-12
LandauDampingPinT{63}> LandauDampingPinT Parareal: End.
Timings{0}> ---------------------------------------------
Timings{0}>      Timing results for 64 ranks:
Timings{0}> ---------------------------------------------
Timings{0}> mainTimer........... Wall tot =     250.79
Timings{0}> 
Timings{0}> particlesCreation... Wall max =    8.28959
Timings{0}>                      Wall avg =    6.64958
Timings{0}>                      Wall min =    1.98908
Timings{0}> 
Timings{0}> timeCommunication... Wall max =    9.60985
Timings{0}>                      Wall avg =    6.97256
Timings{0}>                      Wall min =   0.108501
Timings{0}> 
Timings{0}> deepCopy............ Wall max = 0.00283821
Timings{0}>                      Wall avg = 0.00210644
Timings{0}>                      Wall min = 0.000532296
Timings{0}> 
Timings{0}> finePropagator...... Wall max =    237.856
Timings{0}>                      Wall avg =    186.245
Timings{0}>                      Wall min =    35.5251
Timings{0}> 
Timings{0}> coarsePropagator.... Wall max =    3.75511
Timings{0}>                      Wall avg =    0.60869
Timings{0}>                      Wall min =   0.200938
Timings{0}> 
Timings{0}> dumpData............ Wall max =    3.92785
Timings{0}>                      Wall avg =    2.02784
Timings{0}>                      Wall min =   0.660615
Timings{0}> 
Timings{0}> computeErrors....... Wall max = 0.00140826
Timings{0}>                      Wall avg = 0.00104831
Timings{0}>                      Wall min = 0.000280203
Timings{0}> 
Timings{0}> initializeShapeFunc. Wall max =  0.0001213
Timings{0}>                      Wall avg = 9.58825e-05
Timings{0}>                      Wall min = 7.4901e-05
Timings{0}> 
Timings{0}> fieldSolvePIC....... Wall max =  0.0450069
Timings{0}>                      Wall avg =  0.0355899
Timings{0}>                      Wall min =  0.0117727
Timings{0}> 
Timings{0}> ScatterPIC.......... Wall max =   0.183115
Timings{0}>                      Wall avg =   0.148324
Timings{0}>                      Wall min =  0.0484077
Timings{0}> 
Timings{0}> scatterAllReducePIC. Wall max =    1.83391
Timings{0}>                      Wall avg =   0.174396
Timings{0}>                      Wall min = 0.00758871
Timings{0}> 
Timings{0}> GatherPIC........... Wall max =  0.0173182
Timings{0}>                      Wall avg =  0.0141387
Timings{0}>                      Wall min =  0.0046694
Timings{0}> 
Timings{0}> ScatterPIFNUFFT..... Wall max =    150.345
Timings{0}>                      Wall avg =    117.935
Timings{0}>                      Wall min =    21.3346
Timings{0}> 
Timings{0}> scatterAllReducePIF. Wall max =    1.90451
Timings{0}>                      Wall avg =   0.572887
Timings{0}>                      Wall min =   0.097809
Timings{0}> 
Timings{0}> GatherPIFNUFFT...... Wall max =    83.7878
Timings{0}>                      Wall avg =    65.2075
Timings{0}>                      Wall min =    11.8179
Timings{0}> 
Timings{0}> ---------------------------------------------
