Option '64' is not parsed by Ippl. Make sure your application parses it.
Option '64' is not parsed by Ippl. Make sure your application parses it.
Option '64' is not parsed by Ippl. Make sure your application parses it.
Option '64' is not parsed by Ippl. Make sure your application parses it.
Option '64' is not parsed by Ippl. Make sure your application parses it.
Option '64' is not parsed by Ippl. Make sure your application parses it.
Option '2621440' is not parsed by Ippl. Make sure your application parses it.
Option '19.2' is not parsed by Ippl. Make sure your application parses it.
Option '0.003125' is not parsed by Ippl. Make sure your application parses it.
Option '0.2' is not parsed by Ippl. Make sure your application parses it.
Option '1e-8' is not parsed by Ippl. Make sure your application parses it.
Option '1' is not parsed by Ippl. Make sure your application parses it.
Option 'B-spline' is not parsed by Ippl. Make sure your application parses it.
Option '1' is not parsed by Ippl. Make sure your application parses it.
Option '4' is not parsed by Ippl. Make sure your application parses it.
Option '16' is not parsed by Ippl. Make sure your application parses it.
Option '0.00001' is not parsed by Ippl. Make sure your application parses it.
Option '1e-7' is not parsed by Ippl. Make sure your application parses it.
Option 'PIF' is not parsed by Ippl. Make sure your application parses it.
PenningTrapPinT{63}> Parareal PenningTrapPinT
PenningTrapPinT{63}> Slice dT: 1.2
PenningTrapPinT{63}> No. of fine time steps: 384
PenningTrapPinT{63}> No. of coarse time steps: 6
PenningTrapPinT{63}> Tolerance: 1e-08 No. of cycles: 1
PenningTrapPinT{63}> Np= 2621440 Fourier modes = ( 64 , 64 , 64 ) Grid points = ( 64 , 64 , 64 )
PenningTrapPinT{63}> particles created and initial conditions assigned 
PenningTrapPinT{63}> Finished iteration: 1 in cycle: 1 Rerror: 0.16534 Perror: 0.840901
PenningTrapPinT{63}> Finished iteration: 2 in cycle: 1 Rerror: 0.105655 Perror: 0.596887
PenningTrapPinT{63}> Finished iteration: 3 in cycle: 1 Rerror: 0.0473488 Perror: 0.298506
PenningTrapPinT{63}> Finished iteration: 4 in cycle: 1 Rerror: 0.0234702 Perror: 0.156144
PenningTrapPinT{63}> Finished iteration: 5 in cycle: 1 Rerror: 0.0176283 Perror: 0.117465
PenningTrapPinT{63}> Finished iteration: 6 in cycle: 1 Rerror: 0.0108564 Perror: 0.0738174
PenningTrapPinT{63}> Finished iteration: 7 in cycle: 1 Rerror: 0.00801213 Perror: 0.0546159
PenningTrapPinT{63}> Finished iteration: 8 in cycle: 1 Rerror: 0.00554862 Perror: 0.0449195
PenningTrapPinT{63}> Finished iteration: 9 in cycle: 1 Rerror: 0.00553608 Perror: 0.050444
PenningTrapPinT{63}> Finished iteration: 10 in cycle: 1 Rerror: 0.00478193 Perror: 0.0549358
PenningTrapPinT{63}> Finished iteration: 11 in cycle: 1 Rerror: 0.00347864 Perror: 0.0577101
PenningTrapPinT{63}> Finished iteration: 12 in cycle: 1 Rerror: 0.00225697 Perror: 0.048735
PenningTrapPinT{63}> Finished iteration: 13 in cycle: 1 Rerror: 0.00124699 Perror: 0.0303551
PenningTrapPinT{63}> Finished iteration: 14 in cycle: 1 Rerror: 0.000478209 Perror: 0.0109183
PenningTrapPinT{63}> Finished iteration: 15 in cycle: 1 Rerror: 9.56912e-05 Perror: 0.00191807
PenningTrapPinT{63}> Finished iteration: 16 in cycle: 1 Rerror: 3.08231e-17 Perror: 2.43894e-16
PenningTrapPinT{63}> PenningTrapPinT Parareal: End.
Timings{0}> ---------------------------------------------
Timings{0}>      Timing results for 64 ranks:
Timings{0}> ---------------------------------------------
Timings{0}> mainTimer........... Wall tot =    198.038
Timings{0}> 
Timings{0}> particlesCreation... Wall max =    3.61809
Timings{0}>                      Wall avg =    1.94108
Timings{0}>                      Wall min =   0.242392
Timings{0}> 
Timings{0}> timeCommunication... Wall max =    7.76617
Timings{0}>                      Wall avg =    3.14355
Timings{0}>                      Wall min =  0.0790213
Timings{0}> 
Timings{0}> deepCopy............ Wall max = 0.00555793
Timings{0}>                      Wall avg = 0.00303614
Timings{0}>                      Wall min = 0.000515098
Timings{0}> 
Timings{0}> finePropagator...... Wall max =    190.858
Timings{0}>                      Wall avg =    100.732
Timings{0}>                      Wall min =     11.883
Timings{0}> 
Timings{0}> coarsePropagator.... Wall max =    2.48729
Timings{0}>                      Wall avg =    1.37165
Timings{0}>                      Wall min =   0.301847
Timings{0}> 
Timings{0}> dumpData............ Wall max =  0.0172565
Timings{0}>                      Wall avg = 0.00895642
Timings{0}>                      Wall min = 0.00100784
Timings{0}> 
Timings{0}> computeErrors....... Wall max =  0.0272603
Timings{0}>                      Wall avg = 0.00447907
Timings{0}>                      Wall min = 0.000315169
Timings{0}> 
Timings{0}> initializeShapeFunc. Wall max = 0.000127181
Timings{0}>                      Wall avg = 0.000107397
Timings{0}>                      Wall min = 9.8241e-05
Timings{0}> 
Timings{0}> ScatterPIFNUFFT..... Wall max =    69.7693
Timings{0}>                      Wall avg =    37.3534
Timings{0}>                      Wall min =    4.48001
Timings{0}> 
Timings{0}> scatterAllReducePIF. Wall max =    64.1206
Timings{0}>                      Wall avg =    33.5393
Timings{0}>                      Wall min =    3.98608
Timings{0}> 
Timings{0}> GatherPIFNUFFT...... Wall max =    57.8538
Timings{0}>                      Wall avg =    30.0978
Timings{0}>                      Wall min =    3.54318
Timings{0}> 
Timings{0}> ---------------------------------------------
