Option '64' is not parsed by Ippl. Make sure your application parses it.
Option '64' is not parsed by Ippl. Make sure your application parses it.
Option '64' is not parsed by Ippl. Make sure your application parses it.
Option '64' is not parsed by Ippl. Make sure your application parses it.
Option '64' is not parsed by Ippl. Make sure your application parses it.
Option '64' is not parsed by Ippl. Make sure your application parses it.
Option '2621440' is not parsed by Ippl. Make sure your application parses it.
Option '19.2' is not parsed by Ippl. Make sure your application parses it.
Option '0.003125' is not parsed by Ippl. Make sure your application parses it.
Option '0.05' is not parsed by Ippl. Make sure your application parses it.
Option '1e-11' is not parsed by Ippl. Make sure your application parses it.
Option '1' is not parsed by Ippl. Make sure your application parses it.
Option 'B-spline' is not parsed by Ippl. Make sure your application parses it.
Option '1' is not parsed by Ippl. Make sure your application parses it.
Option '4' is not parsed by Ippl. Make sure your application parses it.
Option '16' is not parsed by Ippl. Make sure your application parses it.
Option '0.00001' is not parsed by Ippl. Make sure your application parses it.
Option '1e-12' is not parsed by Ippl. Make sure your application parses it.
Option 'PIF' is not parsed by Ippl. Make sure your application parses it.
LandauDampingPinT{63}> Parareal LandauDampingPinT
LandauDampingPinT{63}> Slice dT: 1.2
LandauDampingPinT{63}> No. of fine time steps: 384
LandauDampingPinT{63}> No. of coarse time steps: 24
LandauDampingPinT{63}> Tolerance: 1e-11 No. of cycles: 1
LandauDampingPinT{63}> Np= 2621440 Fourier modes = ( 64 , 64 , 64 ) Grid points = ( 64 , 64 , 64 )
LandauDampingPinT{63}> particles created and initial conditions assigned 
LandauDampingPinT{63}> Finished iteration: 1 in cycle: 1 Rerror: 6.18599e-05 Perror: 4.70881e-05
LandauDampingPinT{63}> Finished iteration: 2 in cycle: 1 Rerror: 8.41684e-08 Perror: 1.57095e-07
LandauDampingPinT{63}> Finished iteration: 3 in cycle: 1 Rerror: 2.0856e-10 Perror: 4.04526e-10
LandauDampingPinT{63}> Finished iteration: 4 in cycle: 1 Rerror: 1.14011e-12 Perror: 2.07548e-12
LandauDampingPinT{63}> LandauDampingPinT Parareal: End.
Timings{0}> ---------------------------------------------
Timings{0}>      Timing results for 64 ranks:
Timings{0}> ---------------------------------------------
Timings{0}> mainTimer........... Wall tot =    252.343
Timings{0}> 
Timings{0}> particlesCreation... Wall max =    12.0311
Timings{0}>                      Wall avg =    6.38191
Timings{0}>                      Wall min =   0.810445
Timings{0}> 
Timings{0}> timeCommunication... Wall max =    23.2107
Timings{0}>                      Wall avg =    9.17443
Timings{0}>                      Wall min =   0.131376
Timings{0}> 
Timings{0}> deepCopy............ Wall max = 0.00168545
Timings{0}>                      Wall avg = 0.00146556
Timings{0}>                      Wall min = 0.000505731
Timings{0}> 
Timings{0}> finePropagator...... Wall max =    238.185
Timings{0}>                      Wall avg =    211.413
Timings{0}>                      Wall min =    58.7236
Timings{0}> 
Timings{0}> coarsePropagator.... Wall max =    3.52751
Timings{0}>                      Wall avg =    3.00566
Timings{0}>                      Wall min =    1.34818
Timings{0}> 
Timings{0}> dumpData............ Wall max =     6.1993
Timings{0}>                      Wall avg =    2.31132
Timings{0}>                      Wall min =   0.435599
Timings{0}> 
Timings{0}> computeErrors....... Wall max = 0.00801336
Timings{0}>                      Wall avg = 0.00282995
Timings{0}>                      Wall min = 0.00024386
Timings{0}> 
Timings{0}> initializeShapeFunc. Wall max = 0.000136181
Timings{0}>                      Wall avg = 0.000109423
Timings{0}>                      Wall min = 0.00010114
Timings{0}> 
Timings{0}> ScatterPIFNUFFT..... Wall max =    92.1036
Timings{0}>                      Wall avg =    83.3705
Timings{0}>                      Wall min =    22.9967
Timings{0}> 
Timings{0}> scatterAllReducePIF. Wall max =    19.9829
Timings{0}>                      Wall avg =    13.0291
Timings{0}>                      Wall min =     2.8493
Timings{0}> 
Timings{0}> GatherPIFNUFFT...... Wall max =    127.587
Timings{0}>                      Wall avg =    115.278
Timings{0}>                      Wall min =     31.972
Timings{0}> 
Timings{0}> ---------------------------------------------
