Option '64' is not parsed by Ippl. Make sure your application parses it.
Option '64' is not parsed by Ippl. Make sure your application parses it.
Option '64' is not parsed by Ippl. Make sure your application parses it.
Option '64' is not parsed by Ippl. Make sure your application parses it.
Option '64' is not parsed by Ippl. Make sure your application parses it.
Option '64' is not parsed by Ippl. Make sure your application parses it.
Option '2621440' is not parsed by Ippl. Make sure your application parses it.
Option '19.2' is not parsed by Ippl. Make sure your application parses it.
Option '0.003125' is not parsed by Ippl. Make sure your application parses it.
Option '0.0125' is not parsed by Ippl. Make sure your application parses it.
Option '1e-8' is not parsed by Ippl. Make sure your application parses it.
Option '1' is not parsed by Ippl. Make sure your application parses it.
Option 'B-spline' is not parsed by Ippl. Make sure your application parses it.
Option '1' is not parsed by Ippl. Make sure your application parses it.
Option '4' is not parsed by Ippl. Make sure your application parses it.
Option '16' is not parsed by Ippl. Make sure your application parses it.
Option '0.1' is not parsed by Ippl. Make sure your application parses it.
Option '1e-7' is not parsed by Ippl. Make sure your application parses it.
Option 'PIC' is not parsed by Ippl. Make sure your application parses it.
LandauDampingPinT{63}> Parareal LandauDampingPinT
LandauDampingPinT{63}> Slice dT: 1.2
LandauDampingPinT{63}> No. of fine time steps: 384
LandauDampingPinT{63}> No. of coarse time steps: 96
LandauDampingPinT{63}> Tolerance: 1e-08 No. of cycles: 1
LandauDampingPinT{63}> Np= 2621440 Fourier modes = ( 64 , 64 , 64 ) Grid points = ( 64 , 64 , 64 )
LandauDampingPinT{63}> particles created and initial conditions assigned 
LandauDampingPinT{63}> Finished iteration: 1 in cycle: 1 Rerror: 0.00582295 Perror: 0.00521148
LandauDampingPinT{63}> Finished iteration: 2 in cycle: 1 Rerror: 0.00116305 Perror: 0.00158426
LandauDampingPinT{63}> Finished iteration: 3 in cycle: 1 Rerror: 0.000127101 Perror: 0.000237991
LandauDampingPinT{63}> Finished iteration: 4 in cycle: 1 Rerror: 8.5183e-06 Perror: 1.96921e-05
LandauDampingPinT{63}> Finished iteration: 5 in cycle: 1 Rerror: 3.89814e-07 Perror: 1.04089e-06
LandauDampingPinT{63}> Finished iteration: 6 in cycle: 1 Rerror: 1.31592e-08 Perror: 3.90752e-08
LandauDampingPinT{63}> Finished iteration: 7 in cycle: 1 Rerror: 2.94889e-10 Perror: 1.05072e-09
LandauDampingPinT{63}> LandauDampingPinT Parareal: End.
Timings{0}> ---------------------------------------------
Timings{0}>      Timing results for 64 ranks:
Timings{0}> ---------------------------------------------
Timings{0}> mainTimer........... Wall tot =    133.206
Timings{0}> 
Timings{0}> particlesCreation... Wall max =    7.62336
Timings{0}>                      Wall avg =    4.02765
Timings{0}>                      Wall min =   0.485557
Timings{0}> 
Timings{0}> timeCommunication... Wall max =    8.79555
Timings{0}>                      Wall avg =    4.10642
Timings{0}>                      Wall min =   0.106424
Timings{0}> 
Timings{0}> deepCopy............ Wall max = 0.00271067
Timings{0}>                      Wall avg = 0.00196037
Timings{0}>                      Wall min = 0.000528314
Timings{0}> 
Timings{0}> finePropagator...... Wall max =    123.234
Timings{0}>                      Wall avg =    88.0776
Timings{0}>                      Wall min =    16.9918
Timings{0}> 
Timings{0}> coarsePropagator.... Wall max =    2.54115
Timings{0}>                      Wall avg =    1.94806
Timings{0}>                      Wall min =   0.697263
Timings{0}> 
Timings{0}> dumpData............ Wall max = 0.00773879
Timings{0}>                      Wall avg = 0.00536293
Timings{0}>                      Wall min = 0.000978987
Timings{0}> 
Timings{0}> computeErrors....... Wall max = 0.00185979
Timings{0}>                      Wall avg = 0.00110837
Timings{0}>                      Wall min = 0.000245832
Timings{0}> 
Timings{0}> initializeShapeFunc. Wall max = 0.000127731
Timings{0}>                      Wall avg = 0.000111498
Timings{0}>                      Wall min = 0.000101921
Timings{0}> 
Timings{0}> fieldSolvePIC....... Wall max =    1.29191
Timings{0}>                      Wall avg =   0.951782
Timings{0}>                      Wall min =   0.318444
Timings{0}> 
Timings{0}> ScatterPIC.......... Wall max =   0.123972
Timings{0}>                      Wall avg =  0.0932895
Timings{0}>                      Wall min =  0.0315017
Timings{0}> 
Timings{0}> scatterAllReducePIC. Wall max =   0.838355
Timings{0}>                      Wall avg =   0.608775
Timings{0}>                      Wall min =   0.204153
Timings{0}> 
Timings{0}> GatherPIC........... Wall max =   0.144592
Timings{0}>                      Wall avg =   0.109203
Timings{0}>                      Wall min =  0.0369529
Timings{0}> 
Timings{0}> ScatterPIFNUFFT..... Wall max =      37.71
Timings{0}>                      Wall avg =    27.2444
Timings{0}>                      Wall min =    5.35188
Timings{0}> 
Timings{0}> scatterAllReducePIF. Wall max =    27.4701
Timings{0}>                      Wall avg =    18.7048
Timings{0}>                      Wall min =     3.3119
Timings{0}> 
Timings{0}> GatherPIFNUFFT...... Wall max =    57.7341
Timings{0}>                      Wall avg =    41.5723
Timings{0}>                      Wall min =    8.18318
Timings{0}> 
Timings{0}> ---------------------------------------------
