Option '16' is not parsed by Ippl. Make sure your application parses it.
Option '16' is not parsed by Ippl. Make sure your application parses it.
Option '16' is not parsed by Ippl. Make sure your application parses it.
Option '16' is not parsed by Ippl. Make sure your application parses it.
Option '16' is not parsed by Ippl. Make sure your application parses it.
Option '16' is not parsed by Ippl. Make sure your application parses it.
Option '2621440' is not parsed by Ippl. Make sure your application parses it.
Option '19.2' is not parsed by Ippl. Make sure your application parses it.
Option '0.05' is not parsed by Ippl. Make sure your application parses it.
Option '0.05' is not parsed by Ippl. Make sure your application parses it.
Option '1e-11' is not parsed by Ippl. Make sure your application parses it.
Option '1' is not parsed by Ippl. Make sure your application parses it.
Option 'B-spline' is not parsed by Ippl. Make sure your application parses it.
Option '1' is not parsed by Ippl. Make sure your application parses it.
Option '4' is not parsed by Ippl. Make sure your application parses it.
Option '16' is not parsed by Ippl. Make sure your application parses it.
Option '0.001' is not parsed by Ippl. Make sure your application parses it.
Option '1e-12' is not parsed by Ippl. Make sure your application parses it.
Option 'PIF' is not parsed by Ippl. Make sure your application parses it.
LandauDampingPinT{63}> Parareal LandauDampingPinT
LandauDampingPinT{63}> Slice dT: 1.2
LandauDampingPinT{63}> No. of fine time steps: 24
LandauDampingPinT{63}> No. of coarse time steps: 24
LandauDampingPinT{63}> Tolerance: 1e-11 No. of cycles: 1
LandauDampingPinT{63}> Np= 2621440 Fourier modes = ( 16 , 16 , 16 ) Grid points = ( 16 , 16 , 16 )
LandauDampingPinT{63}> particles created and initial conditions assigned 
LandauDampingPinT{63}> Finished iteration: 1 in cycle: 1 Rerror: 3.02273e-05 Perror: 1.39016e-05
LandauDampingPinT{63}> Finished iteration: 2 in cycle: 1 Rerror: 2.48668e-08 Perror: 1.98264e-08
LandauDampingPinT{63}> Finished iteration: 3 in cycle: 1 Rerror: 2.03358e-10 Perror: 2.36191e-10
LandauDampingPinT{63}> Finished iteration: 4 in cycle: 1 Rerror: 9.50712e-12 Perror: 1.70897e-11
LandauDampingPinT{63}> Finished iteration: 5 in cycle: 1 Rerror: 1.39438e-17 Perror: 6.16024e-17
LandauDampingPinT{63}> LandauDampingPinT Parareal: End.
Timings{0}> ---------------------------------------------
Timings{0}>      Timing results for 64 ranks:
Timings{0}> ---------------------------------------------
Timings{0}> mainTimer........... Wall tot =    76.4367
Timings{0}> 
Timings{0}> particlesCreation... Wall max =    3.04932
Timings{0}>                      Wall avg =    1.64071
Timings{0}>                      Wall min =   0.229929
Timings{0}> 
Timings{0}> timeCommunication... Wall max =    2.96572
Timings{0}>                      Wall avg =    1.71253
Timings{0}>                      Wall min =   0.122362
Timings{0}> 
Timings{0}> deepCopy............ Wall max = 0.00188547
Timings{0}>                      Wall avg = 0.00145456
Timings{0}>                      Wall min = 0.000510944
Timings{0}> 
Timings{0}> finePropagator...... Wall max =    10.2936
Timings{0}>                      Wall avg =    7.28285
Timings{0}>                      Wall min =    2.02183
Timings{0}> 
Timings{0}> coarsePropagator.... Wall max =   0.586722
Timings{0}>                      Wall avg =   0.449451
Timings{0}>                      Wall min =    0.20387
Timings{0}> 
Timings{0}> dumpData............ Wall max =   0.779818
Timings{0}>                      Wall avg =   0.150214
Timings{0}>                      Wall min =   0.024466
Timings{0}> 
Timings{0}> computeErrors....... Wall max = 0.00094953
Timings{0}>                      Wall avg = 0.000720522
Timings{0}>                      Wall min = 0.000256142
Timings{0}> 
Timings{0}> initializeShapeFunc. Wall max = 0.000115631
Timings{0}>                      Wall avg = 9.09041e-05
Timings{0}>                      Wall min = 7.5631e-05
Timings{0}> 
Timings{0}> ScatterPIFNUFFT..... Wall max =    6.26151
Timings{0}>                      Wall avg =    4.47105
Timings{0}>                      Wall min =    1.28279
Timings{0}> 
Timings{0}> scatterAllReducePIF. Wall max =   0.365759
Timings{0}>                      Wall avg =    0.10105
Timings{0}>                      Wall min =  0.0259173
Timings{0}> 
Timings{0}> GatherPIFNUFFT...... Wall max =    4.16176
Timings{0}>                      Wall avg =    2.96084
Timings{0}>                      Wall min =   0.866406
Timings{0}> 
Timings{0}> ---------------------------------------------
