Option '128' is not parsed by Ippl. Make sure your application parses it.
Option '128' is not parsed by Ippl. Make sure your application parses it.
Option '128' is not parsed by Ippl. Make sure your application parses it.
Option '128' is not parsed by Ippl. Make sure your application parses it.
Option '128' is not parsed by Ippl. Make sure your application parses it.
Option '128' is not parsed by Ippl. Make sure your application parses it.
Option '20971520' is not parsed by Ippl. Make sure your application parses it.
Option '19.2' is not parsed by Ippl. Make sure your application parses it.
Option '0.003125' is not parsed by Ippl. Make sure your application parses it.
Option '0.05' is not parsed by Ippl. Make sure your application parses it.
Option '1e-8' is not parsed by Ippl. Make sure your application parses it.
Option '1' is not parsed by Ippl. Make sure your application parses it.
Option 'B-spline' is not parsed by Ippl. Make sure your application parses it.
Option '7' is not parsed by Ippl. Make sure your application parses it.
Option '32' is not parsed by Ippl. Make sure your application parses it.
Option '16' is not parsed by Ippl. Make sure your application parses it.
Option '0.001' is not parsed by Ippl. Make sure your application parses it.
Option '1e-7' is not parsed by Ippl. Make sure your application parses it.
Option 'PIF' is not parsed by Ippl. Make sure your application parses it.
LandauDampingPinT{511}> Parareal LandauDampingPinT
LandauDampingPinT{511}> Slice dT: 1.2
LandauDampingPinT{511}> No. of fine time steps: 384
LandauDampingPinT{511}> No. of coarse time steps: 24
LandauDampingPinT{511}> Tolerance: 1e-08 No. of cycles: 1
LandauDampingPinT{511}> Np= 20971520 Fourier modes = ( 128 , 128 , 128 ) Grid points = ( 128 , 128 , 128 )
LandauDampingPinT{511}> particles created and initial conditions assigned 
LandauDampingPinT{511}> Finished iteration: 1 in cycle: 1 Rerror: 3.42234e-05 Perror: 1.7814e-05
LandauDampingPinT{511}> Finished iteration: 2 in cycle: 1 Rerror: 1.22027e-07 Perror: 1.02645e-07
LandauDampingPinT{511}> Finished iteration: 3 in cycle: 1 Rerror: 6.43283e-10 Perror: 7.0755e-10
LandauDampingPinT{511}> LandauDampingPinT Parareal: End.
Timings{0}> ---------------------------------------------
Timings{0}>      Timing results for 512 ranks:
Timings{0}> ---------------------------------------------
Timings{0}> mainTimer........... Wall tot =    156.801
Timings{0}> 
Timings{0}> particlesCreation... Wall max =    27.2532
Timings{0}>                      Wall avg =    14.4275
Timings{0}>                      Wall min =    1.58393
Timings{0}> 
Timings{0}> timeCommunication... Wall max =    25.7453
Timings{0}>                      Wall avg =    12.9987
Timings{0}>                      Wall min =  0.0875788
Timings{0}> 
Timings{0}> deepCopy............ Wall max = 0.00140205
Timings{0}>                      Wall avg = 0.00123931
Timings{0}>                      Wall min = 0.000533966
Timings{0}> 
Timings{0}> finePropagator...... Wall max =    125.096
Timings{0}>                      Wall avg =    117.055
Timings{0}>                      Wall min =    41.7784
Timings{0}> 
Timings{0}> coarsePropagator.... Wall max =    5.72528
Timings{0}>                      Wall avg =    5.44773
Timings{0}>                      Wall min =    2.88301
Timings{0}> 
Timings{0}> dumpData............ Wall max = 0.00391156
Timings{0}>                      Wall avg = 0.00301384
Timings{0}>                      Wall min = 0.000990131
Timings{0}> 
Timings{0}> computeErrors....... Wall max = 0.00965027
Timings{0}>                      Wall avg = 0.00394131
Timings{0}>                      Wall min = 0.000358704
Timings{0}> 
Timings{0}> initializeShapeFunc. Wall max = 0.000378223
Timings{0}>                      Wall avg = 0.000317382
Timings{0}>                      Wall min = 0.000306152
Timings{0}> 
Timings{0}> ScatterPIFNUFFT..... Wall max =    39.2635
Timings{0}>                      Wall avg =    36.7419
Timings{0}>                      Wall min =    13.1656
Timings{0}> 
Timings{0}> scatterAllReducePIF. Wall max =    49.7309
Timings{0}>                      Wall avg =    46.4105
Timings{0}>                      Wall min =      17.31
Timings{0}> 
Timings{0}> GatherPIFNUFFT...... Wall max =    41.5236
Timings{0}>                      Wall avg =    38.8966
Timings{0}>                      Wall min =    13.9852
Timings{0}> 
Timings{0}> ---------------------------------------------
