Option '64' is not parsed by Ippl. Make sure your application parses it.
Option '64' is not parsed by Ippl. Make sure your application parses it.
Option '64' is not parsed by Ippl. Make sure your application parses it.
Option '64' is not parsed by Ippl. Make sure your application parses it.
Option '64' is not parsed by Ippl. Make sure your application parses it.
Option '64' is not parsed by Ippl. Make sure your application parses it.
Option '2621440' is not parsed by Ippl. Make sure your application parses it.
Option '19.2' is not parsed by Ippl. Make sure your application parses it.
Option '0.003125' is not parsed by Ippl. Make sure your application parses it.
Option '0.003125' is not parsed by Ippl. Make sure your application parses it.
Option '1e-8' is not parsed by Ippl. Make sure your application parses it.
Option '16' is not parsed by Ippl. Make sure your application parses it.
Option 'B-spline' is not parsed by Ippl. Make sure your application parses it.
Option '1' is not parsed by Ippl. Make sure your application parses it.
Option '4' is not parsed by Ippl. Make sure your application parses it.
Option '16' is not parsed by Ippl. Make sure your application parses it.
Option '0.1' is not parsed by Ippl. Make sure your application parses it.
Option '1e-7' is not parsed by Ippl. Make sure your application parses it.
Option 'PIC' is not parsed by Ippl. Make sure your application parses it.
PenningTrapPinT{63}> Parareal PenningTrapPinT
PenningTrapPinT{63}> Slice dT: 0.075
PenningTrapPinT{63}> No. of fine time steps: 24
PenningTrapPinT{63}> No. of coarse time steps: 24
PenningTrapPinT{63}> Tolerance: 1e-08 No. of cycles: 16
PenningTrapPinT{63}> Np= 2621440 Fourier modes = ( 64 , 64 , 64 ) Grid points = ( 64 , 64 , 64 )
PenningTrapPinT{63}> particles created and initial conditions assigned 
PenningTrapPinT{63}> Finished iteration: 1 in cycle: 1 Rerror: 8.19566e-05 Perror: 0.00171333
PenningTrapPinT{63}> Finished iteration: 2 in cycle: 1 Rerror: 6.8002e-07 Perror: 1.61592e-05
PenningTrapPinT{63}> Finished iteration: 3 in cycle: 1 Rerror: 5.58122e-09 Perror: 1.30141e-07
PenningTrapPinT{63}> Finished iteration: 4 in cycle: 1 Rerror: 5.57274e-11 Perror: 1.30302e-09
PenningTrapPinT{0}> Finished iteration: 1 in cycle: 2 Rerror: 0.000106981 Perror: 0.0018051
PenningTrapPinT{0}> Finished iteration: 2 in cycle: 2 Rerror: 9.00702e-07 Perror: 1.64553e-05
PenningTrapPinT{0}> Finished iteration: 3 in cycle: 2 Rerror: 6.84979e-09 Perror: 1.22889e-07
PenningTrapPinT{0}> Finished iteration: 4 in cycle: 2 Rerror: 7.40647e-11 Perror: 1.32684e-09
PenningTrapPinT{63}> Finished iteration: 1 in cycle: 3 Rerror: 0.000100639 Perror: 0.00177714
PenningTrapPinT{63}> Finished iteration: 2 in cycle: 3 Rerror: 1.00051e-06 Perror: 1.98445e-05
PenningTrapPinT{63}> Finished iteration: 3 in cycle: 3 Rerror: 8.60357e-09 Perror: 1.89355e-07
PenningTrapPinT{63}> Finished iteration: 4 in cycle: 3 Rerror: 8.06382e-11 Perror: 1.97072e-09
PenningTrapPinT{0}> Finished iteration: 1 in cycle: 4 Rerror: 9.54675e-05 Perror: 0.00182539
PenningTrapPinT{0}> Finished iteration: 2 in cycle: 4 Rerror: 1.07772e-06 Perror: 2.44795e-05
PenningTrapPinT{0}> Finished iteration: 3 in cycle: 4 Rerror: 9.77792e-09 Perror: 2.58358e-07
PenningTrapPinT{0}> Finished iteration: 4 in cycle: 4 Rerror: 7.87766e-11 Perror: 2.31969e-09
PenningTrapPinT{63}> Finished iteration: 1 in cycle: 5 Rerror: 8.35967e-05 Perror: 0.00201912
PenningTrapPinT{63}> Finished iteration: 2 in cycle: 5 Rerror: 1.03682e-06 Perror: 2.85244e-05
PenningTrapPinT{63}> Finished iteration: 3 in cycle: 5 Rerror: 1.09052e-08 Perror: 3.47886e-07
PenningTrapPinT{63}> Finished iteration: 4 in cycle: 5 Rerror: 8.75735e-11 Perror: 3.22748e-09
PenningTrapPinT{0}> Finished iteration: 1 in cycle: 6 Rerror: 7.02693e-05 Perror: 0.00205793
PenningTrapPinT{0}> Finished iteration: 2 in cycle: 6 Rerror: 6.35484e-07 Perror: 2.27398e-05
PenningTrapPinT{0}> Finished iteration: 3 in cycle: 6 Rerror: 5.0596e-09 Perror: 1.98395e-07
PenningTrapPinT{0}> Finished iteration: 4 in cycle: 6 Rerror: 4.25461e-11 Perror: 1.75106e-09
PenningTrapPinT{63}> Finished iteration: 1 in cycle: 7 Rerror: 8.06482e-05 Perror: 0.00186228
PenningTrapPinT{63}> Finished iteration: 2 in cycle: 7 Rerror: 7.09957e-07 Perror: 1.85225e-05
PenningTrapPinT{63}> Finished iteration: 3 in cycle: 7 Rerror: 6.18376e-09 Perror: 1.66574e-07
PenningTrapPinT{63}> Finished iteration: 4 in cycle: 7 Rerror: 6.2677e-11 Perror: 1.80272e-09
PenningTrapPinT{0}> Finished iteration: 1 in cycle: 8 Rerror: 0.000106148 Perror: 0.00217989
PenningTrapPinT{0}> Finished iteration: 2 in cycle: 8 Rerror: 1.19696e-06 Perror: 2.62148e-05
PenningTrapPinT{0}> Finished iteration: 3 in cycle: 8 Rerror: 1.17575e-08 Perror: 2.76791e-07
PenningTrapPinT{0}> Finished iteration: 4 in cycle: 8 Rerror: 1.22412e-10 Perror: 3.1303e-09
PenningTrapPinT{63}> Finished iteration: 1 in cycle: 9 Rerror: 0.00010336 Perror: 0.0022135
PenningTrapPinT{63}> Finished iteration: 2 in cycle: 9 Rerror: 1.19059e-06 Perror: 2.74453e-05
PenningTrapPinT{63}> Finished iteration: 3 in cycle: 9 Rerror: 1.34198e-08 Perror: 3.10084e-07
PenningTrapPinT{63}> Finished iteration: 4 in cycle: 9 Rerror: 1.60468e-10 Perror: 4.01438e-09
PenningTrapPinT{0}> Finished iteration: 1 in cycle: 10 Rerror: 9.74514e-05 Perror: 0.00210319
PenningTrapPinT{0}> Finished iteration: 2 in cycle: 10 Rerror: 1.07663e-06 Perror: 2.63278e-05
PenningTrapPinT{0}> Finished iteration: 3 in cycle: 10 Rerror: 1.03976e-08 Perror: 2.63601e-07
PenningTrapPinT{0}> Finished iteration: 4 in cycle: 10 Rerror: 1.15541e-10 Perror: 3.23577e-09
PenningTrapPinT{63}> Finished iteration: 1 in cycle: 11 Rerror: 0.000102704 Perror: 0.00254671
PenningTrapPinT{63}> Finished iteration: 2 in cycle: 11 Rerror: 1.32582e-06 Perror: 3.87453e-05
PenningTrapPinT{63}> Finished iteration: 3 in cycle: 11 Rerror: 1.45572e-08 Perror: 4.59054e-07
PenningTrapPinT{63}> Finished iteration: 4 in cycle: 11 Rerror: 1.24563e-10 Perror: 4.48378e-09
PenningTrapPinT{0}> Finished iteration: 1 in cycle: 12 Rerror: 9.26016e-05 Perror: 0.0024881
PenningTrapPinT{0}> Finished iteration: 2 in cycle: 12 Rerror: 1.03265e-06 Perror: 3.35536e-05
PenningTrapPinT{0}> Finished iteration: 3 in cycle: 12 Rerror: 1.02221e-08 Perror: 3.58749e-07
PenningTrapPinT{0}> Finished iteration: 4 in cycle: 12 Rerror: 1.09623e-10 Perror: 3.88236e-09
PenningTrapPinT{63}> Finished iteration: 1 in cycle: 13 Rerror: 9.66147e-05 Perror: 0.00237391
PenningTrapPinT{63}> Finished iteration: 2 in cycle: 13 Rerror: 1.07209e-06 Perror: 2.99016e-05
PenningTrapPinT{63}> Finished iteration: 3 in cycle: 13 Rerror: 1.10004e-08 Perror: 3.18583e-07
PenningTrapPinT{63}> Finished iteration: 4 in cycle: 13 Rerror: 1.4027e-10 Perror: 3.98929e-09
PenningTrapPinT{0}> Finished iteration: 1 in cycle: 14 Rerror: 0.00011391 Perror: 0.00263129
PenningTrapPinT{0}> Finished iteration: 2 in cycle: 14 Rerror: 1.63115e-06 Perror: 3.97821e-05
PenningTrapPinT{0}> Finished iteration: 3 in cycle: 14 Rerror: 2.23888e-08 Perror: 5.70258e-07
PenningTrapPinT{0}> Finished iteration: 4 in cycle: 14 Rerror: 3.83766e-10 Perror: 9.86358e-09
PenningTrapPinT{63}> Finished iteration: 1 in cycle: 15 Rerror: 0.000119391 Perror: 0.00283034
PenningTrapPinT{63}> Finished iteration: 2 in cycle: 15 Rerror: 1.96747e-06 Perror: 4.88102e-05
PenningTrapPinT{63}> Finished iteration: 3 in cycle: 15 Rerror: 3.05343e-08 Perror: 7.87049e-07
PenningTrapPinT{63}> Finished iteration: 4 in cycle: 15 Rerror: 4.74434e-10 Perror: 1.30252e-08
PenningTrapPinT{63}> Finished iteration: 5 in cycle: 15 Rerror: 1.90169e-12 Perror: 1.15651e-10
PenningTrapPinT{0}> Finished iteration: 1 in cycle: 16 Rerror: 0.000110336 Perror: 0.00269991
PenningTrapPinT{0}> Finished iteration: 2 in cycle: 16 Rerror: 1.68942e-06 Perror: 4.6028e-05
PenningTrapPinT{0}> Finished iteration: 3 in cycle: 16 Rerror: 2.33876e-08 Perror: 6.90419e-07
PenningTrapPinT{0}> Finished iteration: 4 in cycle: 16 Rerror: 2.64389e-10 Perror: 8.73148e-09
PenningTrapPinT{0}> PenningTrapPinT Parareal: End.
Timings{0}> ---------------------------------------------
Timings{0}>      Timing results for 64 ranks:
Timings{0}> ---------------------------------------------
Timings{0}> mainTimer........... Wall tot =    82.5805
Timings{0}> 
Timings{0}> particlesCreation... Wall max =    3.46176
Timings{0}>                      Wall avg =    1.96006
Timings{0}>                      Wall min =   0.410555
Timings{0}> 
Timings{0}> timeCommunication... Wall max =    13.5148
Timings{0}>                      Wall avg =    12.1613
Timings{0}>                      Wall min =    10.8612
Timings{0}> 
Timings{0}> deepCopy............ Wall max =  0.0262282
Timings{0}>                      Wall avg =   0.023534
Timings{0}>                      Wall min =  0.0177116
Timings{0}> 
Timings{0}> finePropagator...... Wall max =    50.8892
Timings{0}>                      Wall avg =    44.6583
Timings{0}>                      Wall min =    31.7901
Timings{0}> 
Timings{0}> coarsePropagator.... Wall max =    6.73377
Timings{0}>                      Wall avg =    6.11737
Timings{0}>                      Wall min =    4.82536
Timings{0}> 
Timings{0}> dumpData............ Wall max = 0.00454929
Timings{0}>                      Wall avg = 0.00388891
Timings{0}>                      Wall min = 0.00257765
Timings{0}> 
Timings{0}> computeErrors....... Wall max =  0.0168855
Timings{0}>                      Wall avg =  0.0108693
Timings{0}>                      Wall min = 0.00656813
Timings{0}> 
Timings{0}> initializeShapeFunc. Wall max = 0.000124301
Timings{0}>                      Wall avg = 0.000109895
Timings{0}>                      Wall min = 0.000101541
Timings{0}> 
Timings{0}> fieldSolvePIC....... Wall max =    3.20282
Timings{0}>                      Wall avg =    2.85624
Timings{0}>                      Wall min =    2.17312
Timings{0}> 
Timings{0}> ScatterPIC.......... Wall max =   0.494027
Timings{0}>                      Wall avg =   0.455002
Timings{0}>                      Wall min =   0.358993
Timings{0}> 
Timings{0}> scatterAllReducePIC. Wall max =    2.27477
Timings{0}>                      Wall avg =    1.96521
Timings{0}>                      Wall min =    1.47534
Timings{0}> 
Timings{0}> GatherPIC........... Wall max =   0.253641
Timings{0}>                      Wall avg =   0.231368
Timings{0}>                      Wall min =   0.180313
Timings{0}> 
Timings{0}> ScatterPIFNUFFT..... Wall max =    19.5963
Timings{0}>                      Wall avg =    17.3567
Timings{0}>                      Wall min =     12.284
Timings{0}> 
Timings{0}> scatterAllReducePIF. Wall max =    16.3306
Timings{0}>                      Wall avg =    13.9727
Timings{0}>                      Wall min =    9.40453
Timings{0}> 
Timings{0}> GatherPIFNUFFT...... Wall max =     14.574
Timings{0}>                      Wall avg =    12.8678
Timings{0}>                      Wall min =    9.08313
Timings{0}> 
Timings{0}> ---------------------------------------------
