Option '64' is not parsed by Ippl. Make sure your application parses it.
Option '64' is not parsed by Ippl. Make sure your application parses it.
Option '64' is not parsed by Ippl. Make sure your application parses it.
Option '64' is not parsed by Ippl. Make sure your application parses it.
Option '64' is not parsed by Ippl. Make sure your application parses it.
Option '64' is not parsed by Ippl. Make sure your application parses it.
Option '2621440' is not parsed by Ippl. Make sure your application parses it.
Option '19.2' is not parsed by Ippl. Make sure your application parses it.
Option '0.003125' is not parsed by Ippl. Make sure your application parses it.
Option '0.05' is not parsed by Ippl. Make sure your application parses it.
Option '1e-11' is not parsed by Ippl. Make sure your application parses it.
Option '1' is not parsed by Ippl. Make sure your application parses it.
Option 'B-spline' is not parsed by Ippl. Make sure your application parses it.
Option '1' is not parsed by Ippl. Make sure your application parses it.
Option '4' is not parsed by Ippl. Make sure your application parses it.
Option '16' is not parsed by Ippl. Make sure your application parses it.
Option '0.000001' is not parsed by Ippl. Make sure your application parses it.
Option '1e-6' is not parsed by Ippl. Make sure your application parses it.
Option 'PIF' is not parsed by Ippl. Make sure your application parses it.
LandauDampingPinT{63}> Parareal LandauDampingPinT
LandauDampingPinT{63}> Slice dT: 1.2
LandauDampingPinT{63}> No. of fine time steps: 384
LandauDampingPinT{63}> No. of coarse time steps: 24
LandauDampingPinT{63}> Tolerance: 1e-11 No. of cycles: 1
LandauDampingPinT{63}> Np= 2621440 Fourier modes = ( 64 , 64 , 64 ) Grid points = ( 64 , 64 , 64 )
LandauDampingPinT{63}> particles created and initial conditions assigned 
LandauDampingPinT{63}> Finished iteration: 1 in cycle: 1 Rerror: 6.18739e-05 Perror: 4.70974e-05
LandauDampingPinT{63}> Finished iteration: 2 in cycle: 1 Rerror: 8.41643e-08 Perror: 1.57132e-07
LandauDampingPinT{63}> Finished iteration: 3 in cycle: 1 Rerror: 2.07229e-10 Perror: 4.03723e-10
LandauDampingPinT{63}> Finished iteration: 4 in cycle: 1 Rerror: 7.99745e-13 Perror: 1.68486e-12
LandauDampingPinT{63}> LandauDampingPinT Parareal: End.
Timings{0}> ---------------------------------------------
Timings{0}>      Timing results for 64 ranks:
Timings{0}> ---------------------------------------------
Timings{0}> mainTimer........... Wall tot =    78.6496
Timings{0}> 
Timings{0}> particlesCreation... Wall max =    15.0779
Timings{0}>                      Wall avg =    8.00811
Timings{0}>                      Wall min =   0.984372
Timings{0}> 
Timings{0}> timeCommunication... Wall max =    18.8055
Timings{0}>                      Wall avg =    9.55481
Timings{0}>                      Wall min =   0.117653
Timings{0}> 
Timings{0}> deepCopy............ Wall max = 0.00169758
Timings{0}>                      Wall avg = 0.00147743
Timings{0}>                      Wall min = 0.000511642
Timings{0}> 
Timings{0}> finePropagator...... Wall max =    60.4934
Timings{0}>                      Wall avg =    49.9026
Timings{0}>                      Wall min =    14.0106
Timings{0}> 
Timings{0}> coarsePropagator.... Wall max =    4.35016
Timings{0}>                      Wall avg =    3.88816
Timings{0}>                      Wall min =    1.71578
Timings{0}> 
Timings{0}> dumpData............ Wall max =    8.03347
Timings{0}>                      Wall avg =    3.58261
Timings{0}>                      Wall min =   0.843209
Timings{0}> 
Timings{0}> computeErrors....... Wall max = 0.00800347
Timings{0}>                      Wall avg = 0.00241534
Timings{0}>                      Wall min = 0.000257821
Timings{0}> 
Timings{0}> initializeShapeFunc. Wall max = 0.000135141
Timings{0}>                      Wall avg = 0.000110859
Timings{0}>                      Wall min = 0.00010253
Timings{0}> 
Timings{0}> ScatterPIFNUFFT..... Wall max =    15.7731
Timings{0}>                      Wall avg =    14.2422
Timings{0}>                      Wall min =    4.07699
Timings{0}> 
Timings{0}> scatterAllReducePIF. Wall max =    20.2481
Timings{0}>                      Wall avg =    14.8249
Timings{0}>                      Wall min =    3.63338
Timings{0}> 
Timings{0}> GatherPIFNUFFT...... Wall max =    22.9374
Timings{0}>                      Wall avg =    20.7232
Timings{0}>                      Wall min =     5.9565
Timings{0}> 
Timings{0}> ---------------------------------------------
