Option '64' is not parsed by Ippl. Make sure your application parses it.
Option '64' is not parsed by Ippl. Make sure your application parses it.
Option '64' is not parsed by Ippl. Make sure your application parses it.
Option '64' is not parsed by Ippl. Make sure your application parses it.
Option '64' is not parsed by Ippl. Make sure your application parses it.
Option '64' is not parsed by Ippl. Make sure your application parses it.
Option '2621440' is not parsed by Ippl. Make sure your application parses it.
Option '19.2' is not parsed by Ippl. Make sure your application parses it.
Option '0.05' is not parsed by Ippl. Make sure your application parses it.
Option '0.4' is not parsed by Ippl. Make sure your application parses it.
Option '1e-5' is not parsed by Ippl. Make sure your application parses it.
Option '1' is not parsed by Ippl. Make sure your application parses it.
Option 'B-spline' is not parsed by Ippl. Make sure your application parses it.
Option '1' is not parsed by Ippl. Make sure your application parses it.
Option '2' is not parsed by Ippl. Make sure your application parses it.
Option '16' is not parsed by Ippl. Make sure your application parses it.
Option '0.01' is not parsed by Ippl. Make sure your application parses it.
Option '1e-4' is not parsed by Ippl. Make sure your application parses it.
Option 'PIF' is not parsed by Ippl. Make sure your application parses it.
LandauDampingPinT{31}> Parareal LandauDampingPinT
LandauDampingPinT{31}> Slice dT: 1.2
LandauDampingPinT{31}> No. of fine time steps: 24
LandauDampingPinT{31}> No. of coarse time steps: 3
LandauDampingPinT{31}> Tolerance: 1e-05 No. of cycles: 1
LandauDampingPinT{31}> Np= 2621440 Fourier modes = ( 64 , 64 , 64 ) Grid points = ( 64 , 64 , 64 )
LandauDampingPinT{31}> particles created and initial conditions assigned 
LandauDampingPinT{31}> Finished iteration: 1 in cycle: 1 Rerror: 0.022143 Perror: 0.0197207
LandauDampingPinT{31}> Finished iteration: 2 in cycle: 1 Rerror: 0.00762199 Perror: 0.00997621
LandauDampingPinT{31}> Finished iteration: 3 in cycle: 1 Rerror: 0.00159844 Perror: 0.00293101
LandauDampingPinT{31}> Finished iteration: 4 in cycle: 1 Rerror: 0.000203341 Perror: 0.000466008
LandauDampingPinT{31}> Finished iteration: 5 in cycle: 1 Rerror: 1.73364e-05 Perror: 4.6069e-05
LandauDampingPinT{31}> Finished iteration: 6 in cycle: 1 Rerror: 1.02476e-06 Perror: 3.2045e-06
LandauDampingPinT{31}> LandauDampingPinT Parareal: End.
Timings{0}> ---------------------------------------------
Timings{0}>      Timing results for 32 ranks:
Timings{0}> ---------------------------------------------
Timings{0}> mainTimer........... Wall tot =    6.68924
Timings{0}> 
Timings{0}> particlesCreation... Wall max =    2.19876
Timings{0}>                      Wall avg =    1.19596
Timings{0}>                      Wall min =   0.160254
Timings{0}> 
Timings{0}> timeCommunication... Wall max =    2.25193
Timings{0}>                      Wall avg =    1.23241
Timings{0}>                      Wall min =    0.12827
Timings{0}> 
Timings{0}> deepCopy............ Wall max = 0.00358933
Timings{0}>                      Wall avg = 0.00262276
Timings{0}>                      Wall min = 0.000817207
Timings{0}> 
Timings{0}> finePropagator...... Wall max =    4.05613
Timings{0}>                      Wall avg =    2.90855
Timings{0}>                      Wall min =   0.704941
Timings{0}> 
Timings{0}> coarsePropagator.... Wall max =   0.417041
Timings{0}>                      Wall avg =   0.307373
Timings{0}>                      Wall min =   0.115744
Timings{0}> 
Timings{0}> dumpData............ Wall max = 0.000434219
Timings{0}>                      Wall avg = 0.000300385
Timings{0}>                      Wall min =  7.336e-05
Timings{0}> 
Timings{0}> computeErrors....... Wall max = 0.00419399
Timings{0}>                      Wall avg = 0.00177953
Timings{0}>                      Wall min = 0.000336703
Timings{0}> 
Timings{0}> initializeShapeFunc. Wall max = 0.000124571
Timings{0}>                      Wall avg = 0.000107283
Timings{0}>                      Wall min = 9.7991e-05
Timings{0}> 
Timings{0}> ScatterPIFNUFFT..... Wall max =    1.06726
Timings{0}>                      Wall avg =   0.772824
Timings{0}>                      Wall min =   0.194439
Timings{0}> 
Timings{0}> scatterAllReducePIF. Wall max =    1.32447
Timings{0}>                      Wall avg =   0.929056
Timings{0}>                      Wall min =   0.253432
Timings{0}> 
Timings{0}> GatherPIFNUFFT...... Wall max =    2.01402
Timings{0}>                      Wall avg =    1.44947
Timings{0}>                      Wall min =   0.355768
Timings{0}> 
Timings{0}> ---------------------------------------------
