Option '64' is not parsed by Ippl. Make sure your application parses it.
Option '64' is not parsed by Ippl. Make sure your application parses it.
Option '64' is not parsed by Ippl. Make sure your application parses it.
Option '64' is not parsed by Ippl. Make sure your application parses it.
Option '64' is not parsed by Ippl. Make sure your application parses it.
Option '64' is not parsed by Ippl. Make sure your application parses it.
Option '2621440' is not parsed by Ippl. Make sure your application parses it.
Option '19.2' is not parsed by Ippl. Make sure your application parses it.
Option '0.003125' is not parsed by Ippl. Make sure your application parses it.
Option '0.05' is not parsed by Ippl. Make sure your application parses it.
Option '1e-8' is not parsed by Ippl. Make sure your application parses it.
Option '1' is not parsed by Ippl. Make sure your application parses it.
Option 'B-spline' is not parsed by Ippl. Make sure your application parses it.
Option '1' is not parsed by Ippl. Make sure your application parses it.
Option '4' is not parsed by Ippl. Make sure your application parses it.
Option '16' is not parsed by Ippl. Make sure your application parses it.
Option '0.0001' is not parsed by Ippl. Make sure your application parses it.
Option '1e-7' is not parsed by Ippl. Make sure your application parses it.
Option 'PIF' is not parsed by Ippl. Make sure your application parses it.
PenningTrapPinT{63}> Parareal PenningTrapPinT
PenningTrapPinT{63}> Slice dT: 1.2
PenningTrapPinT{63}> No. of fine time steps: 384
PenningTrapPinT{63}> No. of coarse time steps: 24
PenningTrapPinT{63}> Tolerance: 1e-08 No. of cycles: 1
PenningTrapPinT{63}> Np= 2621440 Fourier modes = ( 64 , 64 , 64 ) Grid points = ( 64 , 64 , 64 )
PenningTrapPinT{63}> particles created and initial conditions assigned 
PenningTrapPinT{63}> Finished iteration: 1 in cycle: 1 Rerror: 0.0736602 Perror: 0.484014
PenningTrapPinT{63}> Finished iteration: 2 in cycle: 1 Rerror: 0.0153909 Perror: 0.118295
PenningTrapPinT{63}> Finished iteration: 3 in cycle: 1 Rerror: 0.0065011 Perror: 0.100497
PenningTrapPinT{63}> Finished iteration: 4 in cycle: 1 Rerror: 0.00428885 Perror: 0.112206
PenningTrapPinT{63}> Finished iteration: 5 in cycle: 1 Rerror: 0.00310222 Perror: 0.0991568
PenningTrapPinT{63}> Finished iteration: 6 in cycle: 1 Rerror: 0.00195204 Perror: 0.0697344
PenningTrapPinT{63}> Finished iteration: 7 in cycle: 1 Rerror: 0.000972509 Perror: 0.0384692
PenningTrapPinT{63}> Finished iteration: 8 in cycle: 1 Rerror: 0.000388539 Perror: 0.016713
PenningTrapPinT{63}> Finished iteration: 9 in cycle: 1 Rerror: 0.000122895 Perror: 0.00562473
PenningTrapPinT{63}> Finished iteration: 10 in cycle: 1 Rerror: 3.05349e-05 Perror: 0.00144959
PenningTrapPinT{63}> Finished iteration: 11 in cycle: 1 Rerror: 5.81366e-06 Perror: 0.000280807
PenningTrapPinT{63}> Finished iteration: 12 in cycle: 1 Rerror: 8.17317e-07 Perror: 3.95904e-05
PenningTrapPinT{63}> Finished iteration: 13 in cycle: 1 Rerror: 7.98578e-08 Perror: 3.83687e-06
PenningTrapPinT{63}> Finished iteration: 14 in cycle: 1 Rerror: 4.84542e-09 Perror: 2.287e-07
PenningTrapPinT{63}> Finished iteration: 15 in cycle: 1 Rerror: 1.40224e-10 Perror: 6.34424e-09
PenningTrapPinT{63}> PenningTrapPinT Parareal: End.
Timings{0}> ---------------------------------------------
Timings{0}>      Timing results for 64 ranks:
Timings{0}> ---------------------------------------------
Timings{0}> mainTimer........... Wall tot =    197.252
Timings{0}> 
Timings{0}> particlesCreation... Wall max =    8.19845
Timings{0}>                      Wall avg =    4.36165
Timings{0}>                      Wall min =   0.524838
Timings{0}> 
Timings{0}> timeCommunication... Wall max =    15.5967
Timings{0}>                      Wall avg =    5.51537
Timings{0}>                      Wall min =  0.0881133
Timings{0}> 
Timings{0}> deepCopy............ Wall max = 0.00530525
Timings{0}>                      Wall avg = 0.00302899
Timings{0}>                      Wall min = 0.00051007
Timings{0}> 
Timings{0}> finePropagator...... Wall max =    180.907
Timings{0}>                      Wall avg =    100.522
Timings{0}>                      Wall min =    11.7139
Timings{0}> 
Timings{0}> coarsePropagator.... Wall max =    6.93576
Timings{0}>                      Wall avg =     4.0196
Timings{0}>                      Wall min =   0.844343
Timings{0}> 
Timings{0}> dumpData............ Wall max =  0.0160964
Timings{0}>                      Wall avg = 0.00880419
Timings{0}>                      Wall min = 0.00100915
Timings{0}> 
Timings{0}> computeErrors....... Wall max =  0.0236129
Timings{0}>                      Wall avg = 0.00427575
Timings{0}>                      Wall min = 0.00034825
Timings{0}> 
Timings{0}> initializeShapeFunc. Wall max = 0.00012756
Timings{0}>                      Wall avg = 0.000108439
Timings{0}>                      Wall min = 0.000100141
Timings{0}> 
Timings{0}> ScatterPIFNUFFT..... Wall max =    66.3547
Timings{0}>                      Wall avg =    37.4865
Timings{0}>                      Wall min =    4.56589
Timings{0}> 
Timings{0}> scatterAllReducePIF. Wall max =    65.0581
Timings{0}>                      Wall avg =    35.5332
Timings{0}>                      Wall min =    4.18003
Timings{0}> 
Timings{0}> GatherPIFNUFFT...... Wall max =    54.9628
Timings{0}>                      Wall avg =    30.3614
Timings{0}>                      Wall min =     3.6463
Timings{0}> 
Timings{0}> ---------------------------------------------
