Option '64' is not parsed by Ippl. Make sure your application parses it.
Option '64' is not parsed by Ippl. Make sure your application parses it.
Option '64' is not parsed by Ippl. Make sure your application parses it.
Option '64' is not parsed by Ippl. Make sure your application parses it.
Option '64' is not parsed by Ippl. Make sure your application parses it.
Option '64' is not parsed by Ippl. Make sure your application parses it.
Option '2621440' is not parsed by Ippl. Make sure your application parses it.
Option '19.2' is not parsed by Ippl. Make sure your application parses it.
Option '0.05' is not parsed by Ippl. Make sure your application parses it.
Option '0.2' is not parsed by Ippl. Make sure your application parses it.
Option '1e-5' is not parsed by Ippl. Make sure your application parses it.
Option '1' is not parsed by Ippl. Make sure your application parses it.
Option 'B-spline' is not parsed by Ippl. Make sure your application parses it.
Option '1' is not parsed by Ippl. Make sure your application parses it.
Option '4' is not parsed by Ippl. Make sure your application parses it.
Option '16' is not parsed by Ippl. Make sure your application parses it.
Option '0.01' is not parsed by Ippl. Make sure your application parses it.
Option '1e-4' is not parsed by Ippl. Make sure your application parses it.
Option 'PIF' is not parsed by Ippl. Make sure your application parses it.
LandauDampingPinT{63}> Parareal LandauDampingPinT
LandauDampingPinT{63}> Slice dT: 1.2
LandauDampingPinT{63}> No. of fine time steps: 24
LandauDampingPinT{63}> No. of coarse time steps: 6
LandauDampingPinT{63}> Tolerance: 1e-05 No. of cycles: 1
LandauDampingPinT{63}> Np= 2621440 Fourier modes = ( 64 , 64 , 64 ) Grid points = ( 64 , 64 , 64 )
LandauDampingPinT{63}> particles created and initial conditions assigned 
LandauDampingPinT{63}> Finished iteration: 1 in cycle: 1 Rerror: 0.0065703 Perror: 0.00556912
LandauDampingPinT{63}> Finished iteration: 2 in cycle: 1 Rerror: 0.00125317 Perror: 0.00167454
LandauDampingPinT{63}> Finished iteration: 3 in cycle: 1 Rerror: 0.000127322 Perror: 0.000235958
LandauDampingPinT{63}> Finished iteration: 4 in cycle: 1 Rerror: 8.094e-06 Perror: 1.84316e-05
LandauDampingPinT{63}> Finished iteration: 5 in cycle: 1 Rerror: 1.88763e-07 Perror: 7.77917e-07
LandauDampingPinT{63}> LandauDampingPinT Parareal: End.
Timings{0}> ---------------------------------------------
Timings{0}>      Timing results for 64 ranks:
Timings{0}> ---------------------------------------------
Timings{0}> mainTimer........... Wall tot =    7.12473
Timings{0}> 
Timings{0}> particlesCreation... Wall max =    2.87077
Timings{0}>                      Wall avg =    1.55933
Timings{0}>                      Wall min =    0.22173
Timings{0}> 
Timings{0}> timeCommunication... Wall max =    2.85487
Timings{0}>                      Wall avg =    1.67899
Timings{0}>                      Wall min =   0.122079
Timings{0}> 
Timings{0}> deepCopy............ Wall max = 0.00201366
Timings{0}>                      Wall avg =  0.0014088
Timings{0}>                      Wall min = 0.000509674
Timings{0}> 
Timings{0}> finePropagator...... Wall max =    3.43826
Timings{0}>                      Wall avg =    2.66244
Timings{0}>                      Wall min =    1.19608
Timings{0}> 
Timings{0}> coarsePropagator.... Wall max =    0.59334
Timings{0}>                      Wall avg =   0.430661
Timings{0}>                      Wall min =   0.204039
Timings{0}> 
Timings{0}> dumpData............ Wall max =    1.43259
Timings{0}>                      Wall avg =   0.939439
Timings{0}>                      Wall min =   0.637482
Timings{0}> 
Timings{0}> computeErrors....... Wall max = 0.00927669
Timings{0}>                      Wall avg = 0.00263165
Timings{0}>                      Wall min = 0.000241941
Timings{0}> 
Timings{0}> initializeShapeFunc. Wall max = 0.000128081
Timings{0}>                      Wall avg = 0.000109599
Timings{0}>                      Wall min =  0.0001015
Timings{0}> 
Timings{0}> ScatterPIFNUFFT..... Wall max =    0.50371
Timings{0}>                      Wall avg =   0.359381
Timings{0}>                      Wall min =   0.115304
Timings{0}> 
Timings{0}> scatterAllReducePIF. Wall max =    1.69126
Timings{0}>                      Wall avg =     1.1031
Timings{0}>                      Wall min =   0.283983
Timings{0}> 
Timings{0}> GatherPIFNUFFT...... Wall max =   0.934228
Timings{0}>                      Wall avg =   0.658711
Timings{0}>                      Wall min =   0.205508
Timings{0}> 
Timings{0}> ---------------------------------------------
