Option '64' is not parsed by Ippl. Make sure your application parses it.
Option '64' is not parsed by Ippl. Make sure your application parses it.
Option '64' is not parsed by Ippl. Make sure your application parses it.
Option '2621440' is not parsed by Ippl. Make sure your application parses it.
Option '768' is not parsed by Ippl. Make sure your application parses it.
Option '0.003125' is not parsed by Ippl. Make sure your application parses it.
Option 'B-spline' is not parsed by Ippl. Make sure your application parses it.
Option '1' is not parsed by Ippl. Make sure your application parses it.
Option '1e-7' is not parsed by Ippl. Make sure your application parses it.
PenningTrapPIF{0}> PenningTrapPIF
PenningTrapPIF{0}> nt 768 Np= 2621440 Fourier modes = ( 64 , 64 , 64 )
PenningTrapPIF{0}> particles created and initial conditions assigned 
PenningTrapPIF{0}> Starting iterations ...
PenningTrapPIF{0}> Finished time step: 1 time: 0.003125
PenningTrapPIF{0}> Finished time step: 2 time: 0.00625
PenningTrapPIF{0}> Finished time step: 3 time: 0.009375
PenningTrapPIF{0}> Finished time step: 4 time: 0.0125
PenningTrapPIF{0}> Finished time step: 5 time: 0.015625
PenningTrapPIF{0}> Finished time step: 6 time: 0.01875
PenningTrapPIF{0}> Finished time step: 7 time: 0.021875
PenningTrapPIF{0}> Finished time step: 8 time: 0.025
PenningTrapPIF{0}> Finished time step: 9 time: 0.028125
PenningTrapPIF{0}> Finished time step: 10 time: 0.03125
PenningTrapPIF{0}> Finished time step: 11 time: 0.034375
PenningTrapPIF{0}> Finished time step: 12 time: 0.0375
PenningTrapPIF{0}> Finished time step: 13 time: 0.040625
PenningTrapPIF{0}> Finished time step: 14 time: 0.04375
PenningTrapPIF{0}> Finished time step: 15 time: 0.046875
PenningTrapPIF{0}> Finished time step: 16 time: 0.05
PenningTrapPIF{0}> Finished time step: 17 time: 0.053125
PenningTrapPIF{0}> Finished time step: 18 time: 0.05625
PenningTrapPIF{0}> Finished time step: 19 time: 0.059375
PenningTrapPIF{0}> Finished time step: 20 time: 0.0625
PenningTrapPIF{0}> Finished time step: 21 time: 0.065625
PenningTrapPIF{0}> Finished time step: 22 time: 0.06875
PenningTrapPIF{0}> Finished time step: 23 time: 0.071875
PenningTrapPIF{0}> Finished time step: 24 time: 0.075
PenningTrapPIF{0}> Finished time step: 25 time: 0.078125
PenningTrapPIF{0}> Finished time step: 26 time: 0.08125
PenningTrapPIF{0}> Finished time step: 27 time: 0.084375
PenningTrapPIF{0}> Finished time step: 28 time: 0.0875
PenningTrapPIF{0}> Finished time step: 29 time: 0.090625
PenningTrapPIF{0}> Finished time step: 30 time: 0.09375
PenningTrapPIF{0}> Finished time step: 31 time: 0.096875
PenningTrapPIF{0}> Finished time step: 32 time: 0.1
PenningTrapPIF{0}> Finished time step: 33 time: 0.103125
PenningTrapPIF{0}> Finished time step: 34 time: 0.10625
PenningTrapPIF{0}> Finished time step: 35 time: 0.109375
PenningTrapPIF{0}> Finished time step: 36 time: 0.1125
PenningTrapPIF{0}> Finished time step: 37 time: 0.115625
PenningTrapPIF{0}> Finished time step: 38 time: 0.11875
PenningTrapPIF{0}> Finished time step: 39 time: 0.121875
PenningTrapPIF{0}> Finished time step: 40 time: 0.125
PenningTrapPIF{0}> Finished time step: 41 time: 0.128125
PenningTrapPIF{0}> Finished time step: 42 time: 0.13125
PenningTrapPIF{0}> Finished time step: 43 time: 0.134375
PenningTrapPIF{0}> Finished time step: 44 time: 0.1375
PenningTrapPIF{0}> Finished time step: 45 time: 0.140625
PenningTrapPIF{0}> Finished time step: 46 time: 0.14375
PenningTrapPIF{0}> Finished time step: 47 time: 0.146875
PenningTrapPIF{0}> Finished time step: 48 time: 0.15
PenningTrapPIF{0}> Finished time step: 49 time: 0.153125
PenningTrapPIF{0}> Finished time step: 50 time: 0.15625
PenningTrapPIF{0}> Finished time step: 51 time: 0.159375
PenningTrapPIF{0}> Finished time step: 52 time: 0.1625
PenningTrapPIF{0}> Finished time step: 53 time: 0.165625
PenningTrapPIF{0}> Finished time step: 54 time: 0.16875
PenningTrapPIF{0}> Finished time step: 55 time: 0.171875
PenningTrapPIF{0}> Finished time step: 56 time: 0.175
PenningTrapPIF{0}> Finished time step: 57 time: 0.178125
PenningTrapPIF{0}> Finished time step: 58 time: 0.18125
PenningTrapPIF{0}> Finished time step: 59 time: 0.184375
PenningTrapPIF{0}> Finished time step: 60 time: 0.1875
PenningTrapPIF{0}> Finished time step: 61 time: 0.190625
PenningTrapPIF{0}> Finished time step: 62 time: 0.19375
PenningTrapPIF{0}> Finished time step: 63 time: 0.196875
PenningTrapPIF{0}> Finished time step: 64 time: 0.2
PenningTrapPIF{0}> Finished time step: 65 time: 0.203125
PenningTrapPIF{0}> Finished time step: 66 time: 0.20625
PenningTrapPIF{0}> Finished time step: 67 time: 0.209375
PenningTrapPIF{0}> Finished time step: 68 time: 0.2125
PenningTrapPIF{0}> Finished time step: 69 time: 0.215625
PenningTrapPIF{0}> Finished time step: 70 time: 0.21875
PenningTrapPIF{0}> Finished time step: 71 time: 0.221875
PenningTrapPIF{0}> Finished time step: 72 time: 0.225
PenningTrapPIF{0}> Finished time step: 73 time: 0.228125
PenningTrapPIF{0}> Finished time step: 74 time: 0.23125
PenningTrapPIF{0}> Finished time step: 75 time: 0.234375
PenningTrapPIF{0}> Finished time step: 76 time: 0.2375
PenningTrapPIF{0}> Finished time step: 77 time: 0.240625
PenningTrapPIF{0}> Finished time step: 78 time: 0.24375
PenningTrapPIF{0}> Finished time step: 79 time: 0.246875
PenningTrapPIF{0}> Finished time step: 80 time: 0.25
PenningTrapPIF{0}> Finished time step: 81 time: 0.253125
PenningTrapPIF{0}> Finished time step: 82 time: 0.25625
PenningTrapPIF{0}> Finished time step: 83 time: 0.259375
PenningTrapPIF{0}> Finished time step: 84 time: 0.2625
PenningTrapPIF{0}> Finished time step: 85 time: 0.265625
PenningTrapPIF{0}> Finished time step: 86 time: 0.26875
PenningTrapPIF{0}> Finished time step: 87 time: 0.271875
PenningTrapPIF{0}> Finished time step: 88 time: 0.275
PenningTrapPIF{0}> Finished time step: 89 time: 0.278125
PenningTrapPIF{0}> Finished time step: 90 time: 0.28125
PenningTrapPIF{0}> Finished time step: 91 time: 0.284375
PenningTrapPIF{0}> Finished time step: 92 time: 0.2875
PenningTrapPIF{0}> Finished time step: 93 time: 0.290625
PenningTrapPIF{0}> Finished time step: 94 time: 0.29375
PenningTrapPIF{0}> Finished time step: 95 time: 0.296875
PenningTrapPIF{0}> Finished time step: 96 time: 0.3
PenningTrapPIF{0}> Finished time step: 97 time: 0.303125
PenningTrapPIF{0}> Finished time step: 98 time: 0.30625
PenningTrapPIF{0}> Finished time step: 99 time: 0.309375
PenningTrapPIF{0}> Finished time step: 100 time: 0.3125
PenningTrapPIF{0}> Finished time step: 101 time: 0.315625
PenningTrapPIF{0}> Finished time step: 102 time: 0.31875
PenningTrapPIF{0}> Finished time step: 103 time: 0.321875
PenningTrapPIF{0}> Finished time step: 104 time: 0.325
PenningTrapPIF{0}> Finished time step: 105 time: 0.328125
PenningTrapPIF{0}> Finished time step: 106 time: 0.33125
PenningTrapPIF{0}> Finished time step: 107 time: 0.334375
PenningTrapPIF{0}> Finished time step: 108 time: 0.3375
PenningTrapPIF{0}> Finished time step: 109 time: 0.340625
PenningTrapPIF{0}> Finished time step: 110 time: 0.34375
PenningTrapPIF{0}> Finished time step: 111 time: 0.346875
PenningTrapPIF{0}> Finished time step: 112 time: 0.35
PenningTrapPIF{0}> Finished time step: 113 time: 0.353125
PenningTrapPIF{0}> Finished time step: 114 time: 0.35625
PenningTrapPIF{0}> Finished time step: 115 time: 0.359375
PenningTrapPIF{0}> Finished time step: 116 time: 0.3625
PenningTrapPIF{0}> Finished time step: 117 time: 0.365625
PenningTrapPIF{0}> Finished time step: 118 time: 0.36875
PenningTrapPIF{0}> Finished time step: 119 time: 0.371875
PenningTrapPIF{0}> Finished time step: 120 time: 0.375
PenningTrapPIF{0}> Finished time step: 121 time: 0.378125
PenningTrapPIF{0}> Finished time step: 122 time: 0.38125
PenningTrapPIF{0}> Finished time step: 123 time: 0.384375
PenningTrapPIF{0}> Finished time step: 124 time: 0.3875
PenningTrapPIF{0}> Finished time step: 125 time: 0.390625
PenningTrapPIF{0}> Finished time step: 126 time: 0.39375
PenningTrapPIF{0}> Finished time step: 127 time: 0.396875
PenningTrapPIF{0}> Finished time step: 128 time: 0.4
PenningTrapPIF{0}> Finished time step: 129 time: 0.403125
PenningTrapPIF{0}> Finished time step: 130 time: 0.40625
PenningTrapPIF{0}> Finished time step: 131 time: 0.409375
PenningTrapPIF{0}> Finished time step: 132 time: 0.4125
PenningTrapPIF{0}> Finished time step: 133 time: 0.415625
PenningTrapPIF{0}> Finished time step: 134 time: 0.41875
PenningTrapPIF{0}> Finished time step: 135 time: 0.421875
PenningTrapPIF{0}> Finished time step: 136 time: 0.425
PenningTrapPIF{0}> Finished time step: 137 time: 0.428125
PenningTrapPIF{0}> Finished time step: 138 time: 0.43125
PenningTrapPIF{0}> Finished time step: 139 time: 0.434375
PenningTrapPIF{0}> Finished time step: 140 time: 0.4375
PenningTrapPIF{0}> Finished time step: 141 time: 0.440625
PenningTrapPIF{0}> Finished time step: 142 time: 0.44375
PenningTrapPIF{0}> Finished time step: 143 time: 0.446875
PenningTrapPIF{0}> Finished time step: 144 time: 0.45
PenningTrapPIF{0}> Finished time step: 145 time: 0.453125
PenningTrapPIF{0}> Finished time step: 146 time: 0.45625
PenningTrapPIF{0}> Finished time step: 147 time: 0.459375
PenningTrapPIF{0}> Finished time step: 148 time: 0.4625
PenningTrapPIF{0}> Finished time step: 149 time: 0.465625
PenningTrapPIF{0}> Finished time step: 150 time: 0.46875
PenningTrapPIF{0}> Finished time step: 151 time: 0.471875
PenningTrapPIF{0}> Finished time step: 152 time: 0.475
PenningTrapPIF{0}> Finished time step: 153 time: 0.478125
PenningTrapPIF{0}> Finished time step: 154 time: 0.48125
PenningTrapPIF{0}> Finished time step: 155 time: 0.484375
PenningTrapPIF{0}> Finished time step: 156 time: 0.4875
PenningTrapPIF{0}> Finished time step: 157 time: 0.490625
PenningTrapPIF{0}> Finished time step: 158 time: 0.49375
PenningTrapPIF{0}> Finished time step: 159 time: 0.496875
PenningTrapPIF{0}> Finished time step: 160 time: 0.5
PenningTrapPIF{0}> Finished time step: 161 time: 0.503125
PenningTrapPIF{0}> Finished time step: 162 time: 0.50625
PenningTrapPIF{0}> Finished time step: 163 time: 0.509375
PenningTrapPIF{0}> Finished time step: 164 time: 0.5125
PenningTrapPIF{0}> Finished time step: 165 time: 0.515625
PenningTrapPIF{0}> Finished time step: 166 time: 0.51875
PenningTrapPIF{0}> Finished time step: 167 time: 0.521875
PenningTrapPIF{0}> Finished time step: 168 time: 0.525
PenningTrapPIF{0}> Finished time step: 169 time: 0.528125
PenningTrapPIF{0}> Finished time step: 170 time: 0.53125
PenningTrapPIF{0}> Finished time step: 171 time: 0.534375
PenningTrapPIF{0}> Finished time step: 172 time: 0.5375
PenningTrapPIF{0}> Finished time step: 173 time: 0.540625
PenningTrapPIF{0}> Finished time step: 174 time: 0.54375
PenningTrapPIF{0}> Finished time step: 175 time: 0.546875
PenningTrapPIF{0}> Finished time step: 176 time: 0.55
PenningTrapPIF{0}> Finished time step: 177 time: 0.553125
PenningTrapPIF{0}> Finished time step: 178 time: 0.55625
PenningTrapPIF{0}> Finished time step: 179 time: 0.559375
PenningTrapPIF{0}> Finished time step: 180 time: 0.5625
PenningTrapPIF{0}> Finished time step: 181 time: 0.565625
PenningTrapPIF{0}> Finished time step: 182 time: 0.56875
PenningTrapPIF{0}> Finished time step: 183 time: 0.571875
PenningTrapPIF{0}> Finished time step: 184 time: 0.575
PenningTrapPIF{0}> Finished time step: 185 time: 0.578125
PenningTrapPIF{0}> Finished time step: 186 time: 0.58125
PenningTrapPIF{0}> Finished time step: 187 time: 0.584375
PenningTrapPIF{0}> Finished time step: 188 time: 0.5875
PenningTrapPIF{0}> Finished time step: 189 time: 0.590625
PenningTrapPIF{0}> Finished time step: 190 time: 0.59375
PenningTrapPIF{0}> Finished time step: 191 time: 0.596875
PenningTrapPIF{0}> Finished time step: 192 time: 0.6
PenningTrapPIF{0}> Finished time step: 193 time: 0.603125
PenningTrapPIF{0}> Finished time step: 194 time: 0.60625
PenningTrapPIF{0}> Finished time step: 195 time: 0.609375
PenningTrapPIF{0}> Finished time step: 196 time: 0.6125
PenningTrapPIF{0}> Finished time step: 197 time: 0.615625
PenningTrapPIF{0}> Finished time step: 198 time: 0.61875
PenningTrapPIF{0}> Finished time step: 199 time: 0.621875
PenningTrapPIF{0}> Finished time step: 200 time: 0.625
PenningTrapPIF{0}> Finished time step: 201 time: 0.628125
PenningTrapPIF{0}> Finished time step: 202 time: 0.63125
PenningTrapPIF{0}> Finished time step: 203 time: 0.634375
PenningTrapPIF{0}> Finished time step: 204 time: 0.6375
PenningTrapPIF{0}> Finished time step: 205 time: 0.640625
PenningTrapPIF{0}> Finished time step: 206 time: 0.64375
PenningTrapPIF{0}> Finished time step: 207 time: 0.646875
PenningTrapPIF{0}> Finished time step: 208 time: 0.65
PenningTrapPIF{0}> Finished time step: 209 time: 0.653125
PenningTrapPIF{0}> Finished time step: 210 time: 0.65625
PenningTrapPIF{0}> Finished time step: 211 time: 0.659375
PenningTrapPIF{0}> Finished time step: 212 time: 0.6625
PenningTrapPIF{0}> Finished time step: 213 time: 0.665625
PenningTrapPIF{0}> Finished time step: 214 time: 0.66875
PenningTrapPIF{0}> Finished time step: 215 time: 0.671875
PenningTrapPIF{0}> Finished time step: 216 time: 0.675
PenningTrapPIF{0}> Finished time step: 217 time: 0.678125
PenningTrapPIF{0}> Finished time step: 218 time: 0.68125
PenningTrapPIF{0}> Finished time step: 219 time: 0.684375
PenningTrapPIF{0}> Finished time step: 220 time: 0.6875
PenningTrapPIF{0}> Finished time step: 221 time: 0.690625
PenningTrapPIF{0}> Finished time step: 222 time: 0.69375
PenningTrapPIF{0}> Finished time step: 223 time: 0.696875
PenningTrapPIF{0}> Finished time step: 224 time: 0.7
PenningTrapPIF{0}> Finished time step: 225 time: 0.703125
PenningTrapPIF{0}> Finished time step: 226 time: 0.70625
PenningTrapPIF{0}> Finished time step: 227 time: 0.709375
PenningTrapPIF{0}> Finished time step: 228 time: 0.7125
PenningTrapPIF{0}> Finished time step: 229 time: 0.715625
PenningTrapPIF{0}> Finished time step: 230 time: 0.71875
PenningTrapPIF{0}> Finished time step: 231 time: 0.721875
PenningTrapPIF{0}> Finished time step: 232 time: 0.725
PenningTrapPIF{0}> Finished time step: 233 time: 0.728125
PenningTrapPIF{0}> Finished time step: 234 time: 0.73125
PenningTrapPIF{0}> Finished time step: 235 time: 0.734375
PenningTrapPIF{0}> Finished time step: 236 time: 0.7375
PenningTrapPIF{0}> Finished time step: 237 time: 0.740625
PenningTrapPIF{0}> Finished time step: 238 time: 0.74375
PenningTrapPIF{0}> Finished time step: 239 time: 0.746875
PenningTrapPIF{0}> Finished time step: 240 time: 0.75
PenningTrapPIF{0}> Finished time step: 241 time: 0.753125
PenningTrapPIF{0}> Finished time step: 242 time: 0.75625
PenningTrapPIF{0}> Finished time step: 243 time: 0.759375
PenningTrapPIF{0}> Finished time step: 244 time: 0.7625
PenningTrapPIF{0}> Finished time step: 245 time: 0.765625
PenningTrapPIF{0}> Finished time step: 246 time: 0.76875
PenningTrapPIF{0}> Finished time step: 247 time: 0.771875
PenningTrapPIF{0}> Finished time step: 248 time: 0.775
PenningTrapPIF{0}> Finished time step: 249 time: 0.778125
PenningTrapPIF{0}> Finished time step: 250 time: 0.78125
PenningTrapPIF{0}> Finished time step: 251 time: 0.784375
PenningTrapPIF{0}> Finished time step: 252 time: 0.7875
PenningTrapPIF{0}> Finished time step: 253 time: 0.790625
PenningTrapPIF{0}> Finished time step: 254 time: 0.79375
PenningTrapPIF{0}> Finished time step: 255 time: 0.796875
PenningTrapPIF{0}> Finished time step: 256 time: 0.8
PenningTrapPIF{0}> Finished time step: 257 time: 0.803125
PenningTrapPIF{0}> Finished time step: 258 time: 0.80625
PenningTrapPIF{0}> Finished time step: 259 time: 0.809375
PenningTrapPIF{0}> Finished time step: 260 time: 0.8125
PenningTrapPIF{0}> Finished time step: 261 time: 0.815625
PenningTrapPIF{0}> Finished time step: 262 time: 0.81875
PenningTrapPIF{0}> Finished time step: 263 time: 0.821875
PenningTrapPIF{0}> Finished time step: 264 time: 0.825
PenningTrapPIF{0}> Finished time step: 265 time: 0.828125
PenningTrapPIF{0}> Finished time step: 266 time: 0.83125
PenningTrapPIF{0}> Finished time step: 267 time: 0.834375
PenningTrapPIF{0}> Finished time step: 268 time: 0.8375
PenningTrapPIF{0}> Finished time step: 269 time: 0.840625
PenningTrapPIF{0}> Finished time step: 270 time: 0.84375
PenningTrapPIF{0}> Finished time step: 271 time: 0.846875
PenningTrapPIF{0}> Finished time step: 272 time: 0.85
PenningTrapPIF{0}> Finished time step: 273 time: 0.853125
PenningTrapPIF{0}> Finished time step: 274 time: 0.85625
PenningTrapPIF{0}> Finished time step: 275 time: 0.859375
PenningTrapPIF{0}> Finished time step: 276 time: 0.8625
PenningTrapPIF{0}> Finished time step: 277 time: 0.865625
PenningTrapPIF{0}> Finished time step: 278 time: 0.86875
PenningTrapPIF{0}> Finished time step: 279 time: 0.871875
PenningTrapPIF{0}> Finished time step: 280 time: 0.875
PenningTrapPIF{0}> Finished time step: 281 time: 0.878125
PenningTrapPIF{0}> Finished time step: 282 time: 0.88125
PenningTrapPIF{0}> Finished time step: 283 time: 0.884375
PenningTrapPIF{0}> Finished time step: 284 time: 0.8875
PenningTrapPIF{0}> Finished time step: 285 time: 0.890625
PenningTrapPIF{0}> Finished time step: 286 time: 0.89375
PenningTrapPIF{0}> Finished time step: 287 time: 0.896875
PenningTrapPIF{0}> Finished time step: 288 time: 0.9
PenningTrapPIF{0}> Finished time step: 289 time: 0.903125
PenningTrapPIF{0}> Finished time step: 290 time: 0.90625
PenningTrapPIF{0}> Finished time step: 291 time: 0.909375
PenningTrapPIF{0}> Finished time step: 292 time: 0.9125
PenningTrapPIF{0}> Finished time step: 293 time: 0.915625
PenningTrapPIF{0}> Finished time step: 294 time: 0.91875
PenningTrapPIF{0}> Finished time step: 295 time: 0.921875
PenningTrapPIF{0}> Finished time step: 296 time: 0.925
PenningTrapPIF{0}> Finished time step: 297 time: 0.928125
PenningTrapPIF{0}> Finished time step: 298 time: 0.93125
PenningTrapPIF{0}> Finished time step: 299 time: 0.934375
PenningTrapPIF{0}> Finished time step: 300 time: 0.9375
PenningTrapPIF{0}> Finished time step: 301 time: 0.940625
PenningTrapPIF{0}> Finished time step: 302 time: 0.94375
PenningTrapPIF{0}> Finished time step: 303 time: 0.946875
PenningTrapPIF{0}> Finished time step: 304 time: 0.95
PenningTrapPIF{0}> Finished time step: 305 time: 0.953125
PenningTrapPIF{0}> Finished time step: 306 time: 0.95625
PenningTrapPIF{0}> Finished time step: 307 time: 0.959375
PenningTrapPIF{0}> Finished time step: 308 time: 0.9625
PenningTrapPIF{0}> Finished time step: 309 time: 0.965625
PenningTrapPIF{0}> Finished time step: 310 time: 0.96875
PenningTrapPIF{0}> Finished time step: 311 time: 0.971875
PenningTrapPIF{0}> Finished time step: 312 time: 0.975
PenningTrapPIF{0}> Finished time step: 313 time: 0.978125
PenningTrapPIF{0}> Finished time step: 314 time: 0.98125
PenningTrapPIF{0}> Finished time step: 315 time: 0.984375
PenningTrapPIF{0}> Finished time step: 316 time: 0.9875
PenningTrapPIF{0}> Finished time step: 317 time: 0.990625
PenningTrapPIF{0}> Finished time step: 318 time: 0.99375
PenningTrapPIF{0}> Finished time step: 319 time: 0.996875
PenningTrapPIF{0}> Finished time step: 320 time: 1
PenningTrapPIF{0}> Finished time step: 321 time: 1.00313
PenningTrapPIF{0}> Finished time step: 322 time: 1.00625
PenningTrapPIF{0}> Finished time step: 323 time: 1.00938
PenningTrapPIF{0}> Finished time step: 324 time: 1.0125
PenningTrapPIF{0}> Finished time step: 325 time: 1.01563
PenningTrapPIF{0}> Finished time step: 326 time: 1.01875
PenningTrapPIF{0}> Finished time step: 327 time: 1.02188
PenningTrapPIF{0}> Finished time step: 328 time: 1.025
PenningTrapPIF{0}> Finished time step: 329 time: 1.02813
PenningTrapPIF{0}> Finished time step: 330 time: 1.03125
PenningTrapPIF{0}> Finished time step: 331 time: 1.03438
PenningTrapPIF{0}> Finished time step: 332 time: 1.0375
PenningTrapPIF{0}> Finished time step: 333 time: 1.04063
PenningTrapPIF{0}> Finished time step: 334 time: 1.04375
PenningTrapPIF{0}> Finished time step: 335 time: 1.04688
PenningTrapPIF{0}> Finished time step: 336 time: 1.05
PenningTrapPIF{0}> Finished time step: 337 time: 1.05313
PenningTrapPIF{0}> Finished time step: 338 time: 1.05625
PenningTrapPIF{0}> Finished time step: 339 time: 1.05938
PenningTrapPIF{0}> Finished time step: 340 time: 1.0625
PenningTrapPIF{0}> Finished time step: 341 time: 1.06563
PenningTrapPIF{0}> Finished time step: 342 time: 1.06875
PenningTrapPIF{0}> Finished time step: 343 time: 1.07188
PenningTrapPIF{0}> Finished time step: 344 time: 1.075
PenningTrapPIF{0}> Finished time step: 345 time: 1.07813
PenningTrapPIF{0}> Finished time step: 346 time: 1.08125
PenningTrapPIF{0}> Finished time step: 347 time: 1.08438
PenningTrapPIF{0}> Finished time step: 348 time: 1.0875
PenningTrapPIF{0}> Finished time step: 349 time: 1.09063
PenningTrapPIF{0}> Finished time step: 350 time: 1.09375
PenningTrapPIF{0}> Finished time step: 351 time: 1.09688
PenningTrapPIF{0}> Finished time step: 352 time: 1.1
PenningTrapPIF{0}> Finished time step: 353 time: 1.10313
PenningTrapPIF{0}> Finished time step: 354 time: 1.10625
PenningTrapPIF{0}> Finished time step: 355 time: 1.10938
PenningTrapPIF{0}> Finished time step: 356 time: 1.1125
PenningTrapPIF{0}> Finished time step: 357 time: 1.11563
PenningTrapPIF{0}> Finished time step: 358 time: 1.11875
PenningTrapPIF{0}> Finished time step: 359 time: 1.12188
PenningTrapPIF{0}> Finished time step: 360 time: 1.125
PenningTrapPIF{0}> Finished time step: 361 time: 1.12813
PenningTrapPIF{0}> Finished time step: 362 time: 1.13125
PenningTrapPIF{0}> Finished time step: 363 time: 1.13438
PenningTrapPIF{0}> Finished time step: 364 time: 1.1375
PenningTrapPIF{0}> Finished time step: 365 time: 1.14063
PenningTrapPIF{0}> Finished time step: 366 time: 1.14375
PenningTrapPIF{0}> Finished time step: 367 time: 1.14688
PenningTrapPIF{0}> Finished time step: 368 time: 1.15
PenningTrapPIF{0}> Finished time step: 369 time: 1.15313
PenningTrapPIF{0}> Finished time step: 370 time: 1.15625
PenningTrapPIF{0}> Finished time step: 371 time: 1.15938
PenningTrapPIF{0}> Finished time step: 372 time: 1.1625
PenningTrapPIF{0}> Finished time step: 373 time: 1.16563
PenningTrapPIF{0}> Finished time step: 374 time: 1.16875
PenningTrapPIF{0}> Finished time step: 375 time: 1.17188
PenningTrapPIF{0}> Finished time step: 376 time: 1.175
PenningTrapPIF{0}> Finished time step: 377 time: 1.17813
PenningTrapPIF{0}> Finished time step: 378 time: 1.18125
PenningTrapPIF{0}> Finished time step: 379 time: 1.18438
PenningTrapPIF{0}> Finished time step: 380 time: 1.1875
PenningTrapPIF{0}> Finished time step: 381 time: 1.19063
PenningTrapPIF{0}> Finished time step: 382 time: 1.19375
PenningTrapPIF{0}> Finished time step: 383 time: 1.19688
PenningTrapPIF{0}> Finished time step: 384 time: 1.2
PenningTrapPIF{0}> Finished time step: 385 time: 1.20313
PenningTrapPIF{0}> Finished time step: 386 time: 1.20625
PenningTrapPIF{0}> Finished time step: 387 time: 1.20938
PenningTrapPIF{0}> Finished time step: 388 time: 1.2125
PenningTrapPIF{0}> Finished time step: 389 time: 1.21563
PenningTrapPIF{0}> Finished time step: 390 time: 1.21875
PenningTrapPIF{0}> Finished time step: 391 time: 1.22188
PenningTrapPIF{0}> Finished time step: 392 time: 1.225
PenningTrapPIF{0}> Finished time step: 393 time: 1.22813
PenningTrapPIF{0}> Finished time step: 394 time: 1.23125
PenningTrapPIF{0}> Finished time step: 395 time: 1.23438
PenningTrapPIF{0}> Finished time step: 396 time: 1.2375
PenningTrapPIF{0}> Finished time step: 397 time: 1.24063
PenningTrapPIF{0}> Finished time step: 398 time: 1.24375
PenningTrapPIF{0}> Finished time step: 399 time: 1.24688
PenningTrapPIF{0}> Finished time step: 400 time: 1.25
PenningTrapPIF{0}> Finished time step: 401 time: 1.25313
PenningTrapPIF{0}> Finished time step: 402 time: 1.25625
PenningTrapPIF{0}> Finished time step: 403 time: 1.25938
PenningTrapPIF{0}> Finished time step: 404 time: 1.2625
PenningTrapPIF{0}> Finished time step: 405 time: 1.26563
PenningTrapPIF{0}> Finished time step: 406 time: 1.26875
PenningTrapPIF{0}> Finished time step: 407 time: 1.27188
PenningTrapPIF{0}> Finished time step: 408 time: 1.275
PenningTrapPIF{0}> Finished time step: 409 time: 1.27813
PenningTrapPIF{0}> Finished time step: 410 time: 1.28125
PenningTrapPIF{0}> Finished time step: 411 time: 1.28438
PenningTrapPIF{0}> Finished time step: 412 time: 1.2875
PenningTrapPIF{0}> Finished time step: 413 time: 1.29063
PenningTrapPIF{0}> Finished time step: 414 time: 1.29375
PenningTrapPIF{0}> Finished time step: 415 time: 1.29688
PenningTrapPIF{0}> Finished time step: 416 time: 1.3
PenningTrapPIF{0}> Finished time step: 417 time: 1.30313
PenningTrapPIF{0}> Finished time step: 418 time: 1.30625
PenningTrapPIF{0}> Finished time step: 419 time: 1.30938
PenningTrapPIF{0}> Finished time step: 420 time: 1.3125
PenningTrapPIF{0}> Finished time step: 421 time: 1.31563
PenningTrapPIF{0}> Finished time step: 422 time: 1.31875
PenningTrapPIF{0}> Finished time step: 423 time: 1.32188
PenningTrapPIF{0}> Finished time step: 424 time: 1.325
PenningTrapPIF{0}> Finished time step: 425 time: 1.32813
PenningTrapPIF{0}> Finished time step: 426 time: 1.33125
PenningTrapPIF{0}> Finished time step: 427 time: 1.33438
PenningTrapPIF{0}> Finished time step: 428 time: 1.3375
PenningTrapPIF{0}> Finished time step: 429 time: 1.34063
PenningTrapPIF{0}> Finished time step: 430 time: 1.34375
PenningTrapPIF{0}> Finished time step: 431 time: 1.34688
PenningTrapPIF{0}> Finished time step: 432 time: 1.35
PenningTrapPIF{0}> Finished time step: 433 time: 1.35313
PenningTrapPIF{0}> Finished time step: 434 time: 1.35625
PenningTrapPIF{0}> Finished time step: 435 time: 1.35938
PenningTrapPIF{0}> Finished time step: 436 time: 1.3625
PenningTrapPIF{0}> Finished time step: 437 time: 1.36563
PenningTrapPIF{0}> Finished time step: 438 time: 1.36875
PenningTrapPIF{0}> Finished time step: 439 time: 1.37188
PenningTrapPIF{0}> Finished time step: 440 time: 1.375
PenningTrapPIF{0}> Finished time step: 441 time: 1.37813
PenningTrapPIF{0}> Finished time step: 442 time: 1.38125
PenningTrapPIF{0}> Finished time step: 443 time: 1.38438
PenningTrapPIF{0}> Finished time step: 444 time: 1.3875
PenningTrapPIF{0}> Finished time step: 445 time: 1.39063
PenningTrapPIF{0}> Finished time step: 446 time: 1.39375
PenningTrapPIF{0}> Finished time step: 447 time: 1.39688
PenningTrapPIF{0}> Finished time step: 448 time: 1.4
PenningTrapPIF{0}> Finished time step: 449 time: 1.40313
PenningTrapPIF{0}> Finished time step: 450 time: 1.40625
PenningTrapPIF{0}> Finished time step: 451 time: 1.40938
PenningTrapPIF{0}> Finished time step: 452 time: 1.4125
PenningTrapPIF{0}> Finished time step: 453 time: 1.41563
PenningTrapPIF{0}> Finished time step: 454 time: 1.41875
PenningTrapPIF{0}> Finished time step: 455 time: 1.42188
PenningTrapPIF{0}> Finished time step: 456 time: 1.425
PenningTrapPIF{0}> Finished time step: 457 time: 1.42813
PenningTrapPIF{0}> Finished time step: 458 time: 1.43125
PenningTrapPIF{0}> Finished time step: 459 time: 1.43438
PenningTrapPIF{0}> Finished time step: 460 time: 1.4375
PenningTrapPIF{0}> Finished time step: 461 time: 1.44063
PenningTrapPIF{0}> Finished time step: 462 time: 1.44375
PenningTrapPIF{0}> Finished time step: 463 time: 1.44688
PenningTrapPIF{0}> Finished time step: 464 time: 1.45
PenningTrapPIF{0}> Finished time step: 465 time: 1.45313
PenningTrapPIF{0}> Finished time step: 466 time: 1.45625
PenningTrapPIF{0}> Finished time step: 467 time: 1.45938
PenningTrapPIF{0}> Finished time step: 468 time: 1.4625
PenningTrapPIF{0}> Finished time step: 469 time: 1.46563
PenningTrapPIF{0}> Finished time step: 470 time: 1.46875
PenningTrapPIF{0}> Finished time step: 471 time: 1.47188
PenningTrapPIF{0}> Finished time step: 472 time: 1.475
PenningTrapPIF{0}> Finished time step: 473 time: 1.47813
PenningTrapPIF{0}> Finished time step: 474 time: 1.48125
PenningTrapPIF{0}> Finished time step: 475 time: 1.48438
PenningTrapPIF{0}> Finished time step: 476 time: 1.4875
PenningTrapPIF{0}> Finished time step: 477 time: 1.49063
PenningTrapPIF{0}> Finished time step: 478 time: 1.49375
PenningTrapPIF{0}> Finished time step: 479 time: 1.49688
PenningTrapPIF{0}> Finished time step: 480 time: 1.5
PenningTrapPIF{0}> Finished time step: 481 time: 1.50313
PenningTrapPIF{0}> Finished time step: 482 time: 1.50625
PenningTrapPIF{0}> Finished time step: 483 time: 1.50938
PenningTrapPIF{0}> Finished time step: 484 time: 1.5125
PenningTrapPIF{0}> Finished time step: 485 time: 1.51563
PenningTrapPIF{0}> Finished time step: 486 time: 1.51875
PenningTrapPIF{0}> Finished time step: 487 time: 1.52188
PenningTrapPIF{0}> Finished time step: 488 time: 1.525
PenningTrapPIF{0}> Finished time step: 489 time: 1.52813
PenningTrapPIF{0}> Finished time step: 490 time: 1.53125
PenningTrapPIF{0}> Finished time step: 491 time: 1.53438
PenningTrapPIF{0}> Finished time step: 492 time: 1.5375
PenningTrapPIF{0}> Finished time step: 493 time: 1.54063
PenningTrapPIF{0}> Finished time step: 494 time: 1.54375
PenningTrapPIF{0}> Finished time step: 495 time: 1.54688
PenningTrapPIF{0}> Finished time step: 496 time: 1.55
PenningTrapPIF{0}> Finished time step: 497 time: 1.55313
PenningTrapPIF{0}> Finished time step: 498 time: 1.55625
PenningTrapPIF{0}> Finished time step: 499 time: 1.55938
PenningTrapPIF{0}> Finished time step: 500 time: 1.5625
PenningTrapPIF{0}> Finished time step: 501 time: 1.56563
PenningTrapPIF{0}> Finished time step: 502 time: 1.56875
PenningTrapPIF{0}> Finished time step: 503 time: 1.57188
PenningTrapPIF{0}> Finished time step: 504 time: 1.575
PenningTrapPIF{0}> Finished time step: 505 time: 1.57813
PenningTrapPIF{0}> Finished time step: 506 time: 1.58125
PenningTrapPIF{0}> Finished time step: 507 time: 1.58438
PenningTrapPIF{0}> Finished time step: 508 time: 1.5875
PenningTrapPIF{0}> Finished time step: 509 time: 1.59063
PenningTrapPIF{0}> Finished time step: 510 time: 1.59375
PenningTrapPIF{0}> Finished time step: 511 time: 1.59688
PenningTrapPIF{0}> Finished time step: 512 time: 1.6
PenningTrapPIF{0}> Finished time step: 513 time: 1.60313
PenningTrapPIF{0}> Finished time step: 514 time: 1.60625
PenningTrapPIF{0}> Finished time step: 515 time: 1.60938
PenningTrapPIF{0}> Finished time step: 516 time: 1.6125
PenningTrapPIF{0}> Finished time step: 517 time: 1.61563
PenningTrapPIF{0}> Finished time step: 518 time: 1.61875
PenningTrapPIF{0}> Finished time step: 519 time: 1.62188
PenningTrapPIF{0}> Finished time step: 520 time: 1.625
PenningTrapPIF{0}> Finished time step: 521 time: 1.62813
PenningTrapPIF{0}> Finished time step: 522 time: 1.63125
PenningTrapPIF{0}> Finished time step: 523 time: 1.63438
PenningTrapPIF{0}> Finished time step: 524 time: 1.6375
PenningTrapPIF{0}> Finished time step: 525 time: 1.64063
PenningTrapPIF{0}> Finished time step: 526 time: 1.64375
PenningTrapPIF{0}> Finished time step: 527 time: 1.64688
PenningTrapPIF{0}> Finished time step: 528 time: 1.65
PenningTrapPIF{0}> Finished time step: 529 time: 1.65313
PenningTrapPIF{0}> Finished time step: 530 time: 1.65625
PenningTrapPIF{0}> Finished time step: 531 time: 1.65938
PenningTrapPIF{0}> Finished time step: 532 time: 1.6625
PenningTrapPIF{0}> Finished time step: 533 time: 1.66563
PenningTrapPIF{0}> Finished time step: 534 time: 1.66875
PenningTrapPIF{0}> Finished time step: 535 time: 1.67188
PenningTrapPIF{0}> Finished time step: 536 time: 1.675
PenningTrapPIF{0}> Finished time step: 537 time: 1.67813
PenningTrapPIF{0}> Finished time step: 538 time: 1.68125
PenningTrapPIF{0}> Finished time step: 539 time: 1.68438
PenningTrapPIF{0}> Finished time step: 540 time: 1.6875
PenningTrapPIF{0}> Finished time step: 541 time: 1.69063
PenningTrapPIF{0}> Finished time step: 542 time: 1.69375
PenningTrapPIF{0}> Finished time step: 543 time: 1.69688
PenningTrapPIF{0}> Finished time step: 544 time: 1.7
PenningTrapPIF{0}> Finished time step: 545 time: 1.70313
PenningTrapPIF{0}> Finished time step: 546 time: 1.70625
PenningTrapPIF{0}> Finished time step: 547 time: 1.70938
PenningTrapPIF{0}> Finished time step: 548 time: 1.7125
PenningTrapPIF{0}> Finished time step: 549 time: 1.71563
PenningTrapPIF{0}> Finished time step: 550 time: 1.71875
PenningTrapPIF{0}> Finished time step: 551 time: 1.72188
PenningTrapPIF{0}> Finished time step: 552 time: 1.725
PenningTrapPIF{0}> Finished time step: 553 time: 1.72813
PenningTrapPIF{0}> Finished time step: 554 time: 1.73125
PenningTrapPIF{0}> Finished time step: 555 time: 1.73438
PenningTrapPIF{0}> Finished time step: 556 time: 1.7375
PenningTrapPIF{0}> Finished time step: 557 time: 1.74063
PenningTrapPIF{0}> Finished time step: 558 time: 1.74375
PenningTrapPIF{0}> Finished time step: 559 time: 1.74688
PenningTrapPIF{0}> Finished time step: 560 time: 1.75
PenningTrapPIF{0}> Finished time step: 561 time: 1.75313
PenningTrapPIF{0}> Finished time step: 562 time: 1.75625
PenningTrapPIF{0}> Finished time step: 563 time: 1.75938
PenningTrapPIF{0}> Finished time step: 564 time: 1.7625
PenningTrapPIF{0}> Finished time step: 565 time: 1.76563
PenningTrapPIF{0}> Finished time step: 566 time: 1.76875
PenningTrapPIF{0}> Finished time step: 567 time: 1.77188
PenningTrapPIF{0}> Finished time step: 568 time: 1.775
PenningTrapPIF{0}> Finished time step: 569 time: 1.77813
PenningTrapPIF{0}> Finished time step: 570 time: 1.78125
PenningTrapPIF{0}> Finished time step: 571 time: 1.78438
PenningTrapPIF{0}> Finished time step: 572 time: 1.7875
PenningTrapPIF{0}> Finished time step: 573 time: 1.79063
PenningTrapPIF{0}> Finished time step: 574 time: 1.79375
PenningTrapPIF{0}> Finished time step: 575 time: 1.79688
PenningTrapPIF{0}> Finished time step: 576 time: 1.8
PenningTrapPIF{0}> Finished time step: 577 time: 1.80313
PenningTrapPIF{0}> Finished time step: 578 time: 1.80625
PenningTrapPIF{0}> Finished time step: 579 time: 1.80938
PenningTrapPIF{0}> Finished time step: 580 time: 1.8125
PenningTrapPIF{0}> Finished time step: 581 time: 1.81563
PenningTrapPIF{0}> Finished time step: 582 time: 1.81875
PenningTrapPIF{0}> Finished time step: 583 time: 1.82188
PenningTrapPIF{0}> Finished time step: 584 time: 1.825
PenningTrapPIF{0}> Finished time step: 585 time: 1.82813
PenningTrapPIF{0}> Finished time step: 586 time: 1.83125
PenningTrapPIF{0}> Finished time step: 587 time: 1.83438
PenningTrapPIF{0}> Finished time step: 588 time: 1.8375
PenningTrapPIF{0}> Finished time step: 589 time: 1.84063
PenningTrapPIF{0}> Finished time step: 590 time: 1.84375
PenningTrapPIF{0}> Finished time step: 591 time: 1.84688
PenningTrapPIF{0}> Finished time step: 592 time: 1.85
PenningTrapPIF{0}> Finished time step: 593 time: 1.85313
PenningTrapPIF{0}> Finished time step: 594 time: 1.85625
PenningTrapPIF{0}> Finished time step: 595 time: 1.85938
PenningTrapPIF{0}> Finished time step: 596 time: 1.8625
PenningTrapPIF{0}> Finished time step: 597 time: 1.86563
PenningTrapPIF{0}> Finished time step: 598 time: 1.86875
PenningTrapPIF{0}> Finished time step: 599 time: 1.87188
PenningTrapPIF{0}> Finished time step: 600 time: 1.875
PenningTrapPIF{0}> Finished time step: 601 time: 1.87813
PenningTrapPIF{0}> Finished time step: 602 time: 1.88125
PenningTrapPIF{0}> Finished time step: 603 time: 1.88438
PenningTrapPIF{0}> Finished time step: 604 time: 1.8875
PenningTrapPIF{0}> Finished time step: 605 time: 1.89063
PenningTrapPIF{0}> Finished time step: 606 time: 1.89375
PenningTrapPIF{0}> Finished time step: 607 time: 1.89688
PenningTrapPIF{0}> Finished time step: 608 time: 1.9
PenningTrapPIF{0}> Finished time step: 609 time: 1.90313
PenningTrapPIF{0}> Finished time step: 610 time: 1.90625
PenningTrapPIF{0}> Finished time step: 611 time: 1.90938
PenningTrapPIF{0}> Finished time step: 612 time: 1.9125
PenningTrapPIF{0}> Finished time step: 613 time: 1.91563
PenningTrapPIF{0}> Finished time step: 614 time: 1.91875
PenningTrapPIF{0}> Finished time step: 615 time: 1.92188
PenningTrapPIF{0}> Finished time step: 616 time: 1.925
PenningTrapPIF{0}> Finished time step: 617 time: 1.92813
PenningTrapPIF{0}> Finished time step: 618 time: 1.93125
PenningTrapPIF{0}> Finished time step: 619 time: 1.93438
PenningTrapPIF{0}> Finished time step: 620 time: 1.9375
PenningTrapPIF{0}> Finished time step: 621 time: 1.94063
PenningTrapPIF{0}> Finished time step: 622 time: 1.94375
PenningTrapPIF{0}> Finished time step: 623 time: 1.94688
PenningTrapPIF{0}> Finished time step: 624 time: 1.95
PenningTrapPIF{0}> Finished time step: 625 time: 1.95313
PenningTrapPIF{0}> Finished time step: 626 time: 1.95625
PenningTrapPIF{0}> Finished time step: 627 time: 1.95938
PenningTrapPIF{0}> Finished time step: 628 time: 1.9625
PenningTrapPIF{0}> Finished time step: 629 time: 1.96563
PenningTrapPIF{0}> Finished time step: 630 time: 1.96875
PenningTrapPIF{0}> Finished time step: 631 time: 1.97188
PenningTrapPIF{0}> Finished time step: 632 time: 1.975
PenningTrapPIF{0}> Finished time step: 633 time: 1.97813
PenningTrapPIF{0}> Finished time step: 634 time: 1.98125
PenningTrapPIF{0}> Finished time step: 635 time: 1.98438
PenningTrapPIF{0}> Finished time step: 636 time: 1.9875
PenningTrapPIF{0}> Finished time step: 637 time: 1.99063
PenningTrapPIF{0}> Finished time step: 638 time: 1.99375
PenningTrapPIF{0}> Finished time step: 639 time: 1.99688
PenningTrapPIF{0}> Finished time step: 640 time: 2
PenningTrapPIF{0}> Finished time step: 641 time: 2.00313
PenningTrapPIF{0}> Finished time step: 642 time: 2.00625
PenningTrapPIF{0}> Finished time step: 643 time: 2.00938
PenningTrapPIF{0}> Finished time step: 644 time: 2.0125
PenningTrapPIF{0}> Finished time step: 645 time: 2.01563
PenningTrapPIF{0}> Finished time step: 646 time: 2.01875
PenningTrapPIF{0}> Finished time step: 647 time: 2.02188
PenningTrapPIF{0}> Finished time step: 648 time: 2.025
PenningTrapPIF{0}> Finished time step: 649 time: 2.02813
PenningTrapPIF{0}> Finished time step: 650 time: 2.03125
PenningTrapPIF{0}> Finished time step: 651 time: 2.03438
PenningTrapPIF{0}> Finished time step: 652 time: 2.0375
PenningTrapPIF{0}> Finished time step: 653 time: 2.04063
PenningTrapPIF{0}> Finished time step: 654 time: 2.04375
PenningTrapPIF{0}> Finished time step: 655 time: 2.04688
PenningTrapPIF{0}> Finished time step: 656 time: 2.05
PenningTrapPIF{0}> Finished time step: 657 time: 2.05313
PenningTrapPIF{0}> Finished time step: 658 time: 2.05625
PenningTrapPIF{0}> Finished time step: 659 time: 2.05938
PenningTrapPIF{0}> Finished time step: 660 time: 2.0625
PenningTrapPIF{0}> Finished time step: 661 time: 2.06563
PenningTrapPIF{0}> Finished time step: 662 time: 2.06875
PenningTrapPIF{0}> Finished time step: 663 time: 2.07188
PenningTrapPIF{0}> Finished time step: 664 time: 2.075
PenningTrapPIF{0}> Finished time step: 665 time: 2.07813
PenningTrapPIF{0}> Finished time step: 666 time: 2.08125
PenningTrapPIF{0}> Finished time step: 667 time: 2.08438
PenningTrapPIF{0}> Finished time step: 668 time: 2.0875
PenningTrapPIF{0}> Finished time step: 669 time: 2.09063
PenningTrapPIF{0}> Finished time step: 670 time: 2.09375
PenningTrapPIF{0}> Finished time step: 671 time: 2.09688
PenningTrapPIF{0}> Finished time step: 672 time: 2.1
PenningTrapPIF{0}> Finished time step: 673 time: 2.10313
PenningTrapPIF{0}> Finished time step: 674 time: 2.10625
PenningTrapPIF{0}> Finished time step: 675 time: 2.10938
PenningTrapPIF{0}> Finished time step: 676 time: 2.1125
PenningTrapPIF{0}> Finished time step: 677 time: 2.11563
PenningTrapPIF{0}> Finished time step: 678 time: 2.11875
PenningTrapPIF{0}> Finished time step: 679 time: 2.12188
PenningTrapPIF{0}> Finished time step: 680 time: 2.125
PenningTrapPIF{0}> Finished time step: 681 time: 2.12813
PenningTrapPIF{0}> Finished time step: 682 time: 2.13125
PenningTrapPIF{0}> Finished time step: 683 time: 2.13438
PenningTrapPIF{0}> Finished time step: 684 time: 2.1375
PenningTrapPIF{0}> Finished time step: 685 time: 2.14063
PenningTrapPIF{0}> Finished time step: 686 time: 2.14375
PenningTrapPIF{0}> Finished time step: 687 time: 2.14688
PenningTrapPIF{0}> Finished time step: 688 time: 2.15
PenningTrapPIF{0}> Finished time step: 689 time: 2.15313
PenningTrapPIF{0}> Finished time step: 690 time: 2.15625
PenningTrapPIF{0}> Finished time step: 691 time: 2.15938
PenningTrapPIF{0}> Finished time step: 692 time: 2.1625
PenningTrapPIF{0}> Finished time step: 693 time: 2.16563
PenningTrapPIF{0}> Finished time step: 694 time: 2.16875
PenningTrapPIF{0}> Finished time step: 695 time: 2.17188
PenningTrapPIF{0}> Finished time step: 696 time: 2.175
PenningTrapPIF{0}> Finished time step: 697 time: 2.17813
PenningTrapPIF{0}> Finished time step: 698 time: 2.18125
PenningTrapPIF{0}> Finished time step: 699 time: 2.18438
PenningTrapPIF{0}> Finished time step: 700 time: 2.1875
PenningTrapPIF{0}> Finished time step: 701 time: 2.19063
PenningTrapPIF{0}> Finished time step: 702 time: 2.19375
PenningTrapPIF{0}> Finished time step: 703 time: 2.19688
PenningTrapPIF{0}> Finished time step: 704 time: 2.2
PenningTrapPIF{0}> Finished time step: 705 time: 2.20313
PenningTrapPIF{0}> Finished time step: 706 time: 2.20625
PenningTrapPIF{0}> Finished time step: 707 time: 2.20938
PenningTrapPIF{0}> Finished time step: 708 time: 2.2125
PenningTrapPIF{0}> Finished time step: 709 time: 2.21563
PenningTrapPIF{0}> Finished time step: 710 time: 2.21875
PenningTrapPIF{0}> Finished time step: 711 time: 2.22188
PenningTrapPIF{0}> Finished time step: 712 time: 2.225
PenningTrapPIF{0}> Finished time step: 713 time: 2.22813
PenningTrapPIF{0}> Finished time step: 714 time: 2.23125
PenningTrapPIF{0}> Finished time step: 715 time: 2.23438
PenningTrapPIF{0}> Finished time step: 716 time: 2.2375
PenningTrapPIF{0}> Finished time step: 717 time: 2.24063
PenningTrapPIF{0}> Finished time step: 718 time: 2.24375
PenningTrapPIF{0}> Finished time step: 719 time: 2.24688
PenningTrapPIF{0}> Finished time step: 720 time: 2.25
PenningTrapPIF{0}> Finished time step: 721 time: 2.25313
PenningTrapPIF{0}> Finished time step: 722 time: 2.25625
PenningTrapPIF{0}> Finished time step: 723 time: 2.25938
PenningTrapPIF{0}> Finished time step: 724 time: 2.2625
PenningTrapPIF{0}> Finished time step: 725 time: 2.26563
PenningTrapPIF{0}> Finished time step: 726 time: 2.26875
PenningTrapPIF{0}> Finished time step: 727 time: 2.27188
PenningTrapPIF{0}> Finished time step: 728 time: 2.275
PenningTrapPIF{0}> Finished time step: 729 time: 2.27813
PenningTrapPIF{0}> Finished time step: 730 time: 2.28125
PenningTrapPIF{0}> Finished time step: 731 time: 2.28438
PenningTrapPIF{0}> Finished time step: 732 time: 2.2875
PenningTrapPIF{0}> Finished time step: 733 time: 2.29063
PenningTrapPIF{0}> Finished time step: 734 time: 2.29375
PenningTrapPIF{0}> Finished time step: 735 time: 2.29688
PenningTrapPIF{0}> Finished time step: 736 time: 2.3
PenningTrapPIF{0}> Finished time step: 737 time: 2.30313
PenningTrapPIF{0}> Finished time step: 738 time: 2.30625
PenningTrapPIF{0}> Finished time step: 739 time: 2.30938
PenningTrapPIF{0}> Finished time step: 740 time: 2.3125
PenningTrapPIF{0}> Finished time step: 741 time: 2.31563
PenningTrapPIF{0}> Finished time step: 742 time: 2.31875
PenningTrapPIF{0}> Finished time step: 743 time: 2.32188
PenningTrapPIF{0}> Finished time step: 744 time: 2.325
PenningTrapPIF{0}> Finished time step: 745 time: 2.32813
PenningTrapPIF{0}> Finished time step: 746 time: 2.33125
PenningTrapPIF{0}> Finished time step: 747 time: 2.33438
PenningTrapPIF{0}> Finished time step: 748 time: 2.3375
PenningTrapPIF{0}> Finished time step: 749 time: 2.34063
PenningTrapPIF{0}> Finished time step: 750 time: 2.34375
PenningTrapPIF{0}> Finished time step: 751 time: 2.34688
PenningTrapPIF{0}> Finished time step: 752 time: 2.35
PenningTrapPIF{0}> Finished time step: 753 time: 2.35312
PenningTrapPIF{0}> Finished time step: 754 time: 2.35625
PenningTrapPIF{0}> Finished time step: 755 time: 2.35937
PenningTrapPIF{0}> Finished time step: 756 time: 2.3625
PenningTrapPIF{0}> Finished time step: 757 time: 2.36562
PenningTrapPIF{0}> Finished time step: 758 time: 2.36875
PenningTrapPIF{0}> Finished time step: 759 time: 2.37187
PenningTrapPIF{0}> Finished time step: 760 time: 2.375
PenningTrapPIF{0}> Finished time step: 761 time: 2.37812
PenningTrapPIF{0}> Finished time step: 762 time: 2.38125
PenningTrapPIF{0}> Finished time step: 763 time: 2.38437
PenningTrapPIF{0}> Finished time step: 764 time: 2.3875
PenningTrapPIF{0}> Finished time step: 765 time: 2.39062
PenningTrapPIF{0}> Finished time step: 766 time: 2.39375
PenningTrapPIF{0}> Finished time step: 767 time: 2.39687
PenningTrapPIF{0}> Finished time step: 768 time: 2.4
PenningTrapPIF{0}> PenningTrapPIF End.
Timings{0}> ---------------------------------------------
Timings{0}>      Timing results for 64 ranks:
Timings{0}> ---------------------------------------------
Timings{0}> mainTimer........... Wall tot =    16.0229
Timings{0}> 
Timings{0}> particlesCreation... Wall max =  0.0868871
Timings{0}>                      Wall avg =  0.0707051
Timings{0}>                      Wall min =   0.045601
Timings{0}> 
Timings{0}> dumpData............ Wall max = 0.00185431
Timings{0}>                      Wall avg = 0.00179626
Timings{0}>                      Wall min = 0.00175475
Timings{0}> 
Timings{0}> kick................ Wall max =  0.0296353
Timings{0}>                      Wall avg =  0.0282413
Timings{0}>                      Wall min =  0.0272803
Timings{0}> 
Timings{0}> drift............... Wall max =  0.0120576
Timings{0}>                      Wall avg =  0.0113827
Timings{0}>                      Wall min =  0.0107974
Timings{0}> 
Timings{0}> particleBC.......... Wall max =  0.0373751
Timings{0}>                      Wall avg =  0.0365133
Timings{0}>                      Wall min =  0.0356464
Timings{0}> 
Timings{0}> initializeShapeFunc. Wall max = 0.000154981
Timings{0}>                      Wall avg = 0.00011554
Timings{0}>                      Wall min = 9.5361e-05
Timings{0}> 
Timings{0}> ScatterPIFNUFFT..... Wall max =    1.20842
Timings{0}>                      Wall avg =    1.13342
Timings{0}>                      Wall min =    1.08258
Timings{0}> 
Timings{0}> scatterAllReducePIF. Wall max =    12.9874
Timings{0}>                      Wall avg =    12.8495
Timings{0}>                      Wall min =    12.6769
Timings{0}> 
Timings{0}> GatherPIFNUFFT...... Wall max =    1.49072
Timings{0}>                      Wall avg =    1.46256
Timings{0}>                      Wall min =    1.43844
Timings{0}> 
Timings{0}> ---------------------------------------------
