Option '64' is not parsed by Ippl. Make sure your application parses it.
Option '64' is not parsed by Ippl. Make sure your application parses it.
Option '64' is not parsed by Ippl. Make sure your application parses it.
Option '64' is not parsed by Ippl. Make sure your application parses it.
Option '64' is not parsed by Ippl. Make sure your application parses it.
Option '64' is not parsed by Ippl. Make sure your application parses it.
Option '2621440' is not parsed by Ippl. Make sure your application parses it.
Option '19.2' is not parsed by Ippl. Make sure your application parses it.
Option '0.003125' is not parsed by Ippl. Make sure your application parses it.
Option '0.1' is not parsed by Ippl. Make sure your application parses it.
Option '1e-11' is not parsed by Ippl. Make sure your application parses it.
Option '1' is not parsed by Ippl. Make sure your application parses it.
Option 'B-spline' is not parsed by Ippl. Make sure your application parses it.
Option '1' is not parsed by Ippl. Make sure your application parses it.
Option '4' is not parsed by Ippl. Make sure your application parses it.
Option '16' is not parsed by Ippl. Make sure your application parses it.
Option '0.000001' is not parsed by Ippl. Make sure your application parses it.
Option '1e-6' is not parsed by Ippl. Make sure your application parses it.
Option 'PIF' is not parsed by Ippl. Make sure your application parses it.
LandauDampingPinT{63}> Parareal LandauDampingPinT
LandauDampingPinT{63}> Slice dT: 1.2
LandauDampingPinT{63}> No. of fine time steps: 384
LandauDampingPinT{63}> No. of coarse time steps: 12
LandauDampingPinT{63}> Tolerance: 1e-11 No. of cycles: 1
LandauDampingPinT{63}> Np= 2621440 Fourier modes = ( 64 , 64 , 64 ) Grid points = ( 64 , 64 , 64 )
LandauDampingPinT{63}> particles created and initial conditions assigned 
LandauDampingPinT{63}> Finished iteration: 1 in cycle: 1 Rerror: 0.000783663 Perror: 0.000601062
LandauDampingPinT{63}> Finished iteration: 2 in cycle: 1 Rerror: 4.5315e-05 Perror: 6.01613e-05
LandauDampingPinT{63}> Finished iteration: 3 in cycle: 1 Rerror: 1.52563e-06 Perror: 2.81585e-06
LandauDampingPinT{63}> Finished iteration: 4 in cycle: 1 Rerror: 3.54064e-08 Perror: 8.07964e-08
LandauDampingPinT{63}> Finished iteration: 5 in cycle: 1 Rerror: 6.28396e-10 Perror: 1.66757e-09
LandauDampingPinT{63}> Finished iteration: 6 in cycle: 1 Rerror: 8.29691e-12 Perror: 2.54079e-11
LandauDampingPinT{63}> Finished iteration: 7 in cycle: 1 Rerror: 5.99646e-14 Perror: 2.53286e-13
LandauDampingPinT{63}> LandauDampingPinT Parareal: End.
Timings{0}> ---------------------------------------------
Timings{0}>      Timing results for 64 ranks:
Timings{0}> ---------------------------------------------
Timings{0}> mainTimer........... Wall tot =    107.638
Timings{0}> 
Timings{0}> particlesCreation... Wall max =      8.613
Timings{0}>                      Wall avg =    4.62736
Timings{0}>                      Wall min =   0.579256
Timings{0}> 
Timings{0}> timeCommunication... Wall max =    28.7685
Timings{0}>                      Wall avg =    8.50222
Timings{0}>                      Wall min =   0.120538
Timings{0}> 
Timings{0}> deepCopy............ Wall max = 0.00260378
Timings{0}>                      Wall avg =  0.0019307
Timings{0}>                      Wall min = 0.000515428
Timings{0}> 
Timings{0}> finePropagator...... Wall max =    93.8534
Timings{0}>                      Wall avg =    64.8374
Timings{0}>                      Wall min =    13.5589
Timings{0}> 
Timings{0}> coarsePropagator.... Wall max =    3.62796
Timings{0}>                      Wall avg =    2.62675
Timings{0}>                      Wall min =   0.914069
Timings{0}> 
Timings{0}> dumpData............ Wall max =    6.95849
Timings{0}>                      Wall avg =    2.98521
Timings{0}>                      Wall min =   0.338364
Timings{0}> 
Timings{0}> computeErrors....... Wall max =  0.0106492
Timings{0}>                      Wall avg = 0.00289424
Timings{0}>                      Wall min = 0.000246034
Timings{0}> 
Timings{0}> initializeShapeFunc. Wall max = 0.000124931
Timings{0}>                      Wall avg = 0.000109191
Timings{0}>                      Wall min = 0.000102461
Timings{0}> 
Timings{0}> ScatterPIFNUFFT..... Wall max =    26.5128
Timings{0}>                      Wall avg =    19.1013
Timings{0}>                      Wall min =    3.84914
Timings{0}> 
Timings{0}> scatterAllReducePIF. Wall max =    29.7963
Timings{0}>                      Wall avg =    16.9823
Timings{0}>                      Wall min =    4.35048
Timings{0}> 
Timings{0}> GatherPIFNUFFT...... Wall max =    38.5605
Timings{0}>                      Wall avg =    27.8198
Timings{0}>                      Wall min =    5.62168
Timings{0}> 
Timings{0}> ---------------------------------------------
