Option '32' is not parsed by Ippl. Make sure your application parses it.
Option '32' is not parsed by Ippl. Make sure your application parses it.
Option '32' is not parsed by Ippl. Make sure your application parses it.
Option '32' is not parsed by Ippl. Make sure your application parses it.
Option '32' is not parsed by Ippl. Make sure your application parses it.
Option '32' is not parsed by Ippl. Make sure your application parses it.
Option '2621440' is not parsed by Ippl. Make sure your application parses it.
Option '19.2' is not parsed by Ippl. Make sure your application parses it.
Option '0.003125' is not parsed by Ippl. Make sure your application parses it.
Option '0.025' is not parsed by Ippl. Make sure your application parses it.
Option '1e-11' is not parsed by Ippl. Make sure your application parses it.
Option '1' is not parsed by Ippl. Make sure your application parses it.
Option 'B-spline' is not parsed by Ippl. Make sure your application parses it.
Option '1' is not parsed by Ippl. Make sure your application parses it.
Option '4' is not parsed by Ippl. Make sure your application parses it.
Option '16' is not parsed by Ippl. Make sure your application parses it.
Option '0.1' is not parsed by Ippl. Make sure your application parses it.
Option '1e-12' is not parsed by Ippl. Make sure your application parses it.
Option 'PIC' is not parsed by Ippl. Make sure your application parses it.
PenningTrapPinT{63}> Parareal PenningTrapPinT
PenningTrapPinT{63}> Slice dT: 1.2
PenningTrapPinT{63}> No. of fine time steps: 384
PenningTrapPinT{63}> No. of coarse time steps: 48
PenningTrapPinT{63}> Tolerance: 1e-11 No. of cycles: 1
PenningTrapPinT{63}> Np= 2621440 Fourier modes = ( 32 , 32 , 32 ) Grid points = ( 32 , 32 , 32 )
PenningTrapPinT{63}> particles created and initial conditions assigned 
PenningTrapPinT{63}> Finished iteration: 1 in cycle: 1 Rerror: 0.0383349 Perror: 0.284642
PenningTrapPinT{63}> Finished iteration: 2 in cycle: 1 Rerror: 0.0089918 Perror: 0.171839
PenningTrapPinT{63}> Finished iteration: 3 in cycle: 1 Rerror: 0.00428537 Perror: 0.122533
PenningTrapPinT{63}> Finished iteration: 4 in cycle: 1 Rerror: 0.00193774 Perror: 0.0641275
PenningTrapPinT{63}> Finished iteration: 5 in cycle: 1 Rerror: 0.000813443 Perror: 0.0260471
PenningTrapPinT{63}> Finished iteration: 6 in cycle: 1 Rerror: 0.000196865 Perror: 0.0077271
PenningTrapPinT{63}> Finished iteration: 7 in cycle: 1 Rerror: 6.64472e-05 Perror: 0.00259687
PenningTrapPinT{63}> Finished iteration: 8 in cycle: 1 Rerror: 8.34778e-06 Perror: 0.000329761
PenningTrapPinT{63}> Finished iteration: 9 in cycle: 1 Rerror: 1.10059e-06 Perror: 4.70047e-05
PenningTrapPinT{63}> Finished iteration: 10 in cycle: 1 Rerror: 1.20224e-07 Perror: 5.1777e-06
PenningTrapPinT{63}> Finished iteration: 11 in cycle: 1 Rerror: 1.00278e-08 Perror: 4.324e-07
PenningTrapPinT{63}> Finished iteration: 12 in cycle: 1 Rerror: 6.18247e-10 Perror: 2.65165e-08
PenningTrapPinT{63}> Finished iteration: 13 in cycle: 1 Rerror: 2.65754e-11 Perror: 1.12662e-09
PenningTrapPinT{63}> Finished iteration: 14 in cycle: 1 Rerror: 7.16965e-13 Perror: 2.9772e-11
PenningTrapPinT{63}> Finished iteration: 15 in cycle: 1 Rerror: 5.4948e-17 Perror: 4.76044e-16
PenningTrapPinT{63}> PenningTrapPinT Parareal: End.
Timings{0}> ---------------------------------------------
Timings{0}>      Timing results for 64 ranks:
Timings{0}> ---------------------------------------------
Timings{0}> mainTimer........... Wall tot =    514.694
Timings{0}> 
Timings{0}> particlesCreation... Wall max =    3.07084
Timings{0}>                      Wall avg =    1.75062
Timings{0}>                      Wall min =   0.356159
Timings{0}> 
Timings{0}> timeCommunication... Wall max =    28.8345
Timings{0}>                      Wall avg =    15.3383
Timings{0}>                      Wall min =   0.139337
Timings{0}> 
Timings{0}> deepCopy............ Wall max = 0.00539667
Timings{0}>                      Wall avg = 0.00303141
Timings{0}>                      Wall min = 0.000513056
Timings{0}> 
Timings{0}> finePropagator...... Wall max =    489.949
Timings{0}>                      Wall avg =    276.025
Timings{0}>                      Wall min =    32.9124
Timings{0}> 
Timings{0}> coarsePropagator.... Wall max =     1.2659
Timings{0}>                      Wall avg =   0.769874
Timings{0}>                      Wall min =   0.281143
Timings{0}> 
Timings{0}> dumpData............ Wall max =    17.5564
Timings{0}>                      Wall avg =    2.70715
Timings{0}>                      Wall min =   0.150645
Timings{0}> 
Timings{0}> computeErrors....... Wall max = 0.00297958
Timings{0}>                      Wall avg = 0.00160879
Timings{0}>                      Wall min = 0.000285033
Timings{0}> 
Timings{0}> initializeShapeFunc. Wall max = 0.000116551
Timings{0}>                      Wall avg = 9.97919e-05
Timings{0}>                      Wall min = 8.5671e-05
Timings{0}> 
Timings{0}> fieldSolvePIC....... Wall max =   0.537265
Timings{0}>                      Wall avg =   0.308521
Timings{0}>                      Wall min =   0.068979
Timings{0}> 
Timings{0}> ScatterPIC.......... Wall max =    0.24973
Timings{0}>                      Wall avg =   0.148786
Timings{0}>                      Wall min =  0.0321942
Timings{0}> 
Timings{0}> scatterAllReducePIC. Wall max =   0.216427
Timings{0}>                      Wall avg =   0.125027
Timings{0}>                      Wall min =  0.0371101
Timings{0}> 
Timings{0}> GatherPIC........... Wall max =  0.0714397
Timings{0}>                      Wall avg =  0.0418241
Timings{0}>                      Wall min = 0.00929602
Timings{0}> 
Timings{0}> ScatterPIFNUFFT..... Wall max =    307.961
Timings{0}>                      Wall avg =    171.836
Timings{0}>                      Wall min =    20.8106
Timings{0}> 
Timings{0}> scatterAllReducePIF. Wall max =    17.6098
Timings{0}>                      Wall avg =     4.8657
Timings{0}>                      Wall min =    0.16978
Timings{0}> 
Timings{0}> GatherPIFNUFFT...... Wall max =    173.723
Timings{0}>                      Wall avg =    95.6847
Timings{0}>                      Wall min =    11.3679
Timings{0}> 
Timings{0}> ---------------------------------------------
