Option '16' is not parsed by Ippl. Make sure your application parses it.
Option '16' is not parsed by Ippl. Make sure your application parses it.
Option '16' is not parsed by Ippl. Make sure your application parses it.
Option '16' is not parsed by Ippl. Make sure your application parses it.
Option '16' is not parsed by Ippl. Make sure your application parses it.
Option '16' is not parsed by Ippl. Make sure your application parses it.
Option '2621440' is not parsed by Ippl. Make sure your application parses it.
Option '19.2' is not parsed by Ippl. Make sure your application parses it.
Option '0.003125' is not parsed by Ippl. Make sure your application parses it.
Option '0.1' is not parsed by Ippl. Make sure your application parses it.
Option '1e-11' is not parsed by Ippl. Make sure your application parses it.
Option '1' is not parsed by Ippl. Make sure your application parses it.
Option 'B-spline' is not parsed by Ippl. Make sure your application parses it.
Option '1' is not parsed by Ippl. Make sure your application parses it.
Option '4' is not parsed by Ippl. Make sure your application parses it.
Option '16' is not parsed by Ippl. Make sure your application parses it.
Option '0.000001' is not parsed by Ippl. Make sure your application parses it.
Option '1e-6' is not parsed by Ippl. Make sure your application parses it.
Option 'PIF' is not parsed by Ippl. Make sure your application parses it.
LandauDampingPinT{63}> Parareal LandauDampingPinT
LandauDampingPinT{63}> Slice dT: 1.2
LandauDampingPinT{63}> No. of fine time steps: 384
LandauDampingPinT{63}> No. of coarse time steps: 12
LandauDampingPinT{63}> Tolerance: 1e-11 No. of cycles: 1
LandauDampingPinT{63}> Np= 2621440 Fourier modes = ( 16 , 16 , 16 ) Grid points = ( 16 , 16 , 16 )
LandauDampingPinT{63}> particles created and initial conditions assigned 
LandauDampingPinT{63}> Finished iteration: 1 in cycle: 1 Rerror: 9.69395e-05 Perror: 4.82573e-05
LandauDampingPinT{63}> Finished iteration: 2 in cycle: 1 Rerror: 2.5076e-07 Perror: 1.68911e-07
LandauDampingPinT{63}> Finished iteration: 3 in cycle: 1 Rerror: 4.51141e-10 Perror: 4.76044e-10
LandauDampingPinT{63}> Finished iteration: 4 in cycle: 1 Rerror: 1.03747e-12 Perror: 1.10683e-12
LandauDampingPinT{63}> LandauDampingPinT Parareal: End.
Timings{0}> ---------------------------------------------
Timings{0}>      Timing results for 64 ranks:
Timings{0}> ---------------------------------------------
Timings{0}> mainTimer........... Wall tot =    26.8999
Timings{0}> 
Timings{0}> particlesCreation... Wall max =    4.69112
Timings{0}>                      Wall avg =    2.51351
Timings{0}>                      Wall min =   0.337961
Timings{0}> 
Timings{0}> timeCommunication... Wall max =    4.47498
Timings{0}>                      Wall avg =    2.36242
Timings{0}>                      Wall min =   0.120781
Timings{0}> 
Timings{0}> deepCopy............ Wall max = 0.00168562
Timings{0}>                      Wall avg =  0.0014743
Timings{0}>                      Wall min = 0.000508936
Timings{0}> 
Timings{0}> finePropagator...... Wall max =    21.5975
Timings{0}>                      Wall avg =    19.2629
Timings{0}>                      Wall min =    5.24457
Timings{0}> 
Timings{0}> coarsePropagator.... Wall max =   0.943414
Timings{0}>                      Wall avg =   0.862415
Timings{0}>                      Wall min =   0.396025
Timings{0}> 
Timings{0}> dumpData............ Wall max =    1.31091
Timings{0}>                      Wall avg =   0.797937
Timings{0}>                      Wall min =   0.155867
Timings{0}> 
Timings{0}> computeErrors....... Wall max = 0.00102198
Timings{0}>                      Wall avg = 0.000760571
Timings{0}>                      Wall min = 0.000215962
Timings{0}> 
Timings{0}> initializeShapeFunc. Wall max = 0.000122581
Timings{0}>                      Wall avg = 9.39036e-05
Timings{0}>                      Wall min =  6.777e-05
Timings{0}> 
Timings{0}> ScatterPIFNUFFT..... Wall max =    12.2539
Timings{0}>                      Wall avg =    11.0899
Timings{0}>                      Wall min =    3.13604
Timings{0}> 
Timings{0}> scatterAllReducePIF. Wall max =   0.433963
Timings{0}>                      Wall avg =   0.316817
Timings{0}>                      Wall min =  0.0716478
Timings{0}> 
Timings{0}> GatherPIFNUFFT...... Wall max =    8.40933
Timings{0}>                      Wall avg =    7.56344
Timings{0}>                      Wall min =    2.13554
Timings{0}> 
Timings{0}> ---------------------------------------------
