Option '64' is not parsed by Ippl. Make sure your application parses it.
Option '64' is not parsed by Ippl. Make sure your application parses it.
Option '64' is not parsed by Ippl. Make sure your application parses it.
Option '64' is not parsed by Ippl. Make sure your application parses it.
Option '64' is not parsed by Ippl. Make sure your application parses it.
Option '64' is not parsed by Ippl. Make sure your application parses it.
Option '2621440' is not parsed by Ippl. Make sure your application parses it.
Option '1.2' is not parsed by Ippl. Make sure your application parses it.
Option '0.0001953125' is not parsed by Ippl. Make sure your application parses it.
Option '0.0125' is not parsed by Ippl. Make sure your application parses it.
Option '1e-11' is not parsed by Ippl. Make sure your application parses it.
Option '1' is not parsed by Ippl. Make sure your application parses it.
Option 'B-spline' is not parsed by Ippl. Make sure your application parses it.
Option '1' is not parsed by Ippl. Make sure your application parses it.
Option '4' is not parsed by Ippl. Make sure your application parses it.
Option '16' is not parsed by Ippl. Make sure your application parses it.
Option '0.1' is not parsed by Ippl. Make sure your application parses it.
Option '1e-12' is not parsed by Ippl. Make sure your application parses it.
Option 'PIC' is not parsed by Ippl. Make sure your application parses it.
PenningTrapPinT{63}> Parareal PenningTrapPinT
PenningTrapPinT{63}> Slice dT: 0.075
PenningTrapPinT{63}> No. of fine time steps: 384
PenningTrapPinT{63}> No. of coarse time steps: 6
PenningTrapPinT{63}> Tolerance: 1e-11 No. of cycles: 1
PenningTrapPinT{63}> Np= 2621440 Fourier modes = ( 64 , 64 , 64 ) Grid points = ( 64 , 64 , 64 )
PenningTrapPinT{63}> particles created and initial conditions assigned 
PenningTrapPinT{63}> Finished iteration: 1 in cycle: 1 Rerror: 0.00206235 Perror: 0.0667961
PenningTrapPinT{63}> Finished iteration: 2 in cycle: 1 Rerror: 7.37896e-05 Perror: 0.00258362
PenningTrapPinT{63}> Finished iteration: 3 in cycle: 1 Rerror: 1.87109e-06 Perror: 7.17248e-05
PenningTrapPinT{63}> Finished iteration: 4 in cycle: 1 Rerror: 3.5993e-08 Perror: 1.62049e-06
PenningTrapPinT{63}> Finished iteration: 5 in cycle: 1 Rerror: 5.1512e-10 Perror: 2.81711e-08
PenningTrapPinT{63}> Finished iteration: 6 in cycle: 1 Rerror: 5.84904e-12 Perror: 3.46632e-10
PenningTrapPinT{63}> Finished iteration: 7 in cycle: 1 Rerror: 8.46316e-14 Perror: 3.38657e-12
PenningTrapPinT{63}> PenningTrapPinT Parareal: End.
Timings{0}> ---------------------------------------------
Timings{0}>      Timing results for 64 ranks:
Timings{0}> ---------------------------------------------
Timings{0}> mainTimer........... Wall tot =    267.553
Timings{0}> 
Timings{0}> particlesCreation... Wall max =    1.98787
Timings{0}>                      Wall avg =    1.09156
Timings{0}>                      Wall min =    0.13695
Timings{0}> 
Timings{0}> timeCommunication... Wall max =    4.97737
Timings{0}>                      Wall avg =    2.56865
Timings{0}>                      Wall min =    0.13883
Timings{0}> 
Timings{0}> deepCopy............ Wall max = 0.00271645
Timings{0}>                      Wall avg = 0.00209335
Timings{0}>                      Wall min = 0.000512753
Timings{0}> 
Timings{0}> finePropagator...... Wall max =    265.385
Timings{0}>                      Wall avg =    209.289
Timings{0}>                      Wall min =    37.7671
Timings{0}> 
Timings{0}> coarsePropagator.... Wall max =    0.29447
Timings{0}>                      Wall avg =   0.218651
Timings{0}>                      Wall min =  0.0865706
Timings{0}> 
Timings{0}> dumpData............ Wall max =    4.67442
Timings{0}>                      Wall avg =    2.18766
Timings{0}>                      Wall min =   0.275235
Timings{0}> 
Timings{0}> computeErrors....... Wall max = 0.00212275
Timings{0}>                      Wall avg =  0.0012693
Timings{0}>                      Wall min = 0.000257792
Timings{0}> 
Timings{0}> initializeShapeFunc. Wall max = 0.000141811
Timings{0}>                      Wall avg = 0.000111618
Timings{0}>                      Wall min = 0.000102511
Timings{0}> 
Timings{0}> fieldSolvePIC....... Wall max =    0.08176
Timings{0}>                      Wall avg =  0.0658009
Timings{0}>                      Wall min =  0.0216352
Timings{0}> 
Timings{0}> ScatterPIC.......... Wall max =  0.0156792
Timings{0}>                      Wall avg =  0.0123132
Timings{0}>                      Wall min = 0.00489903
Timings{0}> 
Timings{0}> scatterAllReducePIC. Wall max =   0.155912
Timings{0}>                      Wall avg =   0.100575
Timings{0}>                      Wall min =  0.0366744
Timings{0}> 
Timings{0}> GatherPIC........... Wall max = 0.00850993
Timings{0}>                      Wall avg =  0.0063676
Timings{0}>                      Wall min = 0.00181458
Timings{0}> 
Timings{0}> ScatterPIFNUFFT..... Wall max =    142.968
Timings{0}>                      Wall avg =    110.305
Timings{0}>                      Wall min =    19.5019
Timings{0}> 
Timings{0}> scatterAllReducePIF. Wall max =    29.8798
Timings{0}>                      Wall avg =    21.9137
Timings{0}>                      Wall min =    3.72143
Timings{0}> 
Timings{0}> GatherPIFNUFFT...... Wall max =    95.9585
Timings{0}>                      Wall avg =    74.1893
Timings{0}>                      Wall min =    13.3769
Timings{0}> 
Timings{0}> ---------------------------------------------
