Option '64' is not parsed by Ippl. Make sure your application parses it.
Option '64' is not parsed by Ippl. Make sure your application parses it.
Option '64' is not parsed by Ippl. Make sure your application parses it.
Option '64' is not parsed by Ippl. Make sure your application parses it.
Option '64' is not parsed by Ippl. Make sure your application parses it.
Option '64' is not parsed by Ippl. Make sure your application parses it.
Option '2621440' is not parsed by Ippl. Make sure your application parses it.
Option '19.2' is not parsed by Ippl. Make sure your application parses it.
Option '0.003125' is not parsed by Ippl. Make sure your application parses it.
Option '0.05' is not parsed by Ippl. Make sure your application parses it.
Option '1e-7' is not parsed by Ippl. Make sure your application parses it.
Option '1' is not parsed by Ippl. Make sure your application parses it.
Option 'B-spline' is not parsed by Ippl. Make sure your application parses it.
Option '1' is not parsed by Ippl. Make sure your application parses it.
Option '4' is not parsed by Ippl. Make sure your application parses it.
Option '16' is not parsed by Ippl. Make sure your application parses it.
Option '0.001' is not parsed by Ippl. Make sure your application parses it.
Option '1e-7' is not parsed by Ippl. Make sure your application parses it.
Option 'PIC' is not parsed by Ippl. Make sure your application parses it.
LandauDampingPinT{63}> Parareal LandauDampingPinT
LandauDampingPinT{63}> Slice dT: 1.2
LandauDampingPinT{63}> No. of fine time steps: 384
LandauDampingPinT{63}> No. of coarse time steps: 24
LandauDampingPinT{63}> Tolerance: 1e-07 No. of cycles: 1
LandauDampingPinT{63}> Np= 2621440 Fourier modes = ( 64 , 64 , 64 ) Grid points = ( 64 , 64 , 64 )
LandauDampingPinT{63}> particles created and initial conditions assigned 
LandauDampingPinT{63}> Finished iteration: 1 in cycle: 1 Rerror: 0.00584005 Perror: 0.0052287
LandauDampingPinT{63}> Finished iteration: 2 in cycle: 1 Rerror: 0.00117865 Perror: 0.00160139
LandauDampingPinT{63}> Finished iteration: 3 in cycle: 1 Rerror: 0.00013115 Perror: 0.000244754
LandauDampingPinT{63}> Finished iteration: 4 in cycle: 1 Rerror: 8.96892e-06 Perror: 2.06674e-05
LandauDampingPinT{63}> Finished iteration: 5 in cycle: 1 Rerror: 4.17573e-07 Perror: 1.11294e-06
LandauDampingPinT{63}> Finished iteration: 6 in cycle: 1 Rerror: 1.39961e-08 Perror: 4.24543e-08
LandauDampingPinT{63}> LandauDampingPinT Parareal: End.
Timings{0}> ---------------------------------------------
Timings{0}>      Timing results for 64 ranks:
Timings{0}> ---------------------------------------------
Timings{0}> mainTimer........... Wall tot =     113.01
Timings{0}> 
Timings{0}> particlesCreation... Wall max =    3.15697
Timings{0}>                      Wall avg =    1.73349
Timings{0}>                      Wall min =   0.246842
Timings{0}> 
Timings{0}> timeCommunication... Wall max =    6.35802
Timings{0}>                      Wall avg =     2.5036
Timings{0}>                      Wall min =   0.131779
Timings{0}> 
Timings{0}> deepCopy............ Wall max = 0.00230566
Timings{0}>                      Wall avg = 0.00176561
Timings{0}>                      Wall min = 0.000512334
Timings{0}> 
Timings{0}> finePropagator...... Wall max =    109.419
Timings{0}>                      Wall avg =    81.6115
Timings{0}>                      Wall min =    17.7877
Timings{0}> 
Timings{0}> coarsePropagator.... Wall max =   0.641542
Timings{0}>                      Wall avg =   0.506126
Timings{0}>                      Wall min =   0.212839
Timings{0}> 
Timings{0}> dumpData............ Wall max =    4.99838
Timings{0}>                      Wall avg =    2.08012
Timings{0}>                      Wall min =   0.297835
Timings{0}> 
Timings{0}> computeErrors....... Wall max = 0.00168015
Timings{0}>                      Wall avg = 0.00100306
Timings{0}>                      Wall min = 0.000285672
Timings{0}> 
Timings{0}> initializeShapeFunc. Wall max = 0.00012635
Timings{0}>                      Wall avg = 0.00010992
Timings{0}>                      Wall min = 0.00010077
Timings{0}> 
Timings{0}> fieldSolvePIC....... Wall max =   0.297958
Timings{0}>                      Wall avg =   0.224087
Timings{0}>                      Wall min =  0.0847568
Timings{0}> 
Timings{0}> ScatterPIC.......... Wall max =  0.0292689
Timings{0}>                      Wall avg =  0.0227556
Timings{0}>                      Wall min = 0.00872804
Timings{0}> 
Timings{0}> scatterAllReducePIC. Wall max =   0.246313
Timings{0}>                      Wall avg =   0.178357
Timings{0}>                      Wall min =  0.0654882
Timings{0}> 
Timings{0}> GatherPIC........... Wall max =  0.0339898
Timings{0}>                      Wall avg =  0.0264331
Timings{0}>                      Wall min =  0.0101853
Timings{0}> 
Timings{0}> ScatterPIFNUFFT..... Wall max =     32.358
Timings{0}>                      Wall avg =    24.5753
Timings{0}>                      Wall min =    5.36196
Timings{0}> 
Timings{0}> scatterAllReducePIF. Wall max =    23.4991
Timings{0}>                      Wall avg =    17.0067
Timings{0}>                      Wall min =    3.63297
Timings{0}> 
Timings{0}> GatherPIFNUFFT...... Wall max =    49.5079
Timings{0}>                      Wall avg =    37.4503
Timings{0}>                      Wall min =    8.18553
Timings{0}> 
Timings{0}> ---------------------------------------------
