Option '16' is not parsed by Ippl. Make sure your application parses it.
Option '16' is not parsed by Ippl. Make sure your application parses it.
Option '16' is not parsed by Ippl. Make sure your application parses it.
Option '16' is not parsed by Ippl. Make sure your application parses it.
Option '16' is not parsed by Ippl. Make sure your application parses it.
Option '16' is not parsed by Ippl. Make sure your application parses it.
Option '2621440' is not parsed by Ippl. Make sure your application parses it.
Option '19.2' is not parsed by Ippl. Make sure your application parses it.
Option '0.003125' is not parsed by Ippl. Make sure your application parses it.
Option '0.4' is not parsed by Ippl. Make sure your application parses it.
Option '1e-11' is not parsed by Ippl. Make sure your application parses it.
Option '1' is not parsed by Ippl. Make sure your application parses it.
Option 'B-spline' is not parsed by Ippl. Make sure your application parses it.
Option '1' is not parsed by Ippl. Make sure your application parses it.
Option '4' is not parsed by Ippl. Make sure your application parses it.
Option '16' is not parsed by Ippl. Make sure your application parses it.
Option '0.1' is not parsed by Ippl. Make sure your application parses it.
Option '1e-12' is not parsed by Ippl. Make sure your application parses it.
Option 'PIC' is not parsed by Ippl. Make sure your application parses it.
LandauDampingPinT{63}> Parareal LandauDampingPinT
LandauDampingPinT{63}> Slice dT: 1.2
LandauDampingPinT{63}> No. of fine time steps: 384
LandauDampingPinT{63}> No. of coarse time steps: 3
LandauDampingPinT{63}> Tolerance: 1e-11 No. of cycles: 1
LandauDampingPinT{63}> Np= 2621440 Fourier modes = ( 16 , 16 , 16 ) Grid points = ( 16 , 16 , 16 )
LandauDampingPinT{63}> particles created and initial conditions assigned 
LandauDampingPinT{63}> Finished iteration: 1 in cycle: 1 Rerror: 0.00686731 Perror: 0.00447653
LandauDampingPinT{63}> Finished iteration: 2 in cycle: 1 Rerror: 0.000510232 Perror: 0.000641889
LandauDampingPinT{63}> Finished iteration: 3 in cycle: 1 Rerror: 1.98012e-05 Perror: 3.46845e-05
LandauDampingPinT{63}> Finished iteration: 4 in cycle: 1 Rerror: 4.87132e-07 Perror: 1.03469e-06
LandauDampingPinT{63}> Finished iteration: 5 in cycle: 1 Rerror: 9.33606e-09 Perror: 2.15789e-08
LandauDampingPinT{63}> Finished iteration: 6 in cycle: 1 Rerror: 1.69595e-10 Perror: 3.83569e-10
LandauDampingPinT{63}> Finished iteration: 7 in cycle: 1 Rerror: 3.52946e-12 Perror: 9.13022e-12
LandauDampingPinT{63}> LandauDampingPinT Parareal: End.
Timings{0}> ---------------------------------------------
Timings{0}>      Timing results for 64 ranks:
Timings{0}> ---------------------------------------------
Timings{0}> mainTimer........... Wall tot =    233.944
Timings{0}> 
Timings{0}> particlesCreation... Wall max =    1.53123
Timings{0}>                      Wall avg =   0.844551
Timings{0}>                      Wall min =   0.143571
Timings{0}> 
Timings{0}> timeCommunication... Wall max =    5.88183
Timings{0}>                      Wall avg =    2.06349
Timings{0}>                      Wall min =   0.113837
Timings{0}> 
Timings{0}> deepCopy............ Wall max = 0.00272923
Timings{0}>                      Wall avg = 0.00214959
Timings{0}>                      Wall min = 0.000518266
Timings{0}> 
Timings{0}> finePropagator...... Wall max =    231.704
Timings{0}>                      Wall avg =    185.729
Timings{0}>                      Wall min =    31.9376
Timings{0}> 
Timings{0}> coarsePropagator.... Wall max =   0.090144
Timings{0}>                      Wall avg =  0.0673914
Timings{0}>                      Wall min =  0.0401429
Timings{0}> 
Timings{0}> dumpData............ Wall max =    8.61208
Timings{0}>                      Wall avg =     4.2849
Timings{0}>                      Wall min =   0.150168
Timings{0}> 
Timings{0}> computeErrors....... Wall max = 0.00149154
Timings{0}>                      Wall avg = 0.00107998
Timings{0}>                      Wall min = 0.000245632
Timings{0}> 
Timings{0}> initializeShapeFunc. Wall max = 0.00011727
Timings{0}>                      Wall avg = 9.53648e-05
Timings{0}>                      Wall min = 7.9991e-05
Timings{0}> 
Timings{0}> fieldSolvePIC....... Wall max = 0.00913588
Timings{0}>                      Wall avg = 0.00721741
Timings{0}>                      Wall min = 0.00231964
Timings{0}> 
Timings{0}> ScatterPIC.......... Wall max =  0.0162097
Timings{0}>                      Wall avg =  0.0131043
Timings{0}>                      Wall min = 0.00414561
Timings{0}> 
Timings{0}> scatterAllReducePIC. Wall max =  0.0471719
Timings{0}>                      Wall avg =  0.0277804
Timings{0}>                      Wall min =   0.011477
Timings{0}> 
Timings{0}> GatherPIC........... Wall max = 0.00321244
Timings{0}>                      Wall avg = 0.00262098
Timings{0}>                      Wall min = 0.000874029
Timings{0}> 
Timings{0}> ScatterPIFNUFFT..... Wall max =    137.784
Timings{0}>                      Wall avg =    111.732
Timings{0}>                      Wall min =    19.5335
Timings{0}> 
Timings{0}> scatterAllReducePIF. Wall max =    5.99946
Timings{0}>                      Wall avg =    1.22004
Timings{0}>                      Wall min =  0.0896446
Timings{0}> 
Timings{0}> GatherPIFNUFFT...... Wall max =    84.3737
Timings{0}>                      Wall avg =    67.9536
Timings{0}>                      Wall min =    11.9594
Timings{0}> 
Timings{0}> ---------------------------------------------
