Option '64' is not parsed by Ippl. Make sure your application parses it.
Option '64' is not parsed by Ippl. Make sure your application parses it.
Option '64' is not parsed by Ippl. Make sure your application parses it.
Option '64' is not parsed by Ippl. Make sure your application parses it.
Option '64' is not parsed by Ippl. Make sure your application parses it.
Option '64' is not parsed by Ippl. Make sure your application parses it.
Option '2621440' is not parsed by Ippl. Make sure your application parses it.
Option '19.2' is not parsed by Ippl. Make sure your application parses it.
Option '0.003125' is not parsed by Ippl. Make sure your application parses it.
Option '0.0125' is not parsed by Ippl. Make sure your application parses it.
Option '1e-8' is not parsed by Ippl. Make sure your application parses it.
Option '1' is not parsed by Ippl. Make sure your application parses it.
Option 'B-spline' is not parsed by Ippl. Make sure your application parses it.
Option '1' is not parsed by Ippl. Make sure your application parses it.
Option '4' is not parsed by Ippl. Make sure your application parses it.
Option '16' is not parsed by Ippl. Make sure your application parses it.
Option '0.00001' is not parsed by Ippl. Make sure your application parses it.
Option '1e-7' is not parsed by Ippl. Make sure your application parses it.
Option 'PIF' is not parsed by Ippl. Make sure your application parses it.
TwoStreamInstability{63}> Parareal TwoStreamInstability
TwoStreamInstability{63}> Slice dT: 1.2
TwoStreamInstability{63}> No. of fine time steps: 384
TwoStreamInstability{63}> No. of coarse time steps: 96
TwoStreamInstability{63}> Tolerance: 1e-08 No. of cycles: 1
TwoStreamInstability{63}> Np= 2621440 Fourier modes = ( 64 , 64 , 64 ) Grid points = ( 64 , 64 , 64 )
TwoStreamInstability{63}> particles created and initial conditions assigned 
TwoStreamInstability{63}> Finished iteration: 1 in cycle: 1 Rerror: 1.85422e-05 Perror: 0.000103522
TwoStreamInstability{63}> Finished iteration: 2 in cycle: 1 Rerror: 8.27472e-10 Perror: 5.10687e-09
TwoStreamInstability{63}> TwoStreamInstability Parareal: End.
Timings{0}> ---------------------------------------------
Timings{0}>      Timing results for 64 ranks:
Timings{0}> ---------------------------------------------
Timings{0}> mainTimer........... Wall tot =    81.0919
Timings{0}> 
Timings{0}> particlesCreation... Wall max =    40.8684
Timings{0}>                      Wall avg =    22.0778
Timings{0}>                      Wall min =    2.63155
Timings{0}> 
Timings{0}> timeCommunication... Wall max =    41.7722
Timings{0}>                      Wall avg =    21.5432
Timings{0}>                      Wall min =    0.10118
Timings{0}> 
Timings{0}> deepCopy............ Wall max = 0.00103325
Timings{0}>                      Wall avg = 0.000932415
Timings{0}>                      Wall min = 0.000522983
Timings{0}> 
Timings{0}> finePropagator...... Wall max =    36.0261
Timings{0}>                      Wall avg =    32.7195
Timings{0}>                      Wall min =    17.4111
Timings{0}> 
Timings{0}> coarsePropagator.... Wall max =    8.09573
Timings{0}>                      Wall avg =    7.24462
Timings{0}>                      Wall min =    5.06729
Timings{0}> 
Timings{0}> dumpData............ Wall max = 0.00224068
Timings{0}>                      Wall avg =  0.0020713
Timings{0}>                      Wall min = 0.000960097
Timings{0}> 
Timings{0}> computeErrors....... Wall max = 0.00412009
Timings{0}>                      Wall avg = 0.00167168
Timings{0}>                      Wall min = 0.000311932
Timings{0}> 
Timings{0}> initializeShapeFunc. Wall max = 0.000138311
Timings{0}>                      Wall avg = 0.000109948
Timings{0}>                      Wall min = 0.00010053
Timings{0}> 
Timings{0}> ScatterPIFNUFFT..... Wall max =    12.5539
Timings{0}>                      Wall avg =    11.6714
Timings{0}>                      Wall min =    6.54723
Timings{0}> 
Timings{0}> scatterAllReducePIF. Wall max =    11.9232
Timings{0}>                      Wall avg =    9.46723
Timings{0}>                      Wall min =    2.38237
Timings{0}> 
Timings{0}> GatherPIFNUFFT...... Wall max =    19.4765
Timings{0}>                      Wall avg =    18.5332
Timings{0}>                      Wall min =     10.177
Timings{0}> 
Timings{0}> ---------------------------------------------
