Option '64' is not parsed by Ippl. Make sure your application parses it.
Option '64' is not parsed by Ippl. Make sure your application parses it.
Option '64' is not parsed by Ippl. Make sure your application parses it.
Option '64' is not parsed by Ippl. Make sure your application parses it.
Option '64' is not parsed by Ippl. Make sure your application parses it.
Option '64' is not parsed by Ippl. Make sure your application parses it.
Option '2621440' is not parsed by Ippl. Make sure your application parses it.
Option '19.2' is not parsed by Ippl. Make sure your application parses it.
Option '0.003125' is not parsed by Ippl. Make sure your application parses it.
Option '0.003125' is not parsed by Ippl. Make sure your application parses it.
Option '1e-8' is not parsed by Ippl. Make sure your application parses it.
Option '1' is not parsed by Ippl. Make sure your application parses it.
Option 'B-spline' is not parsed by Ippl. Make sure your application parses it.
Option '1' is not parsed by Ippl. Make sure your application parses it.
Option '4' is not parsed by Ippl. Make sure your application parses it.
Option '16' is not parsed by Ippl. Make sure your application parses it.
Option '0.1' is not parsed by Ippl. Make sure your application parses it.
Option '1e-7' is not parsed by Ippl. Make sure your application parses it.
Option 'PIC' is not parsed by Ippl. Make sure your application parses it.
TwoStreamInstability{63}> Parareal TwoStreamInstability
TwoStreamInstability{63}> Slice dT: 1.2
TwoStreamInstability{63}> No. of fine time steps: 384
TwoStreamInstability{63}> No. of coarse time steps: 384
TwoStreamInstability{63}> Tolerance: 1e-08 No. of cycles: 1
TwoStreamInstability{63}> Np= 2621440 Fourier modes = ( 64 , 64 , 64 ) Grid points = ( 64 , 64 , 64 )
TwoStreamInstability{63}> particles created and initial conditions assigned 
TwoStreamInstability{63}> Finished iteration: 1 in cycle: 1 Rerror: 0.0225176 Perror: 0.0903197
TwoStreamInstability{63}> Finished iteration: 2 in cycle: 1 Rerror: 0.00795972 Perror: 0.0339979
TwoStreamInstability{63}> Finished iteration: 3 in cycle: 1 Rerror: 0.00169191 Perror: 0.0077322
TwoStreamInstability{63}> Finished iteration: 4 in cycle: 1 Rerror: 0.000222269 Perror: 0.00107952
TwoStreamInstability{63}> Finished iteration: 5 in cycle: 1 Rerror: 1.9912e-05 Perror: 0.000101929
TwoStreamInstability{63}> Finished iteration: 6 in cycle: 1 Rerror: 1.29629e-06 Perror: 6.87066e-06
TwoStreamInstability{63}> Finished iteration: 7 in cycle: 1 Rerror: 6.63005e-08 Perror: 3.63608e-07
TwoStreamInstability{63}> Finished iteration: 8 in cycle: 1 Rerror: 2.74744e-09 Perror: 1.54932e-08
TwoStreamInstability{63}> Finished iteration: 9 in cycle: 1 Rerror: 2.5907e-17 Perror: 1.58742e-16
TwoStreamInstability{63}> TwoStreamInstability Parareal: End.
Timings{0}> ---------------------------------------------
Timings{0}>      Timing results for 64 ranks:
Timings{0}> ---------------------------------------------
Timings{0}> mainTimer........... Wall tot =    185.737
Timings{0}> 
Timings{0}> particlesCreation... Wall max =     20.801
Timings{0}>                      Wall avg =    11.0955
Timings{0}>                      Wall min =    1.33203
Timings{0}> 
Timings{0}> timeCommunication... Wall max =    34.2969
Timings{0}>                      Wall avg =    12.8306
Timings{0}>                      Wall min =  0.0942621
Timings{0}> 
Timings{0}> deepCopy............ Wall max =  0.0033288
Timings{0}>                      Wall avg = 0.00223261
Timings{0}>                      Wall min = 0.000518083
Timings{0}> 
Timings{0}> finePropagator...... Wall max =    139.233
Timings{0}>                      Wall avg =    100.406
Timings{0}>                      Wall min =    17.2486
Timings{0}> 
Timings{0}> coarsePropagator.... Wall max =      12.13
Timings{0}>                      Wall avg =    8.16533
Timings{0}>                      Wall min =    2.43555
Timings{0}> 
Timings{0}> dumpData............ Wall max = 0.00976183
Timings{0}>                      Wall avg = 0.00636193
Timings{0}>                      Wall min = 0.00106173
Timings{0}> 
Timings{0}> computeErrors....... Wall max = 0.00234868
Timings{0}>                      Wall avg = 0.00130752
Timings{0}>                      Wall min = 0.000278282
Timings{0}> 
Timings{0}> initializeShapeFunc. Wall max = 0.000127961
Timings{0}>                      Wall avg = 0.000110416
Timings{0}>                      Wall min = 0.00010021
Timings{0}> 
Timings{0}> fieldSolvePIC....... Wall max =    6.51532
Timings{0}>                      Wall avg =    4.28908
Timings{0}>                      Wall min =    1.22377
Timings{0}> 
Timings{0}> ScatterPIC.......... Wall max =   0.648397
Timings{0}>                      Wall avg =   0.422211
Timings{0}>                      Wall min =   0.120961
Timings{0}> 
Timings{0}> scatterAllReducePIC. Wall max =    3.67923
Timings{0}>                      Wall avg =      2.376
Timings{0}>                      Wall min =   0.698034
Timings{0}> 
Timings{0}> GatherPIC........... Wall max =    0.71487
Timings{0}>                      Wall avg =   0.487905
Timings{0}>                      Wall min =   0.141277
Timings{0}> 
Timings{0}> ScatterPIFNUFFT..... Wall max =    41.8122
Timings{0}>                      Wall avg =    30.1889
Timings{0}>                      Wall min =    5.37554
Timings{0}> 
Timings{0}> scatterAllReducePIF. Wall max =    31.5717
Timings{0}>                      Wall avg =    21.8133
Timings{0}>                      Wall min =    3.53879
Timings{0}> 
Timings{0}> GatherPIFNUFFT...... Wall max =    66.9206
Timings{0}>                      Wall avg =    47.7503
Timings{0}>                      Wall min =    8.18717
Timings{0}> 
Timings{0}> ---------------------------------------------
