Option '64' is not parsed by Ippl. Make sure your application parses it.
Option '64' is not parsed by Ippl. Make sure your application parses it.
Option '64' is not parsed by Ippl. Make sure your application parses it.
Option '64' is not parsed by Ippl. Make sure your application parses it.
Option '64' is not parsed by Ippl. Make sure your application parses it.
Option '64' is not parsed by Ippl. Make sure your application parses it.
Option '2621440' is not parsed by Ippl. Make sure your application parses it.
Option '19.2' is not parsed by Ippl. Make sure your application parses it.
Option '0.003125' is not parsed by Ippl. Make sure your application parses it.
Option '0.05' is not parsed by Ippl. Make sure your application parses it.
Option '1e-8' is not parsed by Ippl. Make sure your application parses it.
Option '1' is not parsed by Ippl. Make sure your application parses it.
Option 'B-spline' is not parsed by Ippl. Make sure your application parses it.
Option '1' is not parsed by Ippl. Make sure your application parses it.
Option '4' is not parsed by Ippl. Make sure your application parses it.
Option '16' is not parsed by Ippl. Make sure your application parses it.
Option '0.001' is not parsed by Ippl. Make sure your application parses it.
Option '1e-7' is not parsed by Ippl. Make sure your application parses it.
Option 'PIF' is not parsed by Ippl. Make sure your application parses it.
LandauDampingPinT{63}> Parareal LandauDampingPinT
LandauDampingPinT{63}> Slice dT: 1.2
LandauDampingPinT{63}> No. of fine time steps: 384
LandauDampingPinT{63}> No. of coarse time steps: 24
LandauDampingPinT{63}> Tolerance: 1e-08 No. of cycles: 1
LandauDampingPinT{63}> Np= 2621440 Fourier modes = ( 64 , 64 , 64 ) Grid points = ( 64 , 64 , 64 )
LandauDampingPinT{63}> particles created and initial conditions assigned 
LandauDampingPinT{63}> Finished iteration: 1 in cycle: 1 Rerror: 6.45159e-05 Perror: 4.93621e-05
LandauDampingPinT{63}> Finished iteration: 2 in cycle: 1 Rerror: 1.7348e-07 Perror: 2.21987e-07
LandauDampingPinT{63}> Finished iteration: 3 in cycle: 1 Rerror: 2.72479e-09 Perror: 3.27419e-09
LandauDampingPinT{63}> LandauDampingPinT Parareal: End.
Timings{0}> ---------------------------------------------
Timings{0}>      Timing results for 64 ranks:
Timings{0}> ---------------------------------------------
Timings{0}> mainTimer........... Wall tot =    66.8817
Timings{0}> 
Timings{0}> particlesCreation... Wall max =    8.28803
Timings{0}>                      Wall avg =    4.42285
Timings{0}>                      Wall min =   0.552895
Timings{0}> 
Timings{0}> timeCommunication... Wall max =    10.1603
Timings{0}>                      Wall avg =    5.13622
Timings{0}>                      Wall min =    0.11495
Timings{0}> 
Timings{0}> deepCopy............ Wall max = 0.00132778
Timings{0}>                      Wall avg = 0.00120093
Timings{0}>                      Wall min = 0.000514466
Timings{0}> 
Timings{0}> finePropagator...... Wall max =    57.2816
Timings{0}>                      Wall avg =    51.3982
Timings{0}>                      Wall min =    18.5401
Timings{0}> 
Timings{0}> coarsePropagator.... Wall max =    1.88135
Timings{0}>                      Wall avg =    1.62624
Timings{0}>                      Wall min =   0.865015
Timings{0}> 
Timings{0}> dumpData............ Wall max =    4.09949
Timings{0}>                      Wall avg =    2.20676
Timings{0}>                      Wall min =   0.890982
Timings{0}> 
Timings{0}> computeErrors....... Wall max = 0.00635598
Timings{0}>                      Wall avg =  0.0027075
Timings{0}>                      Wall min = 0.000250893
Timings{0}> 
Timings{0}> initializeShapeFunc. Wall max = 0.000130961
Timings{0}>                      Wall avg = 0.000109448
Timings{0}>                      Wall min = 0.000100001
Timings{0}> 
Timings{0}> ScatterPIFNUFFT..... Wall max =    16.4241
Timings{0}>                      Wall avg =    15.3684
Timings{0}>                      Wall min =    5.48298
Timings{0}> 
Timings{0}> scatterAllReducePIF. Wall max =    15.8301
Timings{0}>                      Wall avg =    11.6154
Timings{0}>                      Wall min =    4.36441
Timings{0}> 
Timings{0}> GatherPIFNUFFT...... Wall max =    25.1731
Timings{0}>                      Wall avg =    23.5001
Timings{0}>                      Wall min =    8.41163
Timings{0}> 
Timings{0}> ---------------------------------------------
