Option '64' is not parsed by Ippl. Make sure your application parses it.
Option '64' is not parsed by Ippl. Make sure your application parses it.
Option '64' is not parsed by Ippl. Make sure your application parses it.
Option '64' is not parsed by Ippl. Make sure your application parses it.
Option '64' is not parsed by Ippl. Make sure your application parses it.
Option '64' is not parsed by Ippl. Make sure your application parses it.
Option '2621440' is not parsed by Ippl. Make sure your application parses it.
Option '19.2' is not parsed by Ippl. Make sure your application parses it.
Option '0.003125' is not parsed by Ippl. Make sure your application parses it.
Option '0.0125' is not parsed by Ippl. Make sure your application parses it.
Option '1e-8' is not parsed by Ippl. Make sure your application parses it.
Option '1' is not parsed by Ippl. Make sure your application parses it.
Option 'B-spline' is not parsed by Ippl. Make sure your application parses it.
Option '1' is not parsed by Ippl. Make sure your application parses it.
Option '4' is not parsed by Ippl. Make sure your application parses it.
Option '16' is not parsed by Ippl. Make sure your application parses it.
Option '0.001' is not parsed by Ippl. Make sure your application parses it.
Option '1e-7' is not parsed by Ippl. Make sure your application parses it.
Option 'PIF' is not parsed by Ippl. Make sure your application parses it.
PenningTrapPinT{63}> Parareal PenningTrapPinT
PenningTrapPinT{63}> Slice dT: 1.2
PenningTrapPinT{63}> No. of fine time steps: 384
PenningTrapPinT{63}> No. of coarse time steps: 96
PenningTrapPinT{63}> Tolerance: 1e-08 No. of cycles: 1
PenningTrapPinT{63}> Np= 2621440 Fourier modes = ( 64 , 64 , 64 ) Grid points = ( 64 , 64 , 64 )
PenningTrapPinT{63}> particles created and initial conditions assigned 
PenningTrapPinT{63}> Finished iteration: 1 in cycle: 1 Rerror: 0.0202994 Perror: 0.25088
PenningTrapPinT{63}> Finished iteration: 2 in cycle: 1 Rerror: 0.0046982 Perror: 0.121213
PenningTrapPinT{63}> Finished iteration: 3 in cycle: 1 Rerror: 0.00130128 Perror: 0.0397219
PenningTrapPinT{63}> Finished iteration: 4 in cycle: 1 Rerror: 0.00025635 Perror: 0.00905549
PenningTrapPinT{63}> Finished iteration: 5 in cycle: 1 Rerror: 3.99926e-05 Perror: 0.00150614
PenningTrapPinT{63}> Finished iteration: 6 in cycle: 1 Rerror: 8.96563e-06 Perror: 0.000195978
PenningTrapPinT{63}> Finished iteration: 7 in cycle: 1 Rerror: 4.42465e-07 Perror: 1.85932e-05
PenningTrapPinT{63}> Finished iteration: 8 in cycle: 1 Rerror: 3.2131e-08 Perror: 1.35717e-06
PenningTrapPinT{63}> Finished iteration: 9 in cycle: 1 Rerror: 1.91218e-09 Perror: 7.8528e-08
PenningTrapPinT{63}> Finished iteration: 10 in cycle: 1 Rerror: 1.20907e-10 Perror: 3.52515e-09
PenningTrapPinT{63}> PenningTrapPinT Parareal: End.
Timings{0}> ---------------------------------------------
Timings{0}>      Timing results for 64 ranks:
Timings{0}> ---------------------------------------------
Timings{0}> mainTimer........... Wall tot =    160.309
Timings{0}> 
Timings{0}> particlesCreation... Wall max =    24.4572
Timings{0}>                      Wall avg =     13.031
Timings{0}>                      Wall min =    1.56712
Timings{0}> 
Timings{0}> timeCommunication... Wall max =    25.8782
Timings{0}>                      Wall avg =    13.6759
Timings{0}>                      Wall min =    0.12897
Timings{0}> 
Timings{0}> deepCopy............ Wall max = 0.00365139
Timings{0}>                      Wall avg =   0.002501
Timings{0}>                      Wall min = 0.000528523
Timings{0}> 
Timings{0}> finePropagator...... Wall max =    120.755
Timings{0}>                      Wall avg =    79.7239
Timings{0}>                      Wall min =    11.8265
Timings{0}> 
Timings{0}> coarsePropagator.... Wall max =    15.9241
Timings{0}>                      Wall avg =    10.7884
Timings{0}>                      Wall min =    2.84746
Timings{0}> 
Timings{0}> dumpData............ Wall max =  0.0109917
Timings{0}>                      Wall avg = 0.00711259
Timings{0}>                      Wall min = 0.00100312
Timings{0}> 
Timings{0}> computeErrors....... Wall max =  0.0184959
Timings{0}>                      Wall avg = 0.00338328
Timings{0}>                      Wall min = 0.000290082
Timings{0}> 
Timings{0}> initializeShapeFunc. Wall max = 0.000128421
Timings{0}>                      Wall avg = 0.000108758
Timings{0}>                      Wall min = 9.8381e-05
Timings{0}> 
Timings{0}> ScatterPIFNUFFT..... Wall max =      45.92
Timings{0}>                      Wall avg =    30.8036
Timings{0}>                      Wall min =    4.80847
Timings{0}> 
Timings{0}> scatterAllReducePIF. Wall max =    51.7078
Timings{0}>                      Wall avg =    33.2262
Timings{0}>                      Wall min =    5.69908
Timings{0}> 
Timings{0}> GatherPIFNUFFT...... Wall max =    38.1587
Timings{0}>                      Wall avg =    25.3732
Timings{0}>                      Wall min =    3.95857
Timings{0}> 
Timings{0}> ---------------------------------------------
