Option '16' is not parsed by Ippl. Make sure your application parses it.
Option '16' is not parsed by Ippl. Make sure your application parses it.
Option '16' is not parsed by Ippl. Make sure your application parses it.
Option '16' is not parsed by Ippl. Make sure your application parses it.
Option '16' is not parsed by Ippl. Make sure your application parses it.
Option '16' is not parsed by Ippl. Make sure your application parses it.
Option '2621440' is not parsed by Ippl. Make sure your application parses it.
Option '19.2' is not parsed by Ippl. Make sure your application parses it.
Option '0.003125' is not parsed by Ippl. Make sure your application parses it.
Option '0.025' is not parsed by Ippl. Make sure your application parses it.
Option '1e-11' is not parsed by Ippl. Make sure your application parses it.
Option '1' is not parsed by Ippl. Make sure your application parses it.
Option 'B-spline' is not parsed by Ippl. Make sure your application parses it.
Option '1' is not parsed by Ippl. Make sure your application parses it.
Option '4' is not parsed by Ippl. Make sure your application parses it.
Option '16' is not parsed by Ippl. Make sure your application parses it.
Option '0.1' is not parsed by Ippl. Make sure your application parses it.
Option '1e-12' is not parsed by Ippl. Make sure your application parses it.
Option 'PIC' is not parsed by Ippl. Make sure your application parses it.
LandauDampingPinT{63}> Parareal LandauDampingPinT
LandauDampingPinT{63}> Slice dT: 1.2
LandauDampingPinT{63}> No. of fine time steps: 384
LandauDampingPinT{63}> No. of coarse time steps: 48
LandauDampingPinT{63}> Tolerance: 1e-11 No. of cycles: 1
LandauDampingPinT{63}> Np= 2621440 Fourier modes = ( 16 , 16 , 16 ) Grid points = ( 16 , 16 , 16 )
LandauDampingPinT{63}> particles created and initial conditions assigned 
LandauDampingPinT{63}> Finished iteration: 1 in cycle: 1 Rerror: 0.006295 Perror: 0.00414263
LandauDampingPinT{63}> Finished iteration: 2 in cycle: 1 Rerror: 0.000414347 Perror: 0.000531431
LandauDampingPinT{63}> Finished iteration: 3 in cycle: 1 Rerror: 1.3906e-05 Perror: 2.50031e-05
LandauDampingPinT{63}> Finished iteration: 4 in cycle: 1 Rerror: 2.86894e-07 Perror: 6.33295e-07
LandauDampingPinT{63}> Finished iteration: 5 in cycle: 1 Rerror: 4.21838e-09 Perror: 1.07706e-08
LandauDampingPinT{63}> Finished iteration: 6 in cycle: 1 Rerror: 4.6283e-11 Perror: 1.31596e-10
LandauDampingPinT{63}> Finished iteration: 7 in cycle: 1 Rerror: 3.97972e-13 Perror: 1.23223e-12
LandauDampingPinT{63}> LandauDampingPinT Parareal: End.
Timings{0}> ---------------------------------------------
Timings{0}>      Timing results for 64 ranks:
Timings{0}> ---------------------------------------------
Timings{0}> mainTimer........... Wall tot =     228.71
Timings{0}> 
Timings{0}> particlesCreation... Wall max =    2.60096
Timings{0}>                      Wall avg =    1.43042
Timings{0}>                      Wall min =   0.202129
Timings{0}> 
Timings{0}> timeCommunication... Wall max =    4.22515
Timings{0}>                      Wall avg =    2.08854
Timings{0}>                      Wall min =   0.167369
Timings{0}> 
Timings{0}> deepCopy............ Wall max = 0.00278044
Timings{0}>                      Wall avg = 0.00202636
Timings{0}>                      Wall min = 0.000509326
Timings{0}> 
Timings{0}> finePropagator...... Wall max =    224.947
Timings{0}>                      Wall avg =    170.365
Timings{0}>                      Wall min =     31.915
Timings{0}> 
Timings{0}> coarsePropagator.... Wall max =    0.52053
Timings{0}>                      Wall avg =   0.416584
Timings{0}>                      Wall min =   0.148908
Timings{0}> 
Timings{0}> dumpData............ Wall max =    3.74992
Timings{0}>                      Wall avg =    1.62091
Timings{0}>                      Wall min =   0.151631
Timings{0}> 
Timings{0}> computeErrors....... Wall max = 0.00142056
Timings{0}>                      Wall avg = 0.00101266
Timings{0}>                      Wall min = 0.000236242
Timings{0}> 
Timings{0}> initializeShapeFunc. Wall max = 0.000108701
Timings{0}>                      Wall avg = 9.58131e-05
Timings{0}>                      Wall min = 8.0851e-05
Timings{0}> 
Timings{0}> fieldSolvePIC....... Wall max =   0.141334
Timings{0}>                      Wall avg =   0.108901
Timings{0}>                      Wall min =  0.0359932
Timings{0}> 
Timings{0}> ScatterPIC.......... Wall max =   0.181612
Timings{0}>                      Wall avg =   0.143992
Timings{0}>                      Wall min =  0.0492194
Timings{0}> 
Timings{0}> scatterAllReducePIC. Wall max =  0.0849763
Timings{0}>                      Wall avg =   0.059059
Timings{0}>                      Wall min =  0.0210412
Timings{0}> 
Timings{0}> GatherPIC........... Wall max =  0.0363712
Timings{0}>                      Wall avg =  0.0288809
Timings{0}>                      Wall min = 0.00972678
Timings{0}> 
Timings{0}> ScatterPIFNUFFT..... Wall max =    137.561
Timings{0}>                      Wall avg =    104.344
Timings{0}>                      Wall min =    19.5262
Timings{0}> 
Timings{0}> scatterAllReducePIF. Wall max =   0.809259
Timings{0}>                      Wall avg =   0.487536
Timings{0}>                      Wall min =  0.0933942
Timings{0}> 
Timings{0}> GatherPIFNUFFT...... Wall max =    84.3643
Timings{0}>                      Wall avg =    63.4104
Timings{0}>                      Wall min =    11.9622
Timings{0}> 
Timings{0}> ---------------------------------------------
