Option '64' is not parsed by Ippl. Make sure your application parses it.
Option '64' is not parsed by Ippl. Make sure your application parses it.
Option '64' is not parsed by Ippl. Make sure your application parses it.
Option '64' is not parsed by Ippl. Make sure your application parses it.
Option '64' is not parsed by Ippl. Make sure your application parses it.
Option '64' is not parsed by Ippl. Make sure your application parses it.
Option '2621440' is not parsed by Ippl. Make sure your application parses it.
Option '19.2' is not parsed by Ippl. Make sure your application parses it.
Option '0.003125' is not parsed by Ippl. Make sure your application parses it.
Option '0.05' is not parsed by Ippl. Make sure your application parses it.
Option '1e-8' is not parsed by Ippl. Make sure your application parses it.
Option '1' is not parsed by Ippl. Make sure your application parses it.
Option 'B-spline' is not parsed by Ippl. Make sure your application parses it.
Option '1' is not parsed by Ippl. Make sure your application parses it.
Option '4' is not parsed by Ippl. Make sure your application parses it.
Option '16' is not parsed by Ippl. Make sure your application parses it.
Option '0.1' is not parsed by Ippl. Make sure your application parses it.
Option '1e-7' is not parsed by Ippl. Make sure your application parses it.
Option 'PIC' is not parsed by Ippl. Make sure your application parses it.
LandauDampingPinT{63}> Parareal LandauDampingPinT
LandauDampingPinT{63}> Slice dT: 1.2
LandauDampingPinT{63}> No. of fine time steps: 384
LandauDampingPinT{63}> No. of coarse time steps: 24
LandauDampingPinT{63}> Tolerance: 1e-08 No. of cycles: 1
LandauDampingPinT{63}> Np= 2621440 Fourier modes = ( 64 , 64 , 64 ) Grid points = ( 64 , 64 , 64 )
LandauDampingPinT{63}> particles created and initial conditions assigned 
LandauDampingPinT{63}> Finished iteration: 1 in cycle: 1 Rerror: 0.00584005 Perror: 0.0052287
LandauDampingPinT{63}> Finished iteration: 2 in cycle: 1 Rerror: 0.00117865 Perror: 0.00160139
LandauDampingPinT{63}> Finished iteration: 3 in cycle: 1 Rerror: 0.00013115 Perror: 0.000244754
LandauDampingPinT{63}> Finished iteration: 4 in cycle: 1 Rerror: 8.96892e-06 Perror: 2.06674e-05
LandauDampingPinT{63}> Finished iteration: 5 in cycle: 1 Rerror: 4.17594e-07 Perror: 1.11296e-06
LandauDampingPinT{63}> Finished iteration: 6 in cycle: 1 Rerror: 1.43412e-08 Perror: 4.26492e-08
LandauDampingPinT{63}> Finished iteration: 7 in cycle: 1 Rerror: 3.2697e-10 Perror: 1.16521e-09
LandauDampingPinT{63}> LandauDampingPinT Parareal: End.
Timings{0}> ---------------------------------------------
Timings{0}>      Timing results for 64 ranks:
Timings{0}> ---------------------------------------------
Timings{0}> mainTimer........... Wall tot =     127.06
Timings{0}> 
Timings{0}> particlesCreation... Wall max =    3.41247
Timings{0}>                      Wall avg =    1.82987
Timings{0}>                      Wall min =   0.227115
Timings{0}> 
Timings{0}> timeCommunication... Wall max =    5.20351
Timings{0}>                      Wall avg =    2.14276
Timings{0}>                      Wall min =   0.111307
Timings{0}> 
Timings{0}> deepCopy............ Wall max = 0.00271173
Timings{0}>                      Wall avg =  0.0019632
Timings{0}>                      Wall min = 0.000520038
Timings{0}> 
Timings{0}> finePropagator...... Wall max =    122.897
Timings{0}>                      Wall avg =     88.238
Timings{0}>                      Wall min =     17.101
Timings{0}> 
Timings{0}> coarsePropagator.... Wall max =   0.788628
Timings{0}>                      Wall avg =   0.584503
Timings{0}>                      Wall min =   0.223425
Timings{0}> 
Timings{0}> dumpData............ Wall max = 0.00760073
Timings{0}>                      Wall avg = 0.00532626
Timings{0}>                      Wall min = 0.00101576
Timings{0}> 
Timings{0}> computeErrors....... Wall max =   0.001716
Timings{0}>                      Wall avg =  0.0011132
Timings{0}>                      Wall min = 0.000305889
Timings{0}> 
Timings{0}> initializeShapeFunc. Wall max = 0.000129561
Timings{0}>                      Wall avg = 0.000111477
Timings{0}>                      Wall min = 9.9911e-05
Timings{0}> 
Timings{0}> fieldSolvePIC....... Wall max =   0.325501
Timings{0}>                      Wall avg =    0.24256
Timings{0}>                      Wall min =  0.0875763
Timings{0}> 
Timings{0}> ScatterPIC.......... Wall max =   0.032396
Timings{0}>                      Wall avg =  0.0246026
Timings{0}>                      Wall min = 0.00873011
Timings{0}> 
Timings{0}> scatterAllReducePIC. Wall max =   0.312517
Timings{0}>                      Wall avg =   0.217655
Timings{0}>                      Wall min =  0.0654073
Timings{0}> 
Timings{0}> GatherPIC........... Wall max =  0.0375223
Timings{0}>                      Wall avg =  0.0286734
Timings{0}>                      Wall min =  0.0101878
Timings{0}> 
Timings{0}> ScatterPIFNUFFT..... Wall max =    37.7536
Timings{0}>                      Wall avg =     27.258
Timings{0}>                      Wall min =    5.36819
Timings{0}> 
Timings{0}> scatterAllReducePIF. Wall max =     27.123
Timings{0}>                      Wall avg =    18.8584
Timings{0}>                      Wall min =    3.39098
Timings{0}> 
Timings{0}> GatherPIFNUFFT...... Wall max =    57.6456
Timings{0}>                      Wall avg =    41.5649
Timings{0}>                      Wall min =    8.21581
Timings{0}> 
Timings{0}> ---------------------------------------------
