Option '64' is not parsed by Ippl. Make sure your application parses it.
Option '64' is not parsed by Ippl. Make sure your application parses it.
Option '64' is not parsed by Ippl. Make sure your application parses it.
Option '64' is not parsed by Ippl. Make sure your application parses it.
Option '64' is not parsed by Ippl. Make sure your application parses it.
Option '64' is not parsed by Ippl. Make sure your application parses it.
Option '2621440' is not parsed by Ippl. Make sure your application parses it.
Option '19.2' is not parsed by Ippl. Make sure your application parses it.
Option '0.003125' is not parsed by Ippl. Make sure your application parses it.
Option '0.2' is not parsed by Ippl. Make sure your application parses it.
Option '1e-11' is not parsed by Ippl. Make sure your application parses it.
Option '1' is not parsed by Ippl. Make sure your application parses it.
Option 'B-spline' is not parsed by Ippl. Make sure your application parses it.
Option '1' is not parsed by Ippl. Make sure your application parses it.
Option '4' is not parsed by Ippl. Make sure your application parses it.
Option '16' is not parsed by Ippl. Make sure your application parses it.
Option '0.000001' is not parsed by Ippl. Make sure your application parses it.
Option '1e-6' is not parsed by Ippl. Make sure your application parses it.
Option 'PIF' is not parsed by Ippl. Make sure your application parses it.
LandauDampingPinT{63}> Parareal LandauDampingPinT
LandauDampingPinT{63}> Slice dT: 1.2
LandauDampingPinT{63}> No. of fine time steps: 384
LandauDampingPinT{63}> No. of coarse time steps: 6
LandauDampingPinT{63}> Tolerance: 1e-11 No. of cycles: 1
LandauDampingPinT{63}> Np= 2621440 Fourier modes = ( 64 , 64 , 64 ) Grid points = ( 64 , 64 , 64 )
LandauDampingPinT{63}> particles created and initial conditions assigned 
LandauDampingPinT{63}> Finished iteration: 1 in cycle: 1 Rerror: 0.00657361 Perror: 0.00557163
LandauDampingPinT{63}> Finished iteration: 2 in cycle: 1 Rerror: 0.00125018 Perror: 0.00167336
LandauDampingPinT{63}> Finished iteration: 3 in cycle: 1 Rerror: 0.000126045 Perror: 0.000234444
LandauDampingPinT{63}> Finished iteration: 4 in cycle: 1 Rerror: 7.83332e-06 Perror: 1.80013e-05
LandauDampingPinT{63}> Finished iteration: 5 in cycle: 1 Rerror: 3.35725e-07 Perror: 8.94987e-07
LandauDampingPinT{63}> Finished iteration: 6 in cycle: 1 Rerror: 1.06277e-08 Perror: 3.17698e-08
LandauDampingPinT{63}> Finished iteration: 7 in cycle: 1 Rerror: 2.59452e-10 Perror: 8.55417e-10
LandauDampingPinT{63}> Finished iteration: 8 in cycle: 1 Rerror: 5.04563e-12 Perror: 1.80709e-11
LandauDampingPinT{63}> Finished iteration: 9 in cycle: 1 Rerror: 7.32706e-18 Perror: 3.31512e-17
LandauDampingPinT{63}> LandauDampingPinT Parareal: End.
Timings{0}> ---------------------------------------------
Timings{0}>      Timing results for 64 ranks:
Timings{0}> ---------------------------------------------
Timings{0}> mainTimer........... Wall tot =    132.689
Timings{0}> 
Timings{0}> particlesCreation... Wall max =    5.65871
Timings{0}>                      Wall avg =    3.12459
Timings{0}>                      Wall min =   0.380002
Timings{0}> 
Timings{0}> timeCommunication... Wall max =    10.6546
Timings{0}>                      Wall avg =    4.96615
Timings{0}>                      Wall min =   0.120934
Timings{0}> 
Timings{0}> deepCopy............ Wall max = 0.00321331
Timings{0}>                      Wall avg =  0.0022301
Timings{0}>                      Wall min = 0.000510353
Timings{0}> 
Timings{0}> finePropagator...... Wall max =    124.455
Timings{0}>                      Wall avg =    81.9304
Timings{0}>                      Wall min =     14.486
Timings{0}> 
Timings{0}> coarsePropagator.... Wall max =    2.47247
Timings{0}>                      Wall avg =    1.70296
Timings{0}>                      Wall min =   0.510046
Timings{0}> 
Timings{0}> dumpData............ Wall max =    8.69272
Timings{0}>                      Wall avg =    4.39236
Timings{0}>                      Wall min =    1.25169
Timings{0}> 
Timings{0}> computeErrors....... Wall max =  0.0152716
Timings{0}>                      Wall avg = 0.00479069
Timings{0}>                      Wall min = 0.000241532
Timings{0}> 
Timings{0}> initializeShapeFunc. Wall max = 0.000131572
Timings{0}>                      Wall avg = 0.000109314
Timings{0}>                      Wall min = 0.000100451
Timings{0}> 
Timings{0}> ScatterPIFNUFFT..... Wall max =     33.319
Timings{0}>                      Wall avg =    22.4246
Timings{0}>                      Wall min =    3.73843
Timings{0}> 
Timings{0}> scatterAllReducePIF. Wall max =     38.745
Timings{0}>                      Wall avg =    23.4831
Timings{0}>                      Wall min =    4.30152
Timings{0}> 
Timings{0}> GatherPIFNUFFT...... Wall max =    48.4471
Timings{0}>                      Wall avg =    32.6605
Timings{0}>                      Wall min =    5.46078
Timings{0}> 
Timings{0}> ---------------------------------------------
