Option '64' is not parsed by Ippl. Make sure your application parses it.
Option '64' is not parsed by Ippl. Make sure your application parses it.
Option '64' is not parsed by Ippl. Make sure your application parses it.
Option '64' is not parsed by Ippl. Make sure your application parses it.
Option '64' is not parsed by Ippl. Make sure your application parses it.
Option '64' is not parsed by Ippl. Make sure your application parses it.
Option '2621440' is not parsed by Ippl. Make sure your application parses it.
Option '19.2' is not parsed by Ippl. Make sure your application parses it.
Option '0.05' is not parsed by Ippl. Make sure your application parses it.
Option '0.05' is not parsed by Ippl. Make sure your application parses it.
Option '1e-5' is not parsed by Ippl. Make sure your application parses it.
Option '1' is not parsed by Ippl. Make sure your application parses it.
Option 'B-spline' is not parsed by Ippl. Make sure your application parses it.
Option '1' is not parsed by Ippl. Make sure your application parses it.
Option '2' is not parsed by Ippl. Make sure your application parses it.
Option '16' is not parsed by Ippl. Make sure your application parses it.
Option '0.1' is not parsed by Ippl. Make sure your application parses it.
Option '1e-4' is not parsed by Ippl. Make sure your application parses it.
Option 'PIF' is not parsed by Ippl. Make sure your application parses it.
TwoStreamInstability{31}> Parareal TwoStreamInstability
TwoStreamInstability{31}> Slice dT: 1.2
TwoStreamInstability{31}> No. of fine time steps: 24
TwoStreamInstability{31}> No. of coarse time steps: 24
TwoStreamInstability{31}> Tolerance: 1e-05 No. of cycles: 1
TwoStreamInstability{31}> Np= 2621440 Fourier modes = ( 64 , 64 , 64 ) Grid points = ( 64 , 64 , 64 )
TwoStreamInstability{31}> particles created and initial conditions assigned 
TwoStreamInstability{31}> Finished iteration: 1 in cycle: 1 Rerror: 0.015352 Perror: 0.0801072
TwoStreamInstability{31}> Finished iteration: 2 in cycle: 1 Rerror: 0.00504994 Perror: 0.0307533
TwoStreamInstability{31}> Finished iteration: 3 in cycle: 1 Rerror: 0.00158512 Perror: 0.0108811
TwoStreamInstability{31}> Finished iteration: 4 in cycle: 1 Rerror: 0.000373272 Perror: 0.00282801
TwoStreamInstability{31}> Finished iteration: 5 in cycle: 1 Rerror: 6.32562e-05 Perror: 0.000513605
TwoStreamInstability{31}> Finished iteration: 6 in cycle: 1 Rerror: 7.40027e-06 Perror: 6.33288e-05
TwoStreamInstability{31}> Finished iteration: 7 in cycle: 1 Rerror: 2.51283e-17 Perror: 1.59674e-16
TwoStreamInstability{31}> TwoStreamInstability Parareal: End.
Timings{0}> ---------------------------------------------
Timings{0}>      Timing results for 32 ranks:
Timings{0}> ---------------------------------------------
Timings{0}> mainTimer........... Wall tot =    11.7272
Timings{0}> 
Timings{0}> particlesCreation... Wall max =    5.25368
Timings{0}>                      Wall avg =     2.8288
Timings{0}>                      Wall min =   0.356656
Timings{0}> 
Timings{0}> timeCommunication... Wall max =    6.05454
Timings{0}>                      Wall avg =    2.79366
Timings{0}>                      Wall min =   0.123077
Timings{0}> 
Timings{0}> deepCopy............ Wall max = 0.00387988
Timings{0}>                      Wall avg = 0.00238818
Timings{0}>                      Wall min = 0.000814996
Timings{0}> 
Timings{0}> finePropagator...... Wall max =    4.26164
Timings{0}>                      Wall avg =    2.49179
Timings{0}>                      Wall min =   0.684242
Timings{0}> 
Timings{0}> coarsePropagator.... Wall max =    2.01675
Timings{0}>                      Wall avg =    1.21376
Timings{0}>                      Wall min =   0.512824
Timings{0}> 
Timings{0}> dumpData............ Wall max = 0.00048881
Timings{0}>                      Wall avg = 0.000272512
Timings{0}>                      Wall min =  7.447e-05
Timings{0}> 
Timings{0}> computeErrors....... Wall max = 0.00567027
Timings{0}>                      Wall avg = 0.00167446
Timings{0}>                      Wall min = 0.000302192
Timings{0}> 
Timings{0}> initializeShapeFunc. Wall max = 0.00013447
Timings{0}>                      Wall avg = 0.000110516
Timings{0}>                      Wall min = 9.8081e-05
Timings{0}> 
Timings{0}> ScatterPIFNUFFT..... Wall max =    1.25568
Timings{0}>                      Wall avg =   0.756197
Timings{0}>                      Wall min =   0.227492
Timings{0}> 
Timings{0}> scatterAllReducePIF. Wall max =    2.46307
Timings{0}>                      Wall avg =    1.36505
Timings{0}>                      Wall min =   0.477668
Timings{0}> 
Timings{0}> GatherPIFNUFFT...... Wall max =    2.37645
Timings{0}>                      Wall avg =    1.47366
Timings{0}>                      Wall min =   0.443798
Timings{0}> 
Timings{0}> ---------------------------------------------
