Option '64' is not parsed by Ippl. Make sure your application parses it.
Option '64' is not parsed by Ippl. Make sure your application parses it.
Option '64' is not parsed by Ippl. Make sure your application parses it.
Option '64' is not parsed by Ippl. Make sure your application parses it.
Option '64' is not parsed by Ippl. Make sure your application parses it.
Option '64' is not parsed by Ippl. Make sure your application parses it.
Option '2621440' is not parsed by Ippl. Make sure your application parses it.
Option '19.2' is not parsed by Ippl. Make sure your application parses it.
Option '0.003125' is not parsed by Ippl. Make sure your application parses it.
Option '0.003125' is not parsed by Ippl. Make sure your application parses it.
Option '1e-8' is not parsed by Ippl. Make sure your application parses it.
Option '1' is not parsed by Ippl. Make sure your application parses it.
Option 'B-spline' is not parsed by Ippl. Make sure your application parses it.
Option '1' is not parsed by Ippl. Make sure your application parses it.
Option '4' is not parsed by Ippl. Make sure your application parses it.
Option '16' is not parsed by Ippl. Make sure your application parses it.
Option '0.0001' is not parsed by Ippl. Make sure your application parses it.
Option '1e-7' is not parsed by Ippl. Make sure your application parses it.
Option 'PIF' is not parsed by Ippl. Make sure your application parses it.
LandauDampingPinT{63}> Parareal LandauDampingPinT
LandauDampingPinT{63}> Slice dT: 1.2
LandauDampingPinT{63}> No. of fine time steps: 384
LandauDampingPinT{63}> No. of coarse time steps: 384
LandauDampingPinT{63}> Tolerance: 1e-08 No. of cycles: 1
LandauDampingPinT{63}> Np= 2621440 Fourier modes = ( 64 , 64 , 64 ) Grid points = ( 64 , 64 , 64 )
LandauDampingPinT{63}> particles created and initial conditions assigned 
LandauDampingPinT{63}> Finished iteration: 1 in cycle: 1 Rerror: 1.58752e-06 Perror: 1.25875e-06
LandauDampingPinT{63}> Finished iteration: 2 in cycle: 1 Rerror: 5.53635e-10 Perror: 5.98519e-10
LandauDampingPinT{63}> LandauDampingPinT Parareal: End.
Timings{0}> ---------------------------------------------
Timings{0}>      Timing results for 64 ranks:
Timings{0}> ---------------------------------------------
Timings{0}> mainTimer........... Wall tot =    173.162
Timings{0}> 
Timings{0}> particlesCreation... Wall max =    121.939
Timings{0}>                      Wall avg =    65.9186
Timings{0}>                      Wall min =    7.49687
Timings{0}> 
Timings{0}> timeCommunication... Wall max =        122
Timings{0}>                      Wall avg =    59.7905
Timings{0}>                      Wall min =   0.102206
Timings{0}> 
Timings{0}> deepCopy............ Wall max = 0.00102658
Timings{0}>                      Wall avg = 0.000930393
Timings{0}>                      Wall min = 0.000530114
Timings{0}> 
Timings{0}> finePropagator...... Wall max =    35.5689
Timings{0}>                      Wall avg =    33.5364
Timings{0}>                      Wall min =    17.1274
Timings{0}> 
Timings{0}> coarsePropagator.... Wall max =    24.0959
Timings{0}>                      Wall avg =    22.1941
Timings{0}>                      Wall min =    14.4338
Timings{0}> 
Timings{0}> dumpData............ Wall max = 0.00219648
Timings{0}>                      Wall avg = 0.00201006
Timings{0}>                      Wall min = 0.00106423
Timings{0}> 
Timings{0}> computeErrors....... Wall max = 0.00392638
Timings{0}>                      Wall avg = 0.00171449
Timings{0}>                      Wall min = 0.000253562
Timings{0}> 
Timings{0}> initializeShapeFunc. Wall max = 0.000139912
Timings{0}>                      Wall avg = 0.00010884
Timings{0}>                      Wall min = 9.9111e-05
Timings{0}> 
Timings{0}> ScatterPIFNUFFT..... Wall max =    14.8443
Timings{0}>                      Wall avg =     14.364
Timings{0}>                      Wall min =    8.02953
Timings{0}> 
Timings{0}> scatterAllReducePIF. Wall max =    20.3885
Timings{0}>                      Wall avg =    17.4891
Timings{0}>                      Wall min =    4.00498
Timings{0}> 
Timings{0}> GatherPIFNUFFT...... Wall max =    24.1653
Timings{0}>                      Wall avg =    23.3542
Timings{0}>                      Wall min =     13.208
Timings{0}> 
Timings{0}> ---------------------------------------------
