Option '128' is not parsed by Ippl. Make sure your application parses it.
Option '128' is not parsed by Ippl. Make sure your application parses it.
Option '128' is not parsed by Ippl. Make sure your application parses it.
Option '128' is not parsed by Ippl. Make sure your application parses it.
Option '128' is not parsed by Ippl. Make sure your application parses it.
Option '128' is not parsed by Ippl. Make sure your application parses it.
Option '20971520' is not parsed by Ippl. Make sure your application parses it.
Option '19.2' is not parsed by Ippl. Make sure your application parses it.
Option '0.003125' is not parsed by Ippl. Make sure your application parses it.
Option '0.05' is not parsed by Ippl. Make sure your application parses it.
Option '1e-8' is not parsed by Ippl. Make sure your application parses it.
Option '1' is not parsed by Ippl. Make sure your application parses it.
Option 'B-spline' is not parsed by Ippl. Make sure your application parses it.
Option '7' is not parsed by Ippl. Make sure your application parses it.
Option '32' is not parsed by Ippl. Make sure your application parses it.
Option '32' is not parsed by Ippl. Make sure your application parses it.
Option '0.001' is not parsed by Ippl. Make sure your application parses it.
Option '1e-7' is not parsed by Ippl. Make sure your application parses it.
Option 'PIF' is not parsed by Ippl. Make sure your application parses it.
LandauDampingPinT{1023}> Parareal LandauDampingPinT
LandauDampingPinT{1023}> Slice dT: 0.6
LandauDampingPinT{1023}> No. of fine time steps: 192
LandauDampingPinT{1023}> No. of coarse time steps: 12
LandauDampingPinT{1023}> Tolerance: 1e-08 No. of cycles: 1
LandauDampingPinT{1023}> Np= 20971520 Fourier modes = ( 128 , 128 , 128 ) Grid points = ( 128 , 128 , 128 )
LandauDampingPinT{1023}> particles created and initial conditions assigned 
LandauDampingPinT{1023}> Finished iteration: 1 in cycle: 1 Rerror: 3.42045e-05 Perror: 1.77732e-05
LandauDampingPinT{1023}> Finished iteration: 2 in cycle: 1 Rerror: 1.23336e-07 Perror: 1.06469e-07
LandauDampingPinT{1023}> Finished iteration: 3 in cycle: 1 Rerror: 6.61372e-10 Perror: 7.49355e-10
LandauDampingPinT{1023}> LandauDampingPinT Parareal: End.
Timings{0}> ---------------------------------------------
Timings{0}>      Timing results for 1024 ranks:
Timings{0}> ---------------------------------------------
Timings{0}> mainTimer........... Wall tot =    93.1023
Timings{0}> 
Timings{0}> particlesCreation... Wall max =    28.3246
Timings{0}>                      Wall avg =    14.6787
Timings{0}>                      Wall min =   0.911614
Timings{0}> 
Timings{0}> timeCommunication... Wall max =    27.5894
Timings{0}>                      Wall avg =    13.9657
Timings{0}>                      Wall min =  0.0908419
Timings{0}> 
Timings{0}> deepCopy............ Wall max = 0.00164655
Timings{0}>                      Wall avg = 0.00126967
Timings{0}>                      Wall min = 0.000532043
Timings{0}> 
Timings{0}> finePropagator...... Wall max =    62.9583
Timings{0}>                      Wall avg =    60.0834
Timings{0}>                      Wall min =    21.0061
Timings{0}> 
Timings{0}> coarsePropagator.... Wall max =    3.08654
Timings{0}>                      Wall avg =    2.90264
Timings{0}>                      Wall min =    1.54753
Timings{0}> 
Timings{0}> dumpData............ Wall max = 0.00170117
Timings{0}>                      Wall avg = 0.00155034
Timings{0}>                      Wall min = 0.000501691
Timings{0}> 
Timings{0}> computeErrors....... Wall max =   0.010819
Timings{0}>                      Wall avg = 0.00420677
Timings{0}>                      Wall min = 0.000343762
Timings{0}> 
Timings{0}> initializeShapeFunc. Wall max = 0.000337881
Timings{0}>                      Wall avg = 0.000319075
Timings{0}>                      Wall min = 0.000309103
Timings{0}> 
Timings{0}> ScatterPIFNUFFT..... Wall max =     19.722
Timings{0}>                      Wall avg =    18.8511
Timings{0}>                      Wall min =    6.61667
Timings{0}> 
Timings{0}> scatterAllReducePIF. Wall max =    25.2526
Timings{0}>                      Wall avg =      23.95
Timings{0}>                      Wall min =    8.79623
Timings{0}> 
Timings{0}> GatherPIFNUFFT...... Wall max =    20.8471
Timings{0}>                      Wall avg =    19.9519
Timings{0}>                      Wall min =     7.0271
Timings{0}> 
Timings{0}> ---------------------------------------------
