Option '64' is not parsed by Ippl. Make sure your application parses it.
Option '64' is not parsed by Ippl. Make sure your application parses it.
Option '64' is not parsed by Ippl. Make sure your application parses it.
Option '64' is not parsed by Ippl. Make sure your application parses it.
Option '64' is not parsed by Ippl. Make sure your application parses it.
Option '64' is not parsed by Ippl. Make sure your application parses it.
Option '2621440' is not parsed by Ippl. Make sure your application parses it.
Option '19.2' is not parsed by Ippl. Make sure your application parses it.
Option '0.05' is not parsed by Ippl. Make sure your application parses it.
Option '0.05' is not parsed by Ippl. Make sure your application parses it.
Option '1e-5' is not parsed by Ippl. Make sure your application parses it.
Option '1' is not parsed by Ippl. Make sure your application parses it.
Option 'B-spline' is not parsed by Ippl. Make sure your application parses it.
Option '1' is not parsed by Ippl. Make sure your application parses it.
Option '2' is not parsed by Ippl. Make sure your application parses it.
Option '16' is not parsed by Ippl. Make sure your application parses it.
Option '0.001' is not parsed by Ippl. Make sure your application parses it.
Option '1e-4' is not parsed by Ippl. Make sure your application parses it.
Option 'PIF' is not parsed by Ippl. Make sure your application parses it.
TwoStreamInstability{31}> Parareal TwoStreamInstability
TwoStreamInstability{31}> Slice dT: 1.2
TwoStreamInstability{31}> No. of fine time steps: 24
TwoStreamInstability{31}> No. of coarse time steps: 24
TwoStreamInstability{31}> Tolerance: 1e-05 No. of cycles: 1
TwoStreamInstability{31}> Np= 2621440 Fourier modes = ( 64 , 64 , 64 ) Grid points = ( 64 , 64 , 64 )
TwoStreamInstability{31}> particles created and initial conditions assigned 
TwoStreamInstability{31}> Finished iteration: 1 in cycle: 1 Rerror: 0.00011738 Perror: 0.000607534
TwoStreamInstability{31}> Finished iteration: 2 in cycle: 1 Rerror: 6.69865e-07 Perror: 4.05302e-06
TwoStreamInstability{31}> TwoStreamInstability Parareal: End.
Timings{0}> ---------------------------------------------
Timings{0}>      Timing results for 32 ranks:
Timings{0}> ---------------------------------------------
Timings{0}> mainTimer........... Wall tot =    10.5898
Timings{0}> 
Timings{0}> particlesCreation... Wall max =    8.34335
Timings{0}>                      Wall avg =    4.55529
Timings{0}>                      Wall min =   0.589342
Timings{0}> 
Timings{0}> timeCommunication... Wall max =    8.06089
Timings{0}>                      Wall avg =    4.24113
Timings{0}>                      Wall min =   0.105794
Timings{0}> 
Timings{0}> deepCopy............ Wall max = 0.00149968
Timings{0}>                      Wall avg = 0.00125521
Timings{0}>                      Wall min = 0.000815956
Timings{0}> 
Timings{0}> finePropagator...... Wall max =    1.37824
Timings{0}>                      Wall avg =    1.01644
Timings{0}>                      Wall min =   0.543685
Timings{0}> 
Timings{0}> coarsePropagator.... Wall max =    1.48446
Timings{0}>                      Wall avg =    1.14765
Timings{0}>                      Wall min =   0.731641
Timings{0}> 
Timings{0}> dumpData............ Wall max = 0.00015244
Timings{0}>                      Wall avg = 0.000115218
Timings{0}>                      Wall min =   6.38e-05
Timings{0}> 
Timings{0}> computeErrors....... Wall max = 0.00179479
Timings{0}>                      Wall avg = 0.00071691
Timings{0}>                      Wall min = 0.000285002
Timings{0}> 
Timings{0}> initializeShapeFunc. Wall max = 0.000124661
Timings{0}>                      Wall avg = 0.000109026
Timings{0}>                      Wall min = 0.00010057
Timings{0}> 
Timings{0}> ScatterPIFNUFFT..... Wall max =   0.624455
Timings{0}>                      Wall avg =   0.518832
Timings{0}>                      Wall min =   0.356137
Timings{0}> 
Timings{0}> scatterAllReducePIF. Wall max =   0.985973
Timings{0}>                      Wall avg =   0.599836
Timings{0}>                      Wall min =   0.160279
Timings{0}> 
Timings{0}> GatherPIFNUFFT...... Wall max =    1.20776
Timings{0}>                      Wall avg =   0.991684
Timings{0}>                      Wall min =   0.697429
Timings{0}> 
Timings{0}> ---------------------------------------------
