Option '16' is not parsed by Ippl. Make sure your application parses it.
Option '16' is not parsed by Ippl. Make sure your application parses it.
Option '16' is not parsed by Ippl. Make sure your application parses it.
Option '16' is not parsed by Ippl. Make sure your application parses it.
Option '16' is not parsed by Ippl. Make sure your application parses it.
Option '16' is not parsed by Ippl. Make sure your application parses it.
Option '2621440' is not parsed by Ippl. Make sure your application parses it.
Option '19.2' is not parsed by Ippl. Make sure your application parses it.
Option '0.003125' is not parsed by Ippl. Make sure your application parses it.
Option '0.2' is not parsed by Ippl. Make sure your application parses it.
Option '1e-11' is not parsed by Ippl. Make sure your application parses it.
Option '1' is not parsed by Ippl. Make sure your application parses it.
Option 'B-spline' is not parsed by Ippl. Make sure your application parses it.
Option '1' is not parsed by Ippl. Make sure your application parses it.
Option '4' is not parsed by Ippl. Make sure your application parses it.
Option '16' is not parsed by Ippl. Make sure your application parses it.
Option '0.000001' is not parsed by Ippl. Make sure your application parses it.
Option '1e-6' is not parsed by Ippl. Make sure your application parses it.
Option 'PIF' is not parsed by Ippl. Make sure your application parses it.
LandauDampingPinT{63}> Parareal LandauDampingPinT
LandauDampingPinT{63}> Slice dT: 1.2
LandauDampingPinT{63}> No. of fine time steps: 384
LandauDampingPinT{63}> No. of coarse time steps: 6
LandauDampingPinT{63}> Tolerance: 1e-11 No. of cycles: 1
LandauDampingPinT{63}> Np= 2621440 Fourier modes = ( 16 , 16 , 16 ) Grid points = ( 16 , 16 , 16 )
LandauDampingPinT{63}> particles created and initial conditions assigned 
LandauDampingPinT{63}> Finished iteration: 1 in cycle: 1 Rerror: 0.00039014 Perror: 0.000194345
LandauDampingPinT{63}> Finished iteration: 2 in cycle: 1 Rerror: 4.04703e-06 Perror: 2.74469e-06
LandauDampingPinT{63}> Finished iteration: 3 in cycle: 1 Rerror: 2.93714e-08 Perror: 3.09921e-08
LandauDampingPinT{63}> Finished iteration: 4 in cycle: 1 Rerror: 2.68794e-10 Perror: 2.91372e-10
LandauDampingPinT{63}> Finished iteration: 5 in cycle: 1 Rerror: 2.06148e-12 Perror: 4.01628e-12
LandauDampingPinT{63}> LandauDampingPinT Parareal: End.
Timings{0}> ---------------------------------------------
Timings{0}>      Timing results for 64 ranks:
Timings{0}> ---------------------------------------------
Timings{0}> mainTimer........... Wall tot =    30.9303
Timings{0}> 
Timings{0}> particlesCreation... Wall max =    3.15739
Timings{0}>                      Wall avg =     1.7206
Timings{0}>                      Wall min =   0.233617
Timings{0}> 
Timings{0}> timeCommunication... Wall max =    3.47524
Timings{0}>                      Wall avg =     1.9029
Timings{0}>                      Wall min =    0.11784
Timings{0}> 
Timings{0}> deepCopy............ Wall max = 0.00200754
Timings{0}>                      Wall avg = 0.00171114
Timings{0}>                      Wall min = 0.000507885
Timings{0}> 
Timings{0}> finePropagator...... Wall max =    27.3694
Timings{0}>                      Wall avg =    23.4805
Timings{0}>                      Wall min =    5.76179
Timings{0}> 
Timings{0}> coarsePropagator.... Wall max =   0.623471
Timings{0}>                      Wall avg =   0.546265
Timings{0}>                      Wall min =   0.215779
Timings{0}> 
Timings{0}> dumpData............ Wall max =    2.03787
Timings{0}>                      Wall avg =     1.1603
Timings{0}>                      Wall min =   0.640169
Timings{0}> 
Timings{0}> computeErrors....... Wall max = 0.00131241
Timings{0}>                      Wall avg = 0.000912019
Timings{0}>                      Wall min = 0.000224742
Timings{0}> 
Timings{0}> initializeShapeFunc. Wall max = 0.000129011
Timings{0}>                      Wall avg = 9.27543e-05
Timings{0}>                      Wall min = 7.7501e-05
Timings{0}> 
Timings{0}> ScatterPIFNUFFT..... Wall max =    15.0129
Timings{0}>                      Wall avg =    13.1083
Timings{0}>                      Wall min =    3.03231
Timings{0}> 
Timings{0}> scatterAllReducePIF. Wall max =   0.804703
Timings{0}>                      Wall avg =   0.396349
Timings{0}>                      Wall min =  0.0775392
Timings{0}> 
Timings{0}> GatherPIFNUFFT...... Wall max =    10.2907
Timings{0}>                      Wall avg =    8.93629
Timings{0}>                      Wall min =    2.07792
Timings{0}> 
Timings{0}> ---------------------------------------------
