Option '64' is not parsed by Ippl. Make sure your application parses it.
Option '64' is not parsed by Ippl. Make sure your application parses it.
Option '64' is not parsed by Ippl. Make sure your application parses it.
Option '64' is not parsed by Ippl. Make sure your application parses it.
Option '64' is not parsed by Ippl. Make sure your application parses it.
Option '64' is not parsed by Ippl. Make sure your application parses it.
Option '2621440' is not parsed by Ippl. Make sure your application parses it.
Option '19.2' is not parsed by Ippl. Make sure your application parses it.
Option '0.05' is not parsed by Ippl. Make sure your application parses it.
Option '0.4' is not parsed by Ippl. Make sure your application parses it.
Option '1e-5' is not parsed by Ippl. Make sure your application parses it.
Option '1' is not parsed by Ippl. Make sure your application parses it.
Option 'B-spline' is not parsed by Ippl. Make sure your application parses it.
Option '1' is not parsed by Ippl. Make sure your application parses it.
Option '2' is not parsed by Ippl. Make sure your application parses it.
Option '16' is not parsed by Ippl. Make sure your application parses it.
Option '0.1' is not parsed by Ippl. Make sure your application parses it.
Option '1e-4' is not parsed by Ippl. Make sure your application parses it.
Option 'PIC' is not parsed by Ippl. Make sure your application parses it.
LandauDampingPinT{31}> Parareal LandauDampingPinT
LandauDampingPinT{31}> Slice dT: 1.2
LandauDampingPinT{31}> No. of fine time steps: 24
LandauDampingPinT{31}> No. of coarse time steps: 3
LandauDampingPinT{31}> Tolerance: 1e-05 No. of cycles: 1
LandauDampingPinT{31}> Np= 2621440 Fourier modes = ( 64 , 64 , 64 ) Grid points = ( 64 , 64 , 64 )
LandauDampingPinT{31}> particles created and initial conditions assigned 
LandauDampingPinT{31}> Finished iteration: 1 in cycle: 1 Rerror: 0.0269591 Perror: 0.0242358
LandauDampingPinT{31}> Finished iteration: 2 in cycle: 1 Rerror: 0.0118056 Perror: 0.0151032
LandauDampingPinT{31}> Finished iteration: 3 in cycle: 1 Rerror: 0.00359257 Perror: 0.00631105
LandauDampingPinT{31}> Finished iteration: 4 in cycle: 1 Rerror: 0.000717275 Perror: 0.00161464
LandauDampingPinT{31}> Finished iteration: 5 in cycle: 1 Rerror: 9.39896e-05 Perror: 0.000248932
LandauDampingPinT{31}> Finished iteration: 6 in cycle: 1 Rerror: 8.57868e-06 Perror: 2.56434e-05
LandauDampingPinT{31}> Finished iteration: 7 in cycle: 1 Rerror: 3.63444e-07 Perror: 1.52906e-06
LandauDampingPinT{31}> LandauDampingPinT Parareal: End.
Timings{0}> ---------------------------------------------
Timings{0}>      Timing results for 32 ranks:
Timings{0}> ---------------------------------------------
Timings{0}> mainTimer........... Wall tot =    7.17923
Timings{0}> 
Timings{0}> particlesCreation... Wall max =    2.08738
Timings{0}>                      Wall avg =    1.24856
Timings{0}>                      Wall min =   0.302216
Timings{0}> 
Timings{0}> timeCommunication... Wall max =    2.28354
Timings{0}>                      Wall avg =    1.31532
Timings{0}>                      Wall min =   0.105472
Timings{0}> 
Timings{0}> deepCopy............ Wall max = 0.00400422
Timings{0}>                      Wall avg = 0.00284223
Timings{0}>                      Wall min = 0.000817469
Timings{0}> 
Timings{0}> finePropagator...... Wall max =    4.82818
Timings{0}>                      Wall avg =    3.27068
Timings{0}>                      Wall min =   0.714498
Timings{0}> 
Timings{0}> coarsePropagator.... Wall max =   0.227631
Timings{0}>                      Wall avg =    0.16697
Timings{0}>                      Wall min =  0.0735469
Timings{0}> 
Timings{0}> dumpData............ Wall max = 0.000501241
Timings{0}>                      Wall avg = 0.00033273
Timings{0}>                      Wall min = 7.4733e-05
Timings{0}> 
Timings{0}> computeErrors....... Wall max = 0.00187908
Timings{0}>                      Wall avg = 0.00109127
Timings{0}>                      Wall min = 0.000327384
Timings{0}> 
Timings{0}> initializeShapeFunc. Wall max = 0.000125551
Timings{0}>                      Wall avg = 0.00010791
Timings{0}>                      Wall min =  9.999e-05
Timings{0}> 
Timings{0}> fieldSolvePIC....... Wall max =  0.0408369
Timings{0}>                      Wall avg =  0.0290894
Timings{0}>                      Wall min =  0.0106873
Timings{0}> 
Timings{0}> ScatterPIC.......... Wall max = 0.00834435
Timings{0}>                      Wall avg = 0.00605933
Timings{0}>                      Wall min = 0.00227624
Timings{0}> 
Timings{0}> scatterAllReducePIC. Wall max =   0.104445
Timings{0}>                      Wall avg =  0.0766533
Timings{0}>                      Wall min =  0.0231098
Timings{0}> 
Timings{0}> GatherPIC........... Wall max =  0.0103465
Timings{0}>                      Wall avg = 0.00753144
Timings{0}>                      Wall min = 0.00286765
Timings{0}> 
Timings{0}> ScatterPIFNUFFT..... Wall max =    1.17655
Timings{0}>                      Wall avg =   0.802561
Timings{0}>                      Wall min =   0.180732
Timings{0}> 
Timings{0}> scatterAllReducePIF. Wall max =    1.36487
Timings{0}>                      Wall avg =   0.902333
Timings{0}>                      Wall min =   0.194024
Timings{0}> 
Timings{0}> GatherPIFNUFFT...... Wall max =    2.21594
Timings{0}>                      Wall avg =    1.50443
Timings{0}>                      Wall min =   0.324494
Timings{0}> 
Timings{0}> ---------------------------------------------
