Option '64' is not parsed by Ippl. Make sure your application parses it.
Option '64' is not parsed by Ippl. Make sure your application parses it.
Option '64' is not parsed by Ippl. Make sure your application parses it.
Option '64' is not parsed by Ippl. Make sure your application parses it.
Option '64' is not parsed by Ippl. Make sure your application parses it.
Option '64' is not parsed by Ippl. Make sure your application parses it.
Option '2621440' is not parsed by Ippl. Make sure your application parses it.
Option '19.2' is not parsed by Ippl. Make sure your application parses it.
Option '0.003125' is not parsed by Ippl. Make sure your application parses it.
Option '0.0125' is not parsed by Ippl. Make sure your application parses it.
Option '1e-8' is not parsed by Ippl. Make sure your application parses it.
Option '1' is not parsed by Ippl. Make sure your application parses it.
Option 'B-spline' is not parsed by Ippl. Make sure your application parses it.
Option '1' is not parsed by Ippl. Make sure your application parses it.
Option '4' is not parsed by Ippl. Make sure your application parses it.
Option '16' is not parsed by Ippl. Make sure your application parses it.
Option '0.00001' is not parsed by Ippl. Make sure your application parses it.
Option '1e-7' is not parsed by Ippl. Make sure your application parses it.
Option 'PIF' is not parsed by Ippl. Make sure your application parses it.
PenningTrapPinT{63}> Parareal PenningTrapPinT
PenningTrapPinT{63}> Slice dT: 1.2
PenningTrapPinT{63}> No. of fine time steps: 384
PenningTrapPinT{63}> No. of coarse time steps: 96
PenningTrapPinT{63}> Tolerance: 1e-08 No. of cycles: 1
PenningTrapPinT{63}> Np= 2621440 Fourier modes = ( 64 , 64 , 64 ) Grid points = ( 64 , 64 , 64 )
PenningTrapPinT{63}> particles created and initial conditions assigned 
PenningTrapPinT{63}> Finished iteration: 1 in cycle: 1 Rerror: 0.020286 Perror: 0.250877
PenningTrapPinT{63}> Finished iteration: 2 in cycle: 1 Rerror: 0.00468394 Perror: 0.121201
PenningTrapPinT{63}> Finished iteration: 3 in cycle: 1 Rerror: 0.00130021 Perror: 0.0397157
PenningTrapPinT{63}> Finished iteration: 4 in cycle: 1 Rerror: 0.000255579 Perror: 0.00905446
PenningTrapPinT{63}> Finished iteration: 5 in cycle: 1 Rerror: 3.98737e-05 Perror: 0.0015057
PenningTrapPinT{63}> Finished iteration: 6 in cycle: 1 Rerror: 8.95704e-06 Perror: 0.000195896
PenningTrapPinT{63}> Finished iteration: 7 in cycle: 1 Rerror: 4.40542e-07 Perror: 1.85799e-05
PenningTrapPinT{63}> Finished iteration: 8 in cycle: 1 Rerror: 3.186e-08 Perror: 1.35516e-06
PenningTrapPinT{63}> Finished iteration: 9 in cycle: 1 Rerror: 1.80442e-09 Perror: 7.77376e-08
PenningTrapPinT{63}> Finished iteration: 10 in cycle: 1 Rerror: 7.16477e-11 Perror: 3.08717e-09
PenningTrapPinT{63}> PenningTrapPinT Parareal: End.
Timings{0}> ---------------------------------------------
Timings{0}>      Timing results for 64 ranks:
Timings{0}> ---------------------------------------------
Timings{0}> mainTimer........... Wall tot =     172.78
Timings{0}> 
Timings{0}> particlesCreation... Wall max =    33.0125
Timings{0}>                      Wall avg =    17.6526
Timings{0}>                      Wall min =    2.06304
Timings{0}> 
Timings{0}> timeCommunication... Wall max =    33.7206
Timings{0}>                      Wall avg =    17.0114
Timings{0}>                      Wall min =   0.104269
Timings{0}> 
Timings{0}> deepCopy............ Wall max = 0.00363127
Timings{0}>                      Wall avg = 0.00248119
Timings{0}>                      Wall min = 0.000524375
Timings{0}> 
Timings{0}> finePropagator...... Wall max =    118.071
Timings{0}>                      Wall avg =    80.0775
Timings{0}>                      Wall min =    11.8544
Timings{0}> 
Timings{0}> coarsePropagator.... Wall max =    21.4215
Timings{0}>                      Wall avg =     15.228
Timings{0}>                      Wall min =    3.92704
Timings{0}> 
Timings{0}> dumpData............ Wall max =  0.0109172
Timings{0}>                      Wall avg = 0.00710691
Timings{0}>                      Wall min = 0.000998675
Timings{0}> 
Timings{0}> computeErrors....... Wall max =   0.014396
Timings{0}>                      Wall avg = 0.00234053
Timings{0}>                      Wall min = 0.000289252
Timings{0}> 
Timings{0}> initializeShapeFunc. Wall max = 0.000124071
Timings{0}>                      Wall avg = 0.000108467
Timings{0}>                      Wall min = 9.9031e-05
Timings{0}> 
Timings{0}> ScatterPIFNUFFT..... Wall max =    49.3587
Timings{0}>                      Wall avg =    33.2381
Timings{0}>                      Wall min =    5.41097
Timings{0}> 
Timings{0}> scatterAllReducePIF. Wall max =     48.424
Timings{0}>                      Wall avg =    33.7297
Timings{0}>                      Wall min =     5.7679
Timings{0}> 
Timings{0}> GatherPIFNUFFT...... Wall max =    40.9825
Timings{0}>                      Wall avg =    27.2273
Timings{0}>                      Wall min =     4.3815
Timings{0}> 
Timings{0}> ---------------------------------------------
