Option '64' is not parsed by Ippl. Make sure your application parses it.
Option '64' is not parsed by Ippl. Make sure your application parses it.
Option '64' is not parsed by Ippl. Make sure your application parses it.
Option '64' is not parsed by Ippl. Make sure your application parses it.
Option '64' is not parsed by Ippl. Make sure your application parses it.
Option '64' is not parsed by Ippl. Make sure your application parses it.
Option '2621440' is not parsed by Ippl. Make sure your application parses it.
Option '19.2' is not parsed by Ippl. Make sure your application parses it.
Option '0.003125' is not parsed by Ippl. Make sure your application parses it.
Option '0.0125' is not parsed by Ippl. Make sure your application parses it.
Option '1e-8' is not parsed by Ippl. Make sure your application parses it.
Option '1' is not parsed by Ippl. Make sure your application parses it.
Option 'B-spline' is not parsed by Ippl. Make sure your application parses it.
Option '1' is not parsed by Ippl. Make sure your application parses it.
Option '4' is not parsed by Ippl. Make sure your application parses it.
Option '16' is not parsed by Ippl. Make sure your application parses it.
Option '0.001' is not parsed by Ippl. Make sure your application parses it.
Option '1e-7' is not parsed by Ippl. Make sure your application parses it.
Option 'PIF' is not parsed by Ippl. Make sure your application parses it.
TwoStreamInstability{63}> Parareal TwoStreamInstability
TwoStreamInstability{63}> Slice dT: 1.2
TwoStreamInstability{63}> No. of fine time steps: 384
TwoStreamInstability{63}> No. of coarse time steps: 96
TwoStreamInstability{63}> Tolerance: 1e-08 No. of cycles: 1
TwoStreamInstability{63}> Np= 2621440 Fourier modes = ( 64 , 64 , 64 ) Grid points = ( 64 , 64 , 64 )
TwoStreamInstability{63}> particles created and initial conditions assigned 
TwoStreamInstability{63}> Finished iteration: 1 in cycle: 1 Rerror: 0.000122114 Perror: 0.000684995
TwoStreamInstability{63}> Finished iteration: 2 in cycle: 1 Rerror: 5.31016e-07 Perror: 3.55846e-06
TwoStreamInstability{63}> Finished iteration: 3 in cycle: 1 Rerror: 2.16338e-09 Perror: 1.46917e-08
TwoStreamInstability{63}> Finished iteration: 4 in cycle: 1 Rerror: 2.08397e-17 Perror: 1.26077e-16
TwoStreamInstability{63}> TwoStreamInstability Parareal: End.
Timings{0}> ---------------------------------------------
Timings{0}>      Timing results for 64 ranks:
Timings{0}> ---------------------------------------------
Timings{0}> mainTimer........... Wall tot =    102.153
Timings{0}> 
Timings{0}> particlesCreation... Wall max =    27.0304
Timings{0}>                      Wall avg =    14.4662
Timings{0}>                      Wall min =    1.67527
Timings{0}> 
Timings{0}> timeCommunication... Wall max =    31.2821
Timings{0}>                      Wall avg =    14.2464
Timings{0}>                      Wall min =    0.11708
Timings{0}> 
Timings{0}> deepCopy............ Wall max = 0.00156881
Timings{0}>                      Wall avg = 0.00115096
Timings{0}>                      Wall min = 0.000528623
Timings{0}> 
Timings{0}> finePropagator...... Wall max =    63.0689
Timings{0}>                      Wall avg =    45.0913
Timings{0}>                      Wall min =     17.508
Timings{0}> 
Timings{0}> coarsePropagator.... Wall max =    7.72612
Timings{0}>                      Wall avg =    5.79473
Timings{0}>                      Wall min =    3.17154
Timings{0}> 
Timings{0}> dumpData............ Wall max =  0.0043217
Timings{0}>                      Wall avg = 0.00278385
Timings{0}>                      Wall min =  0.0010195
Timings{0}> 
Timings{0}> computeErrors....... Wall max = 0.00708687
Timings{0}>                      Wall avg = 0.00266346
Timings{0}>                      Wall min = 0.000277621
Timings{0}> 
Timings{0}> initializeShapeFunc. Wall max = 0.000128441
Timings{0}>                      Wall avg = 0.000110083
Timings{0}>                      Wall min = 0.000100481
Timings{0}> 
Timings{0}> ScatterPIFNUFFT..... Wall max =    18.6937
Timings{0}>                      Wall avg =     14.149
Timings{0}>                      Wall min =    5.78231
Timings{0}> 
Timings{0}> scatterAllReducePIF. Wall max =     20.002
Timings{0}>                      Wall avg =    13.7847
Timings{0}>                      Wall min =    5.70779
Timings{0}> 
Timings{0}> GatherPIFNUFFT...... Wall max =    31.5845
Timings{0}>                      Wall avg =    22.5658
Timings{0}>                      Wall min =    8.96376
Timings{0}> 
Timings{0}> ---------------------------------------------
