Option '64' is not parsed by Ippl. Make sure your application parses it.
Option '64' is not parsed by Ippl. Make sure your application parses it.
Option '64' is not parsed by Ippl. Make sure your application parses it.
Option '64' is not parsed by Ippl. Make sure your application parses it.
Option '64' is not parsed by Ippl. Make sure your application parses it.
Option '64' is not parsed by Ippl. Make sure your application parses it.
Option '2621440' is not parsed by Ippl. Make sure your application parses it.
Option '19.2' is not parsed by Ippl. Make sure your application parses it.
Option '0.003125' is not parsed by Ippl. Make sure your application parses it.
Option '0.05' is not parsed by Ippl. Make sure your application parses it.
Option '1e-8' is not parsed by Ippl. Make sure your application parses it.
Option '1' is not parsed by Ippl. Make sure your application parses it.
Option 'B-spline' is not parsed by Ippl. Make sure your application parses it.
Option '1' is not parsed by Ippl. Make sure your application parses it.
Option '4' is not parsed by Ippl. Make sure your application parses it.
Option '16' is not parsed by Ippl. Make sure your application parses it.
Option '0.0001' is not parsed by Ippl. Make sure your application parses it.
Option '1e-7' is not parsed by Ippl. Make sure your application parses it.
Option 'PIF' is not parsed by Ippl. Make sure your application parses it.
TwoStreamInstability{63}> Parareal TwoStreamInstability
TwoStreamInstability{63}> Slice dT: 1.2
TwoStreamInstability{63}> No. of fine time steps: 384
TwoStreamInstability{63}> No. of coarse time steps: 24
TwoStreamInstability{63}> Tolerance: 1e-08 No. of cycles: 1
TwoStreamInstability{63}> Np= 2621440 Fourier modes = ( 64 , 64 , 64 ) Grid points = ( 64 , 64 , 64 )
TwoStreamInstability{63}> particles created and initial conditions assigned 
TwoStreamInstability{63}> Finished iteration: 1 in cycle: 1 Rerror: 0.000320065 Perror: 0.00178535
TwoStreamInstability{63}> Finished iteration: 2 in cycle: 1 Rerror: 2.22705e-07 Perror: 1.35682e-06
TwoStreamInstability{63}> Finished iteration: 3 in cycle: 1 Rerror: 7.61323e-10 Perror: 4.10458e-09
TwoStreamInstability{63}> TwoStreamInstability Parareal: End.
Timings{0}> ---------------------------------------------
Timings{0}>      Timing results for 64 ranks:
Timings{0}> ---------------------------------------------
Timings{0}> mainTimer........... Wall tot =     64.345
Timings{0}> 
Timings{0}> particlesCreation... Wall max =    9.55365
Timings{0}>                      Wall avg =    5.13913
Timings{0}>                      Wall min =   0.624445
Timings{0}> 
Timings{0}> timeCommunication... Wall max =    15.0315
Timings{0}>                      Wall avg =    6.10715
Timings{0}>                      Wall min =  0.0932824
Timings{0}> 
Timings{0}> deepCopy............ Wall max = 0.00135886
Timings{0}>                      Wall avg = 0.00121911
Timings{0}>                      Wall min = 0.000532141
Timings{0}> 
Timings{0}> finePropagator...... Wall max =    53.9169
Timings{0}>                      Wall avg =    48.5363
Timings{0}>                      Wall min =    17.5976
Timings{0}> 
Timings{0}> coarsePropagator.... Wall max =     2.1906
Timings{0}>                      Wall avg =    1.97571
Timings{0}>                      Wall min =    1.04949
Timings{0}> 
Timings{0}> dumpData............ Wall max = 0.00331883
Timings{0}>                      Wall avg = 0.00299499
Timings{0}>                      Wall min = 0.00107326
Timings{0}> 
Timings{0}> computeErrors....... Wall max = 0.00574426
Timings{0}>                      Wall avg = 0.00229025
Timings{0}>                      Wall min = 0.000327131
Timings{0}> 
Timings{0}> initializeShapeFunc. Wall max = 0.000131862
Timings{0}>                      Wall avg = 0.000111235
Timings{0}>                      Wall min = 9.8811e-05
Timings{0}> 
Timings{0}> ScatterPIFNUFFT..... Wall max =    16.5322
Timings{0}>                      Wall avg =    14.8522
Timings{0}>                      Wall min =    5.57125
Timings{0}> 
Timings{0}> scatterAllReducePIF. Wall max =     14.248
Timings{0}>                      Wall avg =    11.9798
Timings{0}>                      Wall min =     4.4078
Timings{0}> 
Timings{0}> GatherPIFNUFFT...... Wall max =    25.4122
Timings{0}>                      Wall avg =    23.3436
Timings{0}>                      Wall min =    8.51787
Timings{0}> 
Timings{0}> ---------------------------------------------
