Option '16' is not parsed by Ippl. Make sure your application parses it.
Option '16' is not parsed by Ippl. Make sure your application parses it.
Option '16' is not parsed by Ippl. Make sure your application parses it.
Option '16' is not parsed by Ippl. Make sure your application parses it.
Option '16' is not parsed by Ippl. Make sure your application parses it.
Option '16' is not parsed by Ippl. Make sure your application parses it.
Option '2621440' is not parsed by Ippl. Make sure your application parses it.
Option '1.2' is not parsed by Ippl. Make sure your application parses it.
Option '0.0001953125' is not parsed by Ippl. Make sure your application parses it.
Option '0.003125' is not parsed by Ippl. Make sure your application parses it.
Option '1e-11' is not parsed by Ippl. Make sure your application parses it.
Option '1' is not parsed by Ippl. Make sure your application parses it.
Option 'B-spline' is not parsed by Ippl. Make sure your application parses it.
Option '1' is not parsed by Ippl. Make sure your application parses it.
Option '4' is not parsed by Ippl. Make sure your application parses it.
Option '16' is not parsed by Ippl. Make sure your application parses it.
Option '0.001' is not parsed by Ippl. Make sure your application parses it.
Option '1e-12' is not parsed by Ippl. Make sure your application parses it.
Option 'PIC' is not parsed by Ippl. Make sure your application parses it.
LandauDampingPinT{63}> Parareal LandauDampingPinT
LandauDampingPinT{63}> Slice dT: 0.075
LandauDampingPinT{63}> No. of fine time steps: 384
LandauDampingPinT{63}> No. of coarse time steps: 24
LandauDampingPinT{63}> Tolerance: 1e-11 No. of cycles: 1
LandauDampingPinT{63}> Np= 2621440 Fourier modes = ( 16 , 16 , 16 ) Grid points = ( 16 , 16 , 16 )
LandauDampingPinT{63}> particles created and initial conditions assigned 
LandauDampingPinT{63}> Finished iteration: 1 in cycle: 1 Rerror: 8.66745e-05 Perror: 0.000899418
LandauDampingPinT{63}> Finished iteration: 2 in cycle: 1 Rerror: 5.32056e-07 Perror: 7.53628e-06
LandauDampingPinT{63}> Finished iteration: 3 in cycle: 1 Rerror: 3.3626e-09 Perror: 6.34598e-08
LandauDampingPinT{63}> Finished iteration: 4 in cycle: 1 Rerror: 1.71681e-11 Perror: 4.32753e-10
LandauDampingPinT{63}> Finished iteration: 5 in cycle: 1 Rerror: 6.24454e-14 Perror: 2.01e-12
LandauDampingPinT{63}> LandauDampingPinT Parareal: End.
Timings{0}> ---------------------------------------------
Timings{0}>      Timing results for 64 ranks:
Timings{0}> ---------------------------------------------
Timings{0}> mainTimer........... Wall tot =    162.618
Timings{0}> 
Timings{0}> particlesCreation... Wall max =    1.96844
Timings{0}>                      Wall avg =    1.07054
Timings{0}>                      Wall min =   0.133259
Timings{0}> 
Timings{0}> timeCommunication... Wall max =    2.86939
Timings{0}>                      Wall avg =    1.38716
Timings{0}>                      Wall min =   0.089921
Timings{0}> 
Timings{0}> deepCopy............ Wall max = 0.00207159
Timings{0}>                      Wall avg = 0.00165845
Timings{0}>                      Wall min = 0.000522905
Timings{0}> 
Timings{0}> finePropagator...... Wall max =    160.621
Timings{0}>                      Wall avg =    133.923
Timings{0}>                      Wall min =    32.2885
Timings{0}> 
Timings{0}> coarsePropagator.... Wall max =   0.253947
Timings{0}>                      Wall avg =   0.201718
Timings{0}>                      Wall min =  0.0936156
Timings{0}> 
Timings{0}> dumpData............ Wall max =    2.51954
Timings{0}>                      Wall avg =    1.41172
Timings{0}>                      Wall min =   0.557904
Timings{0}> 
Timings{0}> computeErrors....... Wall max = 0.00109717
Timings{0}>                      Wall avg = 0.000813009
Timings{0}>                      Wall min = 0.000232672
Timings{0}> 
Timings{0}> initializeShapeFunc. Wall max = 0.000126452
Timings{0}>                      Wall avg = 9.4546e-05
Timings{0}>                      Wall min = 7.8941e-05
Timings{0}> 
Timings{0}> fieldSolvePIC....... Wall max =  0.0538255
Timings{0}>                      Wall avg =  0.0451878
Timings{0}>                      Wall min =  0.0181681
Timings{0}> 
Timings{0}> ScatterPIC.......... Wall max =  0.0701386
Timings{0}>                      Wall avg =  0.0604862
Timings{0}>                      Wall min =  0.0250941
Timings{0}> 
Timings{0}> scatterAllReducePIC. Wall max =   0.070909
Timings{0}>                      Wall avg =  0.0424203
Timings{0}>                      Wall min =  0.0206327
Timings{0}> 
Timings{0}> GatherPIC........... Wall max =  0.0141132
Timings{0}>                      Wall avg =  0.0122145
Timings{0}>                      Wall min = 0.00501828
Timings{0}> 
Timings{0}> ScatterPIFNUFFT..... Wall max =    97.9085
Timings{0}>                      Wall avg =    81.7207
Timings{0}>                      Wall min =    19.4915
Timings{0}> 
Timings{0}> scatterAllReducePIF. Wall max =   0.770121
Timings{0}>                      Wall avg =   0.435595
Timings{0}>                      Wall min =  0.0877904
Timings{0}> 
Timings{0}> GatherPIFNUFFT...... Wall max =     60.167
Timings{0}>                      Wall avg =    49.9591
Timings{0}>                      Wall min =    11.9552
Timings{0}> 
Timings{0}> ---------------------------------------------
