Option '64' is not parsed by Ippl. Make sure your application parses it.
Option '64' is not parsed by Ippl. Make sure your application parses it.
Option '64' is not parsed by Ippl. Make sure your application parses it.
Option '64' is not parsed by Ippl. Make sure your application parses it.
Option '64' is not parsed by Ippl. Make sure your application parses it.
Option '64' is not parsed by Ippl. Make sure your application parses it.
Option '2621440' is not parsed by Ippl. Make sure your application parses it.
Option '19.2' is not parsed by Ippl. Make sure your application parses it.
Option '0.05' is not parsed by Ippl. Make sure your application parses it.
Option '0.05' is not parsed by Ippl. Make sure your application parses it.
Option '1e-5' is not parsed by Ippl. Make sure your application parses it.
Option '1' is not parsed by Ippl. Make sure your application parses it.
Option 'B-spline' is not parsed by Ippl. Make sure your application parses it.
Option '1' is not parsed by Ippl. Make sure your application parses it.
Option '2' is not parsed by Ippl. Make sure your application parses it.
Option '16' is not parsed by Ippl. Make sure your application parses it.
Option '0.01' is not parsed by Ippl. Make sure your application parses it.
Option '1e-4' is not parsed by Ippl. Make sure your application parses it.
Option 'PIF' is not parsed by Ippl. Make sure your application parses it.
LandauDampingPinT{31}> Parareal LandauDampingPinT
LandauDampingPinT{31}> Slice dT: 1.2
LandauDampingPinT{31}> No. of fine time steps: 24
LandauDampingPinT{31}> No. of coarse time steps: 24
LandauDampingPinT{31}> Tolerance: 1e-05 No. of cycles: 1
LandauDampingPinT{31}> Np= 2621440 Fourier modes = ( 64 , 64 , 64 ) Grid points = ( 64 , 64 , 64 )
LandauDampingPinT{31}> particles created and initial conditions assigned 
LandauDampingPinT{31}> Finished iteration: 1 in cycle: 1 Rerror: 0.000192068 Perror: 0.000149743
LandauDampingPinT{31}> Finished iteration: 2 in cycle: 1 Rerror: 5.37323e-06 Perror: 5.87142e-06
LandauDampingPinT{31}> LandauDampingPinT Parareal: End.
Timings{0}> ---------------------------------------------
Timings{0}>      Timing results for 32 ranks:
Timings{0}> ---------------------------------------------
Timings{0}> mainTimer........... Wall tot =    8.22848
Timings{0}> 
Timings{0}> particlesCreation... Wall max =    6.06559
Timings{0}>                      Wall avg =    3.32792
Timings{0}>                      Wall min =   0.452969
Timings{0}> 
Timings{0}> timeCommunication... Wall max =    5.70833
Timings{0}>                      Wall avg =    3.18091
Timings{0}>                      Wall min =   0.111755
Timings{0}> 
Timings{0}> deepCopy............ Wall max = 0.00150505
Timings{0}>                      Wall avg = 0.00141457
Timings{0}>                      Wall min = 0.000811341
Timings{0}> 
Timings{0}> finePropagator...... Wall max =    1.38379
Timings{0}>                      Wall avg =    1.22514
Timings{0}>                      Wall min =   0.682719
Timings{0}> 
Timings{0}> coarsePropagator.... Wall max =    1.06166
Timings{0}>                      Wall avg =   0.869223
Timings{0}>                      Wall min =   0.634038
Timings{0}> 
Timings{0}> dumpData............ Wall max = 0.00015467
Timings{0}>                      Wall avg = 0.000134531
Timings{0}>                      Wall min =  7.392e-05
Timings{0}> 
Timings{0}> computeErrors....... Wall max =  0.0017714
Timings{0}>                      Wall avg = 0.000808646
Timings{0}>                      Wall min = 0.000277844
Timings{0}> 
Timings{0}> initializeShapeFunc. Wall max = 0.000126761
Timings{0}>                      Wall avg = 0.000108118
Timings{0}>                      Wall min =  9.928e-05
Timings{0}> 
Timings{0}> ScatterPIFNUFFT..... Wall max =    0.48599
Timings{0}>                      Wall avg =   0.468128
Timings{0}>                      Wall min =   0.265736
Timings{0}> 
Timings{0}> scatterAllReducePIF. Wall max =   0.974528
Timings{0}>                      Wall avg =   0.664849
Timings{0}>                      Wall min =   0.237339
Timings{0}> 
Timings{0}> GatherPIFNUFFT...... Wall max =   0.929979
Timings{0}>                      Wall avg =    0.89981
Timings{0}>                      Wall min =   0.513039
Timings{0}> 
Timings{0}> ---------------------------------------------
