Option '64' is not parsed by Ippl. Make sure your application parses it.
Option '64' is not parsed by Ippl. Make sure your application parses it.
Option '64' is not parsed by Ippl. Make sure your application parses it.
Option '64' is not parsed by Ippl. Make sure your application parses it.
Option '64' is not parsed by Ippl. Make sure your application parses it.
Option '64' is not parsed by Ippl. Make sure your application parses it.
Option '2621440' is not parsed by Ippl. Make sure your application parses it.
Option '19.2' is not parsed by Ippl. Make sure your application parses it.
Option '0.003125' is not parsed by Ippl. Make sure your application parses it.
Option '0.0125' is not parsed by Ippl. Make sure your application parses it.
Option '1e-8' is not parsed by Ippl. Make sure your application parses it.
Option '1' is not parsed by Ippl. Make sure your application parses it.
Option 'B-spline' is not parsed by Ippl. Make sure your application parses it.
Option '1' is not parsed by Ippl. Make sure your application parses it.
Option '4' is not parsed by Ippl. Make sure your application parses it.
Option '16' is not parsed by Ippl. Make sure your application parses it.
Option '0.0001' is not parsed by Ippl. Make sure your application parses it.
Option '1e-7' is not parsed by Ippl. Make sure your application parses it.
Option 'PIF' is not parsed by Ippl. Make sure your application parses it.
LandauDampingPinT{63}> Parareal LandauDampingPinT
LandauDampingPinT{63}> Slice dT: 1.2
LandauDampingPinT{63}> No. of fine time steps: 384
LandauDampingPinT{63}> No. of coarse time steps: 96
LandauDampingPinT{63}> Tolerance: 1e-08 No. of cycles: 1
LandauDampingPinT{63}> Np= 2621440 Fourier modes = ( 64 , 64 , 64 ) Grid points = ( 64 , 64 , 64 )
LandauDampingPinT{63}> particles created and initial conditions assigned 
LandauDampingPinT{63}> Finished iteration: 1 in cycle: 1 Rerror: 3.75419e-06 Perror: 2.89423e-06
LandauDampingPinT{63}> Finished iteration: 2 in cycle: 1 Rerror: 1.73052e-09 Perror: 1.79462e-09
LandauDampingPinT{63}> LandauDampingPinT Parareal: End.
Timings{0}> ---------------------------------------------
Timings{0}>      Timing results for 64 ranks:
Timings{0}> ---------------------------------------------
Timings{0}> mainTimer........... Wall tot =    71.9124
Timings{0}> 
Timings{0}> particlesCreation... Wall max =    31.7179
Timings{0}>                      Wall avg =    16.5132
Timings{0}>                      Wall min =    2.06828
Timings{0}> 
Timings{0}> timeCommunication... Wall max =    30.6018
Timings{0}>                      Wall avg =    15.9364
Timings{0}>                      Wall min =  0.0892697
Timings{0}> 
Timings{0}> deepCopy............ Wall max = 0.00102075
Timings{0}>                      Wall avg = 0.000932168
Timings{0}>                      Wall min = 0.000531813
Timings{0}> 
Timings{0}> finePropagator...... Wall max =    36.1528
Timings{0}>                      Wall avg =    33.3582
Timings{0}>                      Wall min =    17.5304
Timings{0}> 
Timings{0}> coarsePropagator.... Wall max =    6.32812
Timings{0}>                      Wall avg =    5.57902
Timings{0}>                      Wall min =     3.7541
Timings{0}> 
Timings{0}> dumpData............ Wall max = 0.00221425
Timings{0}>                      Wall avg = 0.00202637
Timings{0}>                      Wall min = 0.000974779
Timings{0}> 
Timings{0}> computeErrors....... Wall max = 0.00376345
Timings{0}>                      Wall avg =  0.0015144
Timings{0}>                      Wall min = 0.000275622
Timings{0}> 
Timings{0}> initializeShapeFunc. Wall max = 0.000145381
Timings{0}>                      Wall avg = 0.000108668
Timings{0}>                      Wall min = 0.000100171
Timings{0}> 
Timings{0}> ScatterPIFNUFFT..... Wall max =    11.8509
Timings{0}>                      Wall avg =    11.4448
Timings{0}>                      Wall min =    6.03744
Timings{0}> 
Timings{0}> scatterAllReducePIF. Wall max =     12.064
Timings{0}>                      Wall avg =    9.40918
Timings{0}>                      Wall min =    2.31207
Timings{0}> 
Timings{0}> GatherPIFNUFFT...... Wall max =    18.4303
Timings{0}>                      Wall avg =    17.7915
Timings{0}>                      Wall min =    9.46419
Timings{0}> 
Timings{0}> ---------------------------------------------
