Option '64' is not parsed by Ippl. Make sure your application parses it.
Option '64' is not parsed by Ippl. Make sure your application parses it.
Option '64' is not parsed by Ippl. Make sure your application parses it.
Option '64' is not parsed by Ippl. Make sure your application parses it.
Option '64' is not parsed by Ippl. Make sure your application parses it.
Option '64' is not parsed by Ippl. Make sure your application parses it.
Option '2621440' is not parsed by Ippl. Make sure your application parses it.
Option '1.2' is not parsed by Ippl. Make sure your application parses it.
Option '0.0001953125' is not parsed by Ippl. Make sure your application parses it.
Option '0.003125' is not parsed by Ippl. Make sure your application parses it.
Option '1e-11' is not parsed by Ippl. Make sure your application parses it.
Option '1' is not parsed by Ippl. Make sure your application parses it.
Option 'B-spline' is not parsed by Ippl. Make sure your application parses it.
Option '1' is not parsed by Ippl. Make sure your application parses it.
Option '4' is not parsed by Ippl. Make sure your application parses it.
Option '16' is not parsed by Ippl. Make sure your application parses it.
Option '0.1' is not parsed by Ippl. Make sure your application parses it.
Option '1e-12' is not parsed by Ippl. Make sure your application parses it.
Option 'PIC' is not parsed by Ippl. Make sure your application parses it.
PenningTrapPinT{63}> Parareal PenningTrapPinT
PenningTrapPinT{63}> Slice dT: 0.075
PenningTrapPinT{63}> No. of fine time steps: 384
PenningTrapPinT{63}> No. of coarse time steps: 24
PenningTrapPinT{63}> Tolerance: 1e-11 No. of cycles: 1
PenningTrapPinT{63}> Np= 2621440 Fourier modes = ( 64 , 64 , 64 ) Grid points = ( 64 , 64 , 64 )
PenningTrapPinT{63}> particles created and initial conditions assigned 
PenningTrapPinT{63}> Finished iteration: 1 in cycle: 1 Rerror: 0.0005232 Perror: 0.0169965
PenningTrapPinT{63}> Finished iteration: 2 in cycle: 1 Rerror: 5.03074e-06 Perror: 0.000170215
PenningTrapPinT{63}> Finished iteration: 3 in cycle: 1 Rerror: 3.3274e-08 Perror: 1.25788e-06
PenningTrapPinT{63}> Finished iteration: 4 in cycle: 1 Rerror: 1.7801e-10 Perror: 7.48888e-09
PenningTrapPinT{63}> Finished iteration: 5 in cycle: 1 Rerror: 9.79517e-13 Perror: 3.81471e-11
PenningTrapPinT{63}> Finished iteration: 6 in cycle: 1 Rerror: 5.32469e-15 Perror: 2.02282e-13
PenningTrapPinT{63}> PenningTrapPinT Parareal: End.
Timings{0}> ---------------------------------------------
Timings{0}>      Timing results for 64 ranks:
Timings{0}> ---------------------------------------------
Timings{0}> mainTimer........... Wall tot =    229.863
Timings{0}> 
Timings{0}> particlesCreation... Wall max =    3.13768
Timings{0}>                      Wall avg =    1.73435
Timings{0}>                      Wall min =   0.248809
Timings{0}> 
Timings{0}> timeCommunication... Wall max =    5.05323
Timings{0}>                      Wall avg =    2.15682
Timings{0}>                      Wall min =   0.104326
Timings{0}> 
Timings{0}> deepCopy............ Wall max = 0.00236071
Timings{0}>                      Wall avg = 0.00180625
Timings{0}>                      Wall min = 0.000507625
Timings{0}> 
Timings{0}> finePropagator...... Wall max =    226.126
Timings{0}>                      Wall avg =    175.862
Timings{0}>                      Wall min =    37.0902
Timings{0}> 
Timings{0}> coarsePropagator.... Wall max =   0.649828
Timings{0}>                      Wall avg =   0.520373
Timings{0}>                      Wall min =   0.249761
Timings{0}> 
Timings{0}> dumpData............ Wall max =    3.10193
Timings{0}>                      Wall avg =    1.70835
Timings{0}>                      Wall min =    0.26689
Timings{0}> 
Timings{0}> computeErrors....... Wall max = 0.00179081
Timings{0}>                      Wall avg = 0.00103676
Timings{0}>                      Wall min = 0.000273252
Timings{0}> 
Timings{0}> initializeShapeFunc. Wall max = 0.000124401
Timings{0}>                      Wall avg = 0.000110134
Timings{0}>                      Wall min = 0.000102901
Timings{0}> 
Timings{0}> fieldSolvePIC....... Wall max =   0.287242
Timings{0}>                      Wall avg =   0.227854
Timings{0}>                      Wall min =  0.0852849
Timings{0}> 
Timings{0}> ScatterPIC.......... Wall max =  0.0477471
Timings{0}>                      Wall avg =  0.0368559
Timings{0}>                      Wall min =  0.0171295
Timings{0}> 
Timings{0}> scatterAllReducePIC. Wall max =   0.249563
Timings{0}>                      Wall avg =   0.181162
Timings{0}>                      Wall min =  0.0638045
Timings{0}> 
Timings{0}> GatherPIC........... Wall max =  0.0247765
Timings{0}>                      Wall avg =  0.0191591
Timings{0}>                      Wall min = 0.00619003
Timings{0}> 
Timings{0}> ScatterPIFNUFFT..... Wall max =    122.407
Timings{0}>                      Wall avg =    92.9495
Timings{0}>                      Wall min =    19.5201
Timings{0}> 
Timings{0}> scatterAllReducePIF. Wall max =    24.3281
Timings{0}>                      Wall avg =    18.0008
Timings{0}>                      Wall min =    3.59002
Timings{0}> 
Timings{0}> GatherPIFNUFFT...... Wall max =    80.1082
Timings{0}>                      Wall avg =    62.6186
Timings{0}>                      Wall min =    13.3751
Timings{0}> 
Timings{0}> ---------------------------------------------
